ARM GAS  C:\Users\saman\AppData\Local\Temp\cc9NJYPx.s 			page 1


   1              		.syntax unified
   2              		.cpu cortex-m3
   3              		.fpu softvfp
   4              		.eabi_attribute 20, 1
   5              		.eabi_attribute 21, 1
   6              		.eabi_attribute 23, 3
   7              		.eabi_attribute 24, 1
   8              		.eabi_attribute 25, 1
   9              		.eabi_attribute 26, 1
  10              		.eabi_attribute 30, 1
  11              		.eabi_attribute 34, 1
  12              		.eabi_attribute 18, 4
  13              		.thumb
  14              		.syntax unified
  15              		.file	"cymetadata.c"
  16              		.text
  17              	.Ltext0:
  18              		.cfi_sections	.debug_frame
  19              		.global	cy_metadata
  20              		.global	cy_meta_flashprotect
  21              		.global	cy_meta_wonvl
  22              		.global	cy_meta_custnvl
  23              		.global	cy_meta_configecc
  24              		.section	.cyconfigecc,"a",%progbits
  25              		.align	2
  26              		.type	cy_meta_configecc, %object
  27              		.size	cy_meta_configecc, 2112
  28              	cy_meta_configecc:
  29 0000 01       		.byte	1
  30 0001 45       		.byte	69
  31 0002 00       		.byte	0
  32 0003 40       		.byte	64
  33 0004 05       		.byte	5
  34 0005 52       		.byte	82
  35 0006 00       		.byte	0
  36 0007 40       		.byte	64
  37 0008 01       		.byte	1
  38 0009 5B       		.byte	91
  39 000a 00       		.byte	0
  40 000b 40       		.byte	64
  41 000c 03       		.byte	3
  42 000d 64       		.byte	100
  43 000e 00       		.byte	0
  44 000f 40       		.byte	64
  45 0010 02       		.byte	2
  46 0011 65       		.byte	101
  47 0012 00       		.byte	0
  48 0013 40       		.byte	64
  49 0014 01       		.byte	1
  50 0015 03       		.byte	3
  51 0016 01       		.byte	1
  52 0017 40       		.byte	64
  53 0018 04       		.byte	4
  54 0019 05       		.byte	5
  55 001a 01       		.byte	1
  56 001b 40       		.byte	64
  57 001c 3B       		.byte	59
ARM GAS  C:\Users\saman\AppData\Local\Temp\cc9NJYPx.s 			page 2


  58 001d 06       		.byte	6
  59 001e 01       		.byte	1
  60 001f 40       		.byte	64
  61 0020 32       		.byte	50
  62 0021 07       		.byte	7
  63 0022 01       		.byte	1
  64 0023 40       		.byte	64
  65 0024 1E       		.byte	30
  66 0025 08       		.byte	8
  67 0026 01       		.byte	1
  68 0027 40       		.byte	64
  69 0028 3B       		.byte	59
  70 0029 09       		.byte	9
  71 002a 01       		.byte	1
  72 002b 40       		.byte	64
  73 002c 39       		.byte	57
  74 002d 0A       		.byte	10
  75 002e 01       		.byte	1
  76 002f 40       		.byte	64
  77 0030 43       		.byte	67
  78 0031 0B       		.byte	11
  79 0032 01       		.byte	1
  80 0033 40       		.byte	64
  81 0034 2F       		.byte	47
  82 0035 0C       		.byte	12
  83 0036 01       		.byte	1
  84 0037 40       		.byte	64
  85 0038 40       		.byte	64
  86 0039 0D       		.byte	13
  87 003a 01       		.byte	1
  88 003b 40       		.byte	64
  89 003c 2D       		.byte	45
  90 003d 0E       		.byte	14
  91 003e 01       		.byte	1
  92 003f 40       		.byte	64
  93 0040 30       		.byte	48
  94 0041 0F       		.byte	15
  95 0042 01       		.byte	1
  96 0043 40       		.byte	64
  97 0044 01       		.byte	1
  98 0045 15       		.byte	21
  99 0046 01       		.byte	1
 100 0047 40       		.byte	64
 101 0048 16       		.byte	22
 102 0049 16       		.byte	22
 103 004a 01       		.byte	1
 104 004b 40       		.byte	64
 105 004c 51       		.byte	81
 106 004d 17       		.byte	23
 107 004e 01       		.byte	1
 108 004f 40       		.byte	64
 109 0050 03       		.byte	3
 110 0051 18       		.byte	24
 111 0052 01       		.byte	1
 112 0053 40       		.byte	64
 113 0054 45       		.byte	69
 114 0055 19       		.byte	25
ARM GAS  C:\Users\saman\AppData\Local\Temp\cc9NJYPx.s 			page 3


 115 0056 01       		.byte	1
 116 0057 40       		.byte	64
 117 0058 2E       		.byte	46
 118 0059 1A       		.byte	26
 119 005a 01       		.byte	1
 120 005b 40       		.byte	64
 121 005c 3E       		.byte	62
 122 005d 1B       		.byte	27
 123 005e 01       		.byte	1
 124 005f 40       		.byte	64
 125 0060 08       		.byte	8
 126 0061 40       		.byte	64
 127 0062 01       		.byte	1
 128 0063 40       		.byte	64
 129 0064 07       		.byte	7
 130 0065 41       		.byte	65
 131 0066 01       		.byte	1
 132 0067 40       		.byte	64
 133 0068 08       		.byte	8
 134 0069 42       		.byte	66
 135 006a 01       		.byte	1
 136 006b 40       		.byte	64
 137 006c 04       		.byte	4
 138 006d 43       		.byte	67
 139 006e 01       		.byte	1
 140 006f 40       		.byte	64
 141 0070 04       		.byte	4
 142 0071 45       		.byte	69
 143 0072 01       		.byte	1
 144 0073 40       		.byte	64
 145 0074 04       		.byte	4
 146 0075 46       		.byte	70
 147 0076 01       		.byte	1
 148 0077 40       		.byte	64
 149 0078 06       		.byte	6
 150 0079 47       		.byte	71
 151 007a 01       		.byte	1
 152 007b 40       		.byte	64
 153 007c 04       		.byte	4
 154 007d 48       		.byte	72
 155 007e 01       		.byte	1
 156 007f 40       		.byte	64
 157 0080 01       		.byte	1
 158 0081 49       		.byte	73
 159 0082 01       		.byte	1
 160 0083 40       		.byte	64
 161 0084 04       		.byte	4
 162 0085 4C       		.byte	76
 163 0086 01       		.byte	1
 164 0087 40       		.byte	64
 165 0088 09       		.byte	9
 166 0089 4D       		.byte	77
 167 008a 01       		.byte	1
 168 008b 40       		.byte	64
 169 008c 0A       		.byte	10
 170 008d 50       		.byte	80
 171 008e 01       		.byte	1
ARM GAS  C:\Users\saman\AppData\Local\Temp\cc9NJYPx.s 			page 4


 172 008f 40       		.byte	64
 173 0090 02       		.byte	2
 174 0091 51       		.byte	81
 175 0092 01       		.byte	1
 176 0093 40       		.byte	64
 177 0094 03       		.byte	3
 178 0095 01       		.byte	1
 179 0096 00       		.byte	0
 180 0097 01       		.byte	1
 181 0098 01       		.byte	1
 182 0099 03       		.byte	3
 183 009a 10       		.byte	16
 184 009b 10       		.byte	16
 185 009c 61       		.byte	97
 186 009d 80       		.byte	-128
 187 009e 64       		.byte	100
 188 009f 40       		.byte	64
 189 00a0 27       		.byte	39
 190 00a1 84       		.byte	-124
 191 00a2 89       		.byte	-119
 192 00a3 38       		.byte	56
 193 00a4 8B       		.byte	-117
 194 00a5 0F       		.byte	15
 195 00a6 8E       		.byte	-114
 196 00a7 0D       		.byte	13
 197 00a8 87       		.byte	-121
 198 00a9 01       		.byte	1
 199 00aa 8A       		.byte	-118
 200 00ab 72       		.byte	114
 201 00ac 8E       		.byte	-114
 202 00ad 02       		.byte	2
 203 00ae 87       		.byte	-121
 204 00af 20       		.byte	32
 205 00b0 89       		.byte	-119
 206 00b1 20       		.byte	32
 207 00b2 A6       		.byte	-90
 208 00b3 02       		.byte	2
 209 00b4 EC       		.byte	-20
 210 00b5 01       		.byte	1
 211 00b6 01       		.byte	1
 212 00b7 01       		.byte	1
 213 00b8 02       		.byte	2
 214 00b9 01       		.byte	1
 215 00ba 04       		.byte	4
 216 00bb 01       		.byte	1
 217 00bc 08       		.byte	8
 218 00bd 01       		.byte	1
 219 00be 09       		.byte	9
 220 00bf 01       		.byte	1
 221 00c0 0D       		.byte	13
 222 00c1 01       		.byte	1
 223 00c2 13       		.byte	19
 224 00c3 01       		.byte	1
 225 00c4 14       		.byte	20
 226 00c5 01       		.byte	1
 227 00c6 15       		.byte	21
 228 00c7 01       		.byte	1
ARM GAS  C:\Users\saman\AppData\Local\Temp\cc9NJYPx.s 			page 5


 229 00c8 1D       		.byte	29
 230 00c9 01       		.byte	1
 231 00ca 20       		.byte	32
 232 00cb 01       		.byte	1
 233 00cc 24       		.byte	36
 234 00cd 01       		.byte	1
 235 00ce 28       		.byte	40
 236 00cf 01       		.byte	1
 237 00d0 2B       		.byte	43
 238 00d1 01       		.byte	1
 239 00d2 34       		.byte	52
 240 00d3 01       		.byte	1
 241 00d4 35       		.byte	53
 242 00d5 01       		.byte	1
 243 00d6 58       		.byte	88
 244 00d7 04       		.byte	4
 245 00d8 59       		.byte	89
 246 00d9 04       		.byte	4
 247 00da 5F       		.byte	95
 248 00db 01       		.byte	1
 249 00dc 80       		.byte	-128
 250 00dd 10       		.byte	16
 251 00de 82       		.byte	-126
 252 00df 20       		.byte	32
 253 00e0 84       		.byte	-124
 254 00e1 08       		.byte	8
 255 00e2 87       		.byte	-121
 256 00e3 10       		.byte	16
 257 00e4 88       		.byte	-120
 258 00e5 40       		.byte	64
 259 00e6 89       		.byte	-119
 260 00e7 08       		.byte	8
 261 00e8 8A       		.byte	-118
 262 00e9 80       		.byte	-128
 263 00ea 8C       		.byte	-116
 264 00eb 04       		.byte	4
 265 00ec 8F       		.byte	-113
 266 00ed 09       		.byte	9
 267 00ee 92       		.byte	-110
 268 00ef 01       		.byte	1
 269 00f0 95       		.byte	-107
 270 00f1 10       		.byte	16
 271 00f2 96       		.byte	-106
 272 00f3 08       		.byte	8
 273 00f4 99       		.byte	-103
 274 00f5 02       		.byte	2
 275 00f6 9A       		.byte	-102
 276 00f7 04       		.byte	4
 277 00f8 9C       		.byte	-100
 278 00f9 02       		.byte	2
 279 00fa 9F       		.byte	-97
 280 00fb 44       		.byte	68
 281 00fc A2       		.byte	-94
 282 00fd 02       		.byte	2
 283 00fe A3       		.byte	-93
 284 00ff 20       		.byte	32
 285 0100 A4       		.byte	-92
ARM GAS  C:\Users\saman\AppData\Local\Temp\cc9NJYPx.s 			page 6


 286 0101 01       		.byte	1
 287 0102 A7       		.byte	-89
 288 0103 02       		.byte	2
 289 0104 A8       		.byte	-88
 290 0105 20       		.byte	32
 291 0106 AA       		.byte	-86
 292 0107 10       		.byte	16
 293 0108 AC       		.byte	-84
 294 0109 80       		.byte	-128
 295 010a AD       		.byte	-83
 296 010b 04       		.byte	4
 297 010c AE       		.byte	-82
 298 010d 40       		.byte	64
 299 010e B0       		.byte	-80
 300 010f FF       		.byte	-1
 301 0110 B1       		.byte	-79
 302 0111 3E       		.byte	62
 303 0112 B3       		.byte	-77
 304 0113 01       		.byte	1
 305 0114 B7       		.byte	-73
 306 0115 40       		.byte	64
 307 0116 B9       		.byte	-71
 308 0117 02       		.byte	2
 309 0118 BA       		.byte	-70
 310 0119 80       		.byte	-128
 311 011a BE       		.byte	-66
 312 011b 01       		.byte	1
 313 011c BF       		.byte	-65
 314 011d 01       		.byte	1
 315 011e D2       		.byte	-46
 316 011f 03       		.byte	3
 317 0120 D3       		.byte	-45
 318 0121 02       		.byte	2
 319 0122 D8       		.byte	-40
 320 0123 04       		.byte	4
 321 0124 D9       		.byte	-39
 322 0125 04       		.byte	4
 323 0126 DB       		.byte	-37
 324 0127 04       		.byte	4
 325 0128 DC       		.byte	-36
 326 0129 01       		.byte	1
 327 012a DF       		.byte	-33
 328 012b 01       		.byte	1
 329 012c 00       		.byte	0
 330 012d C2       		.byte	-62
 331 012e 01       		.byte	1
 332 012f 25       		.byte	37
 333 0130 05       		.byte	5
 334 0131 20       		.byte	32
 335 0132 07       		.byte	7
 336 0133 90       		.byte	-112
 337 0134 09       		.byte	9
 338 0135 88       		.byte	-120
 339 0136 0A       		.byte	10
 340 0137 48       		.byte	72
 341 0138 0D       		.byte	13
 342 0139 08       		.byte	8
ARM GAS  C:\Users\saman\AppData\Local\Temp\cc9NJYPx.s 			page 7


 343 013a 10       		.byte	16
 344 013b 9A       		.byte	-102
 345 013c 12       		.byte	18
 346 013d C0       		.byte	-64
 347 013e 13       		.byte	19
 348 013f 04       		.byte	4
 349 0140 14       		.byte	20
 350 0141 20       		.byte	32
 351 0142 16       		.byte	22
 352 0143 40       		.byte	64
 353 0144 17       		.byte	23
 354 0145 20       		.byte	32
 355 0146 19       		.byte	25
 356 0147 01       		.byte	1
 357 0148 1A       		.byte	26
 358 0149 02       		.byte	2
 359 014a 1F       		.byte	31
 360 014b 20       		.byte	32
 361 014c 20       		.byte	32
 362 014d 10       		.byte	16
 363 014e 22       		.byte	34
 364 014f 86       		.byte	-122
 365 0150 23       		.byte	35
 366 0151 B0       		.byte	-80
 367 0152 24       		.byte	36
 368 0153 08       		.byte	8
 369 0154 28       		.byte	40
 370 0155 10       		.byte	16
 371 0156 29       		.byte	41
 372 0157 21       		.byte	33
 373 0158 2A       		.byte	42
 374 0159 40       		.byte	64
 375 015a 2D       		.byte	45
 376 015b 20       		.byte	32
 377 015c 31       		.byte	49
 378 015d 88       		.byte	-120
 379 015e 32       		.byte	50
 380 015f 0A       		.byte	10
 381 0160 33       		.byte	51
 382 0161 10       		.byte	16
 383 0162 36       		.byte	54
 384 0163 8A       		.byte	-118
 385 0164 38       		.byte	56
 386 0165 50       		.byte	80
 387 0166 39       		.byte	57
 388 0167 05       		.byte	5
 389 0168 3C       		.byte	60
 390 0169 02       		.byte	2
 391 016a 3E       		.byte	62
 392 016b 40       		.byte	64
 393 016c 3F       		.byte	63
 394 016d 10       		.byte	16
 395 016e 69       		.byte	105
 396 016f 60       		.byte	96
 397 0170 6B       		.byte	107
 398 0171 05       		.byte	5
 399 0172 87       		.byte	-121
ARM GAS  C:\Users\saman\AppData\Local\Temp\cc9NJYPx.s 			page 8


 400 0173 01       		.byte	1
 401 0174 89       		.byte	-119
 402 0175 08       		.byte	8
 403 0176 8C       		.byte	-116
 404 0177 10       		.byte	16
 405 0178 8E       		.byte	-114
 406 0179 80       		.byte	-128
 407 017a 9D       		.byte	-99
 408 017b 20       		.byte	32
 409 017c A6       		.byte	-90
 410 017d 02       		.byte	2
 411 017e A7       		.byte	-89
 412 017f 20       		.byte	32
 413 0180 C0       		.byte	-64
 414 0181 7F       		.byte	127
 415 0182 C2       		.byte	-62
 416 0183 2F       		.byte	47
 417 0184 C4       		.byte	-60
 418 0185 7F       		.byte	127
 419 0186 CA       		.byte	-54
 420 0187 2F       		.byte	47
 421 0188 CC       		.byte	-52
 422 0189 DF       		.byte	-33
 423 018a CE       		.byte	-50
 424 018b BF       		.byte	-65
 425 018c E0       		.byte	-32
 426 018d 02       		.byte	2
 427 018e EE       		.byte	-18
 428 018f 04       		.byte	4
 429 0190 54       		.byte	84
 430 0191 01       		.byte	1
 431 0192 58       		.byte	88
 432 0193 04       		.byte	4
 433 0194 59       		.byte	89
 434 0195 04       		.byte	4
 435 0196 5B       		.byte	91
 436 0197 0C       		.byte	12
 437 0198 5F       		.byte	95
 438 0199 01       		.byte	1
 439 019a 86       		.byte	-122
 440 019b 08       		.byte	8
 441 019c 8A       		.byte	-118
 442 019d 01       		.byte	1
 443 019e 8E       		.byte	-114
 444 019f 04       		.byte	4
 445 01a0 91       		.byte	-111
 446 01a1 04       		.byte	4
 447 01a2 92       		.byte	-110
 448 01a3 04       		.byte	4
 449 01a4 94       		.byte	-108
 450 01a5 01       		.byte	1
 451 01a6 99       		.byte	-103
 452 01a7 01       		.byte	1
 453 01a8 9A       		.byte	-102
 454 01a9 08       		.byte	8
 455 01aa A2       		.byte	-94
 456 01ab 02       		.byte	2
ARM GAS  C:\Users\saman\AppData\Local\Temp\cc9NJYPx.s 			page 9


 457 01ac A7       		.byte	-89
 458 01ad 03       		.byte	3
 459 01ae B2       		.byte	-78
 460 01af 03       		.byte	3
 461 01b0 B3       		.byte	-77
 462 01b1 01       		.byte	1
 463 01b2 B4       		.byte	-76
 464 01b3 08       		.byte	8
 465 01b4 B5       		.byte	-75
 466 01b5 02       		.byte	2
 467 01b6 B6       		.byte	-74
 468 01b7 04       		.byte	4
 469 01b8 B7       		.byte	-73
 470 01b9 04       		.byte	4
 471 01ba BE       		.byte	-66
 472 01bb 50       		.byte	80
 473 01bc BF       		.byte	-65
 474 01bd 40       		.byte	64
 475 01be D4       		.byte	-44
 476 01bf 18       		.byte	24
 477 01c0 D8       		.byte	-40
 478 01c1 04       		.byte	4
 479 01c2 D9       		.byte	-39
 480 01c3 0F       		.byte	15
 481 01c4 DB       		.byte	-37
 482 01c5 04       		.byte	4
 483 01c6 DC       		.byte	-36
 484 01c7 09       		.byte	9
 485 01c8 DD       		.byte	-35
 486 01c9 10       		.byte	16
 487 01ca DF       		.byte	-33
 488 01cb 01       		.byte	1
 489 01cc 00       		.byte	0
 490 01cd 10       		.byte	16
 491 01ce 02       		.byte	2
 492 01cf 01       		.byte	1
 493 01d0 03       		.byte	3
 494 01d1 20       		.byte	32
 495 01d2 04       		.byte	4
 496 01d3 80       		.byte	-128
 497 01d4 06       		.byte	6
 498 01d5 20       		.byte	32
 499 01d6 09       		.byte	9
 500 01d7 08       		.byte	8
 501 01d8 0A       		.byte	10
 502 01d9 40       		.byte	64
 503 01da 0B       		.byte	11
 504 01db 08       		.byte	8
 505 01dc 0C       		.byte	12
 506 01dd 40       		.byte	64
 507 01de 0E       		.byte	14
 508 01df 04       		.byte	4
 509 01e0 0F       		.byte	15
 510 01e1 20       		.byte	32
 511 01e2 12       		.byte	18
 512 01e3 40       		.byte	64
 513 01e4 14       		.byte	20
ARM GAS  C:\Users\saman\AppData\Local\Temp\cc9NJYPx.s 			page 10


 514 01e5 10       		.byte	16
 515 01e6 15       		.byte	21
 516 01e7 40       		.byte	64
 517 01e8 18       		.byte	24
 518 01e9 14       		.byte	20
 519 01ea 19       		.byte	25
 520 01eb 48       		.byte	72
 521 01ec 21       		.byte	33
 522 01ed 28       		.byte	40
 523 01ee 23       		.byte	35
 524 01ef 01       		.byte	1
 525 01f0 29       		.byte	41
 526 01f1 08       		.byte	8
 527 01f2 2C       		.byte	44
 528 01f3 50       		.byte	80
 529 01f4 2D       		.byte	45
 530 01f5 01       		.byte	1
 531 01f6 31       		.byte	49
 532 01f7 20       		.byte	32
 533 01f8 33       		.byte	51
 534 01f9 01       		.byte	1
 535 01fa 37       		.byte	55
 536 01fb 0A       		.byte	10
 537 01fc 3D       		.byte	61
 538 01fd 60       		.byte	96
 539 01fe 3E       		.byte	62
 540 01ff 04       		.byte	4
 541 0200 5A       		.byte	90
 542 0201 02       		.byte	2
 543 0202 5F       		.byte	95
 544 0203 80       		.byte	-128
 545 0204 60       		.byte	96
 546 0205 04       		.byte	4
 547 0206 61       		.byte	97
 548 0207 40       		.byte	64
 549 0208 78       		.byte	120
 550 0209 01       		.byte	1
 551 020a 7D       		.byte	125
 552 020b 80       		.byte	-128
 553 020c 84       		.byte	-124
 554 020d 01       		.byte	1
 555 020e 85       		.byte	-123
 556 020f 40       		.byte	64
 557 0210 88       		.byte	-120
 558 0211 40       		.byte	64
 559 0212 8A       		.byte	-118
 560 0213 04       		.byte	4
 561 0214 8C       		.byte	-116
 562 0215 01       		.byte	1
 563 0216 8D       		.byte	-115
 564 0217 40       		.byte	64
 565 0218 8F       		.byte	-113
 566 0219 13       		.byte	19
 567 021a 94       		.byte	-108
 568 021b 02       		.byte	2
 569 021c 95       		.byte	-107
 570 021d 41       		.byte	65
ARM GAS  C:\Users\saman\AppData\Local\Temp\cc9NJYPx.s 			page 11


 571 021e 98       		.byte	-104
 572 021f 10       		.byte	16
 573 0220 9A       		.byte	-102
 574 0221 40       		.byte	64
 575 0222 9B       		.byte	-101
 576 0223 01       		.byte	1
 577 0224 9F       		.byte	-97
 578 0225 0A       		.byte	10
 579 0226 A4       		.byte	-92
 580 0227 40       		.byte	64
 581 0228 A7       		.byte	-89
 582 0229 10       		.byte	16
 583 022a C0       		.byte	-64
 584 022b A7       		.byte	-89
 585 022c C2       		.byte	-62
 586 022d EE       		.byte	-18
 587 022e C4       		.byte	-60
 588 022f A8       		.byte	-88
 589 0230 CA       		.byte	-54
 590 0231 C2       		.byte	-62
 591 0232 CC       		.byte	-52
 592 0233 C5       		.byte	-59
 593 0234 CE       		.byte	-50
 594 0235 70       		.byte	112
 595 0236 D6       		.byte	-42
 596 0237 11       		.byte	17
 597 0238 D8       		.byte	-40
 598 0239 0C       		.byte	12
 599 023a DE       		.byte	-34
 600 023b 11       		.byte	17
 601 023c E0       		.byte	-32
 602 023d 50       		.byte	80
 603 023e E4       		.byte	-28
 604 023f 20       		.byte	32
 605 0240 EE       		.byte	-18
 606 0241 04       		.byte	4
 607 0242 58       		.byte	88
 608 0243 04       		.byte	4
 609 0244 59       		.byte	89
 610 0245 04       		.byte	4
 611 0246 5F       		.byte	95
 612 0247 01       		.byte	1
 613 0248 80       		.byte	-128
 614 0249 0C       		.byte	12
 615 024a 81       		.byte	-127
 616 024b 10       		.byte	16
 617 024c 82       		.byte	-126
 618 024d 13       		.byte	19
 619 024e 85       		.byte	-123
 620 024f 40       		.byte	64
 621 0250 86       		.byte	-122
 622 0251 10       		.byte	16
 623 0252 8A       		.byte	-118
 624 0253 13       		.byte	19
 625 0254 8C       		.byte	-116
 626 0255 20       		.byte	32
 627 0256 93       		.byte	-109
ARM GAS  C:\Users\saman\AppData\Local\Temp\cc9NJYPx.s 			page 12


 628 0257 03       		.byte	3
 629 0258 96       		.byte	-106
 630 0259 0C       		.byte	12
 631 025a 99       		.byte	-103
 632 025b 09       		.byte	9
 633 025c 9B       		.byte	-101
 634 025d 10       		.byte	16
 635 025e 9C       		.byte	-100
 636 025f 11       		.byte	17
 637 0260 9D       		.byte	-99
 638 0261 1C       		.byte	28
 639 0262 9E       		.byte	-98
 640 0263 0E       		.byte	14
 641 0264 9F       		.byte	-97
 642 0265 22       		.byte	34
 643 0266 A1       		.byte	-95
 644 0267 2C       		.byte	44
 645 0268 A3       		.byte	-93
 646 0269 11       		.byte	17
 647 026a A4       		.byte	-92
 648 026b 11       		.byte	17
 649 026c A5       		.byte	-91
 650 026d 30       		.byte	48
 651 026e A6       		.byte	-90
 652 026f 06       		.byte	6
 653 0270 A7       		.byte	-89
 654 0271 0C       		.byte	12
 655 0272 AD       		.byte	-83
 656 0273 14       		.byte	20
 657 0274 AE       		.byte	-82
 658 0275 08       		.byte	8
 659 0276 B0       		.byte	-80
 660 0277 10       		.byte	16
 661 0278 B3       		.byte	-77
 662 0279 60       		.byte	96
 663 027a B4       		.byte	-76
 664 027b 20       		.byte	32
 665 027c B6       		.byte	-74
 666 027d 0F       		.byte	15
 667 027e B7       		.byte	-73
 668 027f 1F       		.byte	31
 669 0280 B9       		.byte	-71
 670 0281 08       		.byte	8
 671 0282 BA       		.byte	-70
 672 0283 80       		.byte	-128
 673 0284 BE       		.byte	-66
 674 0285 11       		.byte	17
 675 0286 C0       		.byte	-64
 676 0287 23       		.byte	35
 677 0288 C1       		.byte	-63
 678 0289 04       		.byte	4
 679 028a C5       		.byte	-59
 680 028b E0       		.byte	-32
 681 028c C6       		.byte	-58
 682 028d C0       		.byte	-64
 683 028e C7       		.byte	-57
 684 028f B0       		.byte	-80
ARM GAS  C:\Users\saman\AppData\Local\Temp\cc9NJYPx.s 			page 13


 685 0290 C8       		.byte	-56
 686 0291 2A       		.byte	42
 687 0292 C9       		.byte	-55
 688 0293 FF       		.byte	-1
 689 0294 CA       		.byte	-54
 690 0295 FF       		.byte	-1
 691 0296 CB       		.byte	-53
 692 0297 FF       		.byte	-1
 693 0298 CE       		.byte	-50
 694 0299 F0       		.byte	-16
 695 029a CF       		.byte	-49
 696 029b 44       		.byte	68
 697 029c D0       		.byte	-48
 698 029d 0C       		.byte	12
 699 029e D4       		.byte	-44
 700 029f 01       		.byte	1
 701 02a0 D8       		.byte	-40
 702 02a1 04       		.byte	4
 703 02a2 D9       		.byte	-39
 704 02a3 04       		.byte	4
 705 02a4 DA       		.byte	-38
 706 02a5 04       		.byte	4
 707 02a6 DB       		.byte	-37
 708 02a7 04       		.byte	4
 709 02a8 DC       		.byte	-36
 710 02a9 11       		.byte	17
 711 02aa DD       		.byte	-35
 712 02ab 11       		.byte	17
 713 02ac DF       		.byte	-33
 714 02ad 01       		.byte	1
 715 02ae E6       		.byte	-26
 716 02af C0       		.byte	-64
 717 02b0 EA       		.byte	-22
 718 02b1 40       		.byte	64
 719 02b2 EB       		.byte	-21
 720 02b3 02       		.byte	2
 721 02b4 00       		.byte	0
 722 02b5 80       		.byte	-128
 723 02b6 01       		.byte	1
 724 02b7 01       		.byte	1
 725 02b8 02       		.byte	2
 726 02b9 80       		.byte	-128
 727 02ba 04       		.byte	4
 728 02bb 81       		.byte	-127
 729 02bc 06       		.byte	6
 730 02bd 28       		.byte	40
 731 02be 07       		.byte	7
 732 02bf 20       		.byte	32
 733 02c0 0A       		.byte	10
 734 02c1 02       		.byte	2
 735 02c2 0B       		.byte	11
 736 02c3 04       		.byte	4
 737 02c4 0C       		.byte	12
 738 02c5 40       		.byte	64
 739 02c6 0D       		.byte	13
 740 02c7 08       		.byte	8
 741 02c8 10       		.byte	16
ARM GAS  C:\Users\saman\AppData\Local\Temp\cc9NJYPx.s 			page 14


 742 02c9 20       		.byte	32
 743 02ca 11       		.byte	17
 744 02cb 40       		.byte	64
 745 02cc 13       		.byte	19
 746 02cd 0A       		.byte	10
 747 02ce 15       		.byte	21
 748 02cf 04       		.byte	4
 749 02d0 16       		.byte	22
 750 02d1 02       		.byte	2
 751 02d2 1C       		.byte	28
 752 02d3 03       		.byte	3
 753 02d4 1D       		.byte	29
 754 02d5 40       		.byte	64
 755 02d6 1E       		.byte	30
 756 02d7 48       		.byte	72
 757 02d8 25       		.byte	37
 758 02d9 08       		.byte	8
 759 02da 27       		.byte	39
 760 02db 11       		.byte	17
 761 02dc 2B       		.byte	43
 762 02dd 10       		.byte	16
 763 02de 2C       		.byte	44
 764 02df 40       		.byte	64
 765 02e0 2D       		.byte	45
 766 02e1 04       		.byte	4
 767 02e2 2F       		.byte	47
 768 02e3 02       		.byte	2
 769 02e4 30       		.byte	48
 770 02e5 20       		.byte	32
 771 02e6 32       		.byte	50
 772 02e7 81       		.byte	-127
 773 02e8 35       		.byte	53
 774 02e9 40       		.byte	64
 775 02ea 37       		.byte	55
 776 02eb 11       		.byte	17
 777 02ec 38       		.byte	56
 778 02ed 42       		.byte	66
 779 02ee 3A       		.byte	58
 780 02ef 04       		.byte	4
 781 02f0 3B       		.byte	59
 782 02f1 04       		.byte	4
 783 02f2 3E       		.byte	62
 784 02f3 0A       		.byte	10
 785 02f4 44       		.byte	68
 786 02f5 40       		.byte	64
 787 02f6 45       		.byte	69
 788 02f7 24       		.byte	36
 789 02f8 4C       		.byte	76
 790 02f9 40       		.byte	64
 791 02fa 4F       		.byte	79
 792 02fb 01       		.byte	1
 793 02fc 56       		.byte	86
 794 02fd 20       		.byte	32
 795 02fe 57       		.byte	87
 796 02ff 02       		.byte	2
 797 0300 5E       		.byte	94
 798 0301 48       		.byte	72
ARM GAS  C:\Users\saman\AppData\Local\Temp\cc9NJYPx.s 			page 15


 799 0302 5F       		.byte	95
 800 0303 21       		.byte	33
 801 0304 88       		.byte	-120
 802 0305 10       		.byte	16
 803 0306 8A       		.byte	-118
 804 0307 01       		.byte	1
 805 0308 90       		.byte	-112
 806 0309 40       		.byte	64
 807 030a 91       		.byte	-111
 808 030b 04       		.byte	4
 809 030c 94       		.byte	-108
 810 030d 01       		.byte	1
 811 030e 95       		.byte	-107
 812 030f 41       		.byte	65
 813 0310 98       		.byte	-104
 814 0311 40       		.byte	64
 815 0312 9A       		.byte	-102
 816 0313 4E       		.byte	78
 817 0314 9C       		.byte	-100
 818 0315 10       		.byte	16
 819 0316 9E       		.byte	-98
 820 0317 20       		.byte	32
 821 0318 9F       		.byte	-97
 822 0319 08       		.byte	8
 823 031a A1       		.byte	-95
 824 031b 24       		.byte	36
 825 031c A4       		.byte	-92
 826 031d 41       		.byte	65
 827 031e A5       		.byte	-91
 828 031f 08       		.byte	8
 829 0320 A7       		.byte	-89
 830 0321 10       		.byte	16
 831 0322 AA       		.byte	-86
 832 0323 40       		.byte	64
 833 0324 B1       		.byte	-79
 834 0325 01       		.byte	1
 835 0326 B2       		.byte	-78
 836 0327 08       		.byte	8
 837 0328 C0       		.byte	-64
 838 0329 F9       		.byte	-7
 839 032a C2       		.byte	-62
 840 032b A3       		.byte	-93
 841 032c C4       		.byte	-60
 842 032d AD       		.byte	-83
 843 032e CA       		.byte	-54
 844 032f D2       		.byte	-46
 845 0330 CC       		.byte	-52
 846 0331 BD       		.byte	-67
 847 0332 CE       		.byte	-50
 848 0333 CB       		.byte	-53
 849 0334 D0       		.byte	-48
 850 0335 E0       		.byte	-32
 851 0336 D6       		.byte	-42
 852 0337 F0       		.byte	-16
 853 0338 E0       		.byte	-32
 854 0339 20       		.byte	32
 855 033a 00       		.byte	0
ARM GAS  C:\Users\saman\AppData\Local\Temp\cc9NJYPx.s 			page 16


 856 033b 2A       		.byte	42
 857 033c 01       		.byte	1
 858 033d 02       		.byte	2
 859 033e 02       		.byte	2
 860 033f 14       		.byte	20
 861 0340 04       		.byte	4
 862 0341 03       		.byte	3
 863 0342 05       		.byte	5
 864 0343 03       		.byte	3
 865 0344 06       		.byte	6
 866 0345 04       		.byte	4
 867 0346 16       		.byte	22
 868 0347 28       		.byte	40
 869 0348 1C       		.byte	28
 870 0349 03       		.byte	3
 871 034a 1E       		.byte	30
 872 034b 34       		.byte	52
 873 034c 21       		.byte	33
 874 034d 03       		.byte	3
 875 034e 24       		.byte	36
 876 034f 03       		.byte	3
 877 0350 26       		.byte	38
 878 0351 1C       		.byte	28
 879 0352 27       		.byte	39
 880 0353 01       		.byte	1
 881 0354 2A       		.byte	42
 882 0355 15       		.byte	21
 883 0356 2E       		.byte	46
 884 0357 20       		.byte	32
 885 0358 33       		.byte	51
 886 0359 03       		.byte	3
 887 035a 34       		.byte	52
 888 035b 0F       		.byte	15
 889 035c 36       		.byte	54
 890 035d 38       		.byte	56
 891 035e 39       		.byte	57
 892 035f 08       		.byte	8
 893 0360 3A       		.byte	58
 894 0361 A0       		.byte	-96
 895 0362 3F       		.byte	63
 896 0363 04       		.byte	4
 897 0364 40       		.byte	64
 898 0365 02       		.byte	2
 899 0366 47       		.byte	71
 900 0367 40       		.byte	64
 901 0368 49       		.byte	73
 902 0369 FF       		.byte	-1
 903 036a 4A       		.byte	74
 904 036b 07       		.byte	7
 905 036c 4B       		.byte	75
 906 036d FF       		.byte	-1
 907 036e 4C       		.byte	76
 908 036f 40       		.byte	64
 909 0370 4D       		.byte	77
 910 0371 20       		.byte	32
 911 0372 4E       		.byte	78
 912 0373 F0       		.byte	-16
ARM GAS  C:\Users\saman\AppData\Local\Temp\cc9NJYPx.s 			page 17


 913 0374 4F       		.byte	79
 914 0375 05       		.byte	5
 915 0376 50       		.byte	80
 916 0377 08       		.byte	8
 917 0378 58       		.byte	88
 918 0379 04       		.byte	4
 919 037a 59       		.byte	89
 920 037b 04       		.byte	4
 921 037c 5A       		.byte	90
 922 037d 04       		.byte	4
 923 037e 5C       		.byte	92
 924 037f 01       		.byte	1
 925 0380 5D       		.byte	93
 926 0381 01       		.byte	1
 927 0382 5F       		.byte	95
 928 0383 01       		.byte	1
 929 0384 60       		.byte	96
 930 0385 40       		.byte	64
 931 0386 61       		.byte	97
 932 0387 A8       		.byte	-88
 933 0388 62       		.byte	98
 934 0389 40       		.byte	64
 935 038a 63       		.byte	99
 936 038b 20       		.byte	32
 937 038c D6       		.byte	-42
 938 038d 08       		.byte	8
 939 038e D8       		.byte	-40
 940 038f 04       		.byte	4
 941 0390 D9       		.byte	-39
 942 0391 04       		.byte	4
 943 0392 DB       		.byte	-37
 944 0393 04       		.byte	4
 945 0394 DD       		.byte	-35
 946 0395 90       		.byte	-112
 947 0396 DF       		.byte	-33
 948 0397 01       		.byte	1
 949 0398 00       		.byte	0
 950 0399 C0       		.byte	-64
 951 039a 02       		.byte	2
 952 039b 08       		.byte	8
 953 039c 03       		.byte	3
 954 039d 02       		.byte	2
 955 039e 04       		.byte	4
 956 039f 01       		.byte	1
 957 03a0 06       		.byte	6
 958 03a1 20       		.byte	32
 959 03a2 08       		.byte	8
 960 03a3 04       		.byte	4
 961 03a4 0C       		.byte	12
 962 03a5 40       		.byte	64
 963 03a6 0D       		.byte	13
 964 03a7 08       		.byte	8
 965 03a8 10       		.byte	16
 966 03a9 10       		.byte	16
 967 03aa 11       		.byte	17
 968 03ab 50       		.byte	80
 969 03ac 13       		.byte	19
ARM GAS  C:\Users\saman\AppData\Local\Temp\cc9NJYPx.s 			page 18


 970 03ad 01       		.byte	1
 971 03ae 15       		.byte	21
 972 03af 04       		.byte	4
 973 03b0 16       		.byte	22
 974 03b1 0A       		.byte	10
 975 03b2 1D       		.byte	29
 976 03b3 20       		.byte	32
 977 03b4 1E       		.byte	30
 978 03b5 04       		.byte	4
 979 03b6 1F       		.byte	31
 980 03b7 40       		.byte	64
 981 03b8 27       		.byte	39
 982 03b9 10       		.byte	16
 983 03ba 2B       		.byte	43
 984 03bb 10       		.byte	16
 985 03bc 2C       		.byte	44
 986 03bd 40       		.byte	64
 987 03be 2E       		.byte	46
 988 03bf 08       		.byte	8
 989 03c0 2F       		.byte	47
 990 03c1 42       		.byte	66
 991 03c2 30       		.byte	48
 992 03c3 14       		.byte	20
 993 03c4 31       		.byte	49
 994 03c5 04       		.byte	4
 995 03c6 32       		.byte	50
 996 03c7 02       		.byte	2
 997 03c8 34       		.byte	52
 998 03c9 10       		.byte	16
 999 03ca 35       		.byte	53
 1000 03cb 80       		.byte	-128
 1001 03cc 36       		.byte	54
 1002 03cd 0A       		.byte	10
 1003 03ce 38       		.byte	56
 1004 03cf 40       		.byte	64
 1005 03d0 39       		.byte	57
 1006 03d1 01       		.byte	1
 1007 03d2 3A       		.byte	58
 1008 03d3 04       		.byte	4
 1009 03d4 3C       		.byte	60
 1010 03d5 02       		.byte	2
 1011 03d6 3D       		.byte	61
 1012 03d7 14       		.byte	20
 1013 03d8 3E       		.byte	62
 1014 03d9 84       		.byte	-124
 1015 03da 3F       		.byte	63
 1016 03db 20       		.byte	32
 1017 03dc 47       		.byte	71
 1018 03dd 10       		.byte	16
 1019 03de 4D       		.byte	77
 1020 03df 40       		.byte	64
 1021 03e0 4E       		.byte	78
 1022 03e1 02       		.byte	2
 1023 03e2 55       		.byte	85
 1024 03e3 04       		.byte	4
 1025 03e4 56       		.byte	86
 1026 03e5 0A       		.byte	10
ARM GAS  C:\Users\saman\AppData\Local\Temp\cc9NJYPx.s 			page 19


 1027 03e6 5A       		.byte	90
 1028 03e7 80       		.byte	-128
 1029 03e8 62       		.byte	98
 1030 03e9 40       		.byte	64
 1031 03ea 89       		.byte	-119
 1032 03eb 80       		.byte	-128
 1033 03ec 8B       		.byte	-117
 1034 03ed 08       		.byte	8
 1035 03ee 8E       		.byte	-114
 1036 03ef 84       		.byte	-124
 1037 03f0 8F       		.byte	-113
 1038 03f1 01       		.byte	1
 1039 03f2 95       		.byte	-107
 1040 03f3 41       		.byte	65
 1041 03f4 97       		.byte	-105
 1042 03f5 01       		.byte	1
 1043 03f6 99       		.byte	-103
 1044 03f7 04       		.byte	4
 1045 03f8 9C       		.byte	-100
 1046 03f9 10       		.byte	16
 1047 03fa 9F       		.byte	-97
 1048 03fb 08       		.byte	8
 1049 03fc A4       		.byte	-92
 1050 03fd 40       		.byte	64
 1051 03fe A7       		.byte	-89
 1052 03ff 10       		.byte	16
 1053 0400 AF       		.byte	-81
 1054 0401 08       		.byte	8
 1055 0402 C0       		.byte	-64
 1056 0403 33       		.byte	51
 1057 0404 C2       		.byte	-62
 1058 0405 A4       		.byte	-92
 1059 0406 C4       		.byte	-60
 1060 0407 EF       		.byte	-17
 1061 0408 CA       		.byte	-54
 1062 0409 D2       		.byte	-46
 1063 040a CC       		.byte	-52
 1064 040b F7       		.byte	-9
 1065 040c CE       		.byte	-50
 1066 040d FB       		.byte	-5
 1067 040e D0       		.byte	-48
 1068 040f 20       		.byte	32
 1069 0410 D6       		.byte	-42
 1070 0411 08       		.byte	8
 1071 0412 D8       		.byte	-40
 1072 0413 08       		.byte	8
 1073 0414 E4       		.byte	-28
 1074 0415 10       		.byte	16
 1075 0416 EC       		.byte	-20
 1076 0417 02       		.byte	2
 1077 0418 00       		.byte	0
 1078 0419 08       		.byte	8
 1079 041a 06       		.byte	6
 1080 041b 01       		.byte	1
 1081 041c 07       		.byte	7
 1082 041d 01       		.byte	1
 1083 041e 12       		.byte	18
ARM GAS  C:\Users\saman\AppData\Local\Temp\cc9NJYPx.s 			page 20


 1084 041f 02       		.byte	2
 1085 0420 1B       		.byte	27
 1086 0421 01       		.byte	1
 1087 0422 2A       		.byte	42
 1088 0423 0D       		.byte	13
 1089 0424 30       		.byte	48
 1090 0425 08       		.byte	8
 1091 0426 32       		.byte	50
 1092 0427 01       		.byte	1
 1093 0428 33       		.byte	51
 1094 0429 01       		.byte	1
 1095 042a 34       		.byte	52
 1096 042b 02       		.byte	2
 1097 042c 36       		.byte	54
 1098 042d 04       		.byte	4
 1099 042e 3F       		.byte	63
 1100 042f 04       		.byte	4
 1101 0430 40       		.byte	64
 1102 0431 20       		.byte	32
 1103 0432 41       		.byte	65
 1104 0433 06       		.byte	6
 1105 0434 45       		.byte	69
 1106 0435 D0       		.byte	-48
 1107 0436 46       		.byte	70
 1108 0437 20       		.byte	32
 1109 0438 47       		.byte	71
 1110 0439 01       		.byte	1
 1111 043a 48       		.byte	72
 1112 043b 1A       		.byte	26
 1113 043c 49       		.byte	73
 1114 043d FF       		.byte	-1
 1115 043e 4A       		.byte	74
 1116 043f FF       		.byte	-1
 1117 0440 4B       		.byte	75
 1118 0441 FF       		.byte	-1
 1119 0442 4D       		.byte	77
 1120 0443 A0       		.byte	-96
 1121 0444 4F       		.byte	79
 1122 0445 04       		.byte	4
 1123 0446 50       		.byte	80
 1124 0447 18       		.byte	24
 1125 0448 52       		.byte	82
 1126 0449 80       		.byte	-128
 1127 044a 54       		.byte	84
 1128 044b 05       		.byte	5
 1129 044c 58       		.byte	88
 1130 044d 04       		.byte	4
 1131 044e 59       		.byte	89
 1132 044f 04       		.byte	4
 1133 0450 5A       		.byte	90
 1134 0451 04       		.byte	4
 1135 0452 5B       		.byte	91
 1136 0453 04       		.byte	4
 1137 0454 5C       		.byte	92
 1138 0455 02       		.byte	2
 1139 0456 5D       		.byte	93
 1140 0457 22       		.byte	34
ARM GAS  C:\Users\saman\AppData\Local\Temp\cc9NJYPx.s 			page 21


 1141 0458 5F       		.byte	95
 1142 0459 01       		.byte	1
 1143 045a 60       		.byte	96
 1144 045b 40       		.byte	64
 1145 045c 62       		.byte	98
 1146 045d C0       		.byte	-64
 1147 045e 64       		.byte	100
 1148 045f 40       		.byte	64
 1149 0460 65       		.byte	101
 1150 0461 40       		.byte	64
 1151 0462 66       		.byte	102
 1152 0463 C0       		.byte	-64
 1153 0464 68       		.byte	104
 1154 0465 C0       		.byte	-64
 1155 0466 6A       		.byte	106
 1156 0467 C0       		.byte	-64
 1157 0468 6C       		.byte	108
 1158 0469 C0       		.byte	-64
 1159 046a 6E       		.byte	110
 1160 046b C0       		.byte	-64
 1161 046c D8       		.byte	-40
 1162 046d 04       		.byte	4
 1163 046e D9       		.byte	-39
 1164 046f 04       		.byte	4
 1165 0470 DF       		.byte	-33
 1166 0471 01       		.byte	1
 1167 0472 00       		.byte	0
 1168 0473 05       		.byte	5
 1169 0474 05       		.byte	5
 1170 0475 04       		.byte	4
 1171 0476 06       		.byte	6
 1172 0477 40       		.byte	64
 1173 0478 0A       		.byte	10
 1174 0479 40       		.byte	64
 1175 047a 0E       		.byte	14
 1176 047b 01       		.byte	1
 1177 047c 0F       		.byte	15
 1178 047d 31       		.byte	49
 1179 047e 12       		.byte	18
 1180 047f 08       		.byte	8
 1181 0480 14       		.byte	20
 1182 0481 50       		.byte	80
 1183 0482 15       		.byte	21
 1184 0483 41       		.byte	65
 1185 0484 16       		.byte	22
 1186 0485 01       		.byte	1
 1187 0486 17       		.byte	23
 1188 0487 04       		.byte	4
 1189 0488 18       		.byte	24
 1190 0489 05       		.byte	5
 1191 048a 1A       		.byte	26
 1192 048b 80       		.byte	-128
 1193 048c 1B       		.byte	27
 1194 048d 08       		.byte	8
 1195 048e 22       		.byte	34
 1196 048f 04       		.byte	4
 1197 0490 29       		.byte	41
ARM GAS  C:\Users\saman\AppData\Local\Temp\cc9NJYPx.s 			page 22


 1198 0491 04       		.byte	4
 1199 0492 2A       		.byte	42
 1200 0493 01       		.byte	1
 1201 0494 2D       		.byte	45
 1202 0495 40       		.byte	64
 1203 0496 2E       		.byte	46
 1204 0497 01       		.byte	1
 1205 0498 30       		.byte	48
 1206 0499 60       		.byte	96
 1207 049a 33       		.byte	51
 1208 049b 04       		.byte	4
 1209 049c 34       		.byte	52
 1210 049d 10       		.byte	16
 1211 049e 35       		.byte	53
 1212 049f 04       		.byte	4
 1213 04a0 37       		.byte	55
 1214 04a1 08       		.byte	8
 1215 04a2 38       		.byte	56
 1216 04a3 44       		.byte	68
 1217 04a4 3A       		.byte	58
 1218 04a5 40       		.byte	64
 1219 04a6 3B       		.byte	59
 1220 04a7 11       		.byte	17
 1221 04a8 3C       		.byte	60
 1222 04a9 C0       		.byte	-64
 1223 04aa 3D       		.byte	61
 1224 04ab 01       		.byte	1
 1225 04ac 3F       		.byte	63
 1226 04ad 20       		.byte	32
 1227 04ae 40       		.byte	64
 1228 04af 04       		.byte	4
 1229 04b0 49       		.byte	73
 1230 04b1 01       		.byte	1
 1231 04b2 4B       		.byte	75
 1232 04b3 20       		.byte	32
 1233 04b4 50       		.byte	80
 1234 04b5 20       		.byte	32
 1235 04b6 52       		.byte	82
 1236 04b7 08       		.byte	8
 1237 04b8 53       		.byte	83
 1238 04b9 10       		.byte	16
 1239 04ba 59       		.byte	89
 1240 04bb 01       		.byte	1
 1241 04bc 5A       		.byte	90
 1242 04bd 88       		.byte	-120
 1243 04be 72       		.byte	114
 1244 04bf 40       		.byte	64
 1245 04c0 C0       		.byte	-64
 1246 04c1 3C       		.byte	60
 1247 04c2 C2       		.byte	-62
 1248 04c3 A8       		.byte	-88
 1249 04c4 C4       		.byte	-60
 1250 04c5 B2       		.byte	-78
 1251 04c6 CA       		.byte	-54
 1252 04c7 93       		.byte	-109
 1253 04c8 CC       		.byte	-52
 1254 04c9 6E       		.byte	110
ARM GAS  C:\Users\saman\AppData\Local\Temp\cc9NJYPx.s 			page 23


 1255 04ca CE       		.byte	-50
 1256 04cb BF       		.byte	-65
 1257 04cc D0       		.byte	-48
 1258 04cd 04       		.byte	4
 1259 04ce D2       		.byte	-46
 1260 04cf 04       		.byte	4
 1261 04d0 D6       		.byte	-42
 1262 04d1 0B       		.byte	11
 1263 04d2 E8       		.byte	-24
 1264 04d3 10       		.byte	16
 1265 04d4 58       		.byte	88
 1266 04d5 04       		.byte	4
 1267 04d6 59       		.byte	89
 1268 04d7 04       		.byte	4
 1269 04d8 5F       		.byte	95
 1270 04d9 01       		.byte	1
 1271 04da 89       		.byte	-119
 1272 04db 02       		.byte	2
 1273 04dc 97       		.byte	-105
 1274 04dd 01       		.byte	1
 1275 04de 9B       		.byte	-101
 1276 04df 04       		.byte	4
 1277 04e0 A6       		.byte	-90
 1278 04e1 02       		.byte	2
 1279 04e2 AD       		.byte	-83
 1280 04e3 02       		.byte	2
 1281 04e4 AE       		.byte	-82
 1282 04e5 01       		.byte	1
 1283 04e6 B0       		.byte	-80
 1284 04e7 02       		.byte	2
 1285 04e8 B3       		.byte	-77
 1286 04e9 04       		.byte	4
 1287 04ea B4       		.byte	-76
 1288 04eb 01       		.byte	1
 1289 04ec B5       		.byte	-75
 1290 04ed 02       		.byte	2
 1291 04ee B7       		.byte	-73
 1292 04ef 01       		.byte	1
 1293 04f0 B9       		.byte	-71
 1294 04f1 20       		.byte	32
 1295 04f2 BF       		.byte	-65
 1296 04f3 10       		.byte	16
 1297 04f4 D6       		.byte	-42
 1298 04f5 02       		.byte	2
 1299 04f6 D7       		.byte	-41
 1300 04f7 36       		.byte	54
 1301 04f8 D8       		.byte	-40
 1302 04f9 04       		.byte	4
 1303 04fa D9       		.byte	-39
 1304 04fb 04       		.byte	4
 1305 04fc DB       		.byte	-37
 1306 04fd 0C       		.byte	12
 1307 04fe DF       		.byte	-33
 1308 04ff 01       		.byte	1
 1309 0500 00       		.byte	0
 1310 0501 40       		.byte	64
 1311 0502 01       		.byte	1
ARM GAS  C:\Users\saman\AppData\Local\Temp\cc9NJYPx.s 			page 24


 1312 0503 20       		.byte	32
 1313 0504 02       		.byte	2
 1314 0505 40       		.byte	64
 1315 0506 04       		.byte	4
 1316 0507 88       		.byte	-120
 1317 0508 05       		.byte	5
 1318 0509 21       		.byte	33
 1319 050a 06       		.byte	6
 1320 050b 20       		.byte	32
 1321 050c 0A       		.byte	10
 1322 050d 02       		.byte	2
 1323 050e 0B       		.byte	11
 1324 050f 10       		.byte	16
 1325 0510 0D       		.byte	13
 1326 0511 08       		.byte	8
 1327 0512 10       		.byte	16
 1328 0513 02       		.byte	2
 1329 0514 12       		.byte	18
 1330 0515 88       		.byte	-120
 1331 0516 13       		.byte	19
 1332 0517 04       		.byte	4
 1333 0518 14       		.byte	20
 1334 0519 20       		.byte	32
 1335 051a 16       		.byte	22
 1336 051b 40       		.byte	64
 1337 051c 18       		.byte	24
 1338 051d C0       		.byte	-64
 1339 051e 19       		.byte	25
 1340 051f 20       		.byte	32
 1341 0520 1A       		.byte	26
 1342 0521 C0       		.byte	-64
 1343 0522 20       		.byte	32
 1344 0523 02       		.byte	2
 1345 0524 21       		.byte	33
 1346 0525 08       		.byte	8
 1347 0526 22       		.byte	34
 1348 0527 A8       		.byte	-88
 1349 0528 28       		.byte	40
 1350 0529 01       		.byte	1
 1351 052a 29       		.byte	41
 1352 052b 24       		.byte	36
 1353 052c 2A       		.byte	42
 1354 052d 02       		.byte	2
 1355 052e 2C       		.byte	44
 1356 052f 80       		.byte	-128
 1357 0530 2D       		.byte	45
 1358 0531 20       		.byte	32
 1359 0532 30       		.byte	48
 1360 0533 08       		.byte	8
 1361 0534 31       		.byte	49
 1362 0535 01       		.byte	1
 1363 0536 32       		.byte	50
 1364 0537 43       		.byte	67
 1365 0538 33       		.byte	51
 1366 0539 10       		.byte	16
 1367 053a 34       		.byte	52
 1368 053b 20       		.byte	32
ARM GAS  C:\Users\saman\AppData\Local\Temp\cc9NJYPx.s 			page 25


 1369 053c 35       		.byte	53
 1370 053d 04       		.byte	4
 1371 053e 36       		.byte	54
 1372 053f 0A       		.byte	10
 1373 0540 38       		.byte	56
 1374 0541 08       		.byte	8
 1375 0542 39       		.byte	57
 1376 0543 20       		.byte	32
 1377 0544 3A       		.byte	58
 1378 0545 40       		.byte	64
 1379 0546 3E       		.byte	62
 1380 0547 60       		.byte	96
 1381 0548 3F       		.byte	63
 1382 0549 10       		.byte	16
 1383 054a 5B       		.byte	91
 1384 054b 04       		.byte	4
 1385 054c 62       		.byte	98
 1386 054d 20       		.byte	32
 1387 054e 68       		.byte	104
 1388 054f 4A       		.byte	74
 1389 0550 69       		.byte	105
 1390 0551 04       		.byte	4
 1391 0552 6B       		.byte	107
 1392 0553 10       		.byte	16
 1393 0554 71       		.byte	113
 1394 0555 80       		.byte	-128
 1395 0556 73       		.byte	115
 1396 0557 04       		.byte	4
 1397 0558 79       		.byte	121
 1398 0559 40       		.byte	64
 1399 055a 82       		.byte	-126
 1400 055b 40       		.byte	64
 1401 055c 84       		.byte	-124
 1402 055d 01       		.byte	1
 1403 055e 88       		.byte	-120
 1404 055f 21       		.byte	33
 1405 0560 8A       		.byte	-118
 1406 0561 02       		.byte	2
 1407 0562 91       		.byte	-111
 1408 0563 60       		.byte	96
 1409 0564 93       		.byte	-109
 1410 0565 10       		.byte	16
 1411 0566 95       		.byte	-107
 1412 0567 04       		.byte	4
 1413 0568 96       		.byte	-106
 1414 0569 40       		.byte	64
 1415 056a 97       		.byte	-105
 1416 056b 04       		.byte	4
 1417 056c 9A       		.byte	-102
 1418 056d 40       		.byte	64
 1419 056e 9B       		.byte	-101
 1420 056f 04       		.byte	4
 1421 0570 9C       		.byte	-100
 1422 0571 20       		.byte	32
 1423 0572 9D       		.byte	-99
 1424 0573 20       		.byte	32
 1425 0574 A0       		.byte	-96
ARM GAS  C:\Users\saman\AppData\Local\Temp\cc9NJYPx.s 			page 26


 1426 0575 80       		.byte	-128
 1427 0576 A2       		.byte	-94
 1428 0577 02       		.byte	2
 1429 0578 A4       		.byte	-92
 1430 0579 4B       		.byte	75
 1431 057a A5       		.byte	-91
 1432 057b 88       		.byte	-120
 1433 057c AA       		.byte	-86
 1434 057d 42       		.byte	66
 1435 057e AB       		.byte	-85
 1436 057f 10       		.byte	16
 1437 0580 AE       		.byte	-82
 1438 0581 01       		.byte	1
 1439 0582 B4       		.byte	-76
 1440 0583 04       		.byte	4
 1441 0584 C0       		.byte	-64
 1442 0585 FB       		.byte	-5
 1443 0586 C2       		.byte	-62
 1444 0587 25       		.byte	37
 1445 0588 C4       		.byte	-60
 1446 0589 3F       		.byte	63
 1447 058a CA       		.byte	-54
 1448 058b AF       		.byte	-81
 1449 058c CC       		.byte	-52
 1450 058d EF       		.byte	-17
 1451 058e CE       		.byte	-50
 1452 058f 3E       		.byte	62
 1453 0590 D6       		.byte	-42
 1454 0591 02       		.byte	2
 1455 0592 D8       		.byte	-40
 1456 0593 04       		.byte	4
 1457 0594 DE       		.byte	-34
 1458 0595 08       		.byte	8
 1459 0596 E0       		.byte	-32
 1460 0597 04       		.byte	4
 1461 0598 E2       		.byte	-30
 1462 0599 02       		.byte	2
 1463 059a E8       		.byte	-24
 1464 059b 01       		.byte	1
 1465 059c EA       		.byte	-22
 1466 059d 10       		.byte	16
 1467 059e EC       		.byte	-20
 1468 059f 02       		.byte	2
 1469 05a0 EE       		.byte	-18
 1470 05a1 20       		.byte	32
 1471 05a2 58       		.byte	88
 1472 05a3 04       		.byte	4
 1473 05a4 59       		.byte	89
 1474 05a5 04       		.byte	4
 1475 05a6 5F       		.byte	95
 1476 05a7 01       		.byte	1
 1477 05a8 00       		.byte	0
 1478 05a9 08       		.byte	8
 1479 05aa 02       		.byte	2
 1480 05ab 02       		.byte	2
 1481 05ac 03       		.byte	3
 1482 05ad 08       		.byte	8
ARM GAS  C:\Users\saman\AppData\Local\Temp\cc9NJYPx.s 			page 27


 1483 05ae 04       		.byte	4
 1484 05af 82       		.byte	-126
 1485 05b0 06       		.byte	6
 1486 05b1 20       		.byte	32
 1487 05b2 07       		.byte	7
 1488 05b3 42       		.byte	66
 1489 05b4 08       		.byte	8
 1490 05b5 05       		.byte	5
 1491 05b6 09       		.byte	9
 1492 05b7 20       		.byte	32
 1493 05b8 0A       		.byte	10
 1494 05b9 10       		.byte	16
 1495 05ba 0E       		.byte	14
 1496 05bb 04       		.byte	4
 1497 05bc 0F       		.byte	15
 1498 05bd 20       		.byte	32
 1499 05be 10       		.byte	16
 1500 05bf 20       		.byte	32
 1501 05c0 12       		.byte	18
 1502 05c1 08       		.byte	8
 1503 05c2 14       		.byte	20
 1504 05c3 18       		.byte	24
 1505 05c4 1A       		.byte	26
 1506 05c5 40       		.byte	64
 1507 05c6 1B       		.byte	27
 1508 05c7 20       		.byte	32
 1509 05c8 20       		.byte	32
 1510 05c9 41       		.byte	65
 1511 05ca 21       		.byte	33
 1512 05cb 08       		.byte	8
 1513 05cc 22       		.byte	34
 1514 05cd 0A       		.byte	10
 1515 05ce 23       		.byte	35
 1516 05cf 04       		.byte	4
 1517 05d0 28       		.byte	40
 1518 05d1 A1       		.byte	-95
 1519 05d2 29       		.byte	41
 1520 05d3 40       		.byte	64
 1521 05d4 2B       		.byte	43
 1522 05d5 08       		.byte	8
 1523 05d6 2C       		.byte	44
 1524 05d7 50       		.byte	80
 1525 05d8 30       		.byte	48
 1526 05d9 24       		.byte	36
 1527 05da 32       		.byte	50
 1528 05db 40       		.byte	64
 1529 05dc 37       		.byte	55
 1530 05dd 4A       		.byte	74
 1531 05de 38       		.byte	56
 1532 05df 40       		.byte	64
 1533 05e0 39       		.byte	57
 1534 05e1 29       		.byte	41
 1535 05e2 3E       		.byte	62
 1536 05e3 04       		.byte	4
 1537 05e4 3F       		.byte	63
 1538 05e5 20       		.byte	32
 1539 05e6 40       		.byte	64
ARM GAS  C:\Users\saman\AppData\Local\Temp\cc9NJYPx.s 			page 28


 1540 05e7 01       		.byte	1
 1541 05e8 41       		.byte	65
 1542 05e9 38       		.byte	56
 1543 05ea 42       		.byte	66
 1544 05eb 40       		.byte	64
 1545 05ec 48       		.byte	72
 1546 05ed 04       		.byte	4
 1547 05ee 52       		.byte	82
 1548 05ef 01       		.byte	1
 1549 05f0 53       		.byte	83
 1550 05f1 04       		.byte	4
 1551 05f2 82       		.byte	-126
 1552 05f3 20       		.byte	32
 1553 05f4 83       		.byte	-125
 1554 05f5 08       		.byte	8
 1555 05f6 88       		.byte	-120
 1556 05f7 48       		.byte	72
 1557 05f8 89       		.byte	-119
 1558 05f9 01       		.byte	1
 1559 05fa 8A       		.byte	-118
 1560 05fb 08       		.byte	8
 1561 05fc 90       		.byte	-112
 1562 05fd 82       		.byte	-126
 1563 05fe 92       		.byte	-110
 1564 05ff 04       		.byte	4
 1565 0600 96       		.byte	-106
 1566 0601 42       		.byte	66
 1567 0602 97       		.byte	-105
 1568 0603 08       		.byte	8
 1569 0604 98       		.byte	-104
 1570 0605 90       		.byte	-112
 1571 0606 9C       		.byte	-100
 1572 0607 40       		.byte	64
 1573 0608 9E       		.byte	-98
 1574 0609 21       		.byte	33
 1575 060a 9F       		.byte	-97
 1576 060b 08       		.byte	8
 1577 060c A0       		.byte	-96
 1578 060d 04       		.byte	4
 1579 060e A3       		.byte	-93
 1580 060f 10       		.byte	16
 1581 0610 A7       		.byte	-89
 1582 0611 20       		.byte	32
 1583 0612 A8       		.byte	-88
 1584 0613 40       		.byte	64
 1585 0614 A9       		.byte	-87
 1586 0615 10       		.byte	16
 1587 0616 AC       		.byte	-84
 1588 0617 84       		.byte	-124
 1589 0618 B1       		.byte	-79
 1590 0619 08       		.byte	8
 1591 061a B3       		.byte	-77
 1592 061b 80       		.byte	-128
 1593 061c C0       		.byte	-64
 1594 061d B7       		.byte	-73
 1595 061e C2       		.byte	-62
 1596 061f 6E       		.byte	110
ARM GAS  C:\Users\saman\AppData\Local\Temp\cc9NJYPx.s 			page 29


 1597 0620 C4       		.byte	-60
 1598 0621 66       		.byte	102
 1599 0622 CA       		.byte	-54
 1600 0623 CF       		.byte	-49
 1601 0624 CC       		.byte	-52
 1602 0625 DE       		.byte	-34
 1603 0626 CE       		.byte	-50
 1604 0627 6F       		.byte	111
 1605 0628 D0       		.byte	-48
 1606 0629 0F       		.byte	15
 1607 062a D2       		.byte	-46
 1608 062b 04       		.byte	4
 1609 062c E0       		.byte	-32
 1610 062d 80       		.byte	-128
 1611 062e E2       		.byte	-30
 1612 062f 02       		.byte	2
 1613 0630 EE       		.byte	-18
 1614 0631 20       		.byte	32
 1615 0632 00       		.byte	0
 1616 0633 04       		.byte	4
 1617 0634 01       		.byte	1
 1618 0635 C0       		.byte	-64
 1619 0636 05       		.byte	5
 1620 0637 3F       		.byte	63
 1621 0638 08       		.byte	8
 1622 0639 3C       		.byte	60
 1623 063a 09       		.byte	9
 1624 063b 3F       		.byte	63
 1625 063c 0A       		.byte	10
 1626 063d 02       		.byte	2
 1627 063e 0D       		.byte	13
 1628 063f 01       		.byte	1
 1629 0640 0E       		.byte	14
 1630 0641 03       		.byte	3
 1631 0642 13       		.byte	19
 1632 0643 C0       		.byte	-64
 1633 0644 14       		.byte	20
 1634 0645 27       		.byte	39
 1635 0646 15       		.byte	21
 1636 0647 A4       		.byte	-92
 1637 0648 16       		.byte	22
 1638 0649 18       		.byte	24
 1639 064a 17       		.byte	23
 1640 064b 0A       		.byte	10
 1641 064c 1A       		.byte	26
 1642 064d 04       		.byte	4
 1643 064e 1B       		.byte	27
 1644 064f C0       		.byte	-64
 1645 0650 1C       		.byte	28
 1646 0651 3F       		.byte	63
 1647 0652 1D       		.byte	29
 1648 0653 C8       		.byte	-56
 1649 0654 1F       		.byte	31
 1650 0655 30       		.byte	48
 1651 0656 20       		.byte	32
 1652 0657 10       		.byte	16
 1653 0658 21       		.byte	33
ARM GAS  C:\Users\saman\AppData\Local\Temp\cc9NJYPx.s 			page 30


 1654 0659 52       		.byte	82
 1655 065a 23       		.byte	35
 1656 065b 0C       		.byte	12
 1657 065c 24       		.byte	36
 1658 065d 08       		.byte	8
 1659 065e 27       		.byte	39
 1660 065f C0       		.byte	-64
 1661 0660 28       		.byte	40
 1662 0661 18       		.byte	24
 1663 0662 29       		.byte	41
 1664 0663 C0       		.byte	-64
 1665 0664 2C       		.byte	44
 1666 0665 3C       		.byte	60
 1667 0666 2E       		.byte	46
 1668 0667 01       		.byte	1
 1669 0668 30       		.byte	48
 1670 0669 20       		.byte	32
 1671 066a 31       		.byte	49
 1672 066b C0       		.byte	-64
 1673 066c 32       		.byte	50
 1674 066d 1F       		.byte	31
 1675 066e 33       		.byte	51
 1676 066f 06       		.byte	6
 1677 0670 35       		.byte	53
 1678 0671 01       		.byte	1
 1679 0672 37       		.byte	55
 1680 0673 38       		.byte	56
 1681 0674 3A       		.byte	58
 1682 0675 08       		.byte	8
 1683 0676 3E       		.byte	62
 1684 0677 01       		.byte	1
 1685 0678 56       		.byte	86
 1686 0679 02       		.byte	2
 1687 067a 57       		.byte	87
 1688 067b 13       		.byte	19
 1689 067c 58       		.byte	88
 1690 067d 04       		.byte	4
 1691 067e 59       		.byte	89
 1692 067f 04       		.byte	4
 1693 0680 5B       		.byte	91
 1694 0681 04       		.byte	4
 1695 0682 5C       		.byte	92
 1696 0683 11       		.byte	17
 1697 0684 5D       		.byte	93
 1698 0685 10       		.byte	16
 1699 0686 5F       		.byte	95
 1700 0687 01       		.byte	1
 1701 0688 D8       		.byte	-40
 1702 0689 04       		.byte	4
 1703 068a D9       		.byte	-39
 1704 068b 04       		.byte	4
 1705 068c DF       		.byte	-33
 1706 068d 01       		.byte	1
 1707 068e 00       		.byte	0
 1708 068f 90       		.byte	-112
 1709 0690 03       		.byte	3
 1710 0691 80       		.byte	-128
ARM GAS  C:\Users\saman\AppData\Local\Temp\cc9NJYPx.s 			page 31


 1711 0692 04       		.byte	4
 1712 0693 82       		.byte	-126
 1713 0694 05       		.byte	5
 1714 0695 80       		.byte	-128
 1715 0696 06       		.byte	6
 1716 0697 20       		.byte	32
 1717 0698 07       		.byte	7
 1718 0699 40       		.byte	64
 1719 069a 08       		.byte	8
 1720 069b 84       		.byte	-124
 1721 069c 09       		.byte	9
 1722 069d 08       		.byte	8
 1723 069e 0B       		.byte	11
 1724 069f 06       		.byte	6
 1725 06a0 0E       		.byte	14
 1726 06a1 04       		.byte	4
 1727 06a2 0F       		.byte	15
 1728 06a3 20       		.byte	32
 1729 06a4 10       		.byte	16
 1730 06a5 A8       		.byte	-88
 1731 06a6 12       		.byte	18
 1732 06a7 02       		.byte	2
 1733 06a8 14       		.byte	20
 1734 06a9 18       		.byte	24
 1735 06aa 18       		.byte	24
 1736 06ab 10       		.byte	16
 1737 06ac 19       		.byte	25
 1738 06ad 09       		.byte	9
 1739 06ae 1B       		.byte	27
 1740 06af 08       		.byte	8
 1741 06b0 21       		.byte	33
 1742 06b1 14       		.byte	20
 1743 06b2 22       		.byte	34
 1744 06b3 59       		.byte	89
 1745 06b4 28       		.byte	40
 1746 06b5 04       		.byte	4
 1747 06b6 29       		.byte	41
 1748 06b7 08       		.byte	8
 1749 06b8 2B       		.byte	43
 1750 06b9 80       		.byte	-128
 1751 06ba 2C       		.byte	44
 1752 06bb 10       		.byte	16
 1753 06bc 2D       		.byte	45
 1754 06bd 80       		.byte	-128
 1755 06be 2E       		.byte	46
 1756 06bf 20       		.byte	32
 1757 06c0 32       		.byte	50
 1758 06c1 5A       		.byte	90
 1759 06c2 34       		.byte	52
 1760 06c3 08       		.byte	8
 1761 06c4 37       		.byte	55
 1762 06c5 40       		.byte	64
 1763 06c6 39       		.byte	57
 1764 06c7 54       		.byte	84
 1765 06c8 3B       		.byte	59
 1766 06c9 02       		.byte	2
 1767 06ca 3E       		.byte	62
ARM GAS  C:\Users\saman\AppData\Local\Temp\cc9NJYPx.s 			page 32


 1768 06cb 04       		.byte	4
 1769 06cc 3F       		.byte	63
 1770 06cd 20       		.byte	32
 1771 06ce 59       		.byte	89
 1772 06cf 01       		.byte	1
 1773 06d0 69       		.byte	105
 1774 06d1 54       		.byte	84
 1775 06d2 70       		.byte	112
 1776 06d3 A8       		.byte	-88
 1777 06d4 71       		.byte	113
 1778 06d5 40       		.byte	64
 1779 06d6 72       		.byte	114
 1780 06d7 10       		.byte	16
 1781 06d8 88       		.byte	-120
 1782 06d9 60       		.byte	96
 1783 06da 89       		.byte	-119
 1784 06db 10       		.byte	16
 1785 06dc 8B       		.byte	-117
 1786 06dd 80       		.byte	-128
 1787 06de 90       		.byte	-112
 1788 06df 82       		.byte	-126
 1789 06e0 92       		.byte	-110
 1790 06e1 04       		.byte	4
 1791 06e2 93       		.byte	-109
 1792 06e3 04       		.byte	4
 1793 06e4 95       		.byte	-107
 1794 06e5 28       		.byte	40
 1795 06e6 96       		.byte	-106
 1796 06e7 92       		.byte	-110
 1797 06e8 98       		.byte	-104
 1798 06e9 98       		.byte	-104
 1799 06ea 9A       		.byte	-102
 1800 06eb 20       		.byte	32
 1801 06ec 9C       		.byte	-100
 1802 06ed 20       		.byte	32
 1803 06ee 9D       		.byte	-99
 1804 06ef 40       		.byte	64
 1805 06f0 A1       		.byte	-95
 1806 06f1 08       		.byte	8
 1807 06f2 A2       		.byte	-94
 1808 06f3 02       		.byte	2
 1809 06f4 A3       		.byte	-93
 1810 06f5 10       		.byte	16
 1811 06f6 A4       		.byte	-92
 1812 06f7 20       		.byte	32
 1813 06f8 A7       		.byte	-89
 1814 06f9 08       		.byte	8
 1815 06fa C0       		.byte	-64
 1816 06fb BB       		.byte	-69
 1817 06fc C2       		.byte	-62
 1818 06fd 67       		.byte	103
 1819 06fe C4       		.byte	-60
 1820 06ff 6F       		.byte	111
 1821 0700 CA       		.byte	-54
 1822 0701 77       		.byte	119
 1823 0702 CC       		.byte	-52
 1824 0703 5F       		.byte	95
ARM GAS  C:\Users\saman\AppData\Local\Temp\cc9NJYPx.s 			page 33


 1825 0704 CE       		.byte	-50
 1826 0705 6F       		.byte	111
 1827 0706 D6       		.byte	-42
 1828 0707 01       		.byte	1
 1829 0708 E8       		.byte	-24
 1830 0709 10       		.byte	16
 1831 070a 13       		.byte	19
 1832 070b 02       		.byte	2
 1833 070c 16       		.byte	22
 1834 070d 80       		.byte	-128
 1835 070e 30       		.byte	48
 1836 070f 20       		.byte	32
 1837 0710 3B       		.byte	59
 1838 0711 02       		.byte	2
 1839 0712 3E       		.byte	62
 1840 0713 80       		.byte	-128
 1841 0714 C4       		.byte	-60
 1842 0715 30       		.byte	48
 1843 0716 CC       		.byte	-52
 1844 0717 10       		.byte	16
 1845 0718 CE       		.byte	-50
 1846 0719 60       		.byte	96
 1847 071a 56       		.byte	86
 1848 071b 02       		.byte	2
 1849 071c 5B       		.byte	91
 1850 071d 40       		.byte	64
 1851 071e 97       		.byte	-105
 1852 071f 02       		.byte	2
 1853 0720 9B       		.byte	-101
 1854 0721 02       		.byte	2
 1855 0722 A4       		.byte	-92
 1856 0723 20       		.byte	32
 1857 0724 D4       		.byte	-44
 1858 0725 80       		.byte	-128
 1859 0726 D6       		.byte	-42
 1860 0727 20       		.byte	32
 1861 0728 86       		.byte	-122
 1862 0729 02       		.byte	2
 1863 072a 97       		.byte	-105
 1864 072b 02       		.byte	2
 1865 072c 9E       		.byte	-98
 1866 072d 02       		.byte	2
 1867 072e 9F       		.byte	-97
 1868 072f 40       		.byte	64
 1869 0730 A4       		.byte	-92
 1870 0731 20       		.byte	32
 1871 0732 AB       		.byte	-85
 1872 0733 02       		.byte	2
 1873 0734 E6       		.byte	-26
 1874 0735 10       		.byte	16
 1875 0736 EC       		.byte	-20
 1876 0737 80       		.byte	-128
 1877 0738 9F       		.byte	-97
 1878 0739 40       		.byte	64
 1879 073a A4       		.byte	-92
 1880 073b 20       		.byte	32
 1881 073c AB       		.byte	-85
ARM GAS  C:\Users\saman\AppData\Local\Temp\cc9NJYPx.s 			page 34


 1882 073d 01       		.byte	1
 1883 073e EE       		.byte	-18
 1884 073f 20       		.byte	32
 1885 0740 5F       		.byte	95
 1886 0741 02       		.byte	2
 1887 0742 9B       		.byte	-101
 1888 0743 02       		.byte	2
 1889 0744 AF       		.byte	-81
 1890 0745 02       		.byte	2
 1891 0746 D6       		.byte	-42
 1892 0747 01       		.byte	1
 1893 0748 1B       		.byte	27
 1894 0749 04       		.byte	4
 1895 074a 27       		.byte	39
 1896 074b 80       		.byte	-128
 1897 074c C6       		.byte	-58
 1898 074d 08       		.byte	8
 1899 074e C8       		.byte	-56
 1900 074f 01       		.byte	1
 1901 0750 44       		.byte	68
 1902 0751 02       		.byte	2
 1903 0752 8E       		.byte	-114
 1904 0753 10       		.byte	16
 1905 0754 9B       		.byte	-101
 1906 0755 80       		.byte	-128
 1907 0756 AB       		.byte	-85
 1908 0757 04       		.byte	4
 1909 0758 D0       		.byte	-48
 1910 0759 04       		.byte	4
 1911 075a E4       		.byte	-28
 1912 075b 08       		.byte	8
 1913 075c 24       		.byte	36
 1914 075d 08       		.byte	8
 1915 075e B0       		.byte	-80
 1916 075f 20       		.byte	32
 1917 0760 B7       		.byte	-73
 1918 0761 40       		.byte	64
 1919 0762 C8       		.byte	-56
 1920 0763 20       		.byte	32
 1921 0764 B4       		.byte	-76
 1922 0765 04       		.byte	4
 1923 0766 87       		.byte	-121
 1924 0767 80       		.byte	-128
 1925 0768 92       		.byte	-110
 1926 0769 10       		.byte	16
 1927 076a 9B       		.byte	-101
 1928 076b 80       		.byte	-128
 1929 076c 9C       		.byte	-100
 1930 076d 02       		.byte	2
 1931 076e 10       		.byte	16
 1932 076f 40       		.byte	64
 1933 0770 72       		.byte	114
 1934 0771 10       		.byte	16
 1935 0772 88       		.byte	-120
 1936 0773 40       		.byte	64
 1937 0774 92       		.byte	-110
 1938 0775 10       		.byte	16
ARM GAS  C:\Users\saman\AppData\Local\Temp\cc9NJYPx.s 			page 35


 1939 0776 B4       		.byte	-76
 1940 0777 02       		.byte	2
 1941 0778 C4       		.byte	-60
 1942 0779 08       		.byte	8
 1943 077a DC       		.byte	-36
 1944 077b 01       		.byte	1
 1945 077c E2       		.byte	-30
 1946 077d 01       		.byte	1
 1947 077e E8       		.byte	-24
 1948 077f 08       		.byte	8
 1949 0780 00       		.byte	0
 1950 0781 07       		.byte	7
 1951 0782 01       		.byte	1
 1952 0783 01       		.byte	1
 1953 0784 0A       		.byte	10
 1954 0785 03       		.byte	3
 1955 0786 0C       		.byte	12
 1956 0787 03       		.byte	3
 1957 0788 0D       		.byte	13
 1958 0789 01       		.byte	1
 1959 078a 0E       		.byte	14
 1960 078b 07       		.byte	7
 1961 078c 0F       		.byte	15
 1962 078d 01       		.byte	1
 1963 078e 10       		.byte	16
 1964 078f 03       		.byte	3
 1965 0790 1A       		.byte	26
 1966 0791 01       		.byte	1
 1967 0792 1C       		.byte	28
 1968 0793 03       		.byte	3
 1969 0794 00       		.byte	0
 1970 0795 03       		.byte	3
 1971 0796 10       		.byte	16
 1972 0797 0A       		.byte	10
 1973 0798 00       		.byte	0
 1974 0799 23       		.byte	35
 1975 079a 00       		.byte	0
 1976 079b 0C       		.byte	12
 1977 079c 0F       		.byte	15
 1978 079d 02       		.byte	2
 1979 079e 00       		.byte	0
 1980 079f 80       		.byte	-128
 1981 07a0 0E       		.byte	14
 1982 07a1 00       		.byte	0
 1983 07a2 01       		.byte	1
 1984 07a3 23       		.byte	35
 1985 07a4 0C       		.byte	12
 1986 07a5 0F       		.byte	15
 1987 07a6 03       		.byte	3
 1988 07a7 20       		.byte	32
 1989 07a8 08       		.byte	8
 1990 07a9 00       		.byte	0
 1991 07aa 00       		.byte	0
 1992 07ab 00       		.byte	0
 1993 07ac 0C       		.byte	12
 1994 07ad 0C       		.byte	12
 1995 07ae 00       		.byte	0
ARM GAS  C:\Users\saman\AppData\Local\Temp\cc9NJYPx.s 			page 36


 1996 07af 00       		.byte	0
 1997 07b0 00       		.byte	0
 1998 07b1 04       		.byte	4
 1999 07b2 02       		.byte	2
 2000 07b3 00       		.byte	0
 2001 07b4 00       		.byte	0
 2002 07b5 03       		.byte	3
 2003 07b6 00       		.byte	0
 2004 07b7 40       		.byte	64
 2005 07b8 00       		.byte	0
 2006 07b9 2F       		.byte	47
 2007 07ba 00       		.byte	0
 2008 07bb 00       		.byte	0
 2009 07bc 04       		.byte	4
 2010 07bd 01       		.byte	1
 2011 07be 00       		.byte	0
 2012 07bf 90       		.byte	-112
 2013 07c0 03       		.byte	3
 2014 07c1 0C       		.byte	12
 2015 07c2 0C       		.byte	12
 2016 07c3 23       		.byte	35
 2017 07c4 00       		.byte	0
 2018 07c5 08       		.byte	8
 2019 07c6 00       		.byte	0
 2020 07c7 00       		.byte	0
 2021 07c8 0E       		.byte	14
 2022 07c9 2C       		.byte	44
 2023 07ca 00       		.byte	0
 2024 07cb 0F       		.byte	15
 2025 07cc 01       		.byte	1
 2026 07cd 10       		.byte	16
 2027 07ce 00       		.byte	0
 2028 07cf C0       		.byte	-64
 2029 07d0 20       		.byte	32
 2030 07d1 00       		.byte	0
 2031 07d2 00       		.byte	0
 2032 07d3 0A       		.byte	10
 2033 07d4 00       		.byte	0
 2034 07d5 00       		.byte	0
 2035 07d6 00       		.byte	0
 2036 07d7 40       		.byte	64
 2037 07d8 32       		.byte	50
 2038 07d9 06       		.byte	6
 2039 07da 04       		.byte	4
 2040 07db 00       		.byte	0
 2041 07dc 01       		.byte	1
 2042 07dd 00       		.byte	0
 2043 07de 00       		.byte	0
 2044 07df CE       		.byte	-50
 2045 07e0 30       		.byte	48
 2046 07e1 FF       		.byte	-1
 2047 07e2 FF       		.byte	-1
 2048 07e3 FF       		.byte	-1
 2049 07e4 62       		.byte	98
 2050 07e5 A0       		.byte	-96
 2051 07e6 F0       		.byte	-16
 2052 07e7 41       		.byte	65
ARM GAS  C:\Users\saman\AppData\Local\Temp\cc9NJYPx.s 			page 37


 2053 07e8 0C       		.byte	12
 2054 07e9 00       		.byte	0
 2055 07ea 00       		.byte	0
 2056 07eb 00       		.byte	0
 2057 07ec 00       		.byte	0
 2058 07ed 00       		.byte	0
 2059 07ee 00       		.byte	0
 2060 07ef 00       		.byte	0
 2061 07f0 04       		.byte	4
 2062 07f1 04       		.byte	4
 2063 07f2 04       		.byte	4
 2064 07f3 00       		.byte	0
 2065 07f4 11       		.byte	17
 2066 07f5 01       		.byte	1
 2067 07f6 00       		.byte	0
 2068 07f7 01       		.byte	1
 2069 07f8 00       		.byte	0
 2070 07f9 00       		.byte	0
 2071 07fa 00       		.byte	0
 2072 07fb 00       		.byte	0
 2073 07fc 00       		.byte	0
 2074 07fd 00       		.byte	0
 2075 07fe 40       		.byte	64
 2076 07ff 02       		.byte	2
 2077 0800 00       		.byte	0
 2078 0801 10       		.byte	16
 2079 0802 30       		.byte	48
 2080 0803 10       		.byte	16
 2081 0804 00       		.byte	0
 2082 0805 10       		.byte	16
 2083 0806 10       		.byte	16
 2084 0807 12       		.byte	18
 2085 0808 00       		.byte	0
 2086 0809 00       		.byte	0
 2087 080a 00       		.byte	0
 2088 080b 00       		.byte	0
 2089 080c 00       		.byte	0
 2090 080d 00       		.byte	0
 2091 080e 00       		.byte	0
 2092 080f 00       		.byte	0
 2093 0810 00       		.byte	0
 2094 0811 00       		.byte	0
 2095 0812 00       		.byte	0
 2096 0813 00       		.byte	0
 2097 0814 00       		.byte	0
 2098 0815 00       		.byte	0
 2099 0816 00       		.byte	0
 2100 0817 00       		.byte	0
 2101 0818 08       		.byte	8
 2102 0819 40       		.byte	64
 2103 081a 40       		.byte	64
 2104 081b 00       		.byte	0
 2105 081c 00       		.byte	0
 2106 081d 03       		.byte	3
 2107 081e 03       		.byte	3
 2108 081f 00       		.byte	0
 2109 0820 80       		.byte	-128
ARM GAS  C:\Users\saman\AppData\Local\Temp\cc9NJYPx.s 			page 38


 2110 0821 00       		.byte	0
 2111 0822 40       		.byte	64
 2112 0823 80       		.byte	-128
 2113 0824 80       		.byte	-128
 2114 0825 00       		.byte	0
 2115 0826 80       		.byte	-128
 2116 0827 00       		.byte	0
 2117 0828 00       		.byte	0
 2118 0829 00       		.byte	0
 2119 082a 00       		.byte	0
 2120 082b 00       		.byte	0
 2121 082c 00       		.byte	0
 2122 082d 0B       		.byte	11
 2123 082e 0B       		.byte	11
 2124 082f 00       		.byte	0
 2125 0830 00       		.byte	0
 2126 0831 00       		.byte	0
 2127 0832 00       		.byte	0
 2128 0833 00       		.byte	0
 2129 0834 00       		.byte	0
 2130 0835 10       		.byte	16
 2131 0836 10       		.byte	16
 2132 0837 00       		.byte	0
 2133 0838 10       		.byte	16
 2134 0839 00       		.byte	0
 2135 083a 00       		.byte	0
 2136 083b 00       		.byte	0
 2137 083c 00       		.byte	0
 2138 083d 01       		.byte	1
 2139 083e 00       		.byte	0
 2140 083f 00       		.byte	0
 2141              		.section	.cywolatch,"a",%progbits
 2142              		.align	2
 2143              		.type	cy_meta_wonvl, %object
 2144              		.size	cy_meta_wonvl, 4
 2145              	cy_meta_wonvl:
 2146 0000 BC       		.byte	-68
 2147 0001 90       		.byte	-112
 2148 0002 AC       		.byte	-84
 2149 0003 AF       		.byte	-81
 2150              		.section	.cycustnvl,"a",%progbits
 2151              		.align	2
 2152              		.type	cy_meta_custnvl, %object
 2153              		.size	cy_meta_custnvl, 4
 2154              	cy_meta_custnvl:
 2155 0000 00       		.byte	0
 2156 0001 00       		.byte	0
 2157 0002 40       		.byte	64
 2158 0003 05       		.byte	5
 2159              		.section	.cymeta,"a",%progbits
 2160              		.align	2
 2161              		.type	cy_metadata, %object
 2162              		.size	cy_metadata, 12
 2163              	cy_metadata:
 2164 0000 00       		.byte	0
 2165 0001 01       		.byte	1
 2166 0002 2E       		.byte	46
ARM GAS  C:\Users\saman\AppData\Local\Temp\cc9NJYPx.s 			page 39


 2167 0003 16       		.byte	22
 2168 0004 10       		.byte	16
 2169 0005 69       		.byte	105
 2170 0006 00       		.byte	0
 2171 0007 01       		.byte	1
 2172 0008 00       		.byte	0
 2173 0009 00       		.byte	0
 2174 000a 00       		.byte	0
 2175 000b 00       		.byte	0
 2176              		.section	.cyflashprotect,"a",%progbits
 2177              		.align	2
 2178              		.type	cy_meta_flashprotect, %object
 2179              		.size	cy_meta_flashprotect, 256
 2180              	cy_meta_flashprotect:
 2181 0000 00000000 		.space	256
 2181      00000000 
 2181      00000000 
 2181      00000000 
 2181      00000000 
 2182              		.text
 2183              	.Letext0:
 2184              		.file 1 "c:\\program files (x86)\\cypress\\psoc creator\\4.4\\psoc creator\\import\\gnu\\arm\\5.4.
 2185              		.file 2 "c:\\program files (x86)\\cypress\\psoc creator\\4.4\\psoc creator\\import\\gnu\\arm\\5.4.
 2186              		.file 3 "Generated_Source\\PSoC5\\cymetadata.c"
 2187              		.section	.debug_info,"",%progbits
 2188              	.Ldebug_info0:
 2189 0000 35010000 		.4byte	0x135
 2190 0004 0400     		.2byte	0x4
 2191 0006 00000000 		.4byte	.Ldebug_abbrev0
 2192 000a 04       		.byte	0x4
 2193 000b 01       		.uleb128 0x1
 2194 000c 65000000 		.4byte	.LASF17
 2195 0010 0C       		.byte	0xc
 2196 0011 BF010000 		.4byte	.LASF18
 2197 0015 0A000000 		.4byte	.LASF19
 2198 0019 00000000 		.4byte	.Ldebug_line0
 2199 001d 02       		.uleb128 0x2
 2200 001e 01       		.byte	0x1
 2201 001f 06       		.byte	0x6
 2202 0020 B3010000 		.4byte	.LASF0
 2203 0024 03       		.uleb128 0x3
 2204 0025 00000000 		.4byte	.LASF9
 2205 0029 01       		.byte	0x1
 2206 002a 1D       		.byte	0x1d
 2207 002b 2F000000 		.4byte	0x2f
 2208 002f 02       		.uleb128 0x2
 2209 0030 01       		.byte	0x1
 2210 0031 08       		.byte	0x8
 2211 0032 57000000 		.4byte	.LASF1
 2212 0036 02       		.uleb128 0x2
 2213 0037 02       		.byte	0x2
 2214 0038 05       		.byte	0x5
 2215 0039 A0010000 		.4byte	.LASF2
 2216 003d 02       		.uleb128 0x2
 2217 003e 02       		.byte	0x2
 2218 003f 07       		.byte	0x7
 2219 0040 05010000 		.4byte	.LASF3
ARM GAS  C:\Users\saman\AppData\Local\Temp\cc9NJYPx.s 			page 40


 2220 0044 02       		.uleb128 0x2
 2221 0045 04       		.byte	0x4
 2222 0046 05       		.byte	0x5
 2223 0047 AA010000 		.4byte	.LASF4
 2224 004b 02       		.uleb128 0x2
 2225 004c 04       		.byte	0x4
 2226 004d 07       		.byte	0x7
 2227 004e F3000000 		.4byte	.LASF5
 2228 0052 02       		.uleb128 0x2
 2229 0053 08       		.byte	0x8
 2230 0054 05       		.byte	0x5
 2231 0055 92010000 		.4byte	.LASF6
 2232 0059 02       		.uleb128 0x2
 2233 005a 08       		.byte	0x8
 2234 005b 07       		.byte	0x7
 2235 005c 47010000 		.4byte	.LASF7
 2236 0060 04       		.uleb128 0x4
 2237 0061 04       		.byte	0x4
 2238 0062 05       		.byte	0x5
 2239 0063 696E7400 		.ascii	"int\000"
 2240 0067 02       		.uleb128 0x2
 2241 0068 04       		.byte	0x4
 2242 0069 07       		.byte	0x7
 2243 006a 3A010000 		.4byte	.LASF8
 2244 006e 03       		.uleb128 0x3
 2245 006f 5E010000 		.4byte	.LASF10
 2246 0073 02       		.byte	0x2
 2247 0074 18       		.byte	0x18
 2248 0075 24000000 		.4byte	0x24
 2249 0079 05       		.uleb128 0x5
 2250 007a 91000000 		.4byte	0x91
 2251 007e 8A000000 		.4byte	0x8a
 2252 0082 06       		.uleb128 0x6
 2253 0083 8A000000 		.4byte	0x8a
 2254 0087 3F08     		.2byte	0x83f
 2255 0089 00       		.byte	0
 2256 008a 02       		.uleb128 0x2
 2257 008b 04       		.byte	0x4
 2258 008c 07       		.byte	0x7
 2259 008d 89010000 		.4byte	.LASF11
 2260 0091 07       		.uleb128 0x7
 2261 0092 6E000000 		.4byte	0x6e
 2262 0096 08       		.uleb128 0x8
 2263 0097 28010000 		.4byte	.LASF12
 2264 009b 03       		.byte	0x3
 2265 009c 1F       		.byte	0x1f
 2266 009d A7000000 		.4byte	0xa7
 2267 00a1 05       		.uleb128 0x5
 2268 00a2 03       		.byte	0x3
 2269 00a3 00000000 		.4byte	cy_meta_configecc
 2270 00a7 07       		.uleb128 0x7
 2271 00a8 79000000 		.4byte	0x79
 2272 00ac 05       		.uleb128 0x5
 2273 00ad 91000000 		.4byte	0x91
 2274 00b1 BC000000 		.4byte	0xbc
 2275 00b5 09       		.uleb128 0x9
 2276 00b6 8A000000 		.4byte	0x8a
ARM GAS  C:\Users\saman\AppData\Local\Temp\cc9NJYPx.s 			page 41


 2277 00ba 03       		.byte	0x3
 2278 00bb 00       		.byte	0
 2279 00bc 0A       		.uleb128 0xa
 2280 00bd 18010000 		.4byte	.LASF13
 2281 00c1 03       		.byte	0x3
 2282 00c2 3401     		.2byte	0x134
 2283 00c4 CE000000 		.4byte	0xce
 2284 00c8 05       		.uleb128 0x5
 2285 00c9 03       		.byte	0x3
 2286 00ca 00000000 		.4byte	cy_meta_custnvl
 2287 00ce 07       		.uleb128 0x7
 2288 00cf AC000000 		.4byte	0xac
 2289 00d3 0A       		.uleb128 0xa
 2290 00d4 7B010000 		.4byte	.LASF14
 2291 00d8 03       		.byte	0x3
 2292 00d9 4201     		.2byte	0x142
 2293 00db E5000000 		.4byte	0xe5
 2294 00df 05       		.uleb128 0x5
 2295 00e0 03       		.byte	0x3
 2296 00e1 00000000 		.4byte	cy_meta_wonvl
 2297 00e5 07       		.uleb128 0x7
 2298 00e6 AC000000 		.4byte	0xac
 2299 00ea 05       		.uleb128 0x5
 2300 00eb 91000000 		.4byte	0x91
 2301 00ef FA000000 		.4byte	0xfa
 2302 00f3 09       		.uleb128 0x9
 2303 00f4 8A000000 		.4byte	0x8a
 2304 00f8 FF       		.byte	0xff
 2305 00f9 00       		.byte	0
 2306 00fa 0A       		.uleb128 0xa
 2307 00fb 66010000 		.4byte	.LASF15
 2308 00ff 03       		.byte	0x3
 2309 0100 5001     		.2byte	0x150
 2310 0102 0C010000 		.4byte	0x10c
 2311 0106 05       		.uleb128 0x5
 2312 0107 03       		.byte	0x3
 2313 0108 00000000 		.4byte	cy_meta_flashprotect
 2314 010c 07       		.uleb128 0x7
 2315 010d EA000000 		.4byte	0xea
 2316 0111 05       		.uleb128 0x5
 2317 0112 91000000 		.4byte	0x91
 2318 0116 21010000 		.4byte	0x121
 2319 011a 09       		.uleb128 0x9
 2320 011b 8A000000 		.4byte	0x8a
 2321 011f 0B       		.byte	0xb
 2322 0120 00       		.byte	0
 2323 0121 0A       		.uleb128 0xa
 2324 0122 4B000000 		.4byte	.LASF16
 2325 0126 03       		.byte	0x3
 2326 0127 7D01     		.2byte	0x17d
 2327 0129 33010000 		.4byte	0x133
 2328 012d 05       		.uleb128 0x5
 2329 012e 03       		.byte	0x3
 2330 012f 00000000 		.4byte	cy_metadata
 2331 0133 07       		.uleb128 0x7
 2332 0134 11010000 		.4byte	0x111
 2333 0138 00       		.byte	0
ARM GAS  C:\Users\saman\AppData\Local\Temp\cc9NJYPx.s 			page 42


 2334              		.section	.debug_abbrev,"",%progbits
 2335              	.Ldebug_abbrev0:
 2336 0000 01       		.uleb128 0x1
 2337 0001 11       		.uleb128 0x11
 2338 0002 01       		.byte	0x1
 2339 0003 25       		.uleb128 0x25
 2340 0004 0E       		.uleb128 0xe
 2341 0005 13       		.uleb128 0x13
 2342 0006 0B       		.uleb128 0xb
 2343 0007 03       		.uleb128 0x3
 2344 0008 0E       		.uleb128 0xe
 2345 0009 1B       		.uleb128 0x1b
 2346 000a 0E       		.uleb128 0xe
 2347 000b 10       		.uleb128 0x10
 2348 000c 17       		.uleb128 0x17
 2349 000d 00       		.byte	0
 2350 000e 00       		.byte	0
 2351 000f 02       		.uleb128 0x2
 2352 0010 24       		.uleb128 0x24
 2353 0011 00       		.byte	0
 2354 0012 0B       		.uleb128 0xb
 2355 0013 0B       		.uleb128 0xb
 2356 0014 3E       		.uleb128 0x3e
 2357 0015 0B       		.uleb128 0xb
 2358 0016 03       		.uleb128 0x3
 2359 0017 0E       		.uleb128 0xe
 2360 0018 00       		.byte	0
 2361 0019 00       		.byte	0
 2362 001a 03       		.uleb128 0x3
 2363 001b 16       		.uleb128 0x16
 2364 001c 00       		.byte	0
 2365 001d 03       		.uleb128 0x3
 2366 001e 0E       		.uleb128 0xe
 2367 001f 3A       		.uleb128 0x3a
 2368 0020 0B       		.uleb128 0xb
 2369 0021 3B       		.uleb128 0x3b
 2370 0022 0B       		.uleb128 0xb
 2371 0023 49       		.uleb128 0x49
 2372 0024 13       		.uleb128 0x13
 2373 0025 00       		.byte	0
 2374 0026 00       		.byte	0
 2375 0027 04       		.uleb128 0x4
 2376 0028 24       		.uleb128 0x24
 2377 0029 00       		.byte	0
 2378 002a 0B       		.uleb128 0xb
 2379 002b 0B       		.uleb128 0xb
 2380 002c 3E       		.uleb128 0x3e
 2381 002d 0B       		.uleb128 0xb
 2382 002e 03       		.uleb128 0x3
 2383 002f 08       		.uleb128 0x8
 2384 0030 00       		.byte	0
 2385 0031 00       		.byte	0
 2386 0032 05       		.uleb128 0x5
 2387 0033 01       		.uleb128 0x1
 2388 0034 01       		.byte	0x1
 2389 0035 49       		.uleb128 0x49
 2390 0036 13       		.uleb128 0x13
ARM GAS  C:\Users\saman\AppData\Local\Temp\cc9NJYPx.s 			page 43


 2391 0037 01       		.uleb128 0x1
 2392 0038 13       		.uleb128 0x13
 2393 0039 00       		.byte	0
 2394 003a 00       		.byte	0
 2395 003b 06       		.uleb128 0x6
 2396 003c 21       		.uleb128 0x21
 2397 003d 00       		.byte	0
 2398 003e 49       		.uleb128 0x49
 2399 003f 13       		.uleb128 0x13
 2400 0040 2F       		.uleb128 0x2f
 2401 0041 05       		.uleb128 0x5
 2402 0042 00       		.byte	0
 2403 0043 00       		.byte	0
 2404 0044 07       		.uleb128 0x7
 2405 0045 26       		.uleb128 0x26
 2406 0046 00       		.byte	0
 2407 0047 49       		.uleb128 0x49
 2408 0048 13       		.uleb128 0x13
 2409 0049 00       		.byte	0
 2410 004a 00       		.byte	0
 2411 004b 08       		.uleb128 0x8
 2412 004c 34       		.uleb128 0x34
 2413 004d 00       		.byte	0
 2414 004e 03       		.uleb128 0x3
 2415 004f 0E       		.uleb128 0xe
 2416 0050 3A       		.uleb128 0x3a
 2417 0051 0B       		.uleb128 0xb
 2418 0052 3B       		.uleb128 0x3b
 2419 0053 0B       		.uleb128 0xb
 2420 0054 49       		.uleb128 0x49
 2421 0055 13       		.uleb128 0x13
 2422 0056 3F       		.uleb128 0x3f
 2423 0057 19       		.uleb128 0x19
 2424 0058 02       		.uleb128 0x2
 2425 0059 18       		.uleb128 0x18
 2426 005a 00       		.byte	0
 2427 005b 00       		.byte	0
 2428 005c 09       		.uleb128 0x9
 2429 005d 21       		.uleb128 0x21
 2430 005e 00       		.byte	0
 2431 005f 49       		.uleb128 0x49
 2432 0060 13       		.uleb128 0x13
 2433 0061 2F       		.uleb128 0x2f
 2434 0062 0B       		.uleb128 0xb
 2435 0063 00       		.byte	0
 2436 0064 00       		.byte	0
 2437 0065 0A       		.uleb128 0xa
 2438 0066 34       		.uleb128 0x34
 2439 0067 00       		.byte	0
 2440 0068 03       		.uleb128 0x3
 2441 0069 0E       		.uleb128 0xe
 2442 006a 3A       		.uleb128 0x3a
 2443 006b 0B       		.uleb128 0xb
 2444 006c 3B       		.uleb128 0x3b
 2445 006d 05       		.uleb128 0x5
 2446 006e 49       		.uleb128 0x49
 2447 006f 13       		.uleb128 0x13
ARM GAS  C:\Users\saman\AppData\Local\Temp\cc9NJYPx.s 			page 44


 2448 0070 3F       		.uleb128 0x3f
 2449 0071 19       		.uleb128 0x19
 2450 0072 02       		.uleb128 0x2
 2451 0073 18       		.uleb128 0x18
 2452 0074 00       		.byte	0
 2453 0075 00       		.byte	0
 2454 0076 00       		.byte	0
 2455              		.section	.debug_aranges,"",%progbits
 2456 0000 14000000 		.4byte	0x14
 2457 0004 0200     		.2byte	0x2
 2458 0006 00000000 		.4byte	.Ldebug_info0
 2459 000a 04       		.byte	0x4
 2460 000b 00       		.byte	0
 2461 000c 0000     		.2byte	0
 2462 000e 0000     		.2byte	0
 2463 0010 00000000 		.4byte	0
 2464 0014 00000000 		.4byte	0
 2465              		.section	.debug_line,"",%progbits
 2466              	.Ldebug_line0:
 2467 0000 3D010000 		.section	.debug_str,"MS",%progbits,1
 2467      02003701 
 2467      00000201 
 2467      FB0E0D00 
 2467      01010101 
 2468              	.LASF9:
 2469 0000 5F5F7569 		.ascii	"__uint8_t\000"
 2469      6E74385F 
 2469      7400
 2470              	.LASF19:
 2471 000a 443A5C68 		.ascii	"D:\\h_da\\sem2\\eaa\\gasPedal\\A1_GasPedal\\A1_GasP"
 2471      5F64615C 
 2471      73656D32 
 2471      5C656161 
 2471      5C676173 
 2472 0037 6564616C 		.ascii	"edal\\Design01.cydsn\000"
 2472      5C446573 
 2472      69676E30 
 2472      312E6379 
 2472      64736E00 
 2473              	.LASF16:
 2474 004b 63795F6D 		.ascii	"cy_metadata\000"
 2474      65746164 
 2474      61746100 
 2475              	.LASF1:
 2476 0057 756E7369 		.ascii	"unsigned char\000"
 2476      676E6564 
 2476      20636861 
 2476      7200
 2477              	.LASF17:
 2478 0065 474E5520 		.ascii	"GNU C11 5.4.1 20160609 (release) [ARM/embedded-5-br"
 2478      43313120 
 2478      352E342E 
 2478      31203230 
 2478      31363036 
 2479 0098 616E6368 		.ascii	"anch revision 237715] -mcpu=cortex-m3 -mthumb -g -O"
 2479      20726576 
 2479      6973696F 
ARM GAS  C:\Users\saman\AppData\Local\Temp\cc9NJYPx.s 			page 45


 2479      6E203233 
 2479      37373135 
 2480 00cb 67202D66 		.ascii	"g -ffunction-sections -ffat-lto-objects\000"
 2480      66756E63 
 2480      74696F6E 
 2480      2D736563 
 2480      74696F6E 
 2481              	.LASF5:
 2482 00f3 6C6F6E67 		.ascii	"long unsigned int\000"
 2482      20756E73 
 2482      69676E65 
 2482      6420696E 
 2482      7400
 2483              	.LASF3:
 2484 0105 73686F72 		.ascii	"short unsigned int\000"
 2484      7420756E 
 2484      7369676E 
 2484      65642069 
 2484      6E7400
 2485              	.LASF13:
 2486 0118 63795F6D 		.ascii	"cy_meta_custnvl\000"
 2486      6574615F 
 2486      63757374 
 2486      6E766C00 
 2487              	.LASF12:
 2488 0128 63795F6D 		.ascii	"cy_meta_configecc\000"
 2488      6574615F 
 2488      636F6E66 
 2488      69676563 
 2488      6300
 2489              	.LASF8:
 2490 013a 756E7369 		.ascii	"unsigned int\000"
 2490      676E6564 
 2490      20696E74 
 2490      00
 2491              	.LASF7:
 2492 0147 6C6F6E67 		.ascii	"long long unsigned int\000"
 2492      206C6F6E 
 2492      6720756E 
 2492      7369676E 
 2492      65642069 
 2493              	.LASF10:
 2494 015e 75696E74 		.ascii	"uint8_t\000"
 2494      385F7400 
 2495              	.LASF15:
 2496 0166 63795F6D 		.ascii	"cy_meta_flashprotect\000"
 2496      6574615F 
 2496      666C6173 
 2496      6870726F 
 2496      74656374 
 2497              	.LASF14:
 2498 017b 63795F6D 		.ascii	"cy_meta_wonvl\000"
 2498      6574615F 
 2498      776F6E76 
 2498      6C00
 2499              	.LASF11:
 2500 0189 73697A65 		.ascii	"sizetype\000"
ARM GAS  C:\Users\saman\AppData\Local\Temp\cc9NJYPx.s 			page 46


 2500      74797065 
 2500      00
 2501              	.LASF6:
 2502 0192 6C6F6E67 		.ascii	"long long int\000"
 2502      206C6F6E 
 2502      6720696E 
 2502      7400
 2503              	.LASF2:
 2504 01a0 73686F72 		.ascii	"short int\000"
 2504      7420696E 
 2504      7400
 2505              	.LASF4:
 2506 01aa 6C6F6E67 		.ascii	"long int\000"
 2506      20696E74 
 2506      00
 2507              	.LASF0:
 2508 01b3 7369676E 		.ascii	"signed char\000"
 2508      65642063 
 2508      68617200 
 2509              	.LASF18:
 2510 01bf 47656E65 		.ascii	"Generated_Source\\PSoC5\\cymetadata.c\000"
 2510      72617465 
 2510      645F536F 
 2510      75726365 
 2510      5C50536F 
 2511              		.ident	"GCC: (GNU Tools for ARM Embedded Processors) 5.4.1 20160609 (release) [ARM/embedded-5-bran
