ARM GAS  C:\Users\saman\AppData\Local\Temp\ccSSds03.s 			page 1


   1              		.syntax unified
   2              		.cpu cortex-m3
   3              		.fpu softvfp
   4              		.eabi_attribute 20, 1
   5              		.eabi_attribute 21, 1
   6              		.eabi_attribute 23, 3
   7              		.eabi_attribute 24, 1
   8              		.eabi_attribute 25, 1
   9              		.eabi_attribute 26, 1
  10              		.eabi_attribute 30, 1
  11              		.eabi_attribute 34, 1
  12              		.eabi_attribute 18, 4
  13              		.thumb
  14              		.syntax unified
  15              		.file	"ErikaOS_1_eecfg.c"
  16              		.text
  17              	.Ltext0:
  18              		.cfi_sections	.debug_frame
  19              		.global	EE_oo_autostart_task_data
  20              		.comm	EE_ApplicationMode,4,4
  21              		.global	EE_oo_action_ROM
  22              		.comm	EE_oo_counter_object_RAM,32,4
  23              		.global	EE_oo_counter_object_ROM
  24              		.global	EE_ALARM_ID
  25              		.global	EE_ALARM_NAME
  26              		.global	EE_alarm_ROM
  27              		.global	EE_counter_RAM
  28              		.global	EE_counter_ROM
  29              		.global	EE_th_is_extended
  30              		.global	EE_th_waswaiting
  31              		.global	EE_th_event_waitmask
  32              		.global	EE_th_event_active
  33              		.global	EE_th_terminate_nextask
  34              		.global	EE_rq_free
  35              		.comm	EE_rq_pairs_tid,20,4
  36              		.global	EE_rq_pairs_next
  37              		.global	EE_rq_link
  38              		.global	EE_th_rnact_max
  39              		.global	EE_th_rnact
  40              		.global	EE_rq_bitmask
  41              		.global	EE_rq_queues_tail
  42              		.global	EE_rq_queues_head
  43              		.global	EE_sys_ceiling
  44              		.global	EE_stkfirst
  45              		.global	EE_th_next
  46              		.global	EE_th_status
  47              		.global	EE_th_dispatch_prio
  48              		.global	EE_EVENT_ID
  49              		.global	EE_EVENT_NAME
  50              		.global	EE_TASK_NAME
  51              		.global	EE_th_ready_prio
  52              		.global	EE_terminate_real_th_body
  53              		.comm	EE_terminate_data,20,4
  54              		.global	EE_hal_thread_body
  55              		.global	EE_cortex_mx_IRQ_tos
  56              		.global	EE_cortex_mx_active_tos
  57              		.global	EE_cortex_mx_system_tos
ARM GAS  C:\Users\saman\AppData\Local\Temp\ccSSds03.s 			page 2


  58              		.global	EE_std_thread_tos
  59              		.comm	EE_cortex_mx_stack_9,512,4
  60              		.comm	EE_cortex_mx_stack_4,5000,4
  61              		.comm	EE_cortex_mx_stack_3,5000,4
  62              		.section	.rodata
  63              		.align	2
  64              		.type	EE_oo_autostart_task_data, %object
  65              		.size	EE_oo_autostart_task_data, 8
  66              	EE_oo_autostart_task_data:
  67 0000 01000000 		.word	1
  68 0004 08000000 		.word	EE_oo_autostart_task_mode_OSDEFAULTAPPMODE
  69              		.type	EE_oo_autostart_task_mode_OSDEFAULTAPPMODE, %object
  70              		.size	EE_oo_autostart_task_mode_OSDEFAULTAPPMODE, 4
  71              	EE_oo_autostart_task_mode_OSDEFAULTAPPMODE:
  72 0008 00000000 		.space	4
  73              		.type	EE_oo_action_ROM, %object
  74              		.size	EE_oo_action_ROM, 40
  75              	EE_oo_action_ROM:
  76 000c 01       		.byte	1
  77 000d 000000   		.space	3
  78 0010 02000000 		.word	2
  79 0014 02000000 		.word	2
  80 0018 00000000 		.word	0
  81 001c FFFFFFFF 		.word	-1
  82 0020 00       		.byte	0
  83 0021 000000   		.space	3
  84 0024 04000000 		.word	4
  85 0028 00000000 		.word	0
  86 002c 00000000 		.word	0
  87 0030 FFFFFFFF 		.word	-1
  88              		.type	EE_oo_counter_object_ROM, %object
  89              		.size	EE_oo_counter_object_ROM, 24
  90              	EE_oo_counter_object_ROM:
  91 0034 00000000 		.word	0
  92 0038 00000000 		.word	0
  93 003c 00       		.byte	0
  94 003d 000000   		.space	3
  95 0040 00000000 		.word	0
  96 0044 01000000 		.word	1
  97 0048 00       		.byte	0
  98 0049 000000   		.space	3
  99              		.type	EE_ALARM_ID, %object
 100              		.size	EE_ALARM_ID, 8
 101              	EE_ALARM_ID:
 102 004c 00000000 		.word	0
 103 0050 01000000 		.word	1
 104              		.type	EE_alarm_ROM, %object
 105              		.size	EE_alarm_ROM, 8
 106              	EE_alarm_ROM:
 107 0054 00000000 		.word	0
 108 0058 01000000 		.word	1
 109              		.type	EE_counter_ROM, %object
 110              		.size	EE_counter_ROM, 12
 111              	EE_counter_ROM:
 112 005c 10270000 		.word	10000
 113 0060 01000000 		.word	1
 114 0064 00000000 		.word	0
ARM GAS  C:\Users\saman\AppData\Local\Temp\ccSSds03.s 			page 3


 115              		.type	EE_th_is_extended, %object
 116              		.size	EE_th_is_extended, 20
 117              	EE_th_is_extended:
 118 0068 00000000 		.word	0
 119 006c 00000000 		.word	0
 120 0070 01000000 		.word	1
 121 0074 01000000 		.word	1
 122 0078 00000000 		.word	0
 123              		.type	EE_th_rnact_max, %object
 124              		.size	EE_th_rnact_max, 20
 125              	EE_th_rnact_max:
 126 007c 01000000 		.word	1
 127 0080 01000000 		.word	1
 128 0084 01000000 		.word	1
 129 0088 01000000 		.word	1
 130 008c 01000000 		.word	1
 131              		.type	EE_th_dispatch_prio, %object
 132              		.size	EE_th_dispatch_prio, 20
 133              	EE_th_dispatch_prio:
 134 0090 80000000 		.word	128
 135 0094 01000000 		.word	1
 136 0098 20000000 		.word	32
 137 009c 10000000 		.word	16
 138 00a0 04000000 		.word	4
 139              		.type	EE_EVENT_ID, %object
 140              		.size	EE_EVENT_ID, 12
 141              	EE_EVENT_ID:
 142 00a4 01000000 		.word	1
 143 00a8 02000000 		.word	2
 144 00ac 04000000 		.word	4
 145              		.type	EE_th_ready_prio, %object
 146              		.size	EE_th_ready_prio, 20
 147              	EE_th_ready_prio:
 148 00b0 01000000 		.word	1
 149 00b4 01000000 		.word	1
 150 00b8 20000000 		.word	32
 151 00bc 10000000 		.word	16
 152 00c0 04000000 		.word	4
 153              		.type	EE_terminate_real_th_body, %object
 154              		.size	EE_terminate_real_th_body, 20
 155              	EE_terminate_real_th_body:
 156 00c4 00000000 		.word	Functsk_init
 157 00c8 00000000 		.word	Functsk_background
 158 00cc 00000000 		.word	Functsk_io
 159 00d0 00000000 		.word	Functsk_control
 160 00d4 00000000 		.word	Functsk_system
 161              		.type	EE_hal_thread_body, %object
 162              		.size	EE_hal_thread_body, 20
 163              	EE_hal_thread_body:
 164 00d8 00000000 		.word	EE_oo_thread_stub
 165 00dc 00000000 		.word	EE_oo_thread_stub
 166 00e0 00000000 		.word	EE_oo_thread_stub
 167 00e4 00000000 		.word	EE_oo_thread_stub
 168 00e8 00000000 		.word	EE_oo_thread_stub
 169              		.type	EE_std_thread_tos, %object
 170              		.size	EE_std_thread_tos, 24
 171              	EE_std_thread_tos:
ARM GAS  C:\Users\saman\AppData\Local\Temp\ccSSds03.s 			page 4


 172 00ec 00000000 		.word	0
 173 00f0 00000000 		.word	0
 174 00f4 00000000 		.word	0
 175 00f8 01000000 		.word	1
 176 00fc 02000000 		.word	2
 177 0100 00000000 		.word	0
 178              		.data
 179              		.align	2
 180              		.type	EE_ALARM_NAME, %object
 181              		.size	EE_ALARM_NAME, 8
 182              	EE_ALARM_NAME:
 183 0000 00000000 		.word	.LC0
 184 0004 0C000000 		.word	.LC1
 185              		.type	EE_counter_RAM, %object
 186              		.size	EE_counter_RAM, 8
 187              	EE_counter_RAM:
 188 0008 00000000 		.word	0
 189 000c FFFFFFFF 		.word	-1
 190              		.type	EE_th_terminate_nextask, %object
 191              		.size	EE_th_terminate_nextask, 20
 192              	EE_th_terminate_nextask:
 193 0010 FFFFFFFF 		.word	-1
 194 0014 FFFFFFFF 		.word	-1
 195 0018 FFFFFFFF 		.word	-1
 196 001c FFFFFFFF 		.word	-1
 197 0020 FFFFFFFF 		.word	-1
 198              		.type	EE_rq_pairs_next, %object
 199              		.size	EE_rq_pairs_next, 20
 200              	EE_rq_pairs_next:
 201 0024 01000000 		.word	1
 202 0028 02000000 		.word	2
 203 002c 03000000 		.word	3
 204 0030 04000000 		.word	4
 205 0034 FFFFFFFF 		.word	-1
 206              		.type	EE_rq_link, %object
 207              		.size	EE_rq_link, 20
 208              	EE_rq_link:
 209 0038 00000000 		.word	0
 210 003c 00000000 		.word	0
 211 0040 05000000 		.word	5
 212 0044 04000000 		.word	4
 213 0048 02000000 		.word	2
 214              		.type	EE_th_rnact, %object
 215              		.size	EE_th_rnact, 20
 216              	EE_th_rnact:
 217 004c 01000000 		.word	1
 218 0050 01000000 		.word	1
 219 0054 01000000 		.word	1
 220 0058 01000000 		.word	1
 221 005c 01000000 		.word	1
 222              		.type	EE_rq_queues_tail, %object
 223              		.size	EE_rq_queues_tail, 64
 224              	EE_rq_queues_tail:
 225 0060 FFFFFFFF 		.word	-1
 226 0064 FFFFFFFF 		.word	-1
 227 0068 FFFFFFFF 		.word	-1
 228 006c FFFFFFFF 		.word	-1
ARM GAS  C:\Users\saman\AppData\Local\Temp\ccSSds03.s 			page 5


 229 0070 FFFFFFFF 		.word	-1
 230 0074 FFFFFFFF 		.word	-1
 231 0078 FFFFFFFF 		.word	-1
 232 007c FFFFFFFF 		.word	-1
 233 0080 FFFFFFFF 		.word	-1
 234 0084 FFFFFFFF 		.word	-1
 235 0088 FFFFFFFF 		.word	-1
 236 008c FFFFFFFF 		.word	-1
 237 0090 FFFFFFFF 		.word	-1
 238 0094 FFFFFFFF 		.word	-1
 239 0098 FFFFFFFF 		.word	-1
 240 009c FFFFFFFF 		.word	-1
 241              		.type	EE_rq_queues_head, %object
 242              		.size	EE_rq_queues_head, 64
 243              	EE_rq_queues_head:
 244 00a0 FFFFFFFF 		.word	-1
 245 00a4 FFFFFFFF 		.word	-1
 246 00a8 FFFFFFFF 		.word	-1
 247 00ac FFFFFFFF 		.word	-1
 248 00b0 FFFFFFFF 		.word	-1
 249 00b4 FFFFFFFF 		.word	-1
 250 00b8 FFFFFFFF 		.word	-1
 251 00bc FFFFFFFF 		.word	-1
 252 00c0 FFFFFFFF 		.word	-1
 253 00c4 FFFFFFFF 		.word	-1
 254 00c8 FFFFFFFF 		.word	-1
 255 00cc FFFFFFFF 		.word	-1
 256 00d0 FFFFFFFF 		.word	-1
 257 00d4 FFFFFFFF 		.word	-1
 258 00d8 FFFFFFFF 		.word	-1
 259 00dc FFFFFFFF 		.word	-1
 260              		.type	EE_stkfirst, %object
 261              		.size	EE_stkfirst, 4
 262              	EE_stkfirst:
 263 00e0 FFFFFFFF 		.word	-1
 264              		.type	EE_th_next, %object
 265              		.size	EE_th_next, 20
 266              	EE_th_next:
 267 00e4 FFFFFFFF 		.word	-1
 268 00e8 FFFFFFFF 		.word	-1
 269 00ec FFFFFFFF 		.word	-1
 270 00f0 FFFFFFFF 		.word	-1
 271 00f4 FFFFFFFF 		.word	-1
 272              		.type	EE_th_status, %object
 273              		.size	EE_th_status, 20
 274              	EE_th_status:
 275 00f8 03000000 		.word	3
 276 00fc 03000000 		.word	3
 277 0100 03000000 		.word	3
 278 0104 03000000 		.word	3
 279 0108 03000000 		.word	3
 280              		.type	EE_EVENT_NAME, %object
 281              		.size	EE_EVENT_NAME, 12
 282              	EE_EVENT_NAME:
 283 010c 18000000 		.word	.LC2
 284 0110 30000000 		.word	.LC3
 285 0114 38000000 		.word	.LC4
ARM GAS  C:\Users\saman\AppData\Local\Temp\ccSSds03.s 			page 6


 286              		.type	EE_TASK_NAME, %object
 287              		.size	EE_TASK_NAME, 20
 288              	EE_TASK_NAME:
 289 0118 4C000000 		.word	.LC5
 290 011c 58000000 		.word	.LC6
 291 0120 68000000 		.word	.LC7
 292 0124 70000000 		.word	.LC8
 293 0128 7C000000 		.word	.LC9
 294              		.type	EE_cortex_mx_IRQ_tos, %object
 295              		.size	EE_cortex_mx_IRQ_tos, 4
 296              	EE_cortex_mx_IRQ_tos:
 297 012c 00020000 		.word	EE_cortex_mx_stack_9+512
 298              		.type	EE_cortex_mx_system_tos, %object
 299              		.size	EE_cortex_mx_system_tos, 12
 300              	EE_cortex_mx_system_tos:
 301 0130 00000000 		.word	0
 302 0134 60130000 		.word	EE_cortex_mx_stack_3+4960
 303 0138 60130000 		.word	EE_cortex_mx_stack_4+4960
 304              		.section	.rodata.str1.4,"aMS",%progbits,1
 305              		.align	2
 306              	.LC0:
 307 0000 616C726D 		.ascii	"alrm_1ms\000"
 307      5F316D73 
 307      00
 308 0009 000000   		.space	3
 309              	.LC1:
 310 000c 616C726D 		.ascii	"alrm_system\000"
 310      5F737973 
 310      74656D00 
 311              	.LC2:
 312 0018 65765F6F 		.ascii	"ev_on_joystick_update\000"
 312      6E5F6A6F 
 312      79737469 
 312      636B5F75 
 312      70646174 
 313 002e 0000     		.space	2
 314              	.LC3:
 315 0030 65765F31 		.ascii	"ev_1ms\000"
 315      6D7300
 316 0037 00       		.space	1
 317              	.LC4:
 318 0038 65765F6F 		.ascii	"ev_on_speed_update\000"
 318      6E5F7370 
 318      6565645F 
 318      75706461 
 318      746500
 319 004b 00       		.space	1
 320              	.LC5:
 321 004c 74736B5F 		.ascii	"tsk_init\000"
 321      696E6974 
 321      00
 322 0055 000000   		.space	3
 323              	.LC6:
 324 0058 74736B5F 		.ascii	"tsk_background\000"
 324      6261636B 
 324      67726F75 
 324      6E6400
ARM GAS  C:\Users\saman\AppData\Local\Temp\ccSSds03.s 			page 7


 325 0067 00       		.space	1
 326              	.LC7:
 327 0068 74736B5F 		.ascii	"tsk_io\000"
 327      696F00
 328 006f 00       		.space	1
 329              	.LC8:
 330 0070 74736B5F 		.ascii	"tsk_control\000"
 330      636F6E74 
 330      726F6C00 
 331              	.LC9:
 332 007c 74736B5F 		.ascii	"tsk_system\000"
 332      73797374 
 332      656D00
 333              		.bss
 334              		.align	2
 335              		.type	EE_th_waswaiting, %object
 336              		.size	EE_th_waswaiting, 20
 337              	EE_th_waswaiting:
 338 0000 00000000 		.space	20
 338      00000000 
 338      00000000 
 338      00000000 
 338      00000000 
 339              		.type	EE_th_event_waitmask, %object
 340              		.size	EE_th_event_waitmask, 20
 341              	EE_th_event_waitmask:
 342 0014 00000000 		.space	20
 342      00000000 
 342      00000000 
 342      00000000 
 342      00000000 
 343              		.type	EE_th_event_active, %object
 344              		.size	EE_th_event_active, 20
 345              	EE_th_event_active:
 346 0028 00000000 		.space	20
 346      00000000 
 346      00000000 
 346      00000000 
 346      00000000 
 347              		.type	EE_rq_free, %object
 348              		.size	EE_rq_free, 4
 349              	EE_rq_free:
 350 003c 00000000 		.space	4
 351              		.type	EE_rq_bitmask, %object
 352              		.size	EE_rq_bitmask, 2
 353              	EE_rq_bitmask:
 354 0040 0000     		.space	2
 355 0042 0000     		.space	2
 356              		.type	EE_sys_ceiling, %object
 357              		.size	EE_sys_ceiling, 4
 358              	EE_sys_ceiling:
 359 0044 00000000 		.space	4
 360              		.type	EE_cortex_mx_active_tos, %object
 361              		.size	EE_cortex_mx_active_tos, 4
 362              	EE_cortex_mx_active_tos:
 363 0048 00000000 		.space	4
 364              		.text
ARM GAS  C:\Users\saman\AppData\Local\Temp\ccSSds03.s 			page 8


 365              	.Letext0:
 366              		.file 1 "Generated_Source\\PSoC5\\ErikaOS_1_common_ee_types.inc"
 367              		.file 2 "Generated_Source\\PSoC5\\ErikaOS_1_cortex_mx_ee_cpu.inc"
 368              		.file 3 "Generated_Source\\PSoC5\\ErikaOS_1_ee_oo_common.inc"
 369              		.file 4 "Generated_Source\\PSoC5\\ErikaOS_1_common_ee_hal_structs.inc"
 370              		.file 5 "Generated_Source\\PSoC5\\ErikaOS_1_eecfg.c"
 371              		.file 6 "Generated_Source\\PSoC5\\ErikaOS_1_ee_oo_intfunc.inc"
 372              		.file 7 "Generated_Source\\PSoC5\\ErikaOS_1_cortex_mx_ee_context.inc"
 373              		.file 8 "Generated_Source\\PSoC5\\ErikaOS_1_common_ee_primitives.inc"
 374              		.section	.debug_info,"",%progbits
 375              	.Ldebug_info0:
 376 0000 C4080000 		.4byte	0x8c4
 377 0004 0400     		.2byte	0x4
 378 0006 00000000 		.4byte	.Ldebug_abbrev0
 379 000a 04       		.byte	0x4
 380 000b 01       		.uleb128 0x1
 381 000c 2B050000 		.4byte	.LASF113
 382 0010 0C       		.byte	0xc
 383 0011 4F070000 		.4byte	.LASF114
 384 0015 75000000 		.4byte	.LASF115
 385 0019 00000000 		.4byte	.Ldebug_line0
 386 001d 02       		.uleb128 0x2
 387 001e 01       		.byte	0x1
 388 001f 06       		.byte	0x6
 389 0020 50010000 		.4byte	.LASF0
 390 0024 02       		.uleb128 0x2
 391 0025 01       		.byte	0x1
 392 0026 08       		.byte	0x8
 393 0027 8E040000 		.4byte	.LASF1
 394 002b 02       		.uleb128 0x2
 395 002c 02       		.byte	0x2
 396 002d 05       		.byte	0x5
 397 002e D3040000 		.4byte	.LASF2
 398 0032 02       		.uleb128 0x2
 399 0033 02       		.byte	0x2
 400 0034 07       		.byte	0x7
 401 0035 B4020000 		.4byte	.LASF3
 402 0039 02       		.uleb128 0x2
 403 003a 04       		.byte	0x4
 404 003b 05       		.byte	0x5
 405 003c D7010000 		.4byte	.LASF4
 406 0040 02       		.uleb128 0x2
 407 0041 04       		.byte	0x4
 408 0042 07       		.byte	0x7
 409 0043 72020000 		.4byte	.LASF5
 410 0047 02       		.uleb128 0x2
 411 0048 08       		.byte	0x8
 412 0049 05       		.byte	0x5
 413 004a 42010000 		.4byte	.LASF6
 414 004e 02       		.uleb128 0x2
 415 004f 08       		.byte	0x8
 416 0050 07       		.byte	0x7
 417 0051 5E000000 		.4byte	.LASF7
 418 0055 03       		.uleb128 0x3
 419 0056 04       		.byte	0x4
 420 0057 05       		.byte	0x5
 421 0058 696E7400 		.ascii	"int\000"
ARM GAS  C:\Users\saman\AppData\Local\Temp\ccSSds03.s 			page 9


 422 005c 02       		.uleb128 0x2
 423 005d 04       		.byte	0x4
 424 005e 07       		.byte	0x7
 425 005f 3A020000 		.4byte	.LASF8
 426 0063 02       		.uleb128 0x2
 427 0064 08       		.byte	0x8
 428 0065 04       		.byte	0x4
 429 0066 DC030000 		.4byte	.LASF9
 430 006a 04       		.uleb128 0x4
 431 006b 5B040000 		.4byte	.LASF10
 432 006f 01       		.byte	0x1
 433 0070 52       		.byte	0x52
 434 0071 32000000 		.4byte	0x32
 435 0075 04       		.uleb128 0x4
 436 0076 34070000 		.4byte	.LASF11
 437 007a 01       		.byte	0x1
 438 007b 53       		.byte	0x53
 439 007c 55000000 		.4byte	0x55
 440 0080 04       		.uleb128 0x4
 441 0081 2A070000 		.4byte	.LASF12
 442 0085 01       		.byte	0x1
 443 0086 54       		.byte	0x54
 444 0087 5C000000 		.4byte	0x5c
 445 008b 04       		.uleb128 0x4
 446 008c A8070000 		.4byte	.LASF13
 447 0090 01       		.byte	0x1
 448 0091 64       		.byte	0x64
 449 0092 96000000 		.4byte	0x96
 450 0096 05       		.uleb128 0x5
 451 0097 04       		.byte	0x4
 452 0098 06       		.uleb128 0x6
 453 0099 04       		.byte	0x4
 454 009a 9E000000 		.4byte	0x9e
 455 009e 07       		.uleb128 0x7
 456 009f 04       		.uleb128 0x4
 457 00a0 5F030000 		.4byte	.LASF14
 458 00a4 01       		.byte	0x1
 459 00a5 70       		.byte	0x70
 460 00a6 98000000 		.4byte	0x98
 461 00aa 04       		.uleb128 0x4
 462 00ab C5050000 		.4byte	.LASF15
 463 00af 01       		.byte	0x1
 464 00b0 73       		.byte	0x73
 465 00b1 98000000 		.4byte	0x98
 466 00b5 04       		.uleb128 0x4
 467 00b6 47020000 		.4byte	.LASF16
 468 00ba 02       		.byte	0x2
 469 00bb 4D       		.byte	0x4d
 470 00bc 80000000 		.4byte	0x80
 471 00c0 04       		.uleb128 0x4
 472 00c1 FE030000 		.4byte	.LASF17
 473 00c5 02       		.byte	0x2
 474 00c6 4E       		.byte	0x4e
 475 00c7 75000000 		.4byte	0x75
 476 00cb 04       		.uleb128 0x4
 477 00cc C2070000 		.4byte	.LASF18
 478 00d0 02       		.byte	0x2
ARM GAS  C:\Users\saman\AppData\Local\Temp\ccSSds03.s 			page 10


 479 00d1 4F       		.byte	0x4f
 480 00d2 80000000 		.4byte	0x80
 481 00d6 04       		.uleb128 0x4
 482 00d7 3D000000 		.4byte	.LASF19
 483 00db 02       		.byte	0x2
 484 00dc 54       		.byte	0x54
 485 00dd B5000000 		.4byte	0xb5
 486 00e1 04       		.uleb128 0x4
 487 00e2 2D020000 		.4byte	.LASF20
 488 00e6 02       		.byte	0x2
 489 00e7 78       		.byte	0x78
 490 00e8 75000000 		.4byte	0x75
 491 00ec 08       		.uleb128 0x8
 492 00ed F4000000 		.4byte	.LASF61
 493 00f1 04       		.byte	0x4
 494 00f2 04       		.byte	0x4
 495 00f3 4D       		.byte	0x4d
 496 00f4 05010000 		.4byte	0x105
 497 00f8 09       		.uleb128 0x9
 498 00f9 94070000 		.4byte	.LASF28
 499 00fd 04       		.byte	0x4
 500 00fe 4E       		.byte	0x4e
 501 00ff 8B000000 		.4byte	0x8b
 502 0103 00       		.byte	0
 503 0104 00       		.byte	0
 504 0105 0A       		.uleb128 0xa
 505 0106 C3030000 		.4byte	.LASF21
 506 010a 03       		.byte	0x3
 507 010b 1101     		.2byte	0x111
 508 010d 6A000000 		.4byte	0x6a
 509 0111 0A       		.uleb128 0xa
 510 0112 EB000000 		.4byte	.LASF22
 511 0116 03       		.byte	0x3
 512 0117 F701     		.2byte	0x1f7
 513 0119 E1000000 		.4byte	0xe1
 514 011d 0A       		.uleb128 0xa
 515 011e 73010000 		.4byte	.LASF23
 516 0122 03       		.byte	0x3
 517 0123 2C02     		.2byte	0x22c
 518 0125 B5000000 		.4byte	0xb5
 519 0129 0A       		.uleb128 0xa
 520 012a 1D000000 		.4byte	.LASF24
 521 012e 03       		.byte	0x3
 522 012f 3502     		.2byte	0x235
 523 0131 B5000000 		.4byte	0xb5
 524 0135 0A       		.uleb128 0xa
 525 0136 1E060000 		.4byte	.LASF25
 526 013a 03       		.byte	0x3
 527 013b 5D02     		.2byte	0x25d
 528 013d B5000000 		.4byte	0xb5
 529 0141 0A       		.uleb128 0xa
 530 0142 32000000 		.4byte	.LASF26
 531 0146 03       		.byte	0x3
 532 0147 6302     		.2byte	0x263
 533 0149 B5000000 		.4byte	0xb5
 534 014d 0A       		.uleb128 0xa
 535 014e 70030000 		.4byte	.LASF27
ARM GAS  C:\Users\saman\AppData\Local\Temp\ccSSds03.s 			page 11


 536 0152 03       		.byte	0x3
 537 0153 6C02     		.2byte	0x26c
 538 0155 B5000000 		.4byte	0xb5
 539 0159 0B       		.uleb128 0xb
 540 015a 0C       		.byte	0xc
 541 015b 03       		.byte	0x3
 542 015c 7202     		.2byte	0x272
 543 015e 8A010000 		.4byte	0x18a
 544 0162 0C       		.uleb128 0xc
 545 0163 FB000000 		.4byte	.LASF29
 546 0167 03       		.byte	0x3
 547 0168 7302     		.2byte	0x273
 548 016a 29010000 		.4byte	0x129
 549 016e 00       		.byte	0
 550 016f 0C       		.uleb128 0xc
 551 0170 06040000 		.4byte	.LASF30
 552 0174 03       		.byte	0x3
 553 0175 7402     		.2byte	0x274
 554 0177 29010000 		.4byte	0x129
 555 017b 04       		.byte	0x4
 556 017c 0C       		.uleb128 0xc
 557 017d 24020000 		.4byte	.LASF31
 558 0181 03       		.byte	0x3
 559 0182 7502     		.2byte	0x275
 560 0184 29010000 		.4byte	0x129
 561 0188 08       		.byte	0x8
 562 0189 00       		.byte	0
 563 018a 0A       		.uleb128 0xa
 564 018b 14050000 		.4byte	.LASF32
 565 018f 03       		.byte	0x3
 566 0190 7A02     		.2byte	0x27a
 567 0192 59010000 		.4byte	0x159
 568 0196 0B       		.uleb128 0xb
 569 0197 08       		.byte	0x8
 570 0198 03       		.byte	0x3
 571 0199 7D02     		.2byte	0x27d
 572 019b BA010000 		.4byte	0x1ba
 573 019f 0C       		.uleb128 0xc
 574 01a0 34020000 		.4byte	.LASF33
 575 01a4 03       		.byte	0x3
 576 01a5 7E02     		.2byte	0x27e
 577 01a7 29010000 		.4byte	0x129
 578 01ab 00       		.byte	0
 579 01ac 0C       		.uleb128 0xc
 580 01ad 18060000 		.4byte	.LASF34
 581 01b1 03       		.byte	0x3
 582 01b2 7F02     		.2byte	0x27f
 583 01b4 35010000 		.4byte	0x135
 584 01b8 04       		.byte	0x4
 585 01b9 00       		.byte	0
 586 01ba 0A       		.uleb128 0xa
 587 01bb B4010000 		.4byte	.LASF35
 588 01bf 03       		.byte	0x3
 589 01c0 8002     		.2byte	0x280
 590 01c2 96010000 		.4byte	0x196
 591 01c6 0D       		.uleb128 0xd
 592 01c7 01       		.byte	0x1
ARM GAS  C:\Users\saman\AppData\Local\Temp\ccSSds03.s 			page 12


 593 01c8 24000000 		.4byte	0x24
 594 01cc 03       		.byte	0x3
 595 01cd 8A02     		.2byte	0x28a
 596 01cf E0010000 		.4byte	0x1e0
 597 01d3 0E       		.uleb128 0xe
 598 01d4 9C040000 		.4byte	.LASF36
 599 01d8 00       		.byte	0
 600 01d9 0E       		.uleb128 0xe
 601 01da 65040000 		.4byte	.LASF37
 602 01de 01       		.byte	0x1
 603 01df 00       		.byte	0
 604 01e0 0A       		.uleb128 0xa
 605 01e1 DF020000 		.4byte	.LASF38
 606 01e5 03       		.byte	0x3
 607 01e6 8D02     		.2byte	0x28d
 608 01e8 C6010000 		.4byte	0x1c6
 609 01ec 0A       		.uleb128 0xa
 610 01ed 0B030000 		.4byte	.LASF39
 611 01f1 03       		.byte	0x3
 612 01f2 9002     		.2byte	0x290
 613 01f4 E0010000 		.4byte	0x1e0
 614 01f8 0B       		.uleb128 0xb
 615 01f9 0C       		.byte	0xc
 616 01fa 03       		.byte	0x3
 617 01fb 9402     		.2byte	0x294
 618 01fd 27020000 		.4byte	0x227
 619 0201 0F       		.uleb128 0xf
 620 0202 6300     		.ascii	"c\000"
 621 0204 03       		.byte	0x3
 622 0205 9602     		.2byte	0x296
 623 0207 4D010000 		.4byte	0x14d
 624 020b 00       		.byte	0
 625 020c 0C       		.uleb128 0xc
 626 020d 75060000 		.4byte	.LASF40
 627 0211 03       		.byte	0x3
 628 0212 9802     		.2byte	0x298
 629 0214 35010000 		.4byte	0x135
 630 0218 04       		.byte	0x4
 631 0219 0C       		.uleb128 0xc
 632 021a AF020000 		.4byte	.LASF41
 633 021e 03       		.byte	0x3
 634 021f 9A02     		.2byte	0x29a
 635 0221 EC010000 		.4byte	0x1ec
 636 0225 08       		.byte	0x8
 637 0226 00       		.byte	0
 638 0227 0A       		.uleb128 0xa
 639 0228 BC000000 		.4byte	.LASF42
 640 022c 03       		.byte	0x3
 641 022d 9B02     		.2byte	0x29b
 642 022f F8010000 		.4byte	0x1f8
 643 0233 0B       		.uleb128 0xb
 644 0234 10       		.byte	0x10
 645 0235 03       		.byte	0x3
 646 0236 9F02     		.2byte	0x29f
 647 0238 71020000 		.4byte	0x271
 648 023c 0C       		.uleb128 0xc
 649 023d 13040000 		.4byte	.LASF43
ARM GAS  C:\Users\saman\AppData\Local\Temp\ccSSds03.s 			page 13


 650 0241 03       		.byte	0x3
 651 0242 A002     		.2byte	0x2a0
 652 0244 D6000000 		.4byte	0xd6
 653 0248 00       		.byte	0
 654 0249 0C       		.uleb128 0xc
 655 024a 8B070000 		.4byte	.LASF44
 656 024e 03       		.byte	0x3
 657 024f A102     		.2byte	0x2a1
 658 0251 29010000 		.4byte	0x129
 659 0255 04       		.byte	0x4
 660 0256 0C       		.uleb128 0xc
 661 0257 B6000000 		.4byte	.LASF45
 662 025b 03       		.byte	0x3
 663 025c A202     		.2byte	0x2a2
 664 025e 29010000 		.4byte	0x129
 665 0262 08       		.byte	0x8
 666 0263 0C       		.uleb128 0xc
 667 0264 00000000 		.4byte	.LASF46
 668 0268 03       		.byte	0x3
 669 0269 A302     		.2byte	0x2a3
 670 026b 35010000 		.4byte	0x135
 671 026f 0C       		.byte	0xc
 672 0270 00       		.byte	0
 673 0271 0A       		.uleb128 0xa
 674 0272 18040000 		.4byte	.LASF47
 675 0276 03       		.byte	0x3
 676 0277 A402     		.2byte	0x2a4
 677 0279 33020000 		.4byte	0x233
 678 027d 0D       		.uleb128 0xd
 679 027e 01       		.byte	0x1
 680 027f 24000000 		.4byte	0x24
 681 0283 03       		.byte	0x3
 682 0284 A702     		.2byte	0x2a7
 683 0286 A3020000 		.4byte	0x2a3
 684 028a 0E       		.uleb128 0xe
 685 028b 35060000 		.4byte	.LASF48
 686 028f 00       		.byte	0
 687 0290 0E       		.uleb128 0xe
 688 0291 7D060000 		.4byte	.LASF49
 689 0295 01       		.byte	0x1
 690 0296 0E       		.uleb128 0xe
 691 0297 54060000 		.4byte	.LASF50
 692 029b 02       		.byte	0x2
 693 029c 0E       		.uleb128 0xe
 694 029d F7050000 		.4byte	.LASF51
 695 02a1 03       		.byte	0x3
 696 02a2 00       		.byte	0
 697 02a3 0A       		.uleb128 0xa
 698 02a4 5C010000 		.4byte	.LASF52
 699 02a8 03       		.byte	0x3
 700 02a9 AC02     		.2byte	0x2ac
 701 02ab 7D020000 		.4byte	0x27d
 702 02af 0A       		.uleb128 0xa
 703 02b0 D9060000 		.4byte	.LASF53
 704 02b4 03       		.byte	0x3
 705 02b5 AF02     		.2byte	0x2af
 706 02b7 A3020000 		.4byte	0x2a3
ARM GAS  C:\Users\saman\AppData\Local\Temp\ccSSds03.s 			page 14


 707 02bb 0B       		.uleb128 0xb
 708 02bc 14       		.byte	0x14
 709 02bd 03       		.byte	0x3
 710 02be B202     		.2byte	0x2b2
 711 02c0 04030000 		.4byte	0x304
 712 02c4 0C       		.uleb128 0xc
 713 02c5 AF060000 		.4byte	.LASF54
 714 02c9 03       		.byte	0x3
 715 02ca B302     		.2byte	0x2b3
 716 02cc AF020000 		.4byte	0x2af
 717 02d0 00       		.byte	0
 718 02d1 0C       		.uleb128 0xc
 719 02d2 9C070000 		.4byte	.LASF55
 720 02d6 03       		.byte	0x3
 721 02d7 B402     		.2byte	0x2b4
 722 02d9 11010000 		.4byte	0x111
 723 02dd 04       		.byte	0x4
 724 02de 0C       		.uleb128 0xc
 725 02df B9050000 		.4byte	.LASF56
 726 02e3 03       		.byte	0x3
 727 02e4 B602     		.2byte	0x2b6
 728 02e6 1D010000 		.4byte	0x11d
 729 02ea 08       		.byte	0x8
 730 02eb 0F       		.uleb128 0xf
 731 02ec 6600     		.ascii	"f\000"
 732 02ee 03       		.byte	0x3
 733 02ef B802     		.2byte	0x2b8
 734 02f1 9F000000 		.4byte	0x9f
 735 02f5 0C       		.byte	0xc
 736 02f6 0C       		.uleb128 0xc
 737 02f7 CA040000 		.4byte	.LASF57
 738 02fb 03       		.byte	0x3
 739 02fc BA02     		.2byte	0x2ba
 740 02fe 4D010000 		.4byte	0x14d
 741 0302 10       		.byte	0x10
 742 0303 00       		.byte	0
 743 0304 0A       		.uleb128 0xa
 744 0305 45040000 		.4byte	.LASF58
 745 0309 03       		.byte	0x3
 746 030a BB02     		.2byte	0x2bb
 747 030c BB020000 		.4byte	0x2bb
 748 0310 0B       		.uleb128 0xb
 749 0311 04       		.byte	0x4
 750 0312 03       		.byte	0x3
 751 0313 BD02     		.2byte	0x2bd
 752 0315 27030000 		.4byte	0x327
 753 0319 0C       		.uleb128 0xc
 754 031a 95030000 		.4byte	.LASF59
 755 031e 03       		.byte	0x3
 756 031f BF02     		.2byte	0x2bf
 757 0321 41010000 		.4byte	0x141
 758 0325 00       		.byte	0
 759 0326 00       		.byte	0
 760 0327 0A       		.uleb128 0xa
 761 0328 4F020000 		.4byte	.LASF60
 762 032c 03       		.byte	0x3
 763 032d C402     		.2byte	0x2c4
ARM GAS  C:\Users\saman\AppData\Local\Temp\ccSSds03.s 			page 15


 764 032f 10030000 		.4byte	0x310
 765 0333 10       		.uleb128 0x10
 766 0334 95020000 		.4byte	.LASF62
 767 0338 08       		.byte	0x8
 768 0339 03       		.byte	0x3
 769 033a 0E04     		.2byte	0x40e
 770 033c 5A030000 		.4byte	0x35a
 771 0340 0F       		.uleb128 0xf
 772 0341 6E7400   		.ascii	"nt\000"
 773 0344 03       		.byte	0x3
 774 0345 0F04     		.2byte	0x40f
 775 0347 B5000000 		.4byte	0xb5
 776 034b 00       		.byte	0
 777 034c 0C       		.uleb128 0xc
 778 034d BB060000 		.4byte	.LASF63
 779 0351 03       		.byte	0x3
 780 0352 1004     		.2byte	0x410
 781 0354 6A030000 		.4byte	0x36a
 782 0358 04       		.byte	0x4
 783 0359 00       		.byte	0
 784 035a 11       		.uleb128 0x11
 785 035b 65030000 		.4byte	0x365
 786 035f 65030000 		.4byte	0x365
 787 0363 12       		.uleb128 0x12
 788 0364 00       		.byte	0
 789 0365 13       		.uleb128 0x13
 790 0366 E1000000 		.4byte	0xe1
 791 036a 06       		.uleb128 0x6
 792 036b 04       		.byte	0x4
 793 036c 5A030000 		.4byte	0x35a
 794 0370 11       		.uleb128 0x11
 795 0371 65030000 		.4byte	0x365
 796 0375 80030000 		.4byte	0x380
 797 0379 14       		.uleb128 0x14
 798 037a 80030000 		.4byte	0x380
 799 037e 00       		.byte	0
 800 037f 00       		.byte	0
 801 0380 02       		.uleb128 0x2
 802 0381 04       		.byte	0x4
 803 0382 07       		.byte	0x7
 804 0383 D3030000 		.4byte	.LASF64
 805 0387 15       		.uleb128 0x15
 806 0388 0B010000 		.4byte	.LASF116
 807 038c 05       		.byte	0x5
 808 038d 6507     		.2byte	0x765
 809 038f 99030000 		.4byte	0x399
 810 0393 05       		.uleb128 0x5
 811 0394 03       		.byte	0x3
 812 0395 08000000 		.4byte	EE_oo_autostart_task_mode_OSDEFAULTAPPMODE
 813 0399 13       		.uleb128 0x13
 814 039a 70030000 		.4byte	0x370
 815 039e 11       		.uleb128 0x11
 816 039f AE030000 		.4byte	0x3ae
 817 03a3 AE030000 		.4byte	0x3ae
 818 03a7 14       		.uleb128 0x14
 819 03a8 80030000 		.4byte	0x380
 820 03ac 04       		.byte	0x4
ARM GAS  C:\Users\saman\AppData\Local\Temp\ccSSds03.s 			page 16


 821 03ad 00       		.byte	0
 822 03ae 13       		.uleb128 0x13
 823 03af AA000000 		.4byte	0xaa
 824 03b3 16       		.uleb128 0x16
 825 03b4 8D060000 		.4byte	.LASF65
 826 03b8 05       		.byte	0x5
 827 03b9 D2       		.byte	0xd2
 828 03ba C4030000 		.4byte	0x3c4
 829 03be 05       		.uleb128 0x5
 830 03bf 03       		.byte	0x3
 831 03c0 00000000 		.4byte	EE_hal_thread_body
 832 03c4 13       		.uleb128 0x13
 833 03c5 9E030000 		.4byte	0x39e
 834 03c9 11       		.uleb128 0x11
 835 03ca D9030000 		.4byte	0x3d9
 836 03ce D9030000 		.4byte	0x3d9
 837 03d2 14       		.uleb128 0x14
 838 03d3 80030000 		.4byte	0x380
 839 03d7 05       		.byte	0x5
 840 03d8 00       		.byte	0
 841 03d9 13       		.uleb128 0x13
 842 03da B5000000 		.4byte	0xb5
 843 03de 16       		.uleb128 0x16
 844 03df E5050000 		.4byte	.LASF66
 845 03e3 05       		.byte	0x5
 846 03e4 71       		.byte	0x71
 847 03e5 EF030000 		.4byte	0x3ef
 848 03e9 05       		.uleb128 0x5
 849 03ea 03       		.byte	0x3
 850 03eb 00000000 		.4byte	EE_std_thread_tos
 851 03ef 13       		.uleb128 0x13
 852 03f0 C9030000 		.4byte	0x3c9
 853 03f4 11       		.uleb128 0x11
 854 03f5 80000000 		.4byte	0x80
 855 03f9 04040000 		.4byte	0x404
 856 03fd 14       		.uleb128 0x14
 857 03fe 80030000 		.4byte	0x380
 858 0402 04       		.byte	0x4
 859 0403 00       		.byte	0
 860 0404 16       		.uleb128 0x16
 861 0405 3D070000 		.4byte	.LASF67
 862 0409 05       		.byte	0x5
 863 040a ED       		.byte	0xed
 864 040b F4030000 		.4byte	0x3f4
 865 040f 05       		.uleb128 0x5
 866 0410 03       		.byte	0x3
 867 0411 00000000 		.4byte	EE_terminate_data
 868 0415 16       		.uleb128 0x16
 869 0416 B0040000 		.4byte	.LASF68
 870 041a 05       		.byte	0x5
 871 041b F0       		.byte	0xf0
 872 041c 26040000 		.4byte	0x426
 873 0420 05       		.uleb128 0x5
 874 0421 03       		.byte	0x3
 875 0422 00000000 		.4byte	EE_terminate_real_th_body
 876 0426 13       		.uleb128 0x13
 877 0427 9E030000 		.4byte	0x39e
ARM GAS  C:\Users\saman\AppData\Local\Temp\ccSSds03.s 			page 17


 878 042b 11       		.uleb128 0x11
 879 042c EC000000 		.4byte	0xec
 880 0430 3B040000 		.4byte	0x43b
 881 0434 14       		.uleb128 0x14
 882 0435 80030000 		.4byte	0x380
 883 0439 02       		.byte	0x2
 884 043a 00       		.byte	0
 885 043b 16       		.uleb128 0x16
 886 043c 76040000 		.4byte	.LASF69
 887 0440 05       		.byte	0x5
 888 0441 8D       		.byte	0x8d
 889 0442 2B040000 		.4byte	0x42b
 890 0446 05       		.uleb128 0x5
 891 0447 03       		.byte	0x3
 892 0448 00000000 		.4byte	EE_cortex_mx_system_tos
 893 044c 16       		.uleb128 0x16
 894 044d 9C010000 		.4byte	.LASF70
 895 0451 05       		.byte	0x5
 896 0452 A9       		.byte	0xa9
 897 0453 B5000000 		.4byte	0xb5
 898 0457 05       		.uleb128 0x5
 899 0458 03       		.byte	0x3
 900 0459 00000000 		.4byte	EE_cortex_mx_active_tos
 901 045d 11       		.uleb128 0x11
 902 045e D9030000 		.4byte	0x3d9
 903 0462 6D040000 		.4byte	0x46d
 904 0466 14       		.uleb128 0x14
 905 0467 80030000 		.4byte	0x380
 906 046b 04       		.byte	0x4
 907 046c 00       		.byte	0
 908 046d 17       		.uleb128 0x17
 909 046e 44060000 		.4byte	.LASF71
 910 0472 05       		.byte	0x5
 911 0473 E202     		.2byte	0x2e2
 912 0475 7F040000 		.4byte	0x47f
 913 0479 05       		.uleb128 0x5
 914 047a 03       		.byte	0x3
 915 047b 00000000 		.4byte	EE_th_rnact_max
 916 047f 13       		.uleb128 0x13
 917 0480 5D040000 		.4byte	0x45d
 918 0484 17       		.uleb128 0x17
 919 0485 E8060000 		.4byte	.LASF72
 920 0489 05       		.byte	0x5
 921 048a 0C01     		.2byte	0x10c
 922 048c 96040000 		.4byte	0x496
 923 0490 05       		.uleb128 0x5
 924 0491 03       		.byte	0x3
 925 0492 00000000 		.4byte	EE_th_ready_prio
 926 0496 13       		.uleb128 0x13
 927 0497 5D040000 		.4byte	0x45d
 928 049b 17       		.uleb128 0x17
 929 049c 21030000 		.4byte	.LASF73
 930 04a0 05       		.byte	0x5
 931 04a1 4502     		.2byte	0x245
 932 04a3 AD040000 		.4byte	0x4ad
 933 04a7 05       		.uleb128 0x5
 934 04a8 03       		.byte	0x3
ARM GAS  C:\Users\saman\AppData\Local\Temp\ccSSds03.s 			page 18


 935 04a9 00000000 		.4byte	EE_th_dispatch_prio
 936 04ad 13       		.uleb128 0x13
 937 04ae 5D040000 		.4byte	0x45d
 938 04b2 11       		.uleb128 0x11
 939 04b3 C2040000 		.4byte	0x4c2
 940 04b7 C2040000 		.4byte	0x4c2
 941 04bb 14       		.uleb128 0x14
 942 04bc 80030000 		.4byte	0x380
 943 04c0 04       		.byte	0x4
 944 04c1 00       		.byte	0
 945 04c2 06       		.uleb128 0x6
 946 04c3 04       		.byte	0x4
 947 04c4 CF040000 		.4byte	0x4cf
 948 04c8 02       		.uleb128 0x2
 949 04c9 01       		.byte	0x1
 950 04ca 08       		.byte	0x8
 951 04cb 30060000 		.4byte	.LASF74
 952 04cf 13       		.uleb128 0x13
 953 04d0 C8040000 		.4byte	0x4c8
 954 04d4 17       		.uleb128 0x17
 955 04d5 07050000 		.4byte	.LASF75
 956 04d9 05       		.byte	0x5
 957 04da 2801     		.2byte	0x128
 958 04dc B2040000 		.4byte	0x4b2
 959 04e0 05       		.uleb128 0x5
 960 04e1 03       		.byte	0x3
 961 04e2 00000000 		.4byte	EE_TASK_NAME
 962 04e6 11       		.uleb128 0x11
 963 04e7 C2040000 		.4byte	0x4c2
 964 04eb F6040000 		.4byte	0x4f6
 965 04ef 14       		.uleb128 0x14
 966 04f0 80030000 		.4byte	0x380
 967 04f4 02       		.byte	0x2
 968 04f5 00       		.byte	0
 969 04f6 17       		.uleb128 0x17
 970 04f7 81010000 		.4byte	.LASF76
 971 04fb 05       		.byte	0x5
 972 04fc 8101     		.2byte	0x181
 973 04fe E6040000 		.4byte	0x4e6
 974 0502 05       		.uleb128 0x5
 975 0503 03       		.byte	0x3
 976 0504 00000000 		.4byte	EE_EVENT_NAME
 977 0508 11       		.uleb128 0x11
 978 0509 C2040000 		.4byte	0x4c2
 979 050d 18050000 		.4byte	0x518
 980 0511 14       		.uleb128 0x14
 981 0512 80030000 		.4byte	0x380
 982 0516 01       		.byte	0x1
 983 0517 00       		.byte	0
 984 0518 17       		.uleb128 0x17
 985 0519 64020000 		.4byte	.LASF77
 986 051d 05       		.byte	0x5
 987 051e 3D06     		.2byte	0x63d
 988 0520 08050000 		.4byte	0x508
 989 0524 05       		.uleb128 0x5
 990 0525 03       		.byte	0x3
 991 0526 00000000 		.4byte	EE_ALARM_NAME
ARM GAS  C:\Users\saman\AppData\Local\Temp\ccSSds03.s 			page 19


 992 052a 11       		.uleb128 0x11
 993 052b 3A050000 		.4byte	0x53a
 994 052f 3A050000 		.4byte	0x53a
 995 0533 14       		.uleb128 0x14
 996 0534 80030000 		.4byte	0x380
 997 0538 02       		.byte	0x2
 998 0539 00       		.byte	0
 999 053a 13       		.uleb128 0x13
 1000 053b 40000000 		.4byte	0x40
 1001 053f 17       		.uleb128 0x17
 1002 0540 CB010000 		.4byte	.LASF78
 1003 0544 05       		.byte	0x5
 1004 0545 E201     		.2byte	0x1e2
 1005 0547 51050000 		.4byte	0x551
 1006 054b 05       		.uleb128 0x5
 1007 054c 03       		.byte	0x3
 1008 054d 00000000 		.4byte	EE_EVENT_ID
 1009 0551 13       		.uleb128 0x13
 1010 0552 2A050000 		.4byte	0x52a
 1011 0556 11       		.uleb128 0x11
 1012 0557 3A050000 		.4byte	0x53a
 1013 055b 66050000 		.4byte	0x566
 1014 055f 14       		.uleb128 0x14
 1015 0560 80030000 		.4byte	0x380
 1016 0564 01       		.byte	0x1
 1017 0565 00       		.byte	0
 1018 0566 17       		.uleb128 0x17
 1019 0567 36010000 		.4byte	.LASF79
 1020 056b 05       		.byte	0x5
 1021 056c 5906     		.2byte	0x659
 1022 056e 78050000 		.4byte	0x578
 1023 0572 05       		.uleb128 0x5
 1024 0573 03       		.byte	0x3
 1025 0574 00000000 		.4byte	EE_ALARM_ID
 1026 0578 13       		.uleb128 0x13
 1027 0579 56050000 		.4byte	0x556
 1028 057d 11       		.uleb128 0x11
 1029 057e B5000000 		.4byte	0xb5
 1030 0582 8D050000 		.4byte	0x58d
 1031 0586 14       		.uleb128 0x14
 1032 0587 80030000 		.4byte	0x380
 1033 058b 04       		.byte	0x4
 1034 058c 00       		.byte	0
 1035 058d 17       		.uleb128 0x17
 1036 058e FE020000 		.4byte	.LASF80
 1037 0592 05       		.byte	0x5
 1038 0593 8102     		.2byte	0x281
 1039 0595 7D050000 		.4byte	0x57d
 1040 0599 05       		.uleb128 0x5
 1041 059a 03       		.byte	0x3
 1042 059b 00000000 		.4byte	EE_th_status
 1043 059f 11       		.uleb128 0x11
 1044 05a0 E1000000 		.4byte	0xe1
 1045 05a4 AF050000 		.4byte	0x5af
 1046 05a8 14       		.uleb128 0x14
 1047 05a9 80030000 		.4byte	0x380
 1048 05ad 04       		.byte	0x4
ARM GAS  C:\Users\saman\AppData\Local\Temp\ccSSds03.s 			page 20


 1049 05ae 00       		.byte	0
 1050 05af 17       		.uleb128 0x17
 1051 05b0 A5040000 		.4byte	.LASF81
 1052 05b4 05       		.byte	0x5
 1053 05b5 9D02     		.2byte	0x29d
 1054 05b7 9F050000 		.4byte	0x59f
 1055 05bb 05       		.uleb128 0x5
 1056 05bc 03       		.byte	0x3
 1057 05bd 00000000 		.4byte	EE_th_next
 1058 05c1 17       		.uleb128 0x17
 1059 05c2 F9060000 		.4byte	.LASF82
 1060 05c6 05       		.byte	0x5
 1061 05c7 C702     		.2byte	0x2c7
 1062 05c9 7D050000 		.4byte	0x57d
 1063 05cd 05       		.uleb128 0x5
 1064 05ce 03       		.byte	0x3
 1065 05cf 00000000 		.4byte	EE_th_rnact
 1066 05d3 17       		.uleb128 0x17
 1067 05d4 05000000 		.4byte	.LASF83
 1068 05d8 05       		.byte	0x5
 1069 05d9 7703     		.2byte	0x377
 1070 05db 9F050000 		.4byte	0x59f
 1071 05df 05       		.uleb128 0x5
 1072 05e0 03       		.byte	0x3
 1073 05e1 00000000 		.4byte	EE_th_terminate_nextask
 1074 05e5 17       		.uleb128 0x17
 1075 05e6 26000000 		.4byte	.LASF84
 1076 05ea 05       		.byte	0x5
 1077 05eb B902     		.2byte	0x2b9
 1078 05ed E1000000 		.4byte	0xe1
 1079 05f1 05       		.uleb128 0x5
 1080 05f2 03       		.byte	0x3
 1081 05f3 00000000 		.4byte	EE_stkfirst
 1082 05f7 17       		.uleb128 0x17
 1083 05f8 A0060000 		.4byte	.LASF85
 1084 05fc 05       		.byte	0x5
 1085 05fd BC02     		.2byte	0x2bc
 1086 05ff B5000000 		.4byte	0xb5
 1087 0603 05       		.uleb128 0x5
 1088 0604 03       		.byte	0x3
 1089 0605 00000000 		.4byte	EE_sys_ceiling
 1090 0609 17       		.uleb128 0x17
 1091 060a F3030000 		.4byte	.LASF86
 1092 060e 05       		.byte	0x5
 1093 060f FD02     		.2byte	0x2fd
 1094 0611 7D050000 		.4byte	0x57d
 1095 0615 05       		.uleb128 0x5
 1096 0616 03       		.byte	0x3
 1097 0617 00000000 		.4byte	EE_rq_link
 1098 061b 11       		.uleb128 0x11
 1099 061c C0000000 		.4byte	0xc0
 1100 0620 2B060000 		.4byte	0x62b
 1101 0624 14       		.uleb128 0x14
 1102 0625 80030000 		.4byte	0x380
 1103 0629 0F       		.byte	0xf
 1104 062a 00       		.byte	0
 1105 062b 17       		.uleb128 0x17
ARM GAS  C:\Users\saman\AppData\Local\Temp\ccSSds03.s 			page 21


 1106 062c E0010000 		.4byte	.LASF87
 1107 0630 05       		.byte	0x5
 1108 0631 BF02     		.2byte	0x2bf
 1109 0633 1B060000 		.4byte	0x61b
 1110 0637 05       		.uleb128 0x5
 1111 0638 03       		.byte	0x3
 1112 0639 00000000 		.4byte	EE_rq_queues_head
 1113 063d 17       		.uleb128 0x17
 1114 063e D3050000 		.4byte	.LASF88
 1115 0642 05       		.byte	0x5
 1116 0643 C102     		.2byte	0x2c1
 1117 0645 1B060000 		.4byte	0x61b
 1118 0649 05       		.uleb128 0x5
 1119 064a 03       		.byte	0x3
 1120 064b 00000000 		.4byte	EE_rq_queues_tail
 1121 064f 11       		.uleb128 0x11
 1122 0650 C0000000 		.4byte	0xc0
 1123 0654 5F060000 		.4byte	0x65f
 1124 0658 14       		.uleb128 0x14
 1125 0659 80030000 		.4byte	0x380
 1126 065d 04       		.byte	0x4
 1127 065e 00       		.byte	0
 1128 065f 17       		.uleb128 0x17
 1129 0660 DA000000 		.4byte	.LASF89
 1130 0664 05       		.byte	0x5
 1131 0665 1B03     		.2byte	0x31b
 1132 0667 4F060000 		.4byte	0x64f
 1133 066b 05       		.uleb128 0x5
 1134 066c 03       		.byte	0x3
 1135 066d 00000000 		.4byte	EE_rq_pairs_next
 1136 0671 17       		.uleb128 0x17
 1137 0672 05070000 		.4byte	.LASF90
 1138 0676 05       		.byte	0x5
 1139 0677 7003     		.2byte	0x370
 1140 0679 9F050000 		.4byte	0x59f
 1141 067d 05       		.uleb128 0x5
 1142 067e 03       		.byte	0x3
 1143 067f 00000000 		.4byte	EE_rq_pairs_tid
 1144 0683 17       		.uleb128 0x17
 1145 0684 0A060000 		.4byte	.LASF91
 1146 0688 05       		.byte	0x5
 1147 0689 C402     		.2byte	0x2c4
 1148 068b 05010000 		.4byte	0x105
 1149 068f 05       		.uleb128 0x5
 1150 0690 03       		.byte	0x3
 1151 0691 00000000 		.4byte	EE_rq_bitmask
 1152 0695 17       		.uleb128 0x17
 1153 0696 E8030000 		.4byte	.LASF92
 1154 069a 05       		.byte	0x5
 1155 069b 7303     		.2byte	0x373
 1156 069d C0000000 		.4byte	0xc0
 1157 06a1 05       		.uleb128 0x5
 1158 06a2 03       		.byte	0x3
 1159 06a3 00000000 		.4byte	EE_rq_free
 1160 06a7 17       		.uleb128 0x17
 1161 06a8 78070000 		.4byte	.LASF93
 1162 06ac 05       		.byte	0x5
ARM GAS  C:\Users\saman\AppData\Local\Temp\ccSSds03.s 			page 22


 1163 06ad 9A03     		.2byte	0x39a
 1164 06af 7D050000 		.4byte	0x57d
 1165 06b3 05       		.uleb128 0x5
 1166 06b4 03       		.byte	0x3
 1167 06b5 00000000 		.4byte	EE_th_event_active
 1168 06b9 17       		.uleb128 0x17
 1169 06ba DD040000 		.4byte	.LASF94
 1170 06be 05       		.byte	0x5
 1171 06bf B603     		.2byte	0x3b6
 1172 06c1 7D050000 		.4byte	0x57d
 1173 06c5 05       		.uleb128 0x5
 1174 06c6 03       		.byte	0x3
 1175 06c7 00000000 		.4byte	EE_th_event_waitmask
 1176 06cb 11       		.uleb128 0x11
 1177 06cc D6000000 		.4byte	0xd6
 1178 06d0 DB060000 		.4byte	0x6db
 1179 06d4 14       		.uleb128 0x14
 1180 06d5 80030000 		.4byte	0x380
 1181 06d9 04       		.byte	0x4
 1182 06da 00       		.byte	0
 1183 06db 17       		.uleb128 0x17
 1184 06dc 84020000 		.4byte	.LASF95
 1185 06e0 05       		.byte	0x5
 1186 06e1 D203     		.2byte	0x3d2
 1187 06e3 CB060000 		.4byte	0x6cb
 1188 06e7 05       		.uleb128 0x5
 1189 06e8 03       		.byte	0x3
 1190 06e9 00000000 		.4byte	EE_th_waswaiting
 1191 06ed 17       		.uleb128 0x17
 1192 06ee B0070000 		.4byte	.LASF96
 1193 06f2 05       		.byte	0x5
 1194 06f3 EE03     		.2byte	0x3ee
 1195 06f5 FF060000 		.4byte	0x6ff
 1196 06f9 05       		.uleb128 0x5
 1197 06fa 03       		.byte	0x3
 1198 06fb 00000000 		.4byte	EE_th_is_extended
 1199 06ff 13       		.uleb128 0x13
 1200 0700 5D040000 		.4byte	0x45d
 1201 0704 11       		.uleb128 0x11
 1202 0705 14070000 		.4byte	0x714
 1203 0709 14070000 		.4byte	0x714
 1204 070d 14       		.uleb128 0x14
 1205 070e 80030000 		.4byte	0x380
 1206 0712 00       		.byte	0
 1207 0713 00       		.byte	0
 1208 0714 13       		.uleb128 0x13
 1209 0715 8A010000 		.4byte	0x18a
 1210 0719 17       		.uleb128 0x17
 1211 071a 36040000 		.4byte	.LASF97
 1212 071e 05       		.byte	0x5
 1213 071f FF05     		.2byte	0x5ff
 1214 0721 2B070000 		.4byte	0x72b
 1215 0725 05       		.uleb128 0x5
 1216 0726 03       		.byte	0x3
 1217 0727 00000000 		.4byte	EE_counter_ROM
 1218 072b 13       		.uleb128 0x13
 1219 072c 04070000 		.4byte	0x704
ARM GAS  C:\Users\saman\AppData\Local\Temp\ccSSds03.s 			page 23


 1220 0730 11       		.uleb128 0x11
 1221 0731 40070000 		.4byte	0x740
 1222 0735 40070000 		.4byte	0x740
 1223 0739 14       		.uleb128 0x14
 1224 073a 80030000 		.4byte	0x380
 1225 073e 01       		.byte	0x1
 1226 073f 00       		.byte	0
 1227 0740 13       		.uleb128 0x13
 1228 0741 27020000 		.4byte	0x227
 1229 0745 17       		.uleb128 0x17
 1230 0746 7C030000 		.4byte	.LASF98
 1231 074a 05       		.byte	0x5
 1232 074b 9606     		.2byte	0x696
 1233 074d 57070000 		.4byte	0x757
 1234 0751 05       		.uleb128 0x5
 1235 0752 03       		.byte	0x3
 1236 0753 00000000 		.4byte	EE_oo_counter_object_ROM
 1237 0757 13       		.uleb128 0x13
 1238 0758 30070000 		.4byte	0x730
 1239 075c 11       		.uleb128 0x11
 1240 075d 6C070000 		.4byte	0x76c
 1241 0761 6C070000 		.4byte	0x76c
 1242 0765 14       		.uleb128 0x14
 1243 0766 80030000 		.4byte	0x380
 1244 076a 01       		.byte	0x1
 1245 076b 00       		.byte	0
 1246 076c 13       		.uleb128 0x13
 1247 076d 04030000 		.4byte	0x304
 1248 0771 17       		.uleb128 0x17
 1249 0772 B2030000 		.4byte	.LASF99
 1250 0776 05       		.byte	0x5
 1251 0777 BA06     		.2byte	0x6ba
 1252 0779 83070000 		.4byte	0x783
 1253 077d 05       		.uleb128 0x5
 1254 077e 03       		.byte	0x3
 1255 077f 00000000 		.4byte	EE_oo_action_ROM
 1256 0783 13       		.uleb128 0x13
 1257 0784 5C070000 		.4byte	0x75c
 1258 0788 11       		.uleb128 0x11
 1259 0789 98070000 		.4byte	0x798
 1260 078d 98070000 		.4byte	0x798
 1261 0791 14       		.uleb128 0x14
 1262 0792 80030000 		.4byte	0x380
 1263 0796 01       		.byte	0x1
 1264 0797 00       		.byte	0
 1265 0798 13       		.uleb128 0x13
 1266 0799 27030000 		.4byte	0x327
 1267 079d 17       		.uleb128 0x17
 1268 079e 8F010000 		.4byte	.LASF100
 1269 07a2 05       		.byte	0x5
 1270 07a3 2006     		.2byte	0x620
 1271 07a5 AF070000 		.4byte	0x7af
 1272 07a9 05       		.uleb128 0x5
 1273 07aa 03       		.byte	0x3
 1274 07ab 00000000 		.4byte	EE_alarm_ROM
 1275 07af 13       		.uleb128 0x13
 1276 07b0 88070000 		.4byte	0x788
ARM GAS  C:\Users\saman\AppData\Local\Temp\ccSSds03.s 			page 24


 1277 07b4 11       		.uleb128 0x11
 1278 07b5 BA010000 		.4byte	0x1ba
 1279 07b9 C4070000 		.4byte	0x7c4
 1280 07bd 14       		.uleb128 0x14
 1281 07be 80030000 		.4byte	0x380
 1282 07c2 00       		.byte	0
 1283 07c3 00       		.byte	0
 1284 07c4 17       		.uleb128 0x17
 1285 07c5 66060000 		.4byte	.LASF101
 1286 07c9 05       		.byte	0x5
 1287 07ca 0C06     		.2byte	0x60c
 1288 07cc B4070000 		.4byte	0x7b4
 1289 07d0 05       		.uleb128 0x5
 1290 07d1 03       		.byte	0x3
 1291 07d2 00000000 		.4byte	EE_counter_RAM
 1292 07d6 11       		.uleb128 0x11
 1293 07d7 71020000 		.4byte	0x271
 1294 07db E6070000 		.4byte	0x7e6
 1295 07df 14       		.uleb128 0x14
 1296 07e0 80030000 		.4byte	0x380
 1297 07e4 01       		.byte	0x1
 1298 07e5 00       		.byte	0
 1299 07e6 17       		.uleb128 0x17
 1300 07e7 C0060000 		.4byte	.LASF102
 1301 07eb 05       		.byte	0x5
 1302 07ec B106     		.2byte	0x6b1
 1303 07ee D6070000 		.4byte	0x7d6
 1304 07f2 05       		.uleb128 0x5
 1305 07f3 03       		.byte	0x3
 1306 07f4 00000000 		.4byte	EE_oo_counter_object_RAM
 1307 07f8 11       		.uleb128 0x11
 1308 07f9 08080000 		.4byte	0x808
 1309 07fd 08080000 		.4byte	0x808
 1310 0801 14       		.uleb128 0x14
 1311 0802 80030000 		.4byte	0x380
 1312 0806 00       		.byte	0
 1313 0807 00       		.byte	0
 1314 0808 13       		.uleb128 0x13
 1315 0809 33030000 		.4byte	0x333
 1316 080d 17       		.uleb128 0x17
 1317 080e CA070000 		.4byte	.LASF103
 1318 0812 05       		.byte	0x5
 1319 0813 9607     		.2byte	0x796
 1320 0815 1F080000 		.4byte	0x81f
 1321 0819 05       		.uleb128 0x5
 1322 081a 03       		.byte	0x3
 1323 081b 00000000 		.4byte	EE_oo_autostart_task_data
 1324 081f 13       		.uleb128 0x13
 1325 0820 F8070000 		.4byte	0x7f8
 1326 0824 18       		.uleb128 0x18
 1327 0825 C7020000 		.4byte	.LASF104
 1328 0829 06       		.byte	0x6
 1329 082a 40       		.byte	0x40
 1330 082b B5000000 		.4byte	0xb5
 1331 082f 18       		.uleb128 0x18
 1332 0830 F2010000 		.4byte	.LASF105
 1333 0834 06       		.byte	0x6
ARM GAS  C:\Users\saman\AppData\Local\Temp\ccSSds03.s 			page 25


 1334 0835 47       		.byte	0x47
 1335 0836 CB000000 		.4byte	0xcb
 1336 083a 17       		.uleb128 0x17
 1337 083b 9F030000 		.4byte	.LASF106
 1338 083f 05       		.byte	0x5
 1339 0840 5C07     		.2byte	0x75c
 1340 0842 B5000000 		.4byte	0xb5
 1341 0846 05       		.uleb128 0x5
 1342 0847 03       		.byte	0x3
 1343 0848 00000000 		.4byte	EE_ApplicationMode
 1344 084c 18       		.uleb128 0x18
 1345 084d 0B020000 		.4byte	.LASF107
 1346 0851 07       		.byte	0x7
 1347 0852 48       		.byte	0x48
 1348 0853 E1000000 		.4byte	0xe1
 1349 0857 18       		.uleb128 0x18
 1350 0858 15070000 		.4byte	.LASF108
 1351 085c 08       		.byte	0x8
 1352 085d 44       		.byte	0x44
 1353 085e B5000000 		.4byte	0xb5
 1354 0862 16       		.uleb128 0x16
 1355 0863 49000000 		.4byte	.LASF109
 1356 0867 05       		.byte	0x5
 1357 0868 AD       		.byte	0xad
 1358 0869 EC000000 		.4byte	0xec
 1359 086d 05       		.uleb128 0x5
 1360 086e 03       		.byte	0x3
 1361 086f 00000000 		.4byte	EE_cortex_mx_IRQ_tos
 1362 0873 11       		.uleb128 0x11
 1363 0874 55000000 		.4byte	0x55
 1364 0878 84080000 		.4byte	0x884
 1365 087c 19       		.uleb128 0x19
 1366 087d 80030000 		.4byte	0x380
 1367 0881 E104     		.2byte	0x4e1
 1368 0883 00       		.byte	0
 1369 0884 16       		.uleb128 0x16
 1370 0885 F2040000 		.4byte	.LASF110
 1371 0889 05       		.byte	0x5
 1372 088a 19       		.byte	0x19
 1373 088b 73080000 		.4byte	0x873
 1374 088f 05       		.uleb128 0x5
 1375 0890 03       		.byte	0x3
 1376 0891 00000000 		.4byte	EE_cortex_mx_stack_3
 1377 0895 16       		.uleb128 0x16
 1378 0896 35030000 		.4byte	.LASF111
 1379 089a 05       		.byte	0x5
 1380 089b 1D       		.byte	0x1d
 1381 089c 73080000 		.4byte	0x873
 1382 08a0 05       		.uleb128 0x5
 1383 08a1 03       		.byte	0x3
 1384 08a2 00000000 		.4byte	EE_cortex_mx_stack_4
 1385 08a6 11       		.uleb128 0x11
 1386 08a7 55000000 		.4byte	0x55
 1387 08ab B6080000 		.4byte	0x8b6
 1388 08af 14       		.uleb128 0x14
 1389 08b0 80030000 		.4byte	0x380
 1390 08b4 7F       		.byte	0x7f
ARM GAS  C:\Users\saman\AppData\Local\Temp\ccSSds03.s 			page 26


 1391 08b5 00       		.byte	0
 1392 08b6 16       		.uleb128 0x16
 1393 08b7 4A030000 		.4byte	.LASF112
 1394 08bb 05       		.byte	0x5
 1395 08bc 32       		.byte	0x32
 1396 08bd A6080000 		.4byte	0x8a6
 1397 08c1 05       		.uleb128 0x5
 1398 08c2 03       		.byte	0x3
 1399 08c3 00000000 		.4byte	EE_cortex_mx_stack_9
 1400 08c7 00       		.byte	0
 1401              		.section	.debug_abbrev,"",%progbits
 1402              	.Ldebug_abbrev0:
 1403 0000 01       		.uleb128 0x1
 1404 0001 11       		.uleb128 0x11
 1405 0002 01       		.byte	0x1
 1406 0003 25       		.uleb128 0x25
 1407 0004 0E       		.uleb128 0xe
 1408 0005 13       		.uleb128 0x13
 1409 0006 0B       		.uleb128 0xb
 1410 0007 03       		.uleb128 0x3
 1411 0008 0E       		.uleb128 0xe
 1412 0009 1B       		.uleb128 0x1b
 1413 000a 0E       		.uleb128 0xe
 1414 000b 10       		.uleb128 0x10
 1415 000c 17       		.uleb128 0x17
 1416 000d 00       		.byte	0
 1417 000e 00       		.byte	0
 1418 000f 02       		.uleb128 0x2
 1419 0010 24       		.uleb128 0x24
 1420 0011 00       		.byte	0
 1421 0012 0B       		.uleb128 0xb
 1422 0013 0B       		.uleb128 0xb
 1423 0014 3E       		.uleb128 0x3e
 1424 0015 0B       		.uleb128 0xb
 1425 0016 03       		.uleb128 0x3
 1426 0017 0E       		.uleb128 0xe
 1427 0018 00       		.byte	0
 1428 0019 00       		.byte	0
 1429 001a 03       		.uleb128 0x3
 1430 001b 24       		.uleb128 0x24
 1431 001c 00       		.byte	0
 1432 001d 0B       		.uleb128 0xb
 1433 001e 0B       		.uleb128 0xb
 1434 001f 3E       		.uleb128 0x3e
 1435 0020 0B       		.uleb128 0xb
 1436 0021 03       		.uleb128 0x3
 1437 0022 08       		.uleb128 0x8
 1438 0023 00       		.byte	0
 1439 0024 00       		.byte	0
 1440 0025 04       		.uleb128 0x4
 1441 0026 16       		.uleb128 0x16
 1442 0027 00       		.byte	0
 1443 0028 03       		.uleb128 0x3
 1444 0029 0E       		.uleb128 0xe
 1445 002a 3A       		.uleb128 0x3a
 1446 002b 0B       		.uleb128 0xb
 1447 002c 3B       		.uleb128 0x3b
ARM GAS  C:\Users\saman\AppData\Local\Temp\ccSSds03.s 			page 27


 1448 002d 0B       		.uleb128 0xb
 1449 002e 49       		.uleb128 0x49
 1450 002f 13       		.uleb128 0x13
 1451 0030 00       		.byte	0
 1452 0031 00       		.byte	0
 1453 0032 05       		.uleb128 0x5
 1454 0033 0F       		.uleb128 0xf
 1455 0034 00       		.byte	0
 1456 0035 0B       		.uleb128 0xb
 1457 0036 0B       		.uleb128 0xb
 1458 0037 00       		.byte	0
 1459 0038 00       		.byte	0
 1460 0039 06       		.uleb128 0x6
 1461 003a 0F       		.uleb128 0xf
 1462 003b 00       		.byte	0
 1463 003c 0B       		.uleb128 0xb
 1464 003d 0B       		.uleb128 0xb
 1465 003e 49       		.uleb128 0x49
 1466 003f 13       		.uleb128 0x13
 1467 0040 00       		.byte	0
 1468 0041 00       		.byte	0
 1469 0042 07       		.uleb128 0x7
 1470 0043 15       		.uleb128 0x15
 1471 0044 00       		.byte	0
 1472 0045 27       		.uleb128 0x27
 1473 0046 19       		.uleb128 0x19
 1474 0047 00       		.byte	0
 1475 0048 00       		.byte	0
 1476 0049 08       		.uleb128 0x8
 1477 004a 13       		.uleb128 0x13
 1478 004b 01       		.byte	0x1
 1479 004c 03       		.uleb128 0x3
 1480 004d 0E       		.uleb128 0xe
 1481 004e 0B       		.uleb128 0xb
 1482 004f 0B       		.uleb128 0xb
 1483 0050 3A       		.uleb128 0x3a
 1484 0051 0B       		.uleb128 0xb
 1485 0052 3B       		.uleb128 0x3b
 1486 0053 0B       		.uleb128 0xb
 1487 0054 01       		.uleb128 0x1
 1488 0055 13       		.uleb128 0x13
 1489 0056 00       		.byte	0
 1490 0057 00       		.byte	0
 1491 0058 09       		.uleb128 0x9
 1492 0059 0D       		.uleb128 0xd
 1493 005a 00       		.byte	0
 1494 005b 03       		.uleb128 0x3
 1495 005c 0E       		.uleb128 0xe
 1496 005d 3A       		.uleb128 0x3a
 1497 005e 0B       		.uleb128 0xb
 1498 005f 3B       		.uleb128 0x3b
 1499 0060 0B       		.uleb128 0xb
 1500 0061 49       		.uleb128 0x49
 1501 0062 13       		.uleb128 0x13
 1502 0063 38       		.uleb128 0x38
 1503 0064 0B       		.uleb128 0xb
 1504 0065 00       		.byte	0
ARM GAS  C:\Users\saman\AppData\Local\Temp\ccSSds03.s 			page 28


 1505 0066 00       		.byte	0
 1506 0067 0A       		.uleb128 0xa
 1507 0068 16       		.uleb128 0x16
 1508 0069 00       		.byte	0
 1509 006a 03       		.uleb128 0x3
 1510 006b 0E       		.uleb128 0xe
 1511 006c 3A       		.uleb128 0x3a
 1512 006d 0B       		.uleb128 0xb
 1513 006e 3B       		.uleb128 0x3b
 1514 006f 05       		.uleb128 0x5
 1515 0070 49       		.uleb128 0x49
 1516 0071 13       		.uleb128 0x13
 1517 0072 00       		.byte	0
 1518 0073 00       		.byte	0
 1519 0074 0B       		.uleb128 0xb
 1520 0075 13       		.uleb128 0x13
 1521 0076 01       		.byte	0x1
 1522 0077 0B       		.uleb128 0xb
 1523 0078 0B       		.uleb128 0xb
 1524 0079 3A       		.uleb128 0x3a
 1525 007a 0B       		.uleb128 0xb
 1526 007b 3B       		.uleb128 0x3b
 1527 007c 05       		.uleb128 0x5
 1528 007d 01       		.uleb128 0x1
 1529 007e 13       		.uleb128 0x13
 1530 007f 00       		.byte	0
 1531 0080 00       		.byte	0
 1532 0081 0C       		.uleb128 0xc
 1533 0082 0D       		.uleb128 0xd
 1534 0083 00       		.byte	0
 1535 0084 03       		.uleb128 0x3
 1536 0085 0E       		.uleb128 0xe
 1537 0086 3A       		.uleb128 0x3a
 1538 0087 0B       		.uleb128 0xb
 1539 0088 3B       		.uleb128 0x3b
 1540 0089 05       		.uleb128 0x5
 1541 008a 49       		.uleb128 0x49
 1542 008b 13       		.uleb128 0x13
 1543 008c 38       		.uleb128 0x38
 1544 008d 0B       		.uleb128 0xb
 1545 008e 00       		.byte	0
 1546 008f 00       		.byte	0
 1547 0090 0D       		.uleb128 0xd
 1548 0091 04       		.uleb128 0x4
 1549 0092 01       		.byte	0x1
 1550 0093 0B       		.uleb128 0xb
 1551 0094 0B       		.uleb128 0xb
 1552 0095 49       		.uleb128 0x49
 1553 0096 13       		.uleb128 0x13
 1554 0097 3A       		.uleb128 0x3a
 1555 0098 0B       		.uleb128 0xb
 1556 0099 3B       		.uleb128 0x3b
 1557 009a 05       		.uleb128 0x5
 1558 009b 01       		.uleb128 0x1
 1559 009c 13       		.uleb128 0x13
 1560 009d 00       		.byte	0
 1561 009e 00       		.byte	0
ARM GAS  C:\Users\saman\AppData\Local\Temp\ccSSds03.s 			page 29


 1562 009f 0E       		.uleb128 0xe
 1563 00a0 28       		.uleb128 0x28
 1564 00a1 00       		.byte	0
 1565 00a2 03       		.uleb128 0x3
 1566 00a3 0E       		.uleb128 0xe
 1567 00a4 1C       		.uleb128 0x1c
 1568 00a5 0B       		.uleb128 0xb
 1569 00a6 00       		.byte	0
 1570 00a7 00       		.byte	0
 1571 00a8 0F       		.uleb128 0xf
 1572 00a9 0D       		.uleb128 0xd
 1573 00aa 00       		.byte	0
 1574 00ab 03       		.uleb128 0x3
 1575 00ac 08       		.uleb128 0x8
 1576 00ad 3A       		.uleb128 0x3a
 1577 00ae 0B       		.uleb128 0xb
 1578 00af 3B       		.uleb128 0x3b
 1579 00b0 05       		.uleb128 0x5
 1580 00b1 49       		.uleb128 0x49
 1581 00b2 13       		.uleb128 0x13
 1582 00b3 38       		.uleb128 0x38
 1583 00b4 0B       		.uleb128 0xb
 1584 00b5 00       		.byte	0
 1585 00b6 00       		.byte	0
 1586 00b7 10       		.uleb128 0x10
 1587 00b8 13       		.uleb128 0x13
 1588 00b9 01       		.byte	0x1
 1589 00ba 03       		.uleb128 0x3
 1590 00bb 0E       		.uleb128 0xe
 1591 00bc 0B       		.uleb128 0xb
 1592 00bd 0B       		.uleb128 0xb
 1593 00be 3A       		.uleb128 0x3a
 1594 00bf 0B       		.uleb128 0xb
 1595 00c0 3B       		.uleb128 0x3b
 1596 00c1 05       		.uleb128 0x5
 1597 00c2 01       		.uleb128 0x1
 1598 00c3 13       		.uleb128 0x13
 1599 00c4 00       		.byte	0
 1600 00c5 00       		.byte	0
 1601 00c6 11       		.uleb128 0x11
 1602 00c7 01       		.uleb128 0x1
 1603 00c8 01       		.byte	0x1
 1604 00c9 49       		.uleb128 0x49
 1605 00ca 13       		.uleb128 0x13
 1606 00cb 01       		.uleb128 0x1
 1607 00cc 13       		.uleb128 0x13
 1608 00cd 00       		.byte	0
 1609 00ce 00       		.byte	0
 1610 00cf 12       		.uleb128 0x12
 1611 00d0 21       		.uleb128 0x21
 1612 00d1 00       		.byte	0
 1613 00d2 00       		.byte	0
 1614 00d3 00       		.byte	0
 1615 00d4 13       		.uleb128 0x13
 1616 00d5 26       		.uleb128 0x26
 1617 00d6 00       		.byte	0
 1618 00d7 49       		.uleb128 0x49
ARM GAS  C:\Users\saman\AppData\Local\Temp\ccSSds03.s 			page 30


 1619 00d8 13       		.uleb128 0x13
 1620 00d9 00       		.byte	0
 1621 00da 00       		.byte	0
 1622 00db 14       		.uleb128 0x14
 1623 00dc 21       		.uleb128 0x21
 1624 00dd 00       		.byte	0
 1625 00de 49       		.uleb128 0x49
 1626 00df 13       		.uleb128 0x13
 1627 00e0 2F       		.uleb128 0x2f
 1628 00e1 0B       		.uleb128 0xb
 1629 00e2 00       		.byte	0
 1630 00e3 00       		.byte	0
 1631 00e4 15       		.uleb128 0x15
 1632 00e5 34       		.uleb128 0x34
 1633 00e6 00       		.byte	0
 1634 00e7 03       		.uleb128 0x3
 1635 00e8 0E       		.uleb128 0xe
 1636 00e9 3A       		.uleb128 0x3a
 1637 00ea 0B       		.uleb128 0xb
 1638 00eb 3B       		.uleb128 0x3b
 1639 00ec 05       		.uleb128 0x5
 1640 00ed 49       		.uleb128 0x49
 1641 00ee 13       		.uleb128 0x13
 1642 00ef 02       		.uleb128 0x2
 1643 00f0 18       		.uleb128 0x18
 1644 00f1 00       		.byte	0
 1645 00f2 00       		.byte	0
 1646 00f3 16       		.uleb128 0x16
 1647 00f4 34       		.uleb128 0x34
 1648 00f5 00       		.byte	0
 1649 00f6 03       		.uleb128 0x3
 1650 00f7 0E       		.uleb128 0xe
 1651 00f8 3A       		.uleb128 0x3a
 1652 00f9 0B       		.uleb128 0xb
 1653 00fa 3B       		.uleb128 0x3b
 1654 00fb 0B       		.uleb128 0xb
 1655 00fc 49       		.uleb128 0x49
 1656 00fd 13       		.uleb128 0x13
 1657 00fe 3F       		.uleb128 0x3f
 1658 00ff 19       		.uleb128 0x19
 1659 0100 02       		.uleb128 0x2
 1660 0101 18       		.uleb128 0x18
 1661 0102 00       		.byte	0
 1662 0103 00       		.byte	0
 1663 0104 17       		.uleb128 0x17
 1664 0105 34       		.uleb128 0x34
 1665 0106 00       		.byte	0
 1666 0107 03       		.uleb128 0x3
 1667 0108 0E       		.uleb128 0xe
 1668 0109 3A       		.uleb128 0x3a
 1669 010a 0B       		.uleb128 0xb
 1670 010b 3B       		.uleb128 0x3b
 1671 010c 05       		.uleb128 0x5
 1672 010d 49       		.uleb128 0x49
 1673 010e 13       		.uleb128 0x13
 1674 010f 3F       		.uleb128 0x3f
 1675 0110 19       		.uleb128 0x19
ARM GAS  C:\Users\saman\AppData\Local\Temp\ccSSds03.s 			page 31


 1676 0111 02       		.uleb128 0x2
 1677 0112 18       		.uleb128 0x18
 1678 0113 00       		.byte	0
 1679 0114 00       		.byte	0
 1680 0115 18       		.uleb128 0x18
 1681 0116 34       		.uleb128 0x34
 1682 0117 00       		.byte	0
 1683 0118 03       		.uleb128 0x3
 1684 0119 0E       		.uleb128 0xe
 1685 011a 3A       		.uleb128 0x3a
 1686 011b 0B       		.uleb128 0xb
 1687 011c 3B       		.uleb128 0x3b
 1688 011d 0B       		.uleb128 0xb
 1689 011e 49       		.uleb128 0x49
 1690 011f 13       		.uleb128 0x13
 1691 0120 3F       		.uleb128 0x3f
 1692 0121 19       		.uleb128 0x19
 1693 0122 3C       		.uleb128 0x3c
 1694 0123 19       		.uleb128 0x19
 1695 0124 00       		.byte	0
 1696 0125 00       		.byte	0
 1697 0126 19       		.uleb128 0x19
 1698 0127 21       		.uleb128 0x21
 1699 0128 00       		.byte	0
 1700 0129 49       		.uleb128 0x49
 1701 012a 13       		.uleb128 0x13
 1702 012b 2F       		.uleb128 0x2f
 1703 012c 05       		.uleb128 0x5
 1704 012d 00       		.byte	0
 1705 012e 00       		.byte	0
 1706 012f 00       		.byte	0
 1707              		.section	.debug_aranges,"",%progbits
 1708 0000 14000000 		.4byte	0x14
 1709 0004 0200     		.2byte	0x2
 1710 0006 00000000 		.4byte	.Ldebug_info0
 1711 000a 04       		.byte	0x4
 1712 000b 00       		.byte	0
 1713 000c 0000     		.2byte	0
 1714 000e 0000     		.2byte	0
 1715 0010 00000000 		.4byte	0
 1716 0014 00000000 		.4byte	0
 1717              		.section	.debug_line,"",%progbits
 1718              	.Ldebug_line0:
 1719 0000 38010000 		.section	.debug_str,"MS",%progbits,1
 1719      02003201 
 1719      00000201 
 1719      FB0E0D00 
 1719      01010101 
 1720              	.LASF46:
 1721 0000 6E657874 		.ascii	"next\000"
 1721      00
 1722              	.LASF83:
 1723 0005 45455F74 		.ascii	"EE_th_terminate_nextask\000"
 1723      685F7465 
 1723      726D696E 
 1723      6174655F 
 1723      6E657874 
ARM GAS  C:\Users\saman\AppData\Local\Temp\ccSSds03.s 			page 32


 1724              	.LASF24:
 1725 001d 5469636B 		.ascii	"TickType\000"
 1725      54797065 
 1725      00
 1726              	.LASF84:
 1727 0026 45455F73 		.ascii	"EE_stkfirst\000"
 1727      746B6669 
 1727      72737400 
 1728              	.LASF26:
 1729 0032 41637469 		.ascii	"ActionType\000"
 1729      6F6E5479 
 1729      706500
 1730              	.LASF19:
 1731 003d 45455F54 		.ascii	"EE_TYPEBOOL\000"
 1731      59504542 
 1731      4F4F4C00 
 1732              	.LASF109:
 1733 0049 45455F63 		.ascii	"EE_cortex_mx_IRQ_tos\000"
 1733      6F727465 
 1733      785F6D78 
 1733      5F495251 
 1733      5F746F73 
 1734              	.LASF7:
 1735 005e 6C6F6E67 		.ascii	"long long unsigned int\000"
 1735      206C6F6E 
 1735      6720756E 
 1735      7369676E 
 1735      65642069 
 1736              	.LASF115:
 1737 0075 443A5C68 		.ascii	"D:\\h_da\\sem2\\eaa\\gasPedal\\A1_GasPedal\\A1_GasP"
 1737      5F64615C 
 1737      73656D32 
 1737      5C656161 
 1737      5C676173 
 1738 00a2 6564616C 		.ascii	"edal\\Design01.cydsn\000"
 1738      5C446573 
 1738      69676E30 
 1738      312E6379 
 1738      64736E00 
 1739              	.LASF45:
 1740 00b6 64656C74 		.ascii	"delta\000"
 1740      6100
 1741              	.LASF42:
 1742 00bc 45455F6F 		.ascii	"EE_oo_counter_object_ROM_type\000"
 1742      6F5F636F 
 1742      756E7465 
 1742      725F6F62 
 1742      6A656374 
 1743              	.LASF89:
 1744 00da 45455F72 		.ascii	"EE_rq_pairs_next\000"
 1744      715F7061 
 1744      6972735F 
 1744      6E657874 
 1744      00
 1745              	.LASF22:
 1746 00eb 5461736B 		.ascii	"TaskType\000"
 1746      54797065 
ARM GAS  C:\Users\saman\AppData\Local\Temp\ccSSds03.s 			page 33


 1746      00
 1747              	.LASF61:
 1748 00f4 45455F54 		.ascii	"EE_TOS\000"
 1748      4F5300
 1749              	.LASF29:
 1750 00fb 6D617861 		.ascii	"maxallowedvalue\000"
 1750      6C6C6F77 
 1750      65647661 
 1750      6C756500 
 1751              	.LASF116:
 1752 010b 45455F6F 		.ascii	"EE_oo_autostart_task_mode_OSDEFAULTAPPMODE\000"
 1752      6F5F6175 
 1752      746F7374 
 1752      6172745F 
 1752      7461736B 
 1753              	.LASF79:
 1754 0136 45455F41 		.ascii	"EE_ALARM_ID\000"
 1754      4C41524D 
 1754      5F494400 
 1755              	.LASF6:
 1756 0142 6C6F6E67 		.ascii	"long long int\000"
 1756      206C6F6E 
 1756      6720696E 
 1756      7400
 1757              	.LASF0:
 1758 0150 7369676E 		.ascii	"signed char\000"
 1758      65642063 
 1758      68617200 
 1759              	.LASF52:
 1760 015c 45455F6F 		.ascii	"EE_oo_action_kind_type\000"
 1760      6F5F6163 
 1760      74696F6E 
 1760      5F6B696E 
 1760      645F7479 
 1761              	.LASF23:
 1762 0173 4576656E 		.ascii	"EventMaskType\000"
 1762      744D6173 
 1762      6B547970 
 1762      6500
 1763              	.LASF76:
 1764 0181 45455F45 		.ascii	"EE_EVENT_NAME\000"
 1764      56454E54 
 1764      5F4E414D 
 1764      4500
 1765              	.LASF100:
 1766 018f 45455F61 		.ascii	"EE_alarm_ROM\000"
 1766      6C61726D 
 1766      5F524F4D 
 1766      00
 1767              	.LASF70:
 1768 019c 45455F63 		.ascii	"EE_cortex_mx_active_tos\000"
 1768      6F727465 
 1768      785F6D78 
 1768      5F616374 
 1768      6976655F 
 1769              	.LASF35:
 1770 01b4 45455F6F 		.ascii	"EE_oo_counter_RAM_type\000"
ARM GAS  C:\Users\saman\AppData\Local\Temp\ccSSds03.s 			page 34


 1770      6F5F636F 
 1770      756E7465 
 1770      725F5241 
 1770      4D5F7479 
 1771              	.LASF78:
 1772 01cb 45455F45 		.ascii	"EE_EVENT_ID\000"
 1772      56454E54 
 1772      5F494400 
 1773              	.LASF4:
 1774 01d7 6C6F6E67 		.ascii	"long int\000"
 1774      20696E74 
 1774      00
 1775              	.LASF87:
 1776 01e0 45455F72 		.ascii	"EE_rq_queues_head\000"
 1776      715F7175 
 1776      65756573 
 1776      5F686561 
 1776      6400
 1777              	.LASF105:
 1778 01f2 45455F6F 		.ascii	"EE_oo_IRQ_suspend_status\000"
 1778      6F5F4952 
 1778      515F7375 
 1778      7370656E 
 1778      645F7374 
 1779              	.LASF107:
 1780 020b 45455F73 		.ascii	"EE_std_endcycle_next_tid\000"
 1780      74645F65 
 1780      6E646379 
 1780      636C655F 
 1780      6E657874 
 1781              	.LASF31:
 1782 0224 6D696E63 		.ascii	"mincycle\000"
 1782      79636C65 
 1782      00
 1783              	.LASF20:
 1784 022d 45455F54 		.ascii	"EE_TID\000"
 1784      494400
 1785              	.LASF33:
 1786 0234 76616C75 		.ascii	"value\000"
 1786      6500
 1787              	.LASF8:
 1788 023a 756E7369 		.ascii	"unsigned int\000"
 1788      676E6564 
 1788      20696E74 
 1788      00
 1789              	.LASF16:
 1790 0247 45455F55 		.ascii	"EE_UREG\000"
 1790      52454700 
 1791              	.LASF60:
 1792 024f 45455F6F 		.ascii	"EE_oo_alarm_ROM_type\000"
 1792      6F5F616C 
 1792      61726D5F 
 1792      524F4D5F 
 1792      74797065 
 1793              	.LASF77:
 1794 0264 45455F41 		.ascii	"EE_ALARM_NAME\000"
 1794      4C41524D 
ARM GAS  C:\Users\saman\AppData\Local\Temp\ccSSds03.s 			page 35


 1794      5F4E414D 
 1794      4500
 1795              	.LASF5:
 1796 0272 6C6F6E67 		.ascii	"long unsigned int\000"
 1796      20756E73 
 1796      69676E65 
 1796      6420696E 
 1796      7400
 1797              	.LASF95:
 1798 0284 45455F74 		.ascii	"EE_th_waswaiting\000"
 1798      685F7761 
 1798      73776169 
 1798      74696E67 
 1798      00
 1799              	.LASF62:
 1800 0295 45455F6F 		.ascii	"EE_oo_autostart_task_type\000"
 1800      6F5F6175 
 1800      746F7374 
 1800      6172745F 
 1800      7461736B 
 1801              	.LASF41:
 1802 02af 6B696E64 		.ascii	"kind\000"
 1802      00
 1803              	.LASF3:
 1804 02b4 73686F72 		.ascii	"short unsigned int\000"
 1804      7420756E 
 1804      7369676E 
 1804      65642069 
 1804      6E7400
 1805              	.LASF104:
 1806 02c7 45455F6F 		.ascii	"EE_oo_IRQ_disable_count\000"
 1806      6F5F4952 
 1806      515F6469 
 1806      7361626C 
 1806      655F636F 
 1807              	.LASF38:
 1808 02df 45455F6F 		.ascii	"EE_oo_counter_object_kind_type\000"
 1808      6F5F636F 
 1808      756E7465 
 1808      725F6F62 
 1808      6A656374 
 1809              	.LASF80:
 1810 02fe 45455F74 		.ascii	"EE_th_status\000"
 1810      685F7374 
 1810      61747573 
 1810      00
 1811              	.LASF39:
 1812 030b 436F756E 		.ascii	"CounterObjectKindType\000"
 1812      7465724F 
 1812      626A6563 
 1812      744B696E 
 1812      64547970 
 1813              	.LASF73:
 1814 0321 45455F74 		.ascii	"EE_th_dispatch_prio\000"
 1814      685F6469 
 1814      73706174 
 1814      63685F70 
ARM GAS  C:\Users\saman\AppData\Local\Temp\ccSSds03.s 			page 36


 1814      72696F00 
 1815              	.LASF111:
 1816 0335 45455F63 		.ascii	"EE_cortex_mx_stack_4\000"
 1816      6F727465 
 1816      785F6D78 
 1816      5F737461 
 1816      636B5F34 
 1817              	.LASF112:
 1818 034a 45455F63 		.ascii	"EE_cortex_mx_stack_9\000"
 1818      6F727465 
 1818      785F6D78 
 1818      5F737461 
 1818      636B5F39 
 1819              	.LASF14:
 1820 035f 45455F56 		.ascii	"EE_VOID_CALLBACK\000"
 1820      4F49445F 
 1820      43414C4C 
 1820      4241434B 
 1820      00
 1821              	.LASF27:
 1822 0370 436F756E 		.ascii	"CounterType\000"
 1822      74657254 
 1822      79706500 
 1823              	.LASF98:
 1824 037c 45455F6F 		.ascii	"EE_oo_counter_object_ROM\000"
 1824      6F5F636F 
 1824      756E7465 
 1824      725F6F62 
 1824      6A656374 
 1825              	.LASF59:
 1826 0395 61637469 		.ascii	"action_id\000"
 1826      6F6E5F69 
 1826      6400
 1827              	.LASF106:
 1828 039f 45455F41 		.ascii	"EE_ApplicationMode\000"
 1828      70706C69 
 1828      63617469 
 1828      6F6E4D6F 
 1828      646500
 1829              	.LASF99:
 1830 03b2 45455F6F 		.ascii	"EE_oo_action_ROM\000"
 1830      6F5F6163 
 1830      74696F6E 
 1830      5F524F4D 
 1830      00
 1831              	.LASF21:
 1832 03c3 45455F54 		.ascii	"EE_TYPE_RQ_MASK\000"
 1832      5950455F 
 1832      52515F4D 
 1832      41534B00 
 1833              	.LASF64:
 1834 03d3 73697A65 		.ascii	"sizetype\000"
 1834      74797065 
 1834      00
 1835              	.LASF9:
 1836 03dc 6C6F6E67 		.ascii	"long double\000"
 1836      20646F75 
ARM GAS  C:\Users\saman\AppData\Local\Temp\ccSSds03.s 			page 37


 1836      626C6500 
 1837              	.LASF92:
 1838 03e8 45455F72 		.ascii	"EE_rq_free\000"
 1838      715F6672 
 1838      656500
 1839              	.LASF86:
 1840 03f3 45455F72 		.ascii	"EE_rq_link\000"
 1840      715F6C69 
 1840      6E6B00
 1841              	.LASF17:
 1842 03fe 45455F53 		.ascii	"EE_SREG\000"
 1842      52454700 
 1843              	.LASF30:
 1844 0406 7469636B 		.ascii	"ticksperbase\000"
 1844      73706572 
 1844      62617365 
 1844      00
 1845              	.LASF43:
 1846 0413 75736564 		.ascii	"used\000"
 1846      00
 1847              	.LASF47:
 1848 0418 45455F6F 		.ascii	"EE_oo_counter_object_RAM_type\000"
 1848      6F5F636F 
 1848      756E7465 
 1848      725F6F62 
 1848      6A656374 
 1849              	.LASF97:
 1850 0436 45455F63 		.ascii	"EE_counter_ROM\000"
 1850      6F756E74 
 1850      65725F52 
 1850      4F4D00
 1851              	.LASF58:
 1852 0445 45455F6F 		.ascii	"EE_oo_action_ROM_type\000"
 1852      6F5F6163 
 1852      74696F6E 
 1852      5F524F4D 
 1852      5F747970 
 1853              	.LASF10:
 1854 045b 45455F55 		.ascii	"EE_UINT16\000"
 1854      494E5431 
 1854      3600
 1855              	.LASF37:
 1856 0465 45455F53 		.ascii	"EE_SCHEDULETABLE\000"
 1856      43484544 
 1856      554C4554 
 1856      41424C45 
 1856      00
 1857              	.LASF69:
 1858 0476 45455F63 		.ascii	"EE_cortex_mx_system_tos\000"
 1858      6F727465 
 1858      785F6D78 
 1858      5F737973 
 1858      74656D5F 
 1859              	.LASF1:
 1860 048e 756E7369 		.ascii	"unsigned char\000"
 1860      676E6564 
 1860      20636861 
ARM GAS  C:\Users\saman\AppData\Local\Temp\ccSSds03.s 			page 38


 1860      7200
 1861              	.LASF36:
 1862 049c 45455F41 		.ascii	"EE_ALARM\000"
 1862      4C41524D 
 1862      00
 1863              	.LASF81:
 1864 04a5 45455F74 		.ascii	"EE_th_next\000"
 1864      685F6E65 
 1864      787400
 1865              	.LASF68:
 1866 04b0 45455F74 		.ascii	"EE_terminate_real_th_body\000"
 1866      65726D69 
 1866      6E617465 
 1866      5F726561 
 1866      6C5F7468 
 1867              	.LASF57:
 1868 04ca 696E6363 		.ascii	"inccount\000"
 1868      6F756E74 
 1868      00
 1869              	.LASF2:
 1870 04d3 73686F72 		.ascii	"short int\000"
 1870      7420696E 
 1870      7400
 1871              	.LASF94:
 1872 04dd 45455F74 		.ascii	"EE_th_event_waitmask\000"
 1872      685F6576 
 1872      656E745F 
 1872      77616974 
 1872      6D61736B 
 1873              	.LASF110:
 1874 04f2 45455F63 		.ascii	"EE_cortex_mx_stack_3\000"
 1874      6F727465 
 1874      785F6D78 
 1874      5F737461 
 1874      636B5F33 
 1875              	.LASF75:
 1876 0507 45455F54 		.ascii	"EE_TASK_NAME\000"
 1876      41534B5F 
 1876      4E414D45 
 1876      00
 1877              	.LASF32:
 1878 0514 45455F6F 		.ascii	"EE_oo_counter_ROM_type\000"
 1878      6F5F636F 
 1878      756E7465 
 1878      725F524F 
 1878      4D5F7479 
 1879              	.LASF113:
 1880 052b 474E5520 		.ascii	"GNU C11 5.4.1 20160609 (release) [ARM/embedded-5-br"
 1880      43313120 
 1880      352E342E 
 1880      31203230 
 1880      31363036 
 1881 055e 616E6368 		.ascii	"anch revision 237715] -mcpu=cortex-m3 -mthumb -g -O"
 1881      20726576 
 1881      6973696F 
 1881      6E203233 
 1881      37373135 
ARM GAS  C:\Users\saman\AppData\Local\Temp\ccSSds03.s 			page 39


 1882 0591 67202D66 		.ascii	"g -ffunction-sections -ffat-lto-objects\000"
 1882      66756E63 
 1882      74696F6E 
 1882      2D736563 
 1882      74696F6E 
 1883              	.LASF56:
 1884 05b9 61637469 		.ascii	"action_mask\000"
 1884      6F6E5F6D 
 1884      61736B00 
 1885              	.LASF15:
 1886 05c5 45455F54 		.ascii	"EE_THREAD_PTR\000"
 1886      48524541 
 1886      445F5054 
 1886      5200
 1887              	.LASF88:
 1888 05d3 45455F72 		.ascii	"EE_rq_queues_tail\000"
 1888      715F7175 
 1888      65756573 
 1888      5F746169 
 1888      6C00
 1889              	.LASF66:
 1890 05e5 45455F73 		.ascii	"EE_std_thread_tos\000"
 1890      74645F74 
 1890      68726561 
 1890      645F746F 
 1890      7300
 1891              	.LASF51:
 1892 05f7 45455F41 		.ascii	"EE_ACTION_CALLBACK\000"
 1892      4354494F 
 1892      4E5F4341 
 1892      4C4C4241 
 1892      434B00
 1893              	.LASF91:
 1894 060a 45455F72 		.ascii	"EE_rq_bitmask\000"
 1894      715F6269 
 1894      746D6173 
 1894      6B00
 1895              	.LASF34:
 1896 0618 66697273 		.ascii	"first\000"
 1896      7400
 1897              	.LASF25:
 1898 061e 436F756E 		.ascii	"CounterObjectType\000"
 1898      7465724F 
 1898      626A6563 
 1898      74547970 
 1898      6500
 1899              	.LASF74:
 1900 0630 63686172 		.ascii	"char\000"
 1900      00
 1901              	.LASF48:
 1902 0635 45455F41 		.ascii	"EE_ACTION_TASK\000"
 1902      4354494F 
 1902      4E5F5441 
 1902      534B00
 1903              	.LASF71:
 1904 0644 45455F74 		.ascii	"EE_th_rnact_max\000"
 1904      685F726E 
ARM GAS  C:\Users\saman\AppData\Local\Temp\ccSSds03.s 			page 40


 1904      6163745F 
 1904      6D617800 
 1905              	.LASF50:
 1906 0654 45455F41 		.ascii	"EE_ACTION_COUNTER\000"
 1906      4354494F 
 1906      4E5F434F 
 1906      554E5445 
 1906      5200
 1907              	.LASF101:
 1908 0666 45455F63 		.ascii	"EE_counter_RAM\000"
 1908      6F756E74 
 1908      65725F52 
 1908      414D00
 1909              	.LASF40:
 1910 0675 73706563 		.ascii	"spec_id\000"
 1910      5F696400 
 1911              	.LASF49:
 1912 067d 45455F41 		.ascii	"EE_ACTION_EVENT\000"
 1912      4354494F 
 1912      4E5F4556 
 1912      454E5400 
 1913              	.LASF65:
 1914 068d 45455F68 		.ascii	"EE_hal_thread_body\000"
 1914      616C5F74 
 1914      68726561 
 1914      645F626F 
 1914      647900
 1915              	.LASF85:
 1916 06a0 45455F73 		.ascii	"EE_sys_ceiling\000"
 1916      79735F63 
 1916      65696C69 
 1916      6E6700
 1917              	.LASF54:
 1918 06af 61637469 		.ascii	"action_kind\000"
 1918      6F6E5F6B 
 1918      696E6400 
 1919              	.LASF63:
 1920 06bb 7461736B 		.ascii	"task\000"
 1920      00
 1921              	.LASF102:
 1922 06c0 45455F6F 		.ascii	"EE_oo_counter_object_RAM\000"
 1922      6F5F636F 
 1922      756E7465 
 1922      725F6F62 
 1922      6A656374 
 1923              	.LASF53:
 1924 06d9 41637469 		.ascii	"ActionKindType\000"
 1924      6F6E4B69 
 1924      6E645479 
 1924      706500
 1925              	.LASF72:
 1926 06e8 45455F74 		.ascii	"EE_th_ready_prio\000"
 1926      685F7265 
 1926      6164795F 
 1926      7072696F 
 1926      00
 1927              	.LASF82:
ARM GAS  C:\Users\saman\AppData\Local\Temp\ccSSds03.s 			page 41


 1928 06f9 45455F74 		.ascii	"EE_th_rnact\000"
 1928      685F726E 
 1928      61637400 
 1929              	.LASF90:
 1930 0705 45455F72 		.ascii	"EE_rq_pairs_tid\000"
 1930      715F7061 
 1930      6972735F 
 1930      74696400 
 1931              	.LASF108:
 1932 0715 45455F49 		.ascii	"EE_IRQ_nesting_level\000"
 1932      52515F6E 
 1932      65737469 
 1932      6E675F6C 
 1932      6576656C 
 1933              	.LASF12:
 1934 072a 45455F55 		.ascii	"EE_UINT32\000"
 1934      494E5433 
 1934      3200
 1935              	.LASF11:
 1936 0734 45455F49 		.ascii	"EE_INT32\000"
 1936      4E543332 
 1936      00
 1937              	.LASF67:
 1938 073d 45455F74 		.ascii	"EE_terminate_data\000"
 1938      65726D69 
 1938      6E617465 
 1938      5F646174 
 1938      6100
 1939              	.LASF114:
 1940 074f 47656E65 		.ascii	"Generated_Source\\PSoC5\\ErikaOS_1_eecfg.c\000"
 1940      72617465 
 1940      645F536F 
 1940      75726365 
 1940      5C50536F 
 1941              	.LASF93:
 1942 0778 45455F74 		.ascii	"EE_th_event_active\000"
 1942      685F6576 
 1942      656E745F 
 1942      61637469 
 1942      766500
 1943              	.LASF44:
 1944 078b 636E7463 		.ascii	"cntcycle\000"
 1944      79636C65 
 1944      00
 1945              	.LASF28:
 1946 0794 5359535F 		.ascii	"SYS_tos\000"
 1946      746F7300 
 1947              	.LASF55:
 1948 079c 61637469 		.ascii	"action_task\000"
 1948      6F6E5F74 
 1948      61736B00 
 1949              	.LASF13:
 1950 07a8 45455F41 		.ascii	"EE_ADDR\000"
 1950      44445200 
 1951              	.LASF96:
 1952 07b0 45455F74 		.ascii	"EE_th_is_extended\000"
 1952      685F6973 
ARM GAS  C:\Users\saman\AppData\Local\Temp\ccSSds03.s 			page 42


 1952      5F657874 
 1952      656E6465 
 1952      6400
 1953              	.LASF18:
 1954 07c2 45455F46 		.ascii	"EE_FREG\000"
 1954      52454700 
 1955              	.LASF103:
 1956 07ca 45455F6F 		.ascii	"EE_oo_autostart_task_data\000"
 1956      6F5F6175 
 1956      746F7374 
 1956      6172745F 
 1956      7461736B 
 1957              		.ident	"GCC: (GNU Tools for ARM Embedded Processors) 5.4.1 20160609 (release) [ARM/embedded-5-bran
