ARM GAS  C:\Users\saman\AppData\Local\Temp\ccoxSIYw.s 			page 1


   1              		.syntax unified
   2              		.cpu cortex-m3
   3              		.fpu softvfp
   4              		.eabi_attribute 20, 1
   5              		.eabi_attribute 21, 1
   6              		.eabi_attribute 23, 3
   7              		.eabi_attribute 24, 1
   8              		.eabi_attribute 25, 1
   9              		.eabi_attribute 26, 1
  10              		.eabi_attribute 30, 1
  11              		.eabi_attribute 34, 1
  12              		.eabi_attribute 18, 4
  13              		.thumb
  14              		.syntax unified
  15              		.file	"sc_brakelight_type.c"
  16              		.text
  17              	.Ltext0:
  18              		.cfi_sections	.debug_frame
  19              		.section	.text.SC_BRAKELIGHT_driverOut,"ax",%progbits
  20              		.align	2
  21              		.global	SC_BRAKELIGHT_driverOut
  22              		.thumb
  23              		.thumb_func
  24              		.type	SC_BRAKELIGHT_driverOut, %function
  25              	SC_BRAKELIGHT_driverOut:
  26              	.LFB110:
  27              		.file 1 "source\\rte\\sc_brakelight_type.c"
   1:source\rte/sc_brakelight_type.c **** /*
   2:source\rte/sc_brakelight_type.c ****  * Filename: sc_brakelight_type.c
   3:source\rte/sc_brakelight_type.c ****  *
   4:source\rte/sc_brakelight_type.c ****  * Author: Autogenerated by H-DA RTE Generator, (c) Prof. Fromm
   5:source\rte/sc_brakelight_type.c ****  *
   6:source\rte/sc_brakelight_type.c ****  * description: Signalclass representing brakelight
   7:source\rte/sc_brakelight_type.c ****  * name: sc_brakelight
   8:source\rte/sc_brakelight_type.c ****  * shortname: brakelight
   9:source\rte/sc_brakelight_type.c ****  *
  10:source\rte/sc_brakelight_type.c ****  */
  11:source\rte/sc_brakelight_type.c **** 
  12:source\rte/sc_brakelight_type.c **** #include "project.h"
  13:source\rte/sc_brakelight_type.c **** #include "global.h"
  14:source\rte/sc_brakelight_type.c **** #include "rte.h"
  15:source\rte/sc_brakelight_type.c **** #include "rte_types.h"
  16:source\rte/sc_brakelight_type.c **** #include "sc_brakelight_type.h"
  17:source\rte/sc_brakelight_type.c **** 
  18:source\rte/sc_brakelight_type.c **** 
  19:source\rte/sc_brakelight_type.c **** 
  20:source\rte/sc_brakelight_type.c **** /* USER CODE START SC_BRAKELIGHT_INCLUDE */
  21:source\rte/sc_brakelight_type.c **** 
  22:source\rte/sc_brakelight_type.c **** /* USER CODE END SC_BRAKELIGHT_INCLUDE */
  23:source\rte/sc_brakelight_type.c **** 
  24:source\rte/sc_brakelight_type.c **** 
  25:source\rte/sc_brakelight_type.c **** 
  26:source\rte/sc_brakelight_type.c **** 
  27:source\rte/sc_brakelight_type.c **** /* USER CODE START SC_BRAKELIGHT_USERDEFINITIONS */
  28:source\rte/sc_brakelight_type.c **** 
  29:source\rte/sc_brakelight_type.c **** /* USER CODE END SC_BRAKELIGHT_USERDEFINITIONS */
  30:source\rte/sc_brakelight_type.c **** 
ARM GAS  C:\Users\saman\AppData\Local\Temp\ccoxSIYw.s 			page 2


  31:source\rte/sc_brakelight_type.c **** 
  32:source\rte/sc_brakelight_type.c **** /*****************************************************************************************
  33:source\rte/sc_brakelight_type.c ****  *************** Port Wrapper Implementation for SC_BRAKELIGHT signal  ****************
  34:source\rte/sc_brakelight_type.c ****  *****************************************************************************************/
  35:source\rte/sc_brakelight_type.c ****  
  36:source\rte/sc_brakelight_type.c ****  
  37:source\rte/sc_brakelight_type.c **** /**
  38:source\rte/sc_brakelight_type.c ****  * Default OUT driver API
  39:source\rte/sc_brakelight_type.c ****  */
  40:source\rte/sc_brakelight_type.c **** inline RC_t SC_BRAKELIGHT_driverOut(const SC_BRAKELIGHT_data_t  *const data)
  41:source\rte/sc_brakelight_type.c **** {
  28              		.loc 1 41 0
  29              		.cfi_startproc
  30              		@ args = 0, pretend = 0, frame = 0
  31              		@ frame_needed = 0, uses_anonymous_args = 0
  32              	.LVL0:
  33 0000 08B5     		push	{r3, lr}
  34              		.cfi_def_cfa_offset 8
  35              		.cfi_offset 3, -8
  36              		.cfi_offset 14, -4
  42:source\rte/sc_brakelight_type.c **** 	/* USER CODE START driverOutSC_BRAKELIGHT */
  43:source\rte/sc_brakelight_type.c **** 
  44:source\rte/sc_brakelight_type.c **** 	//Scale application data to drive format
  45:source\rte/sc_brakelight_type.c **** 
  46:source\rte/sc_brakelight_type.c **** 	//Write scaled data to driver
  47:source\rte/sc_brakelight_type.c ****     if(data->brakelight_value == TRUE) LED_RED_Write(1);
  37              		.loc 1 47 0
  38 0002 0378     		ldrb	r3, [r0]	@ zero_extendqisi2
  39 0004 012B     		cmp	r3, #1
  40 0006 03D1     		bne	.L2
  41              		.loc 1 47 0 is_stmt 0 discriminator 1
  42 0008 0120     		movs	r0, #1
  43              	.LVL1:
  44 000a FFF7FEFF 		bl	LED_RED_Write
  45              	.LVL2:
  46 000e 02E0     		b	.L3
  47              	.LVL3:
  48              	.L2:
  48:source\rte/sc_brakelight_type.c ****     
  49:source\rte/sc_brakelight_type.c ****     else LED_RED_Write(0);
  49              		.loc 1 49 0 is_stmt 1
  50 0010 0020     		movs	r0, #0
  51              	.LVL4:
  52 0012 FFF7FEFF 		bl	LED_RED_Write
  53              	.LVL5:
  54              	.L3:
  50:source\rte/sc_brakelight_type.c ****     
  51:source\rte/sc_brakelight_type.c **** 
  52:source\rte/sc_brakelight_type.c **** 	return RC_SUCCESS;
  53:source\rte/sc_brakelight_type.c **** 	/* USER CODE END driverOutSC_BRAKELIGHT */
  54:source\rte/sc_brakelight_type.c **** }
  55              		.loc 1 54 0
  56 0016 0020     		movs	r0, #0
  57 0018 08BD     		pop	{r3, pc}
  58              		.cfi_endproc
  59              	.LFE110:
  60              		.size	SC_BRAKELIGHT_driverOut, .-SC_BRAKELIGHT_driverOut
ARM GAS  C:\Users\saman\AppData\Local\Temp\ccoxSIYw.s 			page 3


  61 001a 00BF     		.text
  62              	.Letext0:
  63              		.file 2 "c:\\program files (x86)\\cypress\\psoc creator\\4.4\\psoc creator\\import\\gnu\\arm\\5.4.
  64              		.file 3 "c:\\program files (x86)\\cypress\\psoc creator\\4.4\\psoc creator\\import\\gnu\\arm\\5.4.
  65              		.file 4 "Generated_Source\\PSoC5/ErikaOS_1_common_ee_types.inc"
  66              		.file 5 "Generated_Source\\PSoC5/ErikaOS_1_cortex_mx_ee_cpu.inc"
  67              		.file 6 ".\\source\\bsw/global.h"
  68              		.file 7 "source\\rte\\sc_brakelight_type.h"
  69              		.file 8 "Generated_Source\\PSoC5/ErikaOS_1_ee_oo_intfunc.inc"
  70              		.file 9 "Generated_Source\\PSoC5/ErikaOS_1_cortex_mx_ee_context.inc"
  71              		.file 10 "Generated_Source\\PSoC5/ErikaOS_1_common_ee_primitives.inc"
  72              		.file 11 "Generated_Source\\PSoC5/core_cm3.h"
  73              		.file 12 "Generated_Source\\PSoC5/LED_RED.h"
  74              		.section	.debug_info,"",%progbits
  75              	.Ldebug_info0:
  76 0000 7B020000 		.4byte	0x27b
  77 0004 0400     		.2byte	0x4
  78 0006 00000000 		.4byte	.Ldebug_abbrev0
  79 000a 04       		.byte	0x4
  80 000b 01       		.uleb128 0x1
  81 000c F2020000 		.4byte	.LASF58
  82 0010 0C       		.byte	0xc
  83 0011 1E000000 		.4byte	.LASF59
  84 0015 68010000 		.4byte	.LASF60
  85 0019 00000000 		.4byte	.Ldebug_ranges0+0
  86 001d 00000000 		.4byte	0
  87 0021 00000000 		.4byte	.Ldebug_line0
  88 0025 02       		.uleb128 0x2
  89 0026 01       		.byte	0x1
  90 0027 06       		.byte	0x6
  91 0028 5F020000 		.4byte	.LASF0
  92 002c 03       		.uleb128 0x3
  93 002d F6010000 		.4byte	.LASF4
  94 0031 02       		.byte	0x2
  95 0032 1D       		.byte	0x1d
  96 0033 37000000 		.4byte	0x37
  97 0037 02       		.uleb128 0x2
  98 0038 01       		.byte	0x1
  99 0039 08       		.byte	0x8
 100 003a 39020000 		.4byte	.LASF1
 101 003e 02       		.uleb128 0x2
 102 003f 02       		.byte	0x2
 103 0040 05       		.byte	0x5
 104 0041 52000000 		.4byte	.LASF2
 105 0045 02       		.uleb128 0x2
 106 0046 02       		.byte	0x2
 107 0047 07       		.byte	0x7
 108 0048 DF020000 		.4byte	.LASF3
 109 004c 03       		.uleb128 0x3
 110 004d 0E040000 		.4byte	.LASF5
 111 0051 02       		.byte	0x2
 112 0052 3F       		.byte	0x3f
 113 0053 57000000 		.4byte	0x57
 114 0057 02       		.uleb128 0x2
 115 0058 04       		.byte	0x4
 116 0059 05       		.byte	0x5
 117 005a CD010000 		.4byte	.LASF6
ARM GAS  C:\Users\saman\AppData\Local\Temp\ccoxSIYw.s 			page 4


 118 005e 02       		.uleb128 0x2
 119 005f 04       		.byte	0x4
 120 0060 07       		.byte	0x7
 121 0061 DB030000 		.4byte	.LASF7
 122 0065 02       		.uleb128 0x2
 123 0066 08       		.byte	0x8
 124 0067 05       		.byte	0x5
 125 0068 41010000 		.4byte	.LASF8
 126 006c 02       		.uleb128 0x2
 127 006d 08       		.byte	0x8
 128 006e 07       		.byte	0x7
 129 006f 6B020000 		.4byte	.LASF9
 130 0073 04       		.uleb128 0x4
 131 0074 04       		.byte	0x4
 132 0075 05       		.byte	0x5
 133 0076 696E7400 		.ascii	"int\000"
 134 007a 02       		.uleb128 0x2
 135 007b 04       		.byte	0x4
 136 007c 07       		.byte	0x7
 137 007d 82020000 		.4byte	.LASF10
 138 0081 03       		.uleb128 0x3
 139 0082 C6000000 		.4byte	.LASF11
 140 0086 03       		.byte	0x3
 141 0087 18       		.byte	0x18
 142 0088 2C000000 		.4byte	0x2c
 143 008c 03       		.uleb128 0x3
 144 008d 9A030000 		.4byte	.LASF12
 145 0091 03       		.byte	0x3
 146 0092 2C       		.byte	0x2c
 147 0093 4C000000 		.4byte	0x4c
 148 0097 02       		.uleb128 0x2
 149 0098 04       		.byte	0x4
 150 0099 04       		.byte	0x4
 151 009a 22010000 		.4byte	.LASF13
 152 009e 02       		.uleb128 0x2
 153 009f 08       		.byte	0x8
 154 00a0 04       		.byte	0x4
 155 00a1 ED030000 		.4byte	.LASF14
 156 00a5 02       		.uleb128 0x2
 157 00a6 01       		.byte	0x1
 158 00a7 08       		.byte	0x8
 159 00a8 80030000 		.4byte	.LASF15
 160 00ac 02       		.uleb128 0x2
 161 00ad 08       		.byte	0x8
 162 00ae 04       		.byte	0x4
 163 00af 2D020000 		.4byte	.LASF16
 164 00b3 03       		.uleb128 0x3
 165 00b4 C1020000 		.4byte	.LASF17
 166 00b8 04       		.byte	0x4
 167 00b9 53       		.byte	0x53
 168 00ba 73000000 		.4byte	0x73
 169 00be 03       		.uleb128 0x3
 170 00bf B5000000 		.4byte	.LASF18
 171 00c3 04       		.byte	0x4
 172 00c4 54       		.byte	0x54
 173 00c5 7A000000 		.4byte	0x7a
 174 00c9 03       		.uleb128 0x3
ARM GAS  C:\Users\saman\AppData\Local\Temp\ccoxSIYw.s 			page 5


 175 00ca 06040000 		.4byte	.LASF19
 176 00ce 05       		.byte	0x5
 177 00cf 4D       		.byte	0x4d
 178 00d0 BE000000 		.4byte	0xbe
 179 00d4 03       		.uleb128 0x3
 180 00d5 99000000 		.4byte	.LASF20
 181 00d9 05       		.byte	0x5
 182 00da 4F       		.byte	0x4f
 183 00db BE000000 		.4byte	0xbe
 184 00df 03       		.uleb128 0x3
 185 00e0 BF000000 		.4byte	.LASF21
 186 00e4 05       		.byte	0x5
 187 00e5 78       		.byte	0x78
 188 00e6 B3000000 		.4byte	0xb3
 189 00ea 02       		.uleb128 0x2
 190 00eb 04       		.byte	0x4
 191 00ec 07       		.byte	0x7
 192 00ed 82000000 		.4byte	.LASF22
 193 00f1 03       		.uleb128 0x3
 194 00f2 23020000 		.4byte	.LASF23
 195 00f6 06       		.byte	0x6
 196 00f7 9C       		.byte	0x9c
 197 00f8 37000000 		.4byte	0x37
 198 00fc 05       		.uleb128 0x5
 199 00fd 01       		.byte	0x1
 200 00fe 25000000 		.4byte	0x25
 201 0102 06       		.byte	0x6
 202 0103 CF       		.byte	0xcf
 203 0104 A5010000 		.4byte	0x1a5
 204 0108 06       		.uleb128 0x6
 205 0109 13000000 		.4byte	.LASF24
 206 010d 00       		.byte	0
 207 010e 07       		.uleb128 0x7
 208 010f 37040000 		.4byte	.LASF25
 209 0113 7F       		.sleb128 -1
 210 0114 07       		.uleb128 0x7
 211 0115 9D020000 		.4byte	.LASF26
 212 0119 7E       		.sleb128 -2
 213 011a 07       		.uleb128 0x7
 214 011b 8B000000 		.4byte	.LASF27
 215 011f 7D       		.sleb128 -3
 216 0120 07       		.uleb128 0x7
 217 0121 40040000 		.4byte	.LASF28
 218 0125 7C       		.sleb128 -4
 219 0126 07       		.uleb128 0x7
 220 0127 13010000 		.4byte	.LASF29
 221 012b 7B       		.sleb128 -5
 222 012c 07       		.uleb128 0x7
 223 012d 5C000000 		.4byte	.LASF30
 224 0131 7A       		.sleb128 -6
 225 0132 07       		.uleb128 0x7
 226 0133 D6010000 		.4byte	.LASF31
 227 0137 79       		.sleb128 -7
 228 0138 07       		.uleb128 0x7
 229 0139 85030000 		.4byte	.LASF32
 230 013d 78       		.sleb128 -8
 231 013e 07       		.uleb128 0x7
ARM GAS  C:\Users\saman\AppData\Local\Temp\ccoxSIYw.s 			page 6


 232 013f AB020000 		.4byte	.LASF33
 233 0143 77       		.sleb128 -9
 234 0144 07       		.uleb128 0x7
 235 0145 E8010000 		.4byte	.LASF34
 236 0149 76       		.sleb128 -10
 237 014a 07       		.uleb128 0x7
 238 014b 7E040000 		.4byte	.LASF35
 239 014f 75       		.sleb128 -11
 240 0150 07       		.uleb128 0x7
 241 0151 8F020000 		.4byte	.LASF36
 242 0155 74       		.sleb128 -12
 243 0156 07       		.uleb128 0x7
 244 0157 F4030000 		.4byte	.LASF37
 245 015b 73       		.sleb128 -13
 246 015c 07       		.uleb128 0x7
 247 015d 00000000 		.4byte	.LASF38
 248 0161 72       		.sleb128 -14
 249 0162 07       		.uleb128 0x7
 250 0163 3E000000 		.4byte	.LASF39
 251 0167 71       		.sleb128 -15
 252 0168 07       		.uleb128 0x7
 253 0169 00020000 		.4byte	.LASF40
 254 016d 70       		.sleb128 -16
 255 016e 07       		.uleb128 0x7
 256 016f A1000000 		.4byte	.LASF41
 257 0173 6F       		.sleb128 -17
 258 0174 07       		.uleb128 0x7
 259 0175 6D000000 		.4byte	.LASF42
 260 0179 6E       		.sleb128 -18
 261 017a 07       		.uleb128 0x7
 262 017b A9010000 		.4byte	.LASF43
 263 017f 6D       		.sleb128 -19
 264 0180 07       		.uleb128 0x7
 265 0181 A2030000 		.4byte	.LASF44
 266 0185 6C       		.sleb128 -20
 267 0186 07       		.uleb128 0x7
 268 0187 11020000 		.4byte	.LASF45
 269 018b 6B       		.sleb128 -21
 270 018c 07       		.uleb128 0x7
 271 018d 18040000 		.4byte	.LASF46
 272 0191 6A       		.sleb128 -22
 273 0192 07       		.uleb128 0x7
 274 0193 CE000000 		.4byte	.LASF47
 275 0197 69       		.sleb128 -23
 276 0198 07       		.uleb128 0x7
 277 0199 BC010000 		.4byte	.LASF48
 278 019d 68       		.sleb128 -24
 279 019e 07       		.uleb128 0x7
 280 019f 28010000 		.4byte	.LASF49
 281 01a3 67       		.sleb128 -25
 282 01a4 00       		.byte	0
 283 01a5 03       		.uleb128 0x3
 284 01a6 68040000 		.4byte	.LASF50
 285 01aa 06       		.byte	0x6
 286 01ab EA       		.byte	0xea
 287 01ac FC000000 		.4byte	0xfc
 288 01b0 08       		.uleb128 0x8
ARM GAS  C:\Users\saman\AppData\Local\Temp\ccoxSIYw.s 			page 7


 289 01b1 01       		.byte	0x1
 290 01b2 07       		.byte	0x7
 291 01b3 21       		.byte	0x21
 292 01b4 C5010000 		.4byte	0x1c5
 293 01b8 09       		.uleb128 0x9
 294 01b9 6D040000 		.4byte	.LASF61
 295 01bd 07       		.byte	0x7
 296 01be 23       		.byte	0x23
 297 01bf 81000000 		.4byte	0x81
 298 01c3 00       		.byte	0
 299 01c4 00       		.byte	0
 300 01c5 03       		.uleb128 0x3
 301 01c6 CA020000 		.4byte	.LASF51
 302 01ca 07       		.byte	0x7
 303 01cb 26       		.byte	0x26
 304 01cc B0010000 		.4byte	0x1b0
 305 01d0 0A       		.uleb128 0xa
 306 01d1 47020000 		.4byte	.LASF62
 307 01d5 01       		.byte	0x1
 308 01d6 28       		.byte	0x28
 309 01d7 A5010000 		.4byte	0x1a5
 310 01db 00000000 		.4byte	.LFB110
 311 01df 1A000000 		.4byte	.LFE110-.LFB110
 312 01e3 01       		.uleb128 0x1
 313 01e4 9C       		.byte	0x9c
 314 01e5 1B020000 		.4byte	0x21b
 315 01e9 0B       		.uleb128 0xb
 316 01ea B5030000 		.4byte	.LASF63
 317 01ee 01       		.byte	0x1
 318 01ef 28       		.byte	0x28
 319 01f0 26020000 		.4byte	0x226
 320 01f4 00000000 		.4byte	.LLST0
 321 01f8 0C       		.uleb128 0xc
 322 01f9 0E000000 		.4byte	.LVL2
 323 01fd 73020000 		.4byte	0x273
 324 0201 0B020000 		.4byte	0x20b
 325 0205 0D       		.uleb128 0xd
 326 0206 01       		.uleb128 0x1
 327 0207 50       		.byte	0x50
 328 0208 01       		.uleb128 0x1
 329 0209 31       		.byte	0x31
 330 020a 00       		.byte	0
 331 020b 0E       		.uleb128 0xe
 332 020c 16000000 		.4byte	.LVL5
 333 0210 73020000 		.4byte	0x273
 334 0214 0D       		.uleb128 0xd
 335 0215 01       		.uleb128 0x1
 336 0216 50       		.byte	0x50
 337 0217 01       		.uleb128 0x1
 338 0218 30       		.byte	0x30
 339 0219 00       		.byte	0
 340 021a 00       		.byte	0
 341 021b 0F       		.uleb128 0xf
 342 021c 04       		.byte	0x4
 343 021d 21020000 		.4byte	0x221
 344 0221 10       		.uleb128 0x10
 345 0222 C5010000 		.4byte	0x1c5
ARM GAS  C:\Users\saman\AppData\Local\Temp\ccoxSIYw.s 			page 8


 346 0226 10       		.uleb128 0x10
 347 0227 1B020000 		.4byte	0x21b
 348 022b 11       		.uleb128 0x11
 349 022c 50040000 		.4byte	.LASF52
 350 0230 08       		.byte	0x8
 351 0231 40       		.byte	0x40
 352 0232 C9000000 		.4byte	0xc9
 353 0236 11       		.uleb128 0x11
 354 0237 4F010000 		.4byte	.LASF53
 355 023b 08       		.byte	0x8
 356 023c 47       		.byte	0x47
 357 023d D4000000 		.4byte	0xd4
 358 0241 11       		.uleb128 0x11
 359 0242 C8030000 		.4byte	.LASF54
 360 0246 08       		.byte	0x8
 361 0247 4A       		.byte	0x4a
 362 0248 C9000000 		.4byte	0xc9
 363 024c 11       		.uleb128 0x11
 364 024d FA000000 		.4byte	.LASF55
 365 0251 09       		.byte	0x9
 366 0252 48       		.byte	0x48
 367 0253 DF000000 		.4byte	0xdf
 368 0257 11       		.uleb128 0x11
 369 0258 E5000000 		.4byte	.LASF56
 370 025c 0A       		.byte	0xa
 371 025d 44       		.byte	0x44
 372 025e C9000000 		.4byte	0xc9
 373 0262 12       		.uleb128 0x12
 374 0263 2A040000 		.4byte	.LASF57
 375 0267 0B       		.byte	0xb
 376 0268 1207     		.2byte	0x712
 377 026a 6E020000 		.4byte	0x26e
 378 026e 13       		.uleb128 0x13
 379 026f 8C000000 		.4byte	0x8c
 380 0273 14       		.uleb128 0x14
 381 0274 BA030000 		.4byte	.LASF64
 382 0278 BA030000 		.4byte	.LASF64
 383 027c 0C       		.byte	0xc
 384 027d 26       		.byte	0x26
 385 027e 00       		.byte	0
 386              		.section	.debug_abbrev,"",%progbits
 387              	.Ldebug_abbrev0:
 388 0000 01       		.uleb128 0x1
 389 0001 11       		.uleb128 0x11
 390 0002 01       		.byte	0x1
 391 0003 25       		.uleb128 0x25
 392 0004 0E       		.uleb128 0xe
 393 0005 13       		.uleb128 0x13
 394 0006 0B       		.uleb128 0xb
 395 0007 03       		.uleb128 0x3
 396 0008 0E       		.uleb128 0xe
 397 0009 1B       		.uleb128 0x1b
 398 000a 0E       		.uleb128 0xe
 399 000b 55       		.uleb128 0x55
 400 000c 17       		.uleb128 0x17
 401 000d 11       		.uleb128 0x11
 402 000e 01       		.uleb128 0x1
ARM GAS  C:\Users\saman\AppData\Local\Temp\ccoxSIYw.s 			page 9


 403 000f 10       		.uleb128 0x10
 404 0010 17       		.uleb128 0x17
 405 0011 00       		.byte	0
 406 0012 00       		.byte	0
 407 0013 02       		.uleb128 0x2
 408 0014 24       		.uleb128 0x24
 409 0015 00       		.byte	0
 410 0016 0B       		.uleb128 0xb
 411 0017 0B       		.uleb128 0xb
 412 0018 3E       		.uleb128 0x3e
 413 0019 0B       		.uleb128 0xb
 414 001a 03       		.uleb128 0x3
 415 001b 0E       		.uleb128 0xe
 416 001c 00       		.byte	0
 417 001d 00       		.byte	0
 418 001e 03       		.uleb128 0x3
 419 001f 16       		.uleb128 0x16
 420 0020 00       		.byte	0
 421 0021 03       		.uleb128 0x3
 422 0022 0E       		.uleb128 0xe
 423 0023 3A       		.uleb128 0x3a
 424 0024 0B       		.uleb128 0xb
 425 0025 3B       		.uleb128 0x3b
 426 0026 0B       		.uleb128 0xb
 427 0027 49       		.uleb128 0x49
 428 0028 13       		.uleb128 0x13
 429 0029 00       		.byte	0
 430 002a 00       		.byte	0
 431 002b 04       		.uleb128 0x4
 432 002c 24       		.uleb128 0x24
 433 002d 00       		.byte	0
 434 002e 0B       		.uleb128 0xb
 435 002f 0B       		.uleb128 0xb
 436 0030 3E       		.uleb128 0x3e
 437 0031 0B       		.uleb128 0xb
 438 0032 03       		.uleb128 0x3
 439 0033 08       		.uleb128 0x8
 440 0034 00       		.byte	0
 441 0035 00       		.byte	0
 442 0036 05       		.uleb128 0x5
 443 0037 04       		.uleb128 0x4
 444 0038 01       		.byte	0x1
 445 0039 0B       		.uleb128 0xb
 446 003a 0B       		.uleb128 0xb
 447 003b 49       		.uleb128 0x49
 448 003c 13       		.uleb128 0x13
 449 003d 3A       		.uleb128 0x3a
 450 003e 0B       		.uleb128 0xb
 451 003f 3B       		.uleb128 0x3b
 452 0040 0B       		.uleb128 0xb
 453 0041 01       		.uleb128 0x1
 454 0042 13       		.uleb128 0x13
 455 0043 00       		.byte	0
 456 0044 00       		.byte	0
 457 0045 06       		.uleb128 0x6
 458 0046 28       		.uleb128 0x28
 459 0047 00       		.byte	0
ARM GAS  C:\Users\saman\AppData\Local\Temp\ccoxSIYw.s 			page 10


 460 0048 03       		.uleb128 0x3
 461 0049 0E       		.uleb128 0xe
 462 004a 1C       		.uleb128 0x1c
 463 004b 0B       		.uleb128 0xb
 464 004c 00       		.byte	0
 465 004d 00       		.byte	0
 466 004e 07       		.uleb128 0x7
 467 004f 28       		.uleb128 0x28
 468 0050 00       		.byte	0
 469 0051 03       		.uleb128 0x3
 470 0052 0E       		.uleb128 0xe
 471 0053 1C       		.uleb128 0x1c
 472 0054 0D       		.uleb128 0xd
 473 0055 00       		.byte	0
 474 0056 00       		.byte	0
 475 0057 08       		.uleb128 0x8
 476 0058 13       		.uleb128 0x13
 477 0059 01       		.byte	0x1
 478 005a 0B       		.uleb128 0xb
 479 005b 0B       		.uleb128 0xb
 480 005c 3A       		.uleb128 0x3a
 481 005d 0B       		.uleb128 0xb
 482 005e 3B       		.uleb128 0x3b
 483 005f 0B       		.uleb128 0xb
 484 0060 01       		.uleb128 0x1
 485 0061 13       		.uleb128 0x13
 486 0062 00       		.byte	0
 487 0063 00       		.byte	0
 488 0064 09       		.uleb128 0x9
 489 0065 0D       		.uleb128 0xd
 490 0066 00       		.byte	0
 491 0067 03       		.uleb128 0x3
 492 0068 0E       		.uleb128 0xe
 493 0069 3A       		.uleb128 0x3a
 494 006a 0B       		.uleb128 0xb
 495 006b 3B       		.uleb128 0x3b
 496 006c 0B       		.uleb128 0xb
 497 006d 49       		.uleb128 0x49
 498 006e 13       		.uleb128 0x13
 499 006f 38       		.uleb128 0x38
 500 0070 0B       		.uleb128 0xb
 501 0071 00       		.byte	0
 502 0072 00       		.byte	0
 503 0073 0A       		.uleb128 0xa
 504 0074 2E       		.uleb128 0x2e
 505 0075 01       		.byte	0x1
 506 0076 3F       		.uleb128 0x3f
 507 0077 19       		.uleb128 0x19
 508 0078 03       		.uleb128 0x3
 509 0079 0E       		.uleb128 0xe
 510 007a 3A       		.uleb128 0x3a
 511 007b 0B       		.uleb128 0xb
 512 007c 3B       		.uleb128 0x3b
 513 007d 0B       		.uleb128 0xb
 514 007e 27       		.uleb128 0x27
 515 007f 19       		.uleb128 0x19
 516 0080 49       		.uleb128 0x49
ARM GAS  C:\Users\saman\AppData\Local\Temp\ccoxSIYw.s 			page 11


 517 0081 13       		.uleb128 0x13
 518 0082 11       		.uleb128 0x11
 519 0083 01       		.uleb128 0x1
 520 0084 12       		.uleb128 0x12
 521 0085 06       		.uleb128 0x6
 522 0086 40       		.uleb128 0x40
 523 0087 18       		.uleb128 0x18
 524 0088 9742     		.uleb128 0x2117
 525 008a 19       		.uleb128 0x19
 526 008b 01       		.uleb128 0x1
 527 008c 13       		.uleb128 0x13
 528 008d 00       		.byte	0
 529 008e 00       		.byte	0
 530 008f 0B       		.uleb128 0xb
 531 0090 05       		.uleb128 0x5
 532 0091 00       		.byte	0
 533 0092 03       		.uleb128 0x3
 534 0093 0E       		.uleb128 0xe
 535 0094 3A       		.uleb128 0x3a
 536 0095 0B       		.uleb128 0xb
 537 0096 3B       		.uleb128 0x3b
 538 0097 0B       		.uleb128 0xb
 539 0098 49       		.uleb128 0x49
 540 0099 13       		.uleb128 0x13
 541 009a 02       		.uleb128 0x2
 542 009b 17       		.uleb128 0x17
 543 009c 00       		.byte	0
 544 009d 00       		.byte	0
 545 009e 0C       		.uleb128 0xc
 546 009f 898201   		.uleb128 0x4109
 547 00a2 01       		.byte	0x1
 548 00a3 11       		.uleb128 0x11
 549 00a4 01       		.uleb128 0x1
 550 00a5 31       		.uleb128 0x31
 551 00a6 13       		.uleb128 0x13
 552 00a7 01       		.uleb128 0x1
 553 00a8 13       		.uleb128 0x13
 554 00a9 00       		.byte	0
 555 00aa 00       		.byte	0
 556 00ab 0D       		.uleb128 0xd
 557 00ac 8A8201   		.uleb128 0x410a
 558 00af 00       		.byte	0
 559 00b0 02       		.uleb128 0x2
 560 00b1 18       		.uleb128 0x18
 561 00b2 9142     		.uleb128 0x2111
 562 00b4 18       		.uleb128 0x18
 563 00b5 00       		.byte	0
 564 00b6 00       		.byte	0
 565 00b7 0E       		.uleb128 0xe
 566 00b8 898201   		.uleb128 0x4109
 567 00bb 01       		.byte	0x1
 568 00bc 11       		.uleb128 0x11
 569 00bd 01       		.uleb128 0x1
 570 00be 31       		.uleb128 0x31
 571 00bf 13       		.uleb128 0x13
 572 00c0 00       		.byte	0
 573 00c1 00       		.byte	0
ARM GAS  C:\Users\saman\AppData\Local\Temp\ccoxSIYw.s 			page 12


 574 00c2 0F       		.uleb128 0xf
 575 00c3 0F       		.uleb128 0xf
 576 00c4 00       		.byte	0
 577 00c5 0B       		.uleb128 0xb
 578 00c6 0B       		.uleb128 0xb
 579 00c7 49       		.uleb128 0x49
 580 00c8 13       		.uleb128 0x13
 581 00c9 00       		.byte	0
 582 00ca 00       		.byte	0
 583 00cb 10       		.uleb128 0x10
 584 00cc 26       		.uleb128 0x26
 585 00cd 00       		.byte	0
 586 00ce 49       		.uleb128 0x49
 587 00cf 13       		.uleb128 0x13
 588 00d0 00       		.byte	0
 589 00d1 00       		.byte	0
 590 00d2 11       		.uleb128 0x11
 591 00d3 34       		.uleb128 0x34
 592 00d4 00       		.byte	0
 593 00d5 03       		.uleb128 0x3
 594 00d6 0E       		.uleb128 0xe
 595 00d7 3A       		.uleb128 0x3a
 596 00d8 0B       		.uleb128 0xb
 597 00d9 3B       		.uleb128 0x3b
 598 00da 0B       		.uleb128 0xb
 599 00db 49       		.uleb128 0x49
 600 00dc 13       		.uleb128 0x13
 601 00dd 3F       		.uleb128 0x3f
 602 00de 19       		.uleb128 0x19
 603 00df 3C       		.uleb128 0x3c
 604 00e0 19       		.uleb128 0x19
 605 00e1 00       		.byte	0
 606 00e2 00       		.byte	0
 607 00e3 12       		.uleb128 0x12
 608 00e4 34       		.uleb128 0x34
 609 00e5 00       		.byte	0
 610 00e6 03       		.uleb128 0x3
 611 00e7 0E       		.uleb128 0xe
 612 00e8 3A       		.uleb128 0x3a
 613 00e9 0B       		.uleb128 0xb
 614 00ea 3B       		.uleb128 0x3b
 615 00eb 05       		.uleb128 0x5
 616 00ec 49       		.uleb128 0x49
 617 00ed 13       		.uleb128 0x13
 618 00ee 3F       		.uleb128 0x3f
 619 00ef 19       		.uleb128 0x19
 620 00f0 3C       		.uleb128 0x3c
 621 00f1 19       		.uleb128 0x19
 622 00f2 00       		.byte	0
 623 00f3 00       		.byte	0
 624 00f4 13       		.uleb128 0x13
 625 00f5 35       		.uleb128 0x35
 626 00f6 00       		.byte	0
 627 00f7 49       		.uleb128 0x49
 628 00f8 13       		.uleb128 0x13
 629 00f9 00       		.byte	0
 630 00fa 00       		.byte	0
ARM GAS  C:\Users\saman\AppData\Local\Temp\ccoxSIYw.s 			page 13


 631 00fb 14       		.uleb128 0x14
 632 00fc 2E       		.uleb128 0x2e
 633 00fd 00       		.byte	0
 634 00fe 3F       		.uleb128 0x3f
 635 00ff 19       		.uleb128 0x19
 636 0100 3C       		.uleb128 0x3c
 637 0101 19       		.uleb128 0x19
 638 0102 6E       		.uleb128 0x6e
 639 0103 0E       		.uleb128 0xe
 640 0104 03       		.uleb128 0x3
 641 0105 0E       		.uleb128 0xe
 642 0106 3A       		.uleb128 0x3a
 643 0107 0B       		.uleb128 0xb
 644 0108 3B       		.uleb128 0x3b
 645 0109 0B       		.uleb128 0xb
 646 010a 00       		.byte	0
 647 010b 00       		.byte	0
 648 010c 00       		.byte	0
 649              		.section	.debug_loc,"",%progbits
 650              	.Ldebug_loc0:
 651              	.LLST0:
 652 0000 00000000 		.4byte	.LVL0
 653 0004 0A000000 		.4byte	.LVL1
 654 0008 0100     		.2byte	0x1
 655 000a 50       		.byte	0x50
 656 000b 0A000000 		.4byte	.LVL1
 657 000f 10000000 		.4byte	.LVL3
 658 0013 0400     		.2byte	0x4
 659 0015 F3       		.byte	0xf3
 660 0016 01       		.uleb128 0x1
 661 0017 50       		.byte	0x50
 662 0018 9F       		.byte	0x9f
 663 0019 10000000 		.4byte	.LVL3
 664 001d 12000000 		.4byte	.LVL4
 665 0021 0100     		.2byte	0x1
 666 0023 50       		.byte	0x50
 667 0024 12000000 		.4byte	.LVL4
 668 0028 1A000000 		.4byte	.LFE110
 669 002c 0400     		.2byte	0x4
 670 002e F3       		.byte	0xf3
 671 002f 01       		.uleb128 0x1
 672 0030 50       		.byte	0x50
 673 0031 9F       		.byte	0x9f
 674 0032 00000000 		.4byte	0
 675 0036 00000000 		.4byte	0
 676              		.section	.debug_aranges,"",%progbits
 677 0000 1C000000 		.4byte	0x1c
 678 0004 0200     		.2byte	0x2
 679 0006 00000000 		.4byte	.Ldebug_info0
 680 000a 04       		.byte	0x4
 681 000b 00       		.byte	0
 682 000c 0000     		.2byte	0
 683 000e 0000     		.2byte	0
 684 0010 00000000 		.4byte	.LFB110
 685 0014 1A000000 		.4byte	.LFE110-.LFB110
 686 0018 00000000 		.4byte	0
 687 001c 00000000 		.4byte	0
ARM GAS  C:\Users\saman\AppData\Local\Temp\ccoxSIYw.s 			page 14


 688              		.section	.debug_ranges,"",%progbits
 689              	.Ldebug_ranges0:
 690 0000 00000000 		.4byte	.LFB110
 691 0004 1A000000 		.4byte	.LFE110
 692 0008 00000000 		.4byte	0
 693 000c 00000000 		.4byte	0
 694              		.section	.debug_line,"",%progbits
 695              	.Ldebug_line0:
 696 0000 63020000 		.section	.debug_str,"MS",%progbits,1
 696      02004402 
 696      00000201 
 696      FB0E0D00 
 696      01010101 
 697              	.LASF38:
 698 0000 52435F45 		.ascii	"RC_ERROR_READ_ONLY\000"
 698      52524F52 
 698      5F524541 
 698      445F4F4E 
 698      4C5900
 699              	.LASF24:
 700 0013 52435F53 		.ascii	"RC_SUCCESS\000"
 700      55434345 
 700      535300
 701              	.LASF59:
 702 001e 736F7572 		.ascii	"source\\rte\\sc_brakelight_type.c\000"
 702      63655C72 
 702      74655C73 
 702      635F6272 
 702      616B656C 
 703              	.LASF39:
 704 003e 52435F45 		.ascii	"RC_ERROR_WRITE_ONLY\000"
 704      52524F52 
 704      5F575249 
 704      54455F4F 
 704      4E4C5900 
 705              	.LASF2:
 706 0052 73686F72 		.ascii	"short int\000"
 706      7420696E 
 706      7400
 707              	.LASF30:
 708 005c 52435F45 		.ascii	"RC_ERROR_OVERRUN\000"
 708      52524F52 
 708      5F4F5645 
 708      5252554E 
 708      00
 709              	.LASF42:
 710 006d 52435F45 		.ascii	"RC_ERROR_WRITE_FAILS\000"
 710      52524F52 
 710      5F575249 
 710      54455F46 
 710      41494C53 
 711              	.LASF22:
 712 0082 73697A65 		.ascii	"sizetype\000"
 712      74797065 
 712      00
 713              	.LASF27:
 714 008b 52435F45 		.ascii	"RC_ERROR_ZERO\000"
ARM GAS  C:\Users\saman\AppData\Local\Temp\ccoxSIYw.s 			page 15


 714      52524F52 
 714      5F5A4552 
 714      4F00
 715              	.LASF20:
 716 0099 45455F46 		.ascii	"EE_FREG\000"
 716      52454700 
 717              	.LASF41:
 718 00a1 52435F45 		.ascii	"RC_ERROR_READ_FAILS\000"
 718      52524F52 
 718      5F524541 
 718      445F4641 
 718      494C5300 
 719              	.LASF18:
 720 00b5 45455F55 		.ascii	"EE_UINT32\000"
 720      494E5433 
 720      3200
 721              	.LASF21:
 722 00bf 45455F54 		.ascii	"EE_TID\000"
 722      494400
 723              	.LASF11:
 724 00c6 75696E74 		.ascii	"uint8_t\000"
 724      385F7400 
 725              	.LASF47:
 726 00ce 52435F45 		.ascii	"RC_ERROR_INVALID_STATE\000"
 726      52524F52 
 726      5F494E56 
 726      414C4944 
 726      5F535441 
 727              	.LASF56:
 728 00e5 45455F49 		.ascii	"EE_IRQ_nesting_level\000"
 728      52515F6E 
 728      65737469 
 728      6E675F6C 
 728      6576656C 
 729              	.LASF55:
 730 00fa 45455F73 		.ascii	"EE_std_endcycle_next_tid\000"
 730      74645F65 
 730      6E646379 
 730      636C655F 
 730      6E657874 
 731              	.LASF29:
 732 0113 52435F45 		.ascii	"RC_ERROR_RANGE\000"
 732      52524F52 
 732      5F52414E 
 732      474500
 733              	.LASF13:
 734 0122 666C6F61 		.ascii	"float\000"
 734      7400
 735              	.LASF49:
 736 0128 52435F45 		.ascii	"RC_ERROR_NOT_IMPLEMENTED\000"
 736      52524F52 
 736      5F4E4F54 
 736      5F494D50 
 736      4C454D45 
 737              	.LASF8:
 738 0141 6C6F6E67 		.ascii	"long long int\000"
 738      206C6F6E 
ARM GAS  C:\Users\saman\AppData\Local\Temp\ccoxSIYw.s 			page 16


 738      6720696E 
 738      7400
 739              	.LASF53:
 740 014f 45455F6F 		.ascii	"EE_oo_IRQ_suspend_status\000"
 740      6F5F4952 
 740      515F7375 
 740      7370656E 
 740      645F7374 
 741              	.LASF60:
 742 0168 443A5C68 		.ascii	"D:\\h_da\\sem2\\eaa\\gasPedal\\A1_GasPedal\\A1_GasP"
 742      5F64615C 
 742      73656D32 
 742      5C656161 
 742      5C676173 
 743 0195 6564616C 		.ascii	"edal\\Design01.cydsn\000"
 743      5C446573 
 743      69676E30 
 743      312E6379 
 743      64736E00 
 744              	.LASF43:
 745 01a9 52435F45 		.ascii	"RC_ERROR_NOT_MATCH\000"
 745      52524F52 
 745      5F4E4F54 
 745      5F4D4154 
 745      434800
 746              	.LASF48:
 747 01bc 52435F45 		.ascii	"RC_ERROR_UNKNOWN\000"
 747      52524F52 
 747      5F554E4B 
 747      4E4F574E 
 747      00
 748              	.LASF6:
 749 01cd 6C6F6E67 		.ascii	"long int\000"
 749      20696E74 
 749      00
 750              	.LASF31:
 751 01d6 52435F45 		.ascii	"RC_ERROR_UNDERRUN\000"
 751      52524F52 
 751      5F554E44 
 751      45525255 
 751      4E00
 752              	.LASF34:
 753 01e8 52435F45 		.ascii	"RC_ERROR_BUSY\000"
 753      52524F52 
 753      5F425553 
 753      5900
 754              	.LASF4:
 755 01f6 5F5F7569 		.ascii	"__uint8_t\000"
 755      6E74385F 
 755      7400
 756              	.LASF40:
 757 0200 52435F45 		.ascii	"RC_ERROR_INVALID\000"
 757      52524F52 
 757      5F494E56 
 757      414C4944 
 757      00
 758              	.LASF45:
ARM GAS  C:\Users\saman\AppData\Local\Temp\ccoxSIYw.s 			page 17


 759 0211 52435F45 		.ascii	"RC_ERROR_BAD_DATA\000"
 759      52524F52 
 759      5F424144 
 759      5F444154 
 759      4100
 760              	.LASF23:
 761 0223 626F6F6C 		.ascii	"boolean_t\000"
 761      65616E5F 
 761      7400
 762              	.LASF16:
 763 022d 6C6F6E67 		.ascii	"long double\000"
 763      20646F75 
 763      626C6500 
 764              	.LASF1:
 765 0239 756E7369 		.ascii	"unsigned char\000"
 765      676E6564 
 765      20636861 
 765      7200
 766              	.LASF62:
 767 0247 53435F42 		.ascii	"SC_BRAKELIGHT_driverOut\000"
 767      52414B45 
 767      4C494748 
 767      545F6472 
 767      69766572 
 768              	.LASF0:
 769 025f 7369676E 		.ascii	"signed char\000"
 769      65642063 
 769      68617200 
 770              	.LASF9:
 771 026b 6C6F6E67 		.ascii	"long long unsigned int\000"
 771      206C6F6E 
 771      6720756E 
 771      7369676E 
 771      65642069 
 772              	.LASF10:
 773 0282 756E7369 		.ascii	"unsigned int\000"
 773      676E6564 
 773      20696E74 
 773      00
 774              	.LASF36:
 775 028f 52435F45 		.ascii	"RC_ERROR_OPEN\000"
 775      52524F52 
 775      5F4F5045 
 775      4E00
 776              	.LASF26:
 777 029d 52435F45 		.ascii	"RC_ERROR_NULL\000"
 777      52524F52 
 777      5F4E554C 
 777      4C00
 778              	.LASF33:
 779 02ab 52435F45 		.ascii	"RC_ERROR_BUFFER_EMTPY\000"
 779      52524F52 
 779      5F425546 
 779      4645525F 
 779      454D5450 
 780              	.LASF17:
 781 02c1 45455F49 		.ascii	"EE_INT32\000"
ARM GAS  C:\Users\saman\AppData\Local\Temp\ccoxSIYw.s 			page 18


 781      4E543332 
 781      00
 782              	.LASF51:
 783 02ca 53435F42 		.ascii	"SC_BRAKELIGHT_data_t\000"
 783      52414B45 
 783      4C494748 
 783      545F6461 
 783      74615F74 
 784              	.LASF3:
 785 02df 73686F72 		.ascii	"short unsigned int\000"
 785      7420756E 
 785      7369676E 
 785      65642069 
 785      6E7400
 786              	.LASF58:
 787 02f2 474E5520 		.ascii	"GNU C11 5.4.1 20160609 (release) [ARM/embedded-5-br"
 787      43313120 
 787      352E342E 
 787      31203230 
 787      31363036 
 788 0325 616E6368 		.ascii	"anch revision 237715] -mcpu=cortex-m3 -mthumb -g -O"
 788      20726576 
 788      6973696F 
 788      6E203233 
 788      37373135 
 789 0358 67202D66 		.ascii	"g -ffunction-sections -ffat-lto-objects\000"
 789      66756E63 
 789      74696F6E 
 789      2D736563 
 789      74696F6E 
 790              	.LASF15:
 791 0380 63686172 		.ascii	"char\000"
 791      00
 792              	.LASF32:
 793 0385 52435F45 		.ascii	"RC_ERROR_BUFFER_FULL\000"
 793      52524F52 
 793      5F425546 
 793      4645525F 
 793      46554C4C 
 794              	.LASF12:
 795 039a 696E7433 		.ascii	"int32_t\000"
 795      325F7400 
 796              	.LASF44:
 797 03a2 52435F45 		.ascii	"RC_ERROR_BAD_PARAM\000"
 797      52524F52 
 797      5F424144 
 797      5F504152 
 797      414D00
 798              	.LASF63:
 799 03b5 64617461 		.ascii	"data\000"
 799      00
 800              	.LASF64:
 801 03ba 4C45445F 		.ascii	"LED_RED_Write\000"
 801      5245445F 
 801      57726974 
 801      6500
 802              	.LASF54:
ARM GAS  C:\Users\saman\AppData\Local\Temp\ccoxSIYw.s 			page 19


 803 03c8 45455F41 		.ascii	"EE_ApplicationMode\000"
 803      70706C69 
 803      63617469 
 803      6F6E4D6F 
 803      646500
 804              	.LASF7:
 805 03db 6C6F6E67 		.ascii	"long unsigned int\000"
 805      20756E73 
 805      69676E65 
 805      6420696E 
 805      7400
 806              	.LASF14:
 807 03ed 646F7562 		.ascii	"double\000"
 807      6C6500
 808              	.LASF37:
 809 03f4 52435F45 		.ascii	"RC_ERROR_CHECKSUM\000"
 809      52524F52 
 809      5F434845 
 809      434B5355 
 809      4D00
 810              	.LASF19:
 811 0406 45455F55 		.ascii	"EE_UREG\000"
 811      52454700 
 812              	.LASF5:
 813 040e 5F5F696E 		.ascii	"__int32_t\000"
 813      7433325F 
 813      7400
 814              	.LASF46:
 815 0418 52435F45 		.ascii	"RC_ERROR_CANCELED\000"
 815      52524F52 
 815      5F43414E 
 815      43454C45 
 815      4400
 816              	.LASF57:
 817 042a 49544D5F 		.ascii	"ITM_RxBuffer\000"
 817      52784275 
 817      66666572 
 817      00
 818              	.LASF25:
 819 0437 52435F45 		.ascii	"RC_ERROR\000"
 819      52524F52 
 819      00
 820              	.LASF28:
 821 0440 52435F45 		.ascii	"RC_ERROR_MEMORY\000"
 821      52524F52 
 821      5F4D454D 
 821      4F525900 
 822              	.LASF52:
 823 0450 45455F6F 		.ascii	"EE_oo_IRQ_disable_count\000"
 823      6F5F4952 
 823      515F6469 
 823      7361626C 
 823      655F636F 
 824              	.LASF50:
 825 0468 52435F74 		.ascii	"RC_t\000"
 825      00
 826              	.LASF61:
ARM GAS  C:\Users\saman\AppData\Local\Temp\ccoxSIYw.s 			page 20


 827 046d 6272616B 		.ascii	"brakelight_value\000"
 827      656C6967 
 827      68745F76 
 827      616C7565 
 827      00
 828              	.LASF35:
 829 047e 52435F45 		.ascii	"RC_ERROR_TIME_OUT\000"
 829      52524F52 
 829      5F54494D 
 829      455F4F55 
 829      5400
 830              		.ident	"GCC: (GNU Tools for ARM Embedded Processors) 5.4.1 20160609 (release) [ARM/embedded-5-bran
