ARM GAS  C:\Users\saman\AppData\Local\Temp\ccKwnQRG.s 			page 1


   1              		.syntax unified
   2              		.cpu cortex-m3
   3              		.fpu softvfp
   4              		.eabi_attribute 20, 1
   5              		.eabi_attribute 21, 1
   6              		.eabi_attribute 23, 3
   7              		.eabi_attribute 24, 1
   8              		.eabi_attribute 25, 1
   9              		.eabi_attribute 26, 1
  10              		.eabi_attribute 30, 1
  11              		.eabi_attribute 34, 1
  12              		.eabi_attribute 18, 4
  13              		.thumb
  14              		.syntax unified
  15              		.file	"sc_engine_type.c"
  16              		.text
  17              	.Ltext0:
  18              		.cfi_sections	.debug_frame
  19              		.section	.text.SC_ENGINE_driverOut,"ax",%progbits
  20              		.align	2
  21              		.global	SC_ENGINE_driverOut
  22              		.thumb
  23              		.thumb_func
  24              		.type	SC_ENGINE_driverOut, %function
  25              	SC_ENGINE_driverOut:
  26              	.LFB110:
  27              		.file 1 "source\\rte\\sc_engine_type.c"
   1:source\rte/sc_engine_type.c **** /*
   2:source\rte/sc_engine_type.c ****  * Filename: sc_engine_type.c
   3:source\rte/sc_engine_type.c ****  *
   4:source\rte/sc_engine_type.c ****  * Author: Autogenerated by H-DA RTE Generator, (c) Prof. Fromm
   5:source\rte/sc_engine_type.c ****  *
   6:source\rte/sc_engine_type.c ****  * description: Signalclass representing engine
   7:source\rte/sc_engine_type.c ****  * name: sc_engine
   8:source\rte/sc_engine_type.c ****  * shortname: engine
   9:source\rte/sc_engine_type.c ****  *
  10:source\rte/sc_engine_type.c ****  */
  11:source\rte/sc_engine_type.c **** 
  12:source\rte/sc_engine_type.c **** #include "project.h"
  13:source\rte/sc_engine_type.c **** #include "global.h"
  14:source\rte/sc_engine_type.c **** #include "rte.h"
  15:source\rte/sc_engine_type.c **** #include "rte_types.h"
  16:source\rte/sc_engine_type.c **** #include "sc_engine_type.h"
  17:source\rte/sc_engine_type.c **** 
  18:source\rte/sc_engine_type.c **** 
  19:source\rte/sc_engine_type.c **** 
  20:source\rte/sc_engine_type.c **** /* USER CODE START SC_ENGINE_INCLUDE */
  21:source\rte/sc_engine_type.c **** 
  22:source\rte/sc_engine_type.c **** /* USER CODE END SC_ENGINE_INCLUDE */
  23:source\rte/sc_engine_type.c **** 
  24:source\rte/sc_engine_type.c **** 
  25:source\rte/sc_engine_type.c **** 
  26:source\rte/sc_engine_type.c **** 
  27:source\rte/sc_engine_type.c **** /* USER CODE START SC_ENGINE_USERDEFINITIONS */
  28:source\rte/sc_engine_type.c **** 
  29:source\rte/sc_engine_type.c **** /* USER CODE END SC_ENGINE_USERDEFINITIONS */
  30:source\rte/sc_engine_type.c **** 
ARM GAS  C:\Users\saman\AppData\Local\Temp\ccKwnQRG.s 			page 2


  31:source\rte/sc_engine_type.c **** 
  32:source\rte/sc_engine_type.c **** /*****************************************************************************************
  33:source\rte/sc_engine_type.c ****  *************** Port Wrapper Implementation for SC_ENGINE signal  ****************
  34:source\rte/sc_engine_type.c ****  *****************************************************************************************/
  35:source\rte/sc_engine_type.c ****  
  36:source\rte/sc_engine_type.c ****  
  37:source\rte/sc_engine_type.c **** /**
  38:source\rte/sc_engine_type.c ****  * Default OUT driver API
  39:source\rte/sc_engine_type.c ****  */
  40:source\rte/sc_engine_type.c **** inline RC_t SC_ENGINE_driverOut(const SC_ENGINE_data_t  *const data)
  41:source\rte/sc_engine_type.c **** {
  28              		.loc 1 41 0
  29              		.cfi_startproc
  30              		@ args = 0, pretend = 0, frame = 0
  31              		@ frame_needed = 0, uses_anonymous_args = 0
  32              	.LVL0:
  33 0000 08B5     		push	{r3, lr}
  34              		.cfi_def_cfa_offset 8
  35              		.cfi_offset 3, -8
  36              		.cfi_offset 14, -4
  42:source\rte/sc_engine_type.c **** 	/* USER CODE START driverOutSC_ENGINE */
  43:source\rte/sc_engine_type.c **** 
  44:source\rte/sc_engine_type.c **** 	//Scale application data to drive format
  45:source\rte/sc_engine_type.c **** 
  46:source\rte/sc_engine_type.c **** 	//Write scaled data to driver
  47:source\rte/sc_engine_type.c ****     if(data->engine_value <= 0)
  37              		.loc 1 47 0
  38 0002 0078     		ldrb	r0, [r0]	@ zero_extendqisi2
  39              	.LVL1:
  40 0004 10B9     		cbnz	r0, .L2
  48:source\rte/sc_engine_type.c ****     {
  49:source\rte/sc_engine_type.c ****         RGB_PWM_green_WriteCompare(0);
  41              		.loc 1 49 0
  42 0006 FFF7FEFF 		bl	RGB_PWM_green_WriteCompare
  43              	.LVL2:
  44 000a 01E0     		b	.L3
  45              	.L2:
  50:source\rte/sc_engine_type.c ****     }
  51:source\rte/sc_engine_type.c ****     else
  52:source\rte/sc_engine_type.c ****     {
  53:source\rte/sc_engine_type.c ****         RGB_PWM_green_WriteCompare(data->engine_value);
  46              		.loc 1 53 0
  47 000c FFF7FEFF 		bl	RGB_PWM_green_WriteCompare
  48              	.LVL3:
  49              	.L3:
  54:source\rte/sc_engine_type.c ****     }
  55:source\rte/sc_engine_type.c **** 
  56:source\rte/sc_engine_type.c **** 	return RC_SUCCESS;
  57:source\rte/sc_engine_type.c **** 	/* USER CODE END driverOutSC_ENGINE */
  58:source\rte/sc_engine_type.c **** }
  50              		.loc 1 58 0
  51 0010 0020     		movs	r0, #0
  52 0012 08BD     		pop	{r3, pc}
  53              		.cfi_endproc
  54              	.LFE110:
  55              		.size	SC_ENGINE_driverOut, .-SC_ENGINE_driverOut
  56              		.text
ARM GAS  C:\Users\saman\AppData\Local\Temp\ccKwnQRG.s 			page 3


  57              	.Letext0:
  58              		.file 2 "c:\\program files (x86)\\cypress\\psoc creator\\4.4\\psoc creator\\import\\gnu\\arm\\5.4.
  59              		.file 3 "c:\\program files (x86)\\cypress\\psoc creator\\4.4\\psoc creator\\import\\gnu\\arm\\5.4.
  60              		.file 4 "Generated_Source\\PSoC5/ErikaOS_1_common_ee_types.inc"
  61              		.file 5 "Generated_Source\\PSoC5/ErikaOS_1_cortex_mx_ee_cpu.inc"
  62              		.file 6 ".\\source\\bsw/global.h"
  63              		.file 7 "source\\rte\\sc_engine_type.h"
  64              		.file 8 "Generated_Source\\PSoC5/ErikaOS_1_ee_oo_intfunc.inc"
  65              		.file 9 "Generated_Source\\PSoC5/ErikaOS_1_cortex_mx_ee_context.inc"
  66              		.file 10 "Generated_Source\\PSoC5/ErikaOS_1_common_ee_primitives.inc"
  67              		.file 11 "Generated_Source\\PSoC5/core_cm3.h"
  68              		.file 12 "Generated_Source\\PSoC5/RGB_PWM_green.h"
  69              		.section	.debug_info,"",%progbits
  70              	.Ldebug_info0:
  71 0000 60020000 		.4byte	0x260
  72 0004 0400     		.2byte	0x4
  73 0006 00000000 		.4byte	.Ldebug_abbrev0
  74 000a 04       		.byte	0x4
  75 000b 01       		.uleb128 0x1
  76 000c CA020000 		.4byte	.LASF57
  77 0010 0C       		.byte	0xc
  78 0011 B7030000 		.4byte	.LASF58
  79 0015 77010000 		.4byte	.LASF59
  80 0019 00000000 		.4byte	.Ldebug_ranges0+0
  81 001d 00000000 		.4byte	0
  82 0021 00000000 		.4byte	.Ldebug_line0
  83 0025 02       		.uleb128 0x2
  84 0026 01       		.byte	0x1
  85 0027 06       		.byte	0x6
  86 0028 4C020000 		.4byte	.LASF0
  87 002c 03       		.uleb128 0x3
  88 002d 05020000 		.4byte	.LASF4
  89 0031 02       		.byte	0x2
  90 0032 1D       		.byte	0x1d
  91 0033 37000000 		.4byte	0x37
  92 0037 02       		.uleb128 0x2
  93 0038 01       		.byte	0x1
  94 0039 08       		.byte	0x8
  95 003a 3E020000 		.4byte	.LASF1
  96 003e 02       		.uleb128 0x2
  97 003f 02       		.byte	0x2
  98 0040 05       		.byte	0x5
  99 0041 4D000000 		.4byte	.LASF2
 100 0045 02       		.uleb128 0x2
 101 0046 02       		.byte	0x2
 102 0047 07       		.byte	0x7
 103 0048 B7020000 		.4byte	.LASF3
 104 004c 03       		.uleb128 0x3
 105 004d ED030000 		.4byte	.LASF5
 106 0051 02       		.byte	0x2
 107 0052 3F       		.byte	0x3f
 108 0053 57000000 		.4byte	0x57
 109 0057 02       		.uleb128 0x2
 110 0058 04       		.byte	0x4
 111 0059 05       		.byte	0x5
 112 005a DC010000 		.4byte	.LASF6
 113 005e 02       		.uleb128 0x2
ARM GAS  C:\Users\saman\AppData\Local\Temp\ccKwnQRG.s 			page 4


 114 005f 04       		.byte	0x4
 115 0060 07       		.byte	0x7
 116 0061 A5030000 		.4byte	.LASF7
 117 0065 02       		.uleb128 0x2
 118 0066 08       		.byte	0x8
 119 0067 05       		.byte	0x5
 120 0068 50010000 		.4byte	.LASF8
 121 006c 02       		.uleb128 0x2
 122 006d 08       		.byte	0x8
 123 006e 07       		.byte	0x7
 124 006f 58020000 		.4byte	.LASF9
 125 0073 04       		.uleb128 0x4
 126 0074 04       		.byte	0x4
 127 0075 05       		.byte	0x5
 128 0076 696E7400 		.ascii	"int\000"
 129 007a 02       		.uleb128 0x2
 130 007b 04       		.byte	0x4
 131 007c 07       		.byte	0x7
 132 007d 6F020000 		.4byte	.LASF10
 133 0081 03       		.uleb128 0x3
 134 0082 D5000000 		.4byte	.LASF11
 135 0086 03       		.byte	0x3
 136 0087 18       		.byte	0x18
 137 0088 2C000000 		.4byte	0x2c
 138 008c 03       		.uleb128 0x3
 139 008d 72030000 		.4byte	.LASF12
 140 0091 03       		.byte	0x3
 141 0092 2C       		.byte	0x2c
 142 0093 4C000000 		.4byte	0x4c
 143 0097 02       		.uleb128 0x2
 144 0098 04       		.byte	0x4
 145 0099 04       		.byte	0x4
 146 009a 31010000 		.4byte	.LASF13
 147 009e 02       		.uleb128 0x2
 148 009f 08       		.byte	0x8
 149 00a0 04       		.byte	0x4
 150 00a1 16040000 		.4byte	.LASF14
 151 00a5 02       		.uleb128 0x2
 152 00a6 01       		.byte	0x1
 153 00a7 08       		.byte	0x8
 154 00a8 58030000 		.4byte	.LASF15
 155 00ac 02       		.uleb128 0x2
 156 00ad 08       		.byte	0x8
 157 00ae 04       		.byte	0x4
 158 00af 32020000 		.4byte	.LASF16
 159 00b3 03       		.uleb128 0x3
 160 00b4 AE020000 		.4byte	.LASF17
 161 00b8 04       		.byte	0x4
 162 00b9 53       		.byte	0x53
 163 00ba 73000000 		.4byte	0x73
 164 00be 03       		.uleb128 0x3
 165 00bf C4000000 		.4byte	.LASF18
 166 00c3 04       		.byte	0x4
 167 00c4 54       		.byte	0x54
 168 00c5 7A000000 		.4byte	0x7a
 169 00c9 03       		.uleb128 0x3
 170 00ca E5030000 		.4byte	.LASF19
ARM GAS  C:\Users\saman\AppData\Local\Temp\ccKwnQRG.s 			page 5


 171 00ce 05       		.byte	0x5
 172 00cf 4D       		.byte	0x4d
 173 00d0 BE000000 		.4byte	0xbe
 174 00d4 03       		.uleb128 0x3
 175 00d5 94000000 		.4byte	.LASF20
 176 00d9 05       		.byte	0x5
 177 00da 4F       		.byte	0x4f
 178 00db BE000000 		.4byte	0xbe
 179 00df 03       		.uleb128 0x3
 180 00e0 CE000000 		.4byte	.LASF21
 181 00e4 05       		.byte	0x5
 182 00e5 78       		.byte	0x78
 183 00e6 B3000000 		.4byte	0xb3
 184 00ea 02       		.uleb128 0x2
 185 00eb 04       		.byte	0x4
 186 00ec 07       		.byte	0x7
 187 00ed 7D000000 		.4byte	.LASF22
 188 00f1 05       		.uleb128 0x5
 189 00f2 01       		.byte	0x1
 190 00f3 25000000 		.4byte	0x25
 191 00f7 06       		.byte	0x6
 192 00f8 CF       		.byte	0xcf
 193 00f9 9A010000 		.4byte	0x19a
 194 00fd 06       		.uleb128 0x6
 195 00fe 2E000000 		.4byte	.LASF23
 196 0102 00       		.byte	0
 197 0103 07       		.uleb128 0x7
 198 0104 3B040000 		.4byte	.LASF24
 199 0108 7F       		.sleb128 -1
 200 0109 07       		.uleb128 0x7
 201 010a 8A020000 		.4byte	.LASF25
 202 010e 7E       		.sleb128 -2
 203 010f 07       		.uleb128 0x7
 204 0110 86000000 		.4byte	.LASF26
 205 0114 7D       		.sleb128 -3
 206 0115 07       		.uleb128 0x7
 207 0116 44040000 		.4byte	.LASF27
 208 011a 7C       		.sleb128 -4
 209 011b 07       		.uleb128 0x7
 210 011c 22010000 		.4byte	.LASF28
 211 0120 7B       		.sleb128 -5
 212 0121 07       		.uleb128 0x7
 213 0122 57000000 		.4byte	.LASF29
 214 0126 7A       		.sleb128 -6
 215 0127 07       		.uleb128 0x7
 216 0128 E5010000 		.4byte	.LASF30
 217 012c 79       		.sleb128 -7
 218 012d 07       		.uleb128 0x7
 219 012e 5D030000 		.4byte	.LASF31
 220 0132 78       		.sleb128 -8
 221 0133 07       		.uleb128 0x7
 222 0134 98020000 		.4byte	.LASF32
 223 0138 77       		.sleb128 -9
 224 0139 07       		.uleb128 0x7
 225 013a F7010000 		.4byte	.LASF33
 226 013e 76       		.sleb128 -10
 227 013f 07       		.uleb128 0x7
ARM GAS  C:\Users\saman\AppData\Local\Temp\ccKwnQRG.s 			page 6


 228 0140 71040000 		.4byte	.LASF34
 229 0144 75       		.sleb128 -11
 230 0145 07       		.uleb128 0x7
 231 0146 7C020000 		.4byte	.LASF35
 232 014a 74       		.sleb128 -12
 233 014b 07       		.uleb128 0x7
 234 014c D3030000 		.4byte	.LASF36
 235 0150 73       		.sleb128 -13
 236 0151 07       		.uleb128 0x7
 237 0152 1B000000 		.4byte	.LASF37
 238 0156 72       		.sleb128 -14
 239 0157 07       		.uleb128 0x7
 240 0158 39000000 		.4byte	.LASF38
 241 015c 71       		.sleb128 -15
 242 015d 07       		.uleb128 0x7
 243 015e 0F020000 		.4byte	.LASF39
 244 0162 70       		.sleb128 -16
 245 0163 07       		.uleb128 0x7
 246 0164 9C000000 		.4byte	.LASF40
 247 0168 6F       		.sleb128 -17
 248 0169 07       		.uleb128 0x7
 249 016a 68000000 		.4byte	.LASF41
 250 016e 6E       		.sleb128 -18
 251 016f 07       		.uleb128 0x7
 252 0170 B8010000 		.4byte	.LASF42
 253 0174 6D       		.sleb128 -19
 254 0175 07       		.uleb128 0x7
 255 0176 7A030000 		.4byte	.LASF43
 256 017a 6C       		.sleb128 -20
 257 017b 07       		.uleb128 0x7
 258 017c 20020000 		.4byte	.LASF44
 259 0180 6B       		.sleb128 -21
 260 0181 07       		.uleb128 0x7
 261 0182 04040000 		.4byte	.LASF45
 262 0186 6A       		.sleb128 -22
 263 0187 07       		.uleb128 0x7
 264 0188 DD000000 		.4byte	.LASF46
 265 018c 69       		.sleb128 -23
 266 018d 07       		.uleb128 0x7
 267 018e CB010000 		.4byte	.LASF47
 268 0192 68       		.sleb128 -24
 269 0193 07       		.uleb128 0x7
 270 0194 37010000 		.4byte	.LASF48
 271 0198 67       		.sleb128 -25
 272 0199 00       		.byte	0
 273 019a 03       		.uleb128 0x3
 274 019b 6C040000 		.4byte	.LASF49
 275 019f 06       		.byte	0x6
 276 01a0 EA       		.byte	0xea
 277 01a1 F1000000 		.4byte	0xf1
 278 01a5 08       		.uleb128 0x8
 279 01a6 01       		.byte	0x1
 280 01a7 07       		.byte	0x7
 281 01a8 21       		.byte	0x21
 282 01a9 BA010000 		.4byte	0x1ba
 283 01ad 09       		.uleb128 0x9
 284 01ae F7030000 		.4byte	.LASF60
ARM GAS  C:\Users\saman\AppData\Local\Temp\ccKwnQRG.s 			page 7


 285 01b2 07       		.byte	0x7
 286 01b3 23       		.byte	0x23
 287 01b4 81000000 		.4byte	0x81
 288 01b8 00       		.byte	0
 289 01b9 00       		.byte	0
 290 01ba 03       		.uleb128 0x3
 291 01bb 1D040000 		.4byte	.LASF50
 292 01bf 07       		.byte	0x7
 293 01c0 26       		.byte	0x26
 294 01c1 A5010000 		.4byte	0x1a5
 295 01c5 0A       		.uleb128 0xa
 296 01c6 B0000000 		.4byte	.LASF61
 297 01ca 01       		.byte	0x1
 298 01cb 28       		.byte	0x28
 299 01cc 9A010000 		.4byte	0x19a
 300 01d0 00000000 		.4byte	.LFB110
 301 01d4 14000000 		.4byte	.LFE110-.LFB110
 302 01d8 01       		.uleb128 0x1
 303 01d9 9C       		.byte	0x9c
 304 01da 00020000 		.4byte	0x200
 305 01de 0B       		.uleb128 0xb
 306 01df 8D030000 		.4byte	.LASF62
 307 01e3 01       		.byte	0x1
 308 01e4 28       		.byte	0x28
 309 01e5 0B020000 		.4byte	0x20b
 310 01e9 00000000 		.4byte	.LLST0
 311 01ed 0C       		.uleb128 0xc
 312 01ee 0A000000 		.4byte	.LVL2
 313 01f2 58020000 		.4byte	0x258
 314 01f6 0C       		.uleb128 0xc
 315 01f7 10000000 		.4byte	.LVL3
 316 01fb 58020000 		.4byte	0x258
 317 01ff 00       		.byte	0
 318 0200 0D       		.uleb128 0xd
 319 0201 04       		.byte	0x4
 320 0202 06020000 		.4byte	0x206
 321 0206 0E       		.uleb128 0xe
 322 0207 BA010000 		.4byte	0x1ba
 323 020b 0E       		.uleb128 0xe
 324 020c 00020000 		.4byte	0x200
 325 0210 0F       		.uleb128 0xf
 326 0211 54040000 		.4byte	.LASF51
 327 0215 08       		.byte	0x8
 328 0216 40       		.byte	0x40
 329 0217 C9000000 		.4byte	0xc9
 330 021b 0F       		.uleb128 0xf
 331 021c 5E010000 		.4byte	.LASF52
 332 0220 08       		.byte	0x8
 333 0221 47       		.byte	0x47
 334 0222 D4000000 		.4byte	0xd4
 335 0226 0F       		.uleb128 0xf
 336 0227 92030000 		.4byte	.LASF53
 337 022b 08       		.byte	0x8
 338 022c 4A       		.byte	0x4a
 339 022d C9000000 		.4byte	0xc9
 340 0231 0F       		.uleb128 0xf
 341 0232 09010000 		.4byte	.LASF54
ARM GAS  C:\Users\saman\AppData\Local\Temp\ccKwnQRG.s 			page 8


 342 0236 09       		.byte	0x9
 343 0237 48       		.byte	0x48
 344 0238 DF000000 		.4byte	0xdf
 345 023c 0F       		.uleb128 0xf
 346 023d F4000000 		.4byte	.LASF55
 347 0241 0A       		.byte	0xa
 348 0242 44       		.byte	0x44
 349 0243 C9000000 		.4byte	0xc9
 350 0247 10       		.uleb128 0x10
 351 0248 2E040000 		.4byte	.LASF56
 352 024c 0B       		.byte	0xb
 353 024d 1207     		.2byte	0x712
 354 024f 53020000 		.4byte	0x253
 355 0253 11       		.uleb128 0x11
 356 0254 8C000000 		.4byte	0x8c
 357 0258 12       		.uleb128 0x12
 358 0259 00000000 		.4byte	.LASF63
 359 025d 00000000 		.4byte	.LASF63
 360 0261 0C       		.byte	0xc
 361 0262 C3       		.byte	0xc3
 362 0263 00       		.byte	0
 363              		.section	.debug_abbrev,"",%progbits
 364              	.Ldebug_abbrev0:
 365 0000 01       		.uleb128 0x1
 366 0001 11       		.uleb128 0x11
 367 0002 01       		.byte	0x1
 368 0003 25       		.uleb128 0x25
 369 0004 0E       		.uleb128 0xe
 370 0005 13       		.uleb128 0x13
 371 0006 0B       		.uleb128 0xb
 372 0007 03       		.uleb128 0x3
 373 0008 0E       		.uleb128 0xe
 374 0009 1B       		.uleb128 0x1b
 375 000a 0E       		.uleb128 0xe
 376 000b 55       		.uleb128 0x55
 377 000c 17       		.uleb128 0x17
 378 000d 11       		.uleb128 0x11
 379 000e 01       		.uleb128 0x1
 380 000f 10       		.uleb128 0x10
 381 0010 17       		.uleb128 0x17
 382 0011 00       		.byte	0
 383 0012 00       		.byte	0
 384 0013 02       		.uleb128 0x2
 385 0014 24       		.uleb128 0x24
 386 0015 00       		.byte	0
 387 0016 0B       		.uleb128 0xb
 388 0017 0B       		.uleb128 0xb
 389 0018 3E       		.uleb128 0x3e
 390 0019 0B       		.uleb128 0xb
 391 001a 03       		.uleb128 0x3
 392 001b 0E       		.uleb128 0xe
 393 001c 00       		.byte	0
 394 001d 00       		.byte	0
 395 001e 03       		.uleb128 0x3
 396 001f 16       		.uleb128 0x16
 397 0020 00       		.byte	0
 398 0021 03       		.uleb128 0x3
ARM GAS  C:\Users\saman\AppData\Local\Temp\ccKwnQRG.s 			page 9


 399 0022 0E       		.uleb128 0xe
 400 0023 3A       		.uleb128 0x3a
 401 0024 0B       		.uleb128 0xb
 402 0025 3B       		.uleb128 0x3b
 403 0026 0B       		.uleb128 0xb
 404 0027 49       		.uleb128 0x49
 405 0028 13       		.uleb128 0x13
 406 0029 00       		.byte	0
 407 002a 00       		.byte	0
 408 002b 04       		.uleb128 0x4
 409 002c 24       		.uleb128 0x24
 410 002d 00       		.byte	0
 411 002e 0B       		.uleb128 0xb
 412 002f 0B       		.uleb128 0xb
 413 0030 3E       		.uleb128 0x3e
 414 0031 0B       		.uleb128 0xb
 415 0032 03       		.uleb128 0x3
 416 0033 08       		.uleb128 0x8
 417 0034 00       		.byte	0
 418 0035 00       		.byte	0
 419 0036 05       		.uleb128 0x5
 420 0037 04       		.uleb128 0x4
 421 0038 01       		.byte	0x1
 422 0039 0B       		.uleb128 0xb
 423 003a 0B       		.uleb128 0xb
 424 003b 49       		.uleb128 0x49
 425 003c 13       		.uleb128 0x13
 426 003d 3A       		.uleb128 0x3a
 427 003e 0B       		.uleb128 0xb
 428 003f 3B       		.uleb128 0x3b
 429 0040 0B       		.uleb128 0xb
 430 0041 01       		.uleb128 0x1
 431 0042 13       		.uleb128 0x13
 432 0043 00       		.byte	0
 433 0044 00       		.byte	0
 434 0045 06       		.uleb128 0x6
 435 0046 28       		.uleb128 0x28
 436 0047 00       		.byte	0
 437 0048 03       		.uleb128 0x3
 438 0049 0E       		.uleb128 0xe
 439 004a 1C       		.uleb128 0x1c
 440 004b 0B       		.uleb128 0xb
 441 004c 00       		.byte	0
 442 004d 00       		.byte	0
 443 004e 07       		.uleb128 0x7
 444 004f 28       		.uleb128 0x28
 445 0050 00       		.byte	0
 446 0051 03       		.uleb128 0x3
 447 0052 0E       		.uleb128 0xe
 448 0053 1C       		.uleb128 0x1c
 449 0054 0D       		.uleb128 0xd
 450 0055 00       		.byte	0
 451 0056 00       		.byte	0
 452 0057 08       		.uleb128 0x8
 453 0058 13       		.uleb128 0x13
 454 0059 01       		.byte	0x1
 455 005a 0B       		.uleb128 0xb
ARM GAS  C:\Users\saman\AppData\Local\Temp\ccKwnQRG.s 			page 10


 456 005b 0B       		.uleb128 0xb
 457 005c 3A       		.uleb128 0x3a
 458 005d 0B       		.uleb128 0xb
 459 005e 3B       		.uleb128 0x3b
 460 005f 0B       		.uleb128 0xb
 461 0060 01       		.uleb128 0x1
 462 0061 13       		.uleb128 0x13
 463 0062 00       		.byte	0
 464 0063 00       		.byte	0
 465 0064 09       		.uleb128 0x9
 466 0065 0D       		.uleb128 0xd
 467 0066 00       		.byte	0
 468 0067 03       		.uleb128 0x3
 469 0068 0E       		.uleb128 0xe
 470 0069 3A       		.uleb128 0x3a
 471 006a 0B       		.uleb128 0xb
 472 006b 3B       		.uleb128 0x3b
 473 006c 0B       		.uleb128 0xb
 474 006d 49       		.uleb128 0x49
 475 006e 13       		.uleb128 0x13
 476 006f 38       		.uleb128 0x38
 477 0070 0B       		.uleb128 0xb
 478 0071 00       		.byte	0
 479 0072 00       		.byte	0
 480 0073 0A       		.uleb128 0xa
 481 0074 2E       		.uleb128 0x2e
 482 0075 01       		.byte	0x1
 483 0076 3F       		.uleb128 0x3f
 484 0077 19       		.uleb128 0x19
 485 0078 03       		.uleb128 0x3
 486 0079 0E       		.uleb128 0xe
 487 007a 3A       		.uleb128 0x3a
 488 007b 0B       		.uleb128 0xb
 489 007c 3B       		.uleb128 0x3b
 490 007d 0B       		.uleb128 0xb
 491 007e 27       		.uleb128 0x27
 492 007f 19       		.uleb128 0x19
 493 0080 49       		.uleb128 0x49
 494 0081 13       		.uleb128 0x13
 495 0082 11       		.uleb128 0x11
 496 0083 01       		.uleb128 0x1
 497 0084 12       		.uleb128 0x12
 498 0085 06       		.uleb128 0x6
 499 0086 40       		.uleb128 0x40
 500 0087 18       		.uleb128 0x18
 501 0088 9742     		.uleb128 0x2117
 502 008a 19       		.uleb128 0x19
 503 008b 01       		.uleb128 0x1
 504 008c 13       		.uleb128 0x13
 505 008d 00       		.byte	0
 506 008e 00       		.byte	0
 507 008f 0B       		.uleb128 0xb
 508 0090 05       		.uleb128 0x5
 509 0091 00       		.byte	0
 510 0092 03       		.uleb128 0x3
 511 0093 0E       		.uleb128 0xe
 512 0094 3A       		.uleb128 0x3a
ARM GAS  C:\Users\saman\AppData\Local\Temp\ccKwnQRG.s 			page 11


 513 0095 0B       		.uleb128 0xb
 514 0096 3B       		.uleb128 0x3b
 515 0097 0B       		.uleb128 0xb
 516 0098 49       		.uleb128 0x49
 517 0099 13       		.uleb128 0x13
 518 009a 02       		.uleb128 0x2
 519 009b 17       		.uleb128 0x17
 520 009c 00       		.byte	0
 521 009d 00       		.byte	0
 522 009e 0C       		.uleb128 0xc
 523 009f 898201   		.uleb128 0x4109
 524 00a2 00       		.byte	0
 525 00a3 11       		.uleb128 0x11
 526 00a4 01       		.uleb128 0x1
 527 00a5 31       		.uleb128 0x31
 528 00a6 13       		.uleb128 0x13
 529 00a7 00       		.byte	0
 530 00a8 00       		.byte	0
 531 00a9 0D       		.uleb128 0xd
 532 00aa 0F       		.uleb128 0xf
 533 00ab 00       		.byte	0
 534 00ac 0B       		.uleb128 0xb
 535 00ad 0B       		.uleb128 0xb
 536 00ae 49       		.uleb128 0x49
 537 00af 13       		.uleb128 0x13
 538 00b0 00       		.byte	0
 539 00b1 00       		.byte	0
 540 00b2 0E       		.uleb128 0xe
 541 00b3 26       		.uleb128 0x26
 542 00b4 00       		.byte	0
 543 00b5 49       		.uleb128 0x49
 544 00b6 13       		.uleb128 0x13
 545 00b7 00       		.byte	0
 546 00b8 00       		.byte	0
 547 00b9 0F       		.uleb128 0xf
 548 00ba 34       		.uleb128 0x34
 549 00bb 00       		.byte	0
 550 00bc 03       		.uleb128 0x3
 551 00bd 0E       		.uleb128 0xe
 552 00be 3A       		.uleb128 0x3a
 553 00bf 0B       		.uleb128 0xb
 554 00c0 3B       		.uleb128 0x3b
 555 00c1 0B       		.uleb128 0xb
 556 00c2 49       		.uleb128 0x49
 557 00c3 13       		.uleb128 0x13
 558 00c4 3F       		.uleb128 0x3f
 559 00c5 19       		.uleb128 0x19
 560 00c6 3C       		.uleb128 0x3c
 561 00c7 19       		.uleb128 0x19
 562 00c8 00       		.byte	0
 563 00c9 00       		.byte	0
 564 00ca 10       		.uleb128 0x10
 565 00cb 34       		.uleb128 0x34
 566 00cc 00       		.byte	0
 567 00cd 03       		.uleb128 0x3
 568 00ce 0E       		.uleb128 0xe
 569 00cf 3A       		.uleb128 0x3a
ARM GAS  C:\Users\saman\AppData\Local\Temp\ccKwnQRG.s 			page 12


 570 00d0 0B       		.uleb128 0xb
 571 00d1 3B       		.uleb128 0x3b
 572 00d2 05       		.uleb128 0x5
 573 00d3 49       		.uleb128 0x49
 574 00d4 13       		.uleb128 0x13
 575 00d5 3F       		.uleb128 0x3f
 576 00d6 19       		.uleb128 0x19
 577 00d7 3C       		.uleb128 0x3c
 578 00d8 19       		.uleb128 0x19
 579 00d9 00       		.byte	0
 580 00da 00       		.byte	0
 581 00db 11       		.uleb128 0x11
 582 00dc 35       		.uleb128 0x35
 583 00dd 00       		.byte	0
 584 00de 49       		.uleb128 0x49
 585 00df 13       		.uleb128 0x13
 586 00e0 00       		.byte	0
 587 00e1 00       		.byte	0
 588 00e2 12       		.uleb128 0x12
 589 00e3 2E       		.uleb128 0x2e
 590 00e4 00       		.byte	0
 591 00e5 3F       		.uleb128 0x3f
 592 00e6 19       		.uleb128 0x19
 593 00e7 3C       		.uleb128 0x3c
 594 00e8 19       		.uleb128 0x19
 595 00e9 6E       		.uleb128 0x6e
 596 00ea 0E       		.uleb128 0xe
 597 00eb 03       		.uleb128 0x3
 598 00ec 0E       		.uleb128 0xe
 599 00ed 3A       		.uleb128 0x3a
 600 00ee 0B       		.uleb128 0xb
 601 00ef 3B       		.uleb128 0x3b
 602 00f0 0B       		.uleb128 0xb
 603 00f1 00       		.byte	0
 604 00f2 00       		.byte	0
 605 00f3 00       		.byte	0
 606              		.section	.debug_loc,"",%progbits
 607              	.Ldebug_loc0:
 608              	.LLST0:
 609 0000 00000000 		.4byte	.LVL0
 610 0004 04000000 		.4byte	.LVL1
 611 0008 0100     		.2byte	0x1
 612 000a 50       		.byte	0x50
 613 000b 04000000 		.4byte	.LVL1
 614 000f 14000000 		.4byte	.LFE110
 615 0013 0400     		.2byte	0x4
 616 0015 F3       		.byte	0xf3
 617 0016 01       		.uleb128 0x1
 618 0017 50       		.byte	0x50
 619 0018 9F       		.byte	0x9f
 620 0019 00000000 		.4byte	0
 621 001d 00000000 		.4byte	0
 622              		.section	.debug_aranges,"",%progbits
 623 0000 1C000000 		.4byte	0x1c
 624 0004 0200     		.2byte	0x2
 625 0006 00000000 		.4byte	.Ldebug_info0
 626 000a 04       		.byte	0x4
ARM GAS  C:\Users\saman\AppData\Local\Temp\ccKwnQRG.s 			page 13


 627 000b 00       		.byte	0
 628 000c 0000     		.2byte	0
 629 000e 0000     		.2byte	0
 630 0010 00000000 		.4byte	.LFB110
 631 0014 14000000 		.4byte	.LFE110-.LFB110
 632 0018 00000000 		.4byte	0
 633 001c 00000000 		.4byte	0
 634              		.section	.debug_ranges,"",%progbits
 635              	.Ldebug_ranges0:
 636 0000 00000000 		.4byte	.LFB110
 637 0004 14000000 		.4byte	.LFE110
 638 0008 00000000 		.4byte	0
 639 000c 00000000 		.4byte	0
 640              		.section	.debug_line,"",%progbits
 641              	.Ldebug_line0:
 642 0000 5B020000 		.section	.debug_str,"MS",%progbits,1
 642      02004202 
 642      00000201 
 642      FB0E0D00 
 642      01010101 
 643              	.LASF63:
 644 0000 5247425F 		.ascii	"RGB_PWM_green_WriteCompare\000"
 644      50574D5F 
 644      67726565 
 644      6E5F5772 
 644      69746543 
 645              	.LASF37:
 646 001b 52435F45 		.ascii	"RC_ERROR_READ_ONLY\000"
 646      52524F52 
 646      5F524541 
 646      445F4F4E 
 646      4C5900
 647              	.LASF23:
 648 002e 52435F53 		.ascii	"RC_SUCCESS\000"
 648      55434345 
 648      535300
 649              	.LASF38:
 650 0039 52435F45 		.ascii	"RC_ERROR_WRITE_ONLY\000"
 650      52524F52 
 650      5F575249 
 650      54455F4F 
 650      4E4C5900 
 651              	.LASF2:
 652 004d 73686F72 		.ascii	"short int\000"
 652      7420696E 
 652      7400
 653              	.LASF29:
 654 0057 52435F45 		.ascii	"RC_ERROR_OVERRUN\000"
 654      52524F52 
 654      5F4F5645 
 654      5252554E 
 654      00
 655              	.LASF41:
 656 0068 52435F45 		.ascii	"RC_ERROR_WRITE_FAILS\000"
 656      52524F52 
 656      5F575249 
 656      54455F46 
ARM GAS  C:\Users\saman\AppData\Local\Temp\ccKwnQRG.s 			page 14


 656      41494C53 
 657              	.LASF22:
 658 007d 73697A65 		.ascii	"sizetype\000"
 658      74797065 
 658      00
 659              	.LASF26:
 660 0086 52435F45 		.ascii	"RC_ERROR_ZERO\000"
 660      52524F52 
 660      5F5A4552 
 660      4F00
 661              	.LASF20:
 662 0094 45455F46 		.ascii	"EE_FREG\000"
 662      52454700 
 663              	.LASF40:
 664 009c 52435F45 		.ascii	"RC_ERROR_READ_FAILS\000"
 664      52524F52 
 664      5F524541 
 664      445F4641 
 664      494C5300 
 665              	.LASF61:
 666 00b0 53435F45 		.ascii	"SC_ENGINE_driverOut\000"
 666      4E47494E 
 666      455F6472 
 666      69766572 
 666      4F757400 
 667              	.LASF18:
 668 00c4 45455F55 		.ascii	"EE_UINT32\000"
 668      494E5433 
 668      3200
 669              	.LASF21:
 670 00ce 45455F54 		.ascii	"EE_TID\000"
 670      494400
 671              	.LASF11:
 672 00d5 75696E74 		.ascii	"uint8_t\000"
 672      385F7400 
 673              	.LASF46:
 674 00dd 52435F45 		.ascii	"RC_ERROR_INVALID_STATE\000"
 674      52524F52 
 674      5F494E56 
 674      414C4944 
 674      5F535441 
 675              	.LASF55:
 676 00f4 45455F49 		.ascii	"EE_IRQ_nesting_level\000"
 676      52515F6E 
 676      65737469 
 676      6E675F6C 
 676      6576656C 
 677              	.LASF54:
 678 0109 45455F73 		.ascii	"EE_std_endcycle_next_tid\000"
 678      74645F65 
 678      6E646379 
 678      636C655F 
 678      6E657874 
 679              	.LASF28:
 680 0122 52435F45 		.ascii	"RC_ERROR_RANGE\000"
 680      52524F52 
 680      5F52414E 
ARM GAS  C:\Users\saman\AppData\Local\Temp\ccKwnQRG.s 			page 15


 680      474500
 681              	.LASF13:
 682 0131 666C6F61 		.ascii	"float\000"
 682      7400
 683              	.LASF48:
 684 0137 52435F45 		.ascii	"RC_ERROR_NOT_IMPLEMENTED\000"
 684      52524F52 
 684      5F4E4F54 
 684      5F494D50 
 684      4C454D45 
 685              	.LASF8:
 686 0150 6C6F6E67 		.ascii	"long long int\000"
 686      206C6F6E 
 686      6720696E 
 686      7400
 687              	.LASF52:
 688 015e 45455F6F 		.ascii	"EE_oo_IRQ_suspend_status\000"
 688      6F5F4952 
 688      515F7375 
 688      7370656E 
 688      645F7374 
 689              	.LASF59:
 690 0177 443A5C68 		.ascii	"D:\\h_da\\sem2\\eaa\\gasPedal\\A1_GasPedal\\A1_GasP"
 690      5F64615C 
 690      73656D32 
 690      5C656161 
 690      5C676173 
 691 01a4 6564616C 		.ascii	"edal\\Design01.cydsn\000"
 691      5C446573 
 691      69676E30 
 691      312E6379 
 691      64736E00 
 692              	.LASF42:
 693 01b8 52435F45 		.ascii	"RC_ERROR_NOT_MATCH\000"
 693      52524F52 
 693      5F4E4F54 
 693      5F4D4154 
 693      434800
 694              	.LASF47:
 695 01cb 52435F45 		.ascii	"RC_ERROR_UNKNOWN\000"
 695      52524F52 
 695      5F554E4B 
 695      4E4F574E 
 695      00
 696              	.LASF6:
 697 01dc 6C6F6E67 		.ascii	"long int\000"
 697      20696E74 
 697      00
 698              	.LASF30:
 699 01e5 52435F45 		.ascii	"RC_ERROR_UNDERRUN\000"
 699      52524F52 
 699      5F554E44 
 699      45525255 
 699      4E00
 700              	.LASF33:
 701 01f7 52435F45 		.ascii	"RC_ERROR_BUSY\000"
 701      52524F52 
ARM GAS  C:\Users\saman\AppData\Local\Temp\ccKwnQRG.s 			page 16


 701      5F425553 
 701      5900
 702              	.LASF4:
 703 0205 5F5F7569 		.ascii	"__uint8_t\000"
 703      6E74385F 
 703      7400
 704              	.LASF39:
 705 020f 52435F45 		.ascii	"RC_ERROR_INVALID\000"
 705      52524F52 
 705      5F494E56 
 705      414C4944 
 705      00
 706              	.LASF44:
 707 0220 52435F45 		.ascii	"RC_ERROR_BAD_DATA\000"
 707      52524F52 
 707      5F424144 
 707      5F444154 
 707      4100
 708              	.LASF16:
 709 0232 6C6F6E67 		.ascii	"long double\000"
 709      20646F75 
 709      626C6500 
 710              	.LASF1:
 711 023e 756E7369 		.ascii	"unsigned char\000"
 711      676E6564 
 711      20636861 
 711      7200
 712              	.LASF0:
 713 024c 7369676E 		.ascii	"signed char\000"
 713      65642063 
 713      68617200 
 714              	.LASF9:
 715 0258 6C6F6E67 		.ascii	"long long unsigned int\000"
 715      206C6F6E 
 715      6720756E 
 715      7369676E 
 715      65642069 
 716              	.LASF10:
 717 026f 756E7369 		.ascii	"unsigned int\000"
 717      676E6564 
 717      20696E74 
 717      00
 718              	.LASF35:
 719 027c 52435F45 		.ascii	"RC_ERROR_OPEN\000"
 719      52524F52 
 719      5F4F5045 
 719      4E00
 720              	.LASF25:
 721 028a 52435F45 		.ascii	"RC_ERROR_NULL\000"
 721      52524F52 
 721      5F4E554C 
 721      4C00
 722              	.LASF32:
 723 0298 52435F45 		.ascii	"RC_ERROR_BUFFER_EMTPY\000"
 723      52524F52 
 723      5F425546 
 723      4645525F 
ARM GAS  C:\Users\saman\AppData\Local\Temp\ccKwnQRG.s 			page 17


 723      454D5450 
 724              	.LASF17:
 725 02ae 45455F49 		.ascii	"EE_INT32\000"
 725      4E543332 
 725      00
 726              	.LASF3:
 727 02b7 73686F72 		.ascii	"short unsigned int\000"
 727      7420756E 
 727      7369676E 
 727      65642069 
 727      6E7400
 728              	.LASF57:
 729 02ca 474E5520 		.ascii	"GNU C11 5.4.1 20160609 (release) [ARM/embedded-5-br"
 729      43313120 
 729      352E342E 
 729      31203230 
 729      31363036 
 730 02fd 616E6368 		.ascii	"anch revision 237715] -mcpu=cortex-m3 -mthumb -g -O"
 730      20726576 
 730      6973696F 
 730      6E203233 
 730      37373135 
 731 0330 67202D66 		.ascii	"g -ffunction-sections -ffat-lto-objects\000"
 731      66756E63 
 731      74696F6E 
 731      2D736563 
 731      74696F6E 
 732              	.LASF15:
 733 0358 63686172 		.ascii	"char\000"
 733      00
 734              	.LASF31:
 735 035d 52435F45 		.ascii	"RC_ERROR_BUFFER_FULL\000"
 735      52524F52 
 735      5F425546 
 735      4645525F 
 735      46554C4C 
 736              	.LASF12:
 737 0372 696E7433 		.ascii	"int32_t\000"
 737      325F7400 
 738              	.LASF43:
 739 037a 52435F45 		.ascii	"RC_ERROR_BAD_PARAM\000"
 739      52524F52 
 739      5F424144 
 739      5F504152 
 739      414D00
 740              	.LASF62:
 741 038d 64617461 		.ascii	"data\000"
 741      00
 742              	.LASF53:
 743 0392 45455F41 		.ascii	"EE_ApplicationMode\000"
 743      70706C69 
 743      63617469 
 743      6F6E4D6F 
 743      646500
 744              	.LASF7:
 745 03a5 6C6F6E67 		.ascii	"long unsigned int\000"
 745      20756E73 
ARM GAS  C:\Users\saman\AppData\Local\Temp\ccKwnQRG.s 			page 18


 745      69676E65 
 745      6420696E 
 745      7400
 746              	.LASF58:
 747 03b7 736F7572 		.ascii	"source\\rte\\sc_engine_type.c\000"
 747      63655C72 
 747      74655C73 
 747      635F656E 
 747      67696E65 
 748              	.LASF36:
 749 03d3 52435F45 		.ascii	"RC_ERROR_CHECKSUM\000"
 749      52524F52 
 749      5F434845 
 749      434B5355 
 749      4D00
 750              	.LASF19:
 751 03e5 45455F55 		.ascii	"EE_UREG\000"
 751      52454700 
 752              	.LASF5:
 753 03ed 5F5F696E 		.ascii	"__int32_t\000"
 753      7433325F 
 753      7400
 754              	.LASF60:
 755 03f7 656E6769 		.ascii	"engine_value\000"
 755      6E655F76 
 755      616C7565 
 755      00
 756              	.LASF45:
 757 0404 52435F45 		.ascii	"RC_ERROR_CANCELED\000"
 757      52524F52 
 757      5F43414E 
 757      43454C45 
 757      4400
 758              	.LASF14:
 759 0416 646F7562 		.ascii	"double\000"
 759      6C6500
 760              	.LASF50:
 761 041d 53435F45 		.ascii	"SC_ENGINE_data_t\000"
 761      4E47494E 
 761      455F6461 
 761      74615F74 
 761      00
 762              	.LASF56:
 763 042e 49544D5F 		.ascii	"ITM_RxBuffer\000"
 763      52784275 
 763      66666572 
 763      00
 764              	.LASF24:
 765 043b 52435F45 		.ascii	"RC_ERROR\000"
 765      52524F52 
 765      00
 766              	.LASF27:
 767 0444 52435F45 		.ascii	"RC_ERROR_MEMORY\000"
 767      52524F52 
 767      5F4D454D 
 767      4F525900 
 768              	.LASF51:
ARM GAS  C:\Users\saman\AppData\Local\Temp\ccKwnQRG.s 			page 19


 769 0454 45455F6F 		.ascii	"EE_oo_IRQ_disable_count\000"
 769      6F5F4952 
 769      515F6469 
 769      7361626C 
 769      655F636F 
 770              	.LASF49:
 771 046c 52435F74 		.ascii	"RC_t\000"
 771      00
 772              	.LASF34:
 773 0471 52435F45 		.ascii	"RC_ERROR_TIME_OUT\000"
 773      52524F52 
 773      5F54494D 
 773      455F4F55 
 773      5400
 774              		.ident	"GCC: (GNU Tools for ARM Embedded Processors) 5.4.1 20160609 (release) [ARM/embedded-5-bran
