ARM GAS  C:\Users\saman\AppData\Local\Temp\cc4Gpy4M.s 			page 1


   1              		.syntax unified
   2              		.cpu cortex-m3
   3              		.fpu softvfp
   4              		.eabi_attribute 20, 1
   5              		.eabi_attribute 21, 1
   6              		.eabi_attribute 23, 3
   7              		.eabi_attribute 24, 1
   8              		.eabi_attribute 25, 1
   9              		.eabi_attribute 26, 1
  10              		.eabi_attribute 30, 1
  11              		.eabi_attribute 34, 1
  12              		.eabi_attribute 18, 4
  13              		.thumb
  14              		.syntax unified
  15              		.file	"sc_joystick_type.c"
  16              		.text
  17              	.Ltext0:
  18              		.cfi_sections	.debug_frame
  19              		.section	.text.SC_JOYSTICK_driverIn,"ax",%progbits
  20              		.align	2
  21              		.global	SC_JOYSTICK_driverIn
  22              		.thumb
  23              		.thumb_func
  24              		.type	SC_JOYSTICK_driverIn, %function
  25              	SC_JOYSTICK_driverIn:
  26              	.LFB110:
  27              		.file 1 "source\\rte\\sc_joystick_type.c"
   1:source\rte/sc_joystick_type.c **** /*
   2:source\rte/sc_joystick_type.c ****  * Filename: sc_joystick_type.c
   3:source\rte/sc_joystick_type.c ****  *
   4:source\rte/sc_joystick_type.c ****  * Author: Autogenerated by H-DA RTE Generator, (c) Prof. Fromm
   5:source\rte/sc_joystick_type.c ****  *
   6:source\rte/sc_joystick_type.c ****  * description: Signalclass representing joystick
   7:source\rte/sc_joystick_type.c ****  * name: sc_joystick
   8:source\rte/sc_joystick_type.c ****  * shortname: joystick
   9:source\rte/sc_joystick_type.c ****  *
  10:source\rte/sc_joystick_type.c ****  */
  11:source\rte/sc_joystick_type.c **** 
  12:source\rte/sc_joystick_type.c **** #include "project.h"
  13:source\rte/sc_joystick_type.c **** #include "global.h"
  14:source\rte/sc_joystick_type.c **** #include "rte.h"
  15:source\rte/sc_joystick_type.c **** #include "rte_types.h"
  16:source\rte/sc_joystick_type.c **** #include "sc_joystick_type.h"
  17:source\rte/sc_joystick_type.c **** 
  18:source\rte/sc_joystick_type.c **** 
  19:source\rte/sc_joystick_type.c **** 
  20:source\rte/sc_joystick_type.c **** /* USER CODE START SC_JOYSTICK_INCLUDE */
  21:source\rte/sc_joystick_type.c **** 
  22:source\rte/sc_joystick_type.c **** /* USER CODE END SC_JOYSTICK_INCLUDE */
  23:source\rte/sc_joystick_type.c **** 
  24:source\rte/sc_joystick_type.c **** 
  25:source\rte/sc_joystick_type.c **** 
  26:source\rte/sc_joystick_type.c **** 
  27:source\rte/sc_joystick_type.c **** /* USER CODE START SC_JOYSTICK_USERDEFINITIONS */
  28:source\rte/sc_joystick_type.c **** 
  29:source\rte/sc_joystick_type.c **** /* USER CODE END SC_JOYSTICK_USERDEFINITIONS */
  30:source\rte/sc_joystick_type.c **** 
ARM GAS  C:\Users\saman\AppData\Local\Temp\cc4Gpy4M.s 			page 2


  31:source\rte/sc_joystick_type.c **** 
  32:source\rte/sc_joystick_type.c **** /*****************************************************************************************
  33:source\rte/sc_joystick_type.c ****  *************** Port Wrapper Implementation for SC_JOYSTICK signal  ****************
  34:source\rte/sc_joystick_type.c ****  *****************************************************************************************/
  35:source\rte/sc_joystick_type.c ****  
  36:source\rte/sc_joystick_type.c ****  
  37:source\rte/sc_joystick_type.c **** 
  38:source\rte/sc_joystick_type.c **** /**
  39:source\rte/sc_joystick_type.c ****  * Default IN driver API
  40:source\rte/sc_joystick_type.c ****  */
  41:source\rte/sc_joystick_type.c **** inline RC_t SC_JOYSTICK_driverIn(SC_JOYSTICK_data_t *const data)
  42:source\rte/sc_joystick_type.c **** {
  28              		.loc 1 42 0
  29              		.cfi_startproc
  30              		@ args = 0, pretend = 0, frame = 8
  31              		@ frame_needed = 0, uses_anonymous_args = 0
  32              	.LVL0:
  33 0000 30B5     		push	{r4, r5, lr}
  34              		.cfi_def_cfa_offset 12
  35              		.cfi_offset 4, -12
  36              		.cfi_offset 5, -8
  37              		.cfi_offset 14, -4
  38 0002 83B0     		sub	sp, sp, #12
  39              		.cfi_def_cfa_offset 24
  40 0004 0546     		mov	r5, r0
  43:source\rte/sc_joystick_type.c **** 	/* USER CODE START driverInSC_JOYSTICK */
  44:source\rte/sc_joystick_type.c ****     sint8_t x = 0;
  41              		.loc 1 44 0
  42 0006 0024     		movs	r4, #0
  43 0008 8DF80740 		strb	r4, [sp, #7]
  45:source\rte/sc_joystick_type.c ****     sint8_t y = 0;
  44              		.loc 1 45 0
  45 000c 02A9     		add	r1, sp, #8
  46 000e 01F8024D 		strb	r4, [r1, #-2]!
  46:source\rte/sc_joystick_type.c **** 
  47:source\rte/sc_joystick_type.c **** 	//Read data from the MCAL driver
  48:source\rte/sc_joystick_type.c ****     RC_t result = JOYSTICK_ReadPosition(&x, &y);
  47              		.loc 1 48 0
  48 0012 0DF10700 		add	r0, sp, #7
  49              	.LVL1:
  50 0016 FFF7FEFF 		bl	JOYSTICK_ReadPosition
  51              	.LVL2:
  49:source\rte/sc_joystick_type.c **** 	//Scale it to the application type
  50:source\rte/sc_joystick_type.c ****     data->x = x;
  52              		.loc 1 50 0
  53 001a 9DF90730 		ldrsb	r3, [sp, #7]
  54 001e 2B70     		strb	r3, [r5]
  51:source\rte/sc_joystick_type.c ****     data->y = y;
  55              		.loc 1 51 0
  56 0020 9DF80630 		ldrb	r3, [sp, #6]	@ zero_extendqisi2
  57 0024 6B70     		strb	r3, [r5, #1]
  52:source\rte/sc_joystick_type.c **** 
  53:source\rte/sc_joystick_type.c **** 	return RC_SUCCESS;
  54:source\rte/sc_joystick_type.c **** 	/* USER CODE END driverInSC_JOYSTICK */
  55:source\rte/sc_joystick_type.c **** }
  58              		.loc 1 55 0
  59 0026 2046     		mov	r0, r4
ARM GAS  C:\Users\saman\AppData\Local\Temp\cc4Gpy4M.s 			page 3


  60 0028 03B0     		add	sp, sp, #12
  61              		.cfi_def_cfa_offset 12
  62              		@ sp needed
  63 002a 30BD     		pop	{r4, r5, pc}
  64              		.cfi_endproc
  65              	.LFE110:
  66              		.size	SC_JOYSTICK_driverIn, .-SC_JOYSTICK_driverIn
  67              		.text
  68              	.Letext0:
  69              		.file 2 "c:\\program files (x86)\\cypress\\psoc creator\\4.4\\psoc creator\\import\\gnu\\arm\\5.4.
  70              		.file 3 "c:\\program files (x86)\\cypress\\psoc creator\\4.4\\psoc creator\\import\\gnu\\arm\\5.4.
  71              		.file 4 "Generated_Source\\PSoC5/ErikaOS_1_common_ee_types.inc"
  72              		.file 5 "Generated_Source\\PSoC5/ErikaOS_1_cortex_mx_ee_cpu.inc"
  73              		.file 6 ".\\source\\bsw/global.h"
  74              		.file 7 "source\\rte\\sc_joystick_type.h"
  75              		.file 8 "Generated_Source\\PSoC5/ErikaOS_1_ee_oo_intfunc.inc"
  76              		.file 9 "Generated_Source\\PSoC5/ErikaOS_1_cortex_mx_ee_context.inc"
  77              		.file 10 "Generated_Source\\PSoC5/ErikaOS_1_common_ee_primitives.inc"
  78              		.file 11 "Generated_Source\\PSoC5/core_cm3.h"
  79              		.section	.debug_info,"",%progbits
  80              	.Ldebug_info0:
  81 0000 90020000 		.4byte	0x290
  82 0004 0400     		.2byte	0x4
  83 0006 00000000 		.4byte	.Ldebug_abbrev0
  84 000a 04       		.byte	0x4
  85 000b 01       		.uleb128 0x1
  86 000c B8020000 		.4byte	.LASF56
  87 0010 0C       		.byte	0xc
  88 0011 68030000 		.4byte	.LASF57
  89 0015 47010000 		.4byte	.LASF58
  90 0019 00000000 		.4byte	.Ldebug_ranges0+0
  91 001d 00000000 		.4byte	0
  92 0021 00000000 		.4byte	.Ldebug_line0
  93 0025 02       		.uleb128 0x2
  94 0026 01       		.byte	0x1
  95 0027 06       		.byte	0x6
  96 0028 3A020000 		.4byte	.LASF0
  97 002c 02       		.uleb128 0x2
  98 002d 01       		.byte	0x1
  99 002e 08       		.byte	0x8
 100 002f 19020000 		.4byte	.LASF1
 101 0033 02       		.uleb128 0x2
 102 0034 02       		.byte	0x2
 103 0035 05       		.byte	0x5
 104 0036 39000000 		.4byte	.LASF2
 105 003a 02       		.uleb128 0x2
 106 003b 02       		.byte	0x2
 107 003c 07       		.byte	0x7
 108 003d A5020000 		.4byte	.LASF3
 109 0041 03       		.uleb128 0x3
 110 0042 E4030000 		.4byte	.LASF9
 111 0046 02       		.byte	0x2
 112 0047 3F       		.byte	0x3f
 113 0048 4C000000 		.4byte	0x4c
 114 004c 02       		.uleb128 0x2
 115 004d 04       		.byte	0x4
 116 004e 05       		.byte	0x5
ARM GAS  C:\Users\saman\AppData\Local\Temp\cc4Gpy4M.s 			page 4


 117 004f AC010000 		.4byte	.LASF4
 118 0053 02       		.uleb128 0x2
 119 0054 04       		.byte	0x4
 120 0055 07       		.byte	0x7
 121 0056 B1030000 		.4byte	.LASF5
 122 005a 02       		.uleb128 0x2
 123 005b 08       		.byte	0x8
 124 005c 05       		.byte	0x5
 125 005d 20010000 		.4byte	.LASF6
 126 0061 02       		.uleb128 0x2
 127 0062 08       		.byte	0x8
 128 0063 07       		.byte	0x7
 129 0064 46020000 		.4byte	.LASF7
 130 0068 04       		.uleb128 0x4
 131 0069 04       		.byte	0x4
 132 006a 05       		.byte	0x5
 133 006b 696E7400 		.ascii	"int\000"
 134 006f 02       		.uleb128 0x2
 135 0070 04       		.byte	0x4
 136 0071 07       		.byte	0x7
 137 0072 5D020000 		.4byte	.LASF8
 138 0076 03       		.uleb128 0x3
 139 0077 60030000 		.4byte	.LASF10
 140 007b 03       		.byte	0x3
 141 007c 2C       		.byte	0x2c
 142 007d 41000000 		.4byte	0x41
 143 0081 02       		.uleb128 0x2
 144 0082 04       		.byte	0x4
 145 0083 04       		.byte	0x4
 146 0084 01010000 		.4byte	.LASF11
 147 0088 02       		.uleb128 0x2
 148 0089 08       		.byte	0x8
 149 008a 04       		.byte	0x4
 150 008b C3030000 		.4byte	.LASF12
 151 008f 02       		.uleb128 0x2
 152 0090 01       		.byte	0x1
 153 0091 08       		.byte	0x8
 154 0092 46030000 		.4byte	.LASF13
 155 0096 02       		.uleb128 0x2
 156 0097 08       		.byte	0x8
 157 0098 04       		.byte	0x4
 158 0099 0D020000 		.4byte	.LASF14
 159 009d 03       		.uleb128 0x3
 160 009e 9C020000 		.4byte	.LASF15
 161 00a2 04       		.byte	0x4
 162 00a3 53       		.byte	0x53
 163 00a4 68000000 		.4byte	0x68
 164 00a8 03       		.uleb128 0x3
 165 00a9 9C000000 		.4byte	.LASF16
 166 00ad 04       		.byte	0x4
 167 00ae 54       		.byte	0x54
 168 00af 6F000000 		.4byte	0x6f
 169 00b3 03       		.uleb128 0x3
 170 00b4 DC030000 		.4byte	.LASF17
 171 00b8 05       		.byte	0x5
 172 00b9 4D       		.byte	0x4d
 173 00ba A8000000 		.4byte	0xa8
ARM GAS  C:\Users\saman\AppData\Local\Temp\cc4Gpy4M.s 			page 5


 174 00be 03       		.uleb128 0x3
 175 00bf 80000000 		.4byte	.LASF18
 176 00c3 05       		.byte	0x5
 177 00c4 4F       		.byte	0x4f
 178 00c5 A8000000 		.4byte	0xa8
 179 00c9 03       		.uleb128 0x3
 180 00ca A6000000 		.4byte	.LASF19
 181 00ce 05       		.byte	0x5
 182 00cf 78       		.byte	0x78
 183 00d0 9D000000 		.4byte	0x9d
 184 00d4 02       		.uleb128 0x2
 185 00d5 04       		.byte	0x4
 186 00d6 07       		.byte	0x7
 187 00d7 69000000 		.4byte	.LASF20
 188 00db 03       		.uleb128 0x3
 189 00dc 59040000 		.4byte	.LASF21
 190 00e0 06       		.byte	0x6
 191 00e1 90       		.byte	0x90
 192 00e2 25000000 		.4byte	0x25
 193 00e6 05       		.uleb128 0x5
 194 00e7 01       		.byte	0x1
 195 00e8 25000000 		.4byte	0x25
 196 00ec 06       		.byte	0x6
 197 00ed CF       		.byte	0xcf
 198 00ee 8F010000 		.4byte	0x18f
 199 00f2 06       		.uleb128 0x6
 200 00f3 1A000000 		.4byte	.LASF22
 201 00f7 00       		.byte	0
 202 00f8 07       		.uleb128 0x7
 203 00f9 0D040000 		.4byte	.LASF23
 204 00fd 7F       		.sleb128 -1
 205 00fe 07       		.uleb128 0x7
 206 00ff 78020000 		.4byte	.LASF24
 207 0103 7E       		.sleb128 -2
 208 0104 07       		.uleb128 0x7
 209 0105 72000000 		.4byte	.LASF25
 210 0109 7D       		.sleb128 -3
 211 010a 07       		.uleb128 0x7
 212 010b 2C040000 		.4byte	.LASF26
 213 010f 7C       		.sleb128 -4
 214 0110 07       		.uleb128 0x7
 215 0111 F2000000 		.4byte	.LASF27
 216 0115 7B       		.sleb128 -5
 217 0116 07       		.uleb128 0x7
 218 0117 43000000 		.4byte	.LASF28
 219 011b 7A       		.sleb128 -6
 220 011c 07       		.uleb128 0x7
 221 011d B5010000 		.4byte	.LASF29
 222 0121 79       		.sleb128 -7
 223 0122 07       		.uleb128 0x7
 224 0123 4B030000 		.4byte	.LASF30
 225 0127 78       		.sleb128 -8
 226 0128 07       		.uleb128 0x7
 227 0129 86020000 		.4byte	.LASF31
 228 012d 77       		.sleb128 -9
 229 012e 07       		.uleb128 0x7
 230 012f C7010000 		.4byte	.LASF32
ARM GAS  C:\Users\saman\AppData\Local\Temp\cc4Gpy4M.s 			page 6


 231 0133 76       		.sleb128 -10
 232 0134 07       		.uleb128 0x7
 233 0135 61040000 		.4byte	.LASF33
 234 0139 75       		.sleb128 -11
 235 013a 07       		.uleb128 0x7
 236 013b 6A020000 		.4byte	.LASF34
 237 013f 74       		.sleb128 -12
 238 0140 07       		.uleb128 0x7
 239 0141 CA030000 		.4byte	.LASF35
 240 0145 73       		.sleb128 -13
 241 0146 07       		.uleb128 0x7
 242 0147 07000000 		.4byte	.LASF36
 243 014b 72       		.sleb128 -14
 244 014c 07       		.uleb128 0x7
 245 014d 25000000 		.4byte	.LASF37
 246 0151 71       		.sleb128 -15
 247 0152 07       		.uleb128 0x7
 248 0153 D5010000 		.4byte	.LASF38
 249 0157 70       		.sleb128 -16
 250 0158 07       		.uleb128 0x7
 251 0159 88000000 		.4byte	.LASF39
 252 015d 6F       		.sleb128 -17
 253 015e 07       		.uleb128 0x7
 254 015f 54000000 		.4byte	.LASF40
 255 0163 6E       		.sleb128 -18
 256 0164 07       		.uleb128 0x7
 257 0165 88010000 		.4byte	.LASF41
 258 0169 6D       		.sleb128 -19
 259 016a 07       		.uleb128 0x7
 260 016b 86030000 		.4byte	.LASF42
 261 016f 6C       		.sleb128 -20
 262 0170 07       		.uleb128 0x7
 263 0171 E6010000 		.4byte	.LASF43
 264 0175 6B       		.sleb128 -21
 265 0176 07       		.uleb128 0x7
 266 0177 EE030000 		.4byte	.LASF44
 267 017b 6A       		.sleb128 -22
 268 017c 07       		.uleb128 0x7
 269 017d AD000000 		.4byte	.LASF45
 270 0181 69       		.sleb128 -23
 271 0182 07       		.uleb128 0x7
 272 0183 9B010000 		.4byte	.LASF46
 273 0187 68       		.sleb128 -24
 274 0188 07       		.uleb128 0x7
 275 0189 07010000 		.4byte	.LASF47
 276 018d 67       		.sleb128 -25
 277 018e 00       		.byte	0
 278 018f 03       		.uleb128 0x3
 279 0190 54040000 		.4byte	.LASF48
 280 0194 06       		.byte	0x6
 281 0195 EA       		.byte	0xea
 282 0196 E6000000 		.4byte	0xe6
 283 019a 08       		.uleb128 0x8
 284 019b 02       		.byte	0x2
 285 019c 07       		.byte	0x7
 286 019d 21       		.byte	0x21
 287 019e B7010000 		.4byte	0x1b7
ARM GAS  C:\Users\saman\AppData\Local\Temp\cc4Gpy4M.s 			page 7


 288 01a2 09       		.uleb128 0x9
 289 01a3 7800     		.ascii	"x\000"
 290 01a5 07       		.byte	0x7
 291 01a6 23       		.byte	0x23
 292 01a7 DB000000 		.4byte	0xdb
 293 01ab 00       		.byte	0
 294 01ac 09       		.uleb128 0x9
 295 01ad 7900     		.ascii	"y\000"
 296 01af 07       		.byte	0x7
 297 01b0 24       		.byte	0x24
 298 01b1 DB000000 		.4byte	0xdb
 299 01b5 01       		.byte	0x1
 300 01b6 00       		.byte	0
 301 01b7 03       		.uleb128 0x3
 302 01b8 27020000 		.4byte	.LASF49
 303 01bc 07       		.byte	0x7
 304 01bd 27       		.byte	0x27
 305 01be 9A010000 		.4byte	0x19a
 306 01c2 0A       		.uleb128 0xa
 307 01c3 F8010000 		.4byte	.LASF59
 308 01c7 01       		.byte	0x1
 309 01c8 29       		.byte	0x29
 310 01c9 8F010000 		.4byte	0x18f
 311 01cd 00000000 		.4byte	.LFB110
 312 01d1 2C000000 		.4byte	.LFE110-.LFB110
 313 01d5 01       		.uleb128 0x1
 314 01d6 9C       		.byte	0x9c
 315 01d7 35020000 		.4byte	0x235
 316 01db 0B       		.uleb128 0xb
 317 01dc 99030000 		.4byte	.LASF60
 318 01e0 01       		.byte	0x1
 319 01e1 29       		.byte	0x29
 320 01e2 3B020000 		.4byte	0x23b
 321 01e6 00000000 		.4byte	.LLST0
 322 01ea 0C       		.uleb128 0xc
 323 01eb 7800     		.ascii	"x\000"
 324 01ed 01       		.byte	0x1
 325 01ee 2C       		.byte	0x2c
 326 01ef DB000000 		.4byte	0xdb
 327 01f3 02       		.uleb128 0x2
 328 01f4 91       		.byte	0x91
 329 01f5 6F       		.sleb128 -17
 330 01f6 0C       		.uleb128 0xc
 331 01f7 7900     		.ascii	"y\000"
 332 01f9 01       		.byte	0x1
 333 01fa 2D       		.byte	0x2d
 334 01fb DB000000 		.4byte	0xdb
 335 01ff 02       		.uleb128 0x2
 336 0200 91       		.byte	0x91
 337 0201 6E       		.sleb128 -18
 338 0202 0D       		.uleb128 0xd
 339 0203 00000000 		.4byte	.LASF61
 340 0207 01       		.byte	0x1
 341 0208 30       		.byte	0x30
 342 0209 8F010000 		.4byte	0x18f
 343 020d 0E       		.uleb128 0xe
 344 020e 16040000 		.4byte	.LASF62
ARM GAS  C:\Users\saman\AppData\Local\Temp\cc4Gpy4M.s 			page 8


 345 0212 01       		.byte	0x1
 346 0213 30       		.byte	0x30
 347 0214 68000000 		.4byte	0x68
 348 0218 1E020000 		.4byte	0x21e
 349 021c 0F       		.uleb128 0xf
 350 021d 00       		.byte	0
 351 021e 10       		.uleb128 0x10
 352 021f 1A000000 		.4byte	.LVL2
 353 0223 88020000 		.4byte	0x288
 354 0227 11       		.uleb128 0x11
 355 0228 01       		.uleb128 0x1
 356 0229 50       		.byte	0x50
 357 022a 02       		.uleb128 0x2
 358 022b 91       		.byte	0x91
 359 022c 6F       		.sleb128 -17
 360 022d 11       		.uleb128 0x11
 361 022e 01       		.uleb128 0x1
 362 022f 51       		.byte	0x51
 363 0230 02       		.uleb128 0x2
 364 0231 91       		.byte	0x91
 365 0232 6E       		.sleb128 -18
 366 0233 00       		.byte	0
 367 0234 00       		.byte	0
 368 0235 12       		.uleb128 0x12
 369 0236 04       		.byte	0x4
 370 0237 B7010000 		.4byte	0x1b7
 371 023b 13       		.uleb128 0x13
 372 023c 35020000 		.4byte	0x235
 373 0240 14       		.uleb128 0x14
 374 0241 3C040000 		.4byte	.LASF50
 375 0245 08       		.byte	0x8
 376 0246 40       		.byte	0x40
 377 0247 B3000000 		.4byte	0xb3
 378 024b 14       		.uleb128 0x14
 379 024c 2E010000 		.4byte	.LASF51
 380 0250 08       		.byte	0x8
 381 0251 47       		.byte	0x47
 382 0252 BE000000 		.4byte	0xbe
 383 0256 14       		.uleb128 0x14
 384 0257 9E030000 		.4byte	.LASF52
 385 025b 08       		.byte	0x8
 386 025c 4A       		.byte	0x4a
 387 025d B3000000 		.4byte	0xb3
 388 0261 14       		.uleb128 0x14
 389 0262 D9000000 		.4byte	.LASF53
 390 0266 09       		.byte	0x9
 391 0267 48       		.byte	0x48
 392 0268 C9000000 		.4byte	0xc9
 393 026c 14       		.uleb128 0x14
 394 026d C4000000 		.4byte	.LASF54
 395 0271 0A       		.byte	0xa
 396 0272 44       		.byte	0x44
 397 0273 B3000000 		.4byte	0xb3
 398 0277 15       		.uleb128 0x15
 399 0278 00040000 		.4byte	.LASF55
 400 027c 0B       		.byte	0xb
 401 027d 1207     		.2byte	0x712
ARM GAS  C:\Users\saman\AppData\Local\Temp\cc4Gpy4M.s 			page 9


 402 027f 83020000 		.4byte	0x283
 403 0283 16       		.uleb128 0x16
 404 0284 76000000 		.4byte	0x76
 405 0288 17       		.uleb128 0x17
 406 0289 16040000 		.4byte	.LASF62
 407 028d 16040000 		.4byte	.LASF62
 408 0291 01       		.byte	0x1
 409 0292 30       		.byte	0x30
 410 0293 00       		.byte	0
 411              		.section	.debug_abbrev,"",%progbits
 412              	.Ldebug_abbrev0:
 413 0000 01       		.uleb128 0x1
 414 0001 11       		.uleb128 0x11
 415 0002 01       		.byte	0x1
 416 0003 25       		.uleb128 0x25
 417 0004 0E       		.uleb128 0xe
 418 0005 13       		.uleb128 0x13
 419 0006 0B       		.uleb128 0xb
 420 0007 03       		.uleb128 0x3
 421 0008 0E       		.uleb128 0xe
 422 0009 1B       		.uleb128 0x1b
 423 000a 0E       		.uleb128 0xe
 424 000b 55       		.uleb128 0x55
 425 000c 17       		.uleb128 0x17
 426 000d 11       		.uleb128 0x11
 427 000e 01       		.uleb128 0x1
 428 000f 10       		.uleb128 0x10
 429 0010 17       		.uleb128 0x17
 430 0011 00       		.byte	0
 431 0012 00       		.byte	0
 432 0013 02       		.uleb128 0x2
 433 0014 24       		.uleb128 0x24
 434 0015 00       		.byte	0
 435 0016 0B       		.uleb128 0xb
 436 0017 0B       		.uleb128 0xb
 437 0018 3E       		.uleb128 0x3e
 438 0019 0B       		.uleb128 0xb
 439 001a 03       		.uleb128 0x3
 440 001b 0E       		.uleb128 0xe
 441 001c 00       		.byte	0
 442 001d 00       		.byte	0
 443 001e 03       		.uleb128 0x3
 444 001f 16       		.uleb128 0x16
 445 0020 00       		.byte	0
 446 0021 03       		.uleb128 0x3
 447 0022 0E       		.uleb128 0xe
 448 0023 3A       		.uleb128 0x3a
 449 0024 0B       		.uleb128 0xb
 450 0025 3B       		.uleb128 0x3b
 451 0026 0B       		.uleb128 0xb
 452 0027 49       		.uleb128 0x49
 453 0028 13       		.uleb128 0x13
 454 0029 00       		.byte	0
 455 002a 00       		.byte	0
 456 002b 04       		.uleb128 0x4
 457 002c 24       		.uleb128 0x24
 458 002d 00       		.byte	0
ARM GAS  C:\Users\saman\AppData\Local\Temp\cc4Gpy4M.s 			page 10


 459 002e 0B       		.uleb128 0xb
 460 002f 0B       		.uleb128 0xb
 461 0030 3E       		.uleb128 0x3e
 462 0031 0B       		.uleb128 0xb
 463 0032 03       		.uleb128 0x3
 464 0033 08       		.uleb128 0x8
 465 0034 00       		.byte	0
 466 0035 00       		.byte	0
 467 0036 05       		.uleb128 0x5
 468 0037 04       		.uleb128 0x4
 469 0038 01       		.byte	0x1
 470 0039 0B       		.uleb128 0xb
 471 003a 0B       		.uleb128 0xb
 472 003b 49       		.uleb128 0x49
 473 003c 13       		.uleb128 0x13
 474 003d 3A       		.uleb128 0x3a
 475 003e 0B       		.uleb128 0xb
 476 003f 3B       		.uleb128 0x3b
 477 0040 0B       		.uleb128 0xb
 478 0041 01       		.uleb128 0x1
 479 0042 13       		.uleb128 0x13
 480 0043 00       		.byte	0
 481 0044 00       		.byte	0
 482 0045 06       		.uleb128 0x6
 483 0046 28       		.uleb128 0x28
 484 0047 00       		.byte	0
 485 0048 03       		.uleb128 0x3
 486 0049 0E       		.uleb128 0xe
 487 004a 1C       		.uleb128 0x1c
 488 004b 0B       		.uleb128 0xb
 489 004c 00       		.byte	0
 490 004d 00       		.byte	0
 491 004e 07       		.uleb128 0x7
 492 004f 28       		.uleb128 0x28
 493 0050 00       		.byte	0
 494 0051 03       		.uleb128 0x3
 495 0052 0E       		.uleb128 0xe
 496 0053 1C       		.uleb128 0x1c
 497 0054 0D       		.uleb128 0xd
 498 0055 00       		.byte	0
 499 0056 00       		.byte	0
 500 0057 08       		.uleb128 0x8
 501 0058 13       		.uleb128 0x13
 502 0059 01       		.byte	0x1
 503 005a 0B       		.uleb128 0xb
 504 005b 0B       		.uleb128 0xb
 505 005c 3A       		.uleb128 0x3a
 506 005d 0B       		.uleb128 0xb
 507 005e 3B       		.uleb128 0x3b
 508 005f 0B       		.uleb128 0xb
 509 0060 01       		.uleb128 0x1
 510 0061 13       		.uleb128 0x13
 511 0062 00       		.byte	0
 512 0063 00       		.byte	0
 513 0064 09       		.uleb128 0x9
 514 0065 0D       		.uleb128 0xd
 515 0066 00       		.byte	0
ARM GAS  C:\Users\saman\AppData\Local\Temp\cc4Gpy4M.s 			page 11


 516 0067 03       		.uleb128 0x3
 517 0068 08       		.uleb128 0x8
 518 0069 3A       		.uleb128 0x3a
 519 006a 0B       		.uleb128 0xb
 520 006b 3B       		.uleb128 0x3b
 521 006c 0B       		.uleb128 0xb
 522 006d 49       		.uleb128 0x49
 523 006e 13       		.uleb128 0x13
 524 006f 38       		.uleb128 0x38
 525 0070 0B       		.uleb128 0xb
 526 0071 00       		.byte	0
 527 0072 00       		.byte	0
 528 0073 0A       		.uleb128 0xa
 529 0074 2E       		.uleb128 0x2e
 530 0075 01       		.byte	0x1
 531 0076 3F       		.uleb128 0x3f
 532 0077 19       		.uleb128 0x19
 533 0078 03       		.uleb128 0x3
 534 0079 0E       		.uleb128 0xe
 535 007a 3A       		.uleb128 0x3a
 536 007b 0B       		.uleb128 0xb
 537 007c 3B       		.uleb128 0x3b
 538 007d 0B       		.uleb128 0xb
 539 007e 27       		.uleb128 0x27
 540 007f 19       		.uleb128 0x19
 541 0080 49       		.uleb128 0x49
 542 0081 13       		.uleb128 0x13
 543 0082 11       		.uleb128 0x11
 544 0083 01       		.uleb128 0x1
 545 0084 12       		.uleb128 0x12
 546 0085 06       		.uleb128 0x6
 547 0086 40       		.uleb128 0x40
 548 0087 18       		.uleb128 0x18
 549 0088 9742     		.uleb128 0x2117
 550 008a 19       		.uleb128 0x19
 551 008b 01       		.uleb128 0x1
 552 008c 13       		.uleb128 0x13
 553 008d 00       		.byte	0
 554 008e 00       		.byte	0
 555 008f 0B       		.uleb128 0xb
 556 0090 05       		.uleb128 0x5
 557 0091 00       		.byte	0
 558 0092 03       		.uleb128 0x3
 559 0093 0E       		.uleb128 0xe
 560 0094 3A       		.uleb128 0x3a
 561 0095 0B       		.uleb128 0xb
 562 0096 3B       		.uleb128 0x3b
 563 0097 0B       		.uleb128 0xb
 564 0098 49       		.uleb128 0x49
 565 0099 13       		.uleb128 0x13
 566 009a 02       		.uleb128 0x2
 567 009b 17       		.uleb128 0x17
 568 009c 00       		.byte	0
 569 009d 00       		.byte	0
 570 009e 0C       		.uleb128 0xc
 571 009f 34       		.uleb128 0x34
 572 00a0 00       		.byte	0
ARM GAS  C:\Users\saman\AppData\Local\Temp\cc4Gpy4M.s 			page 12


 573 00a1 03       		.uleb128 0x3
 574 00a2 08       		.uleb128 0x8
 575 00a3 3A       		.uleb128 0x3a
 576 00a4 0B       		.uleb128 0xb
 577 00a5 3B       		.uleb128 0x3b
 578 00a6 0B       		.uleb128 0xb
 579 00a7 49       		.uleb128 0x49
 580 00a8 13       		.uleb128 0x13
 581 00a9 02       		.uleb128 0x2
 582 00aa 18       		.uleb128 0x18
 583 00ab 00       		.byte	0
 584 00ac 00       		.byte	0
 585 00ad 0D       		.uleb128 0xd
 586 00ae 34       		.uleb128 0x34
 587 00af 00       		.byte	0
 588 00b0 03       		.uleb128 0x3
 589 00b1 0E       		.uleb128 0xe
 590 00b2 3A       		.uleb128 0x3a
 591 00b3 0B       		.uleb128 0xb
 592 00b4 3B       		.uleb128 0x3b
 593 00b5 0B       		.uleb128 0xb
 594 00b6 49       		.uleb128 0x49
 595 00b7 13       		.uleb128 0x13
 596 00b8 00       		.byte	0
 597 00b9 00       		.byte	0
 598 00ba 0E       		.uleb128 0xe
 599 00bb 2E       		.uleb128 0x2e
 600 00bc 01       		.byte	0x1
 601 00bd 3F       		.uleb128 0x3f
 602 00be 19       		.uleb128 0x19
 603 00bf 03       		.uleb128 0x3
 604 00c0 0E       		.uleb128 0xe
 605 00c1 3A       		.uleb128 0x3a
 606 00c2 0B       		.uleb128 0xb
 607 00c3 3B       		.uleb128 0x3b
 608 00c4 0B       		.uleb128 0xb
 609 00c5 49       		.uleb128 0x49
 610 00c6 13       		.uleb128 0x13
 611 00c7 3C       		.uleb128 0x3c
 612 00c8 19       		.uleb128 0x19
 613 00c9 01       		.uleb128 0x1
 614 00ca 13       		.uleb128 0x13
 615 00cb 00       		.byte	0
 616 00cc 00       		.byte	0
 617 00cd 0F       		.uleb128 0xf
 618 00ce 18       		.uleb128 0x18
 619 00cf 00       		.byte	0
 620 00d0 00       		.byte	0
 621 00d1 00       		.byte	0
 622 00d2 10       		.uleb128 0x10
 623 00d3 898201   		.uleb128 0x4109
 624 00d6 01       		.byte	0x1
 625 00d7 11       		.uleb128 0x11
 626 00d8 01       		.uleb128 0x1
 627 00d9 31       		.uleb128 0x31
 628 00da 13       		.uleb128 0x13
 629 00db 00       		.byte	0
ARM GAS  C:\Users\saman\AppData\Local\Temp\cc4Gpy4M.s 			page 13


 630 00dc 00       		.byte	0
 631 00dd 11       		.uleb128 0x11
 632 00de 8A8201   		.uleb128 0x410a
 633 00e1 00       		.byte	0
 634 00e2 02       		.uleb128 0x2
 635 00e3 18       		.uleb128 0x18
 636 00e4 9142     		.uleb128 0x2111
 637 00e6 18       		.uleb128 0x18
 638 00e7 00       		.byte	0
 639 00e8 00       		.byte	0
 640 00e9 12       		.uleb128 0x12
 641 00ea 0F       		.uleb128 0xf
 642 00eb 00       		.byte	0
 643 00ec 0B       		.uleb128 0xb
 644 00ed 0B       		.uleb128 0xb
 645 00ee 49       		.uleb128 0x49
 646 00ef 13       		.uleb128 0x13
 647 00f0 00       		.byte	0
 648 00f1 00       		.byte	0
 649 00f2 13       		.uleb128 0x13
 650 00f3 26       		.uleb128 0x26
 651 00f4 00       		.byte	0
 652 00f5 49       		.uleb128 0x49
 653 00f6 13       		.uleb128 0x13
 654 00f7 00       		.byte	0
 655 00f8 00       		.byte	0
 656 00f9 14       		.uleb128 0x14
 657 00fa 34       		.uleb128 0x34
 658 00fb 00       		.byte	0
 659 00fc 03       		.uleb128 0x3
 660 00fd 0E       		.uleb128 0xe
 661 00fe 3A       		.uleb128 0x3a
 662 00ff 0B       		.uleb128 0xb
 663 0100 3B       		.uleb128 0x3b
 664 0101 0B       		.uleb128 0xb
 665 0102 49       		.uleb128 0x49
 666 0103 13       		.uleb128 0x13
 667 0104 3F       		.uleb128 0x3f
 668 0105 19       		.uleb128 0x19
 669 0106 3C       		.uleb128 0x3c
 670 0107 19       		.uleb128 0x19
 671 0108 00       		.byte	0
 672 0109 00       		.byte	0
 673 010a 15       		.uleb128 0x15
 674 010b 34       		.uleb128 0x34
 675 010c 00       		.byte	0
 676 010d 03       		.uleb128 0x3
 677 010e 0E       		.uleb128 0xe
 678 010f 3A       		.uleb128 0x3a
 679 0110 0B       		.uleb128 0xb
 680 0111 3B       		.uleb128 0x3b
 681 0112 05       		.uleb128 0x5
 682 0113 49       		.uleb128 0x49
 683 0114 13       		.uleb128 0x13
 684 0115 3F       		.uleb128 0x3f
 685 0116 19       		.uleb128 0x19
 686 0117 3C       		.uleb128 0x3c
ARM GAS  C:\Users\saman\AppData\Local\Temp\cc4Gpy4M.s 			page 14


 687 0118 19       		.uleb128 0x19
 688 0119 00       		.byte	0
 689 011a 00       		.byte	0
 690 011b 16       		.uleb128 0x16
 691 011c 35       		.uleb128 0x35
 692 011d 00       		.byte	0
 693 011e 49       		.uleb128 0x49
 694 011f 13       		.uleb128 0x13
 695 0120 00       		.byte	0
 696 0121 00       		.byte	0
 697 0122 17       		.uleb128 0x17
 698 0123 2E       		.uleb128 0x2e
 699 0124 00       		.byte	0
 700 0125 3F       		.uleb128 0x3f
 701 0126 19       		.uleb128 0x19
 702 0127 3C       		.uleb128 0x3c
 703 0128 19       		.uleb128 0x19
 704 0129 6E       		.uleb128 0x6e
 705 012a 0E       		.uleb128 0xe
 706 012b 03       		.uleb128 0x3
 707 012c 0E       		.uleb128 0xe
 708 012d 3A       		.uleb128 0x3a
 709 012e 0B       		.uleb128 0xb
 710 012f 3B       		.uleb128 0x3b
 711 0130 0B       		.uleb128 0xb
 712 0131 00       		.byte	0
 713 0132 00       		.byte	0
 714 0133 00       		.byte	0
 715              		.section	.debug_loc,"",%progbits
 716              	.Ldebug_loc0:
 717              	.LLST0:
 718 0000 00000000 		.4byte	.LVL0
 719 0004 16000000 		.4byte	.LVL1
 720 0008 0100     		.2byte	0x1
 721 000a 50       		.byte	0x50
 722 000b 16000000 		.4byte	.LVL1
 723 000f 2C000000 		.4byte	.LFE110
 724 0013 0100     		.2byte	0x1
 725 0015 55       		.byte	0x55
 726 0016 00000000 		.4byte	0
 727 001a 00000000 		.4byte	0
 728              		.section	.debug_aranges,"",%progbits
 729 0000 1C000000 		.4byte	0x1c
 730 0004 0200     		.2byte	0x2
 731 0006 00000000 		.4byte	.Ldebug_info0
 732 000a 04       		.byte	0x4
 733 000b 00       		.byte	0
 734 000c 0000     		.2byte	0
 735 000e 0000     		.2byte	0
 736 0010 00000000 		.4byte	.LFB110
 737 0014 2C000000 		.4byte	.LFE110-.LFB110
 738 0018 00000000 		.4byte	0
 739 001c 00000000 		.4byte	0
 740              		.section	.debug_ranges,"",%progbits
 741              	.Ldebug_ranges0:
 742 0000 00000000 		.4byte	.LFB110
 743 0004 2C000000 		.4byte	.LFE110
ARM GAS  C:\Users\saman\AppData\Local\Temp\cc4Gpy4M.s 			page 15


 744 0008 00000000 		.4byte	0
 745 000c 00000000 		.4byte	0
 746              		.section	.debug_line,"",%progbits
 747              	.Ldebug_line0:
 748 0000 4E020000 		.section	.debug_str,"MS",%progbits,1
 748      02003302 
 748      00000201 
 748      FB0E0D00 
 748      01010101 
 749              	.LASF61:
 750 0000 72657375 		.ascii	"result\000"
 750      6C7400
 751              	.LASF36:
 752 0007 52435F45 		.ascii	"RC_ERROR_READ_ONLY\000"
 752      52524F52 
 752      5F524541 
 752      445F4F4E 
 752      4C5900
 753              	.LASF22:
 754 001a 52435F53 		.ascii	"RC_SUCCESS\000"
 754      55434345 
 754      535300
 755              	.LASF37:
 756 0025 52435F45 		.ascii	"RC_ERROR_WRITE_ONLY\000"
 756      52524F52 
 756      5F575249 
 756      54455F4F 
 756      4E4C5900 
 757              	.LASF2:
 758 0039 73686F72 		.ascii	"short int\000"
 758      7420696E 
 758      7400
 759              	.LASF28:
 760 0043 52435F45 		.ascii	"RC_ERROR_OVERRUN\000"
 760      52524F52 
 760      5F4F5645 
 760      5252554E 
 760      00
 761              	.LASF40:
 762 0054 52435F45 		.ascii	"RC_ERROR_WRITE_FAILS\000"
 762      52524F52 
 762      5F575249 
 762      54455F46 
 762      41494C53 
 763              	.LASF20:
 764 0069 73697A65 		.ascii	"sizetype\000"
 764      74797065 
 764      00
 765              	.LASF25:
 766 0072 52435F45 		.ascii	"RC_ERROR_ZERO\000"
 766      52524F52 
 766      5F5A4552 
 766      4F00
 767              	.LASF18:
 768 0080 45455F46 		.ascii	"EE_FREG\000"
 768      52454700 
 769              	.LASF39:
ARM GAS  C:\Users\saman\AppData\Local\Temp\cc4Gpy4M.s 			page 16


 770 0088 52435F45 		.ascii	"RC_ERROR_READ_FAILS\000"
 770      52524F52 
 770      5F524541 
 770      445F4641 
 770      494C5300 
 771              	.LASF16:
 772 009c 45455F55 		.ascii	"EE_UINT32\000"
 772      494E5433 
 772      3200
 773              	.LASF19:
 774 00a6 45455F54 		.ascii	"EE_TID\000"
 774      494400
 775              	.LASF45:
 776 00ad 52435F45 		.ascii	"RC_ERROR_INVALID_STATE\000"
 776      52524F52 
 776      5F494E56 
 776      414C4944 
 776      5F535441 
 777              	.LASF54:
 778 00c4 45455F49 		.ascii	"EE_IRQ_nesting_level\000"
 778      52515F6E 
 778      65737469 
 778      6E675F6C 
 778      6576656C 
 779              	.LASF53:
 780 00d9 45455F73 		.ascii	"EE_std_endcycle_next_tid\000"
 780      74645F65 
 780      6E646379 
 780      636C655F 
 780      6E657874 
 781              	.LASF27:
 782 00f2 52435F45 		.ascii	"RC_ERROR_RANGE\000"
 782      52524F52 
 782      5F52414E 
 782      474500
 783              	.LASF11:
 784 0101 666C6F61 		.ascii	"float\000"
 784      7400
 785              	.LASF47:
 786 0107 52435F45 		.ascii	"RC_ERROR_NOT_IMPLEMENTED\000"
 786      52524F52 
 786      5F4E4F54 
 786      5F494D50 
 786      4C454D45 
 787              	.LASF6:
 788 0120 6C6F6E67 		.ascii	"long long int\000"
 788      206C6F6E 
 788      6720696E 
 788      7400
 789              	.LASF51:
 790 012e 45455F6F 		.ascii	"EE_oo_IRQ_suspend_status\000"
 790      6F5F4952 
 790      515F7375 
 790      7370656E 
 790      645F7374 
 791              	.LASF58:
 792 0147 443A5C68 		.ascii	"D:\\h_da\\sem2\\eaa\\gasPedal\\A1_GasPedal\\A1_GasP"
ARM GAS  C:\Users\saman\AppData\Local\Temp\cc4Gpy4M.s 			page 17


 792      5F64615C 
 792      73656D32 
 792      5C656161 
 792      5C676173 
 793 0174 6564616C 		.ascii	"edal\\Design01.cydsn\000"
 793      5C446573 
 793      69676E30 
 793      312E6379 
 793      64736E00 
 794              	.LASF41:
 795 0188 52435F45 		.ascii	"RC_ERROR_NOT_MATCH\000"
 795      52524F52 
 795      5F4E4F54 
 795      5F4D4154 
 795      434800
 796              	.LASF46:
 797 019b 52435F45 		.ascii	"RC_ERROR_UNKNOWN\000"
 797      52524F52 
 797      5F554E4B 
 797      4E4F574E 
 797      00
 798              	.LASF4:
 799 01ac 6C6F6E67 		.ascii	"long int\000"
 799      20696E74 
 799      00
 800              	.LASF29:
 801 01b5 52435F45 		.ascii	"RC_ERROR_UNDERRUN\000"
 801      52524F52 
 801      5F554E44 
 801      45525255 
 801      4E00
 802              	.LASF32:
 803 01c7 52435F45 		.ascii	"RC_ERROR_BUSY\000"
 803      52524F52 
 803      5F425553 
 803      5900
 804              	.LASF38:
 805 01d5 52435F45 		.ascii	"RC_ERROR_INVALID\000"
 805      52524F52 
 805      5F494E56 
 805      414C4944 
 805      00
 806              	.LASF43:
 807 01e6 52435F45 		.ascii	"RC_ERROR_BAD_DATA\000"
 807      52524F52 
 807      5F424144 
 807      5F444154 
 807      4100
 808              	.LASF59:
 809 01f8 53435F4A 		.ascii	"SC_JOYSTICK_driverIn\000"
 809      4F595354 
 809      49434B5F 
 809      64726976 
 809      6572496E 
 810              	.LASF14:
 811 020d 6C6F6E67 		.ascii	"long double\000"
 811      20646F75 
ARM GAS  C:\Users\saman\AppData\Local\Temp\cc4Gpy4M.s 			page 18


 811      626C6500 
 812              	.LASF1:
 813 0219 756E7369 		.ascii	"unsigned char\000"
 813      676E6564 
 813      20636861 
 813      7200
 814              	.LASF49:
 815 0227 53435F4A 		.ascii	"SC_JOYSTICK_data_t\000"
 815      4F595354 
 815      49434B5F 
 815      64617461 
 815      5F7400
 816              	.LASF0:
 817 023a 7369676E 		.ascii	"signed char\000"
 817      65642063 
 817      68617200 
 818              	.LASF7:
 819 0246 6C6F6E67 		.ascii	"long long unsigned int\000"
 819      206C6F6E 
 819      6720756E 
 819      7369676E 
 819      65642069 
 820              	.LASF8:
 821 025d 756E7369 		.ascii	"unsigned int\000"
 821      676E6564 
 821      20696E74 
 821      00
 822              	.LASF34:
 823 026a 52435F45 		.ascii	"RC_ERROR_OPEN\000"
 823      52524F52 
 823      5F4F5045 
 823      4E00
 824              	.LASF24:
 825 0278 52435F45 		.ascii	"RC_ERROR_NULL\000"
 825      52524F52 
 825      5F4E554C 
 825      4C00
 826              	.LASF31:
 827 0286 52435F45 		.ascii	"RC_ERROR_BUFFER_EMTPY\000"
 827      52524F52 
 827      5F425546 
 827      4645525F 
 827      454D5450 
 828              	.LASF15:
 829 029c 45455F49 		.ascii	"EE_INT32\000"
 829      4E543332 
 829      00
 830              	.LASF3:
 831 02a5 73686F72 		.ascii	"short unsigned int\000"
 831      7420756E 
 831      7369676E 
 831      65642069 
 831      6E7400
 832              	.LASF56:
 833 02b8 474E5520 		.ascii	"GNU C11 5.4.1 20160609 (release) [ARM/embedded-5-br"
 833      43313120 
 833      352E342E 
ARM GAS  C:\Users\saman\AppData\Local\Temp\cc4Gpy4M.s 			page 19


 833      31203230 
 833      31363036 
 834 02eb 616E6368 		.ascii	"anch revision 237715] -mcpu=cortex-m3 -mthumb -g -O"
 834      20726576 
 834      6973696F 
 834      6E203233 
 834      37373135 
 835 031e 67202D66 		.ascii	"g -ffunction-sections -ffat-lto-objects\000"
 835      66756E63 
 835      74696F6E 
 835      2D736563 
 835      74696F6E 
 836              	.LASF13:
 837 0346 63686172 		.ascii	"char\000"
 837      00
 838              	.LASF30:
 839 034b 52435F45 		.ascii	"RC_ERROR_BUFFER_FULL\000"
 839      52524F52 
 839      5F425546 
 839      4645525F 
 839      46554C4C 
 840              	.LASF10:
 841 0360 696E7433 		.ascii	"int32_t\000"
 841      325F7400 
 842              	.LASF57:
 843 0368 736F7572 		.ascii	"source\\rte\\sc_joystick_type.c\000"
 843      63655C72 
 843      74655C73 
 843      635F6A6F 
 843      79737469 
 844              	.LASF42:
 845 0386 52435F45 		.ascii	"RC_ERROR_BAD_PARAM\000"
 845      52524F52 
 845      5F424144 
 845      5F504152 
 845      414D00
 846              	.LASF60:
 847 0399 64617461 		.ascii	"data\000"
 847      00
 848              	.LASF52:
 849 039e 45455F41 		.ascii	"EE_ApplicationMode\000"
 849      70706C69 
 849      63617469 
 849      6F6E4D6F 
 849      646500
 850              	.LASF5:
 851 03b1 6C6F6E67 		.ascii	"long unsigned int\000"
 851      20756E73 
 851      69676E65 
 851      6420696E 
 851      7400
 852              	.LASF12:
 853 03c3 646F7562 		.ascii	"double\000"
 853      6C6500
 854              	.LASF35:
 855 03ca 52435F45 		.ascii	"RC_ERROR_CHECKSUM\000"
 855      52524F52 
ARM GAS  C:\Users\saman\AppData\Local\Temp\cc4Gpy4M.s 			page 20


 855      5F434845 
 855      434B5355 
 855      4D00
 856              	.LASF17:
 857 03dc 45455F55 		.ascii	"EE_UREG\000"
 857      52454700 
 858              	.LASF9:
 859 03e4 5F5F696E 		.ascii	"__int32_t\000"
 859      7433325F 
 859      7400
 860              	.LASF44:
 861 03ee 52435F45 		.ascii	"RC_ERROR_CANCELED\000"
 861      52524F52 
 861      5F43414E 
 861      43454C45 
 861      4400
 862              	.LASF55:
 863 0400 49544D5F 		.ascii	"ITM_RxBuffer\000"
 863      52784275 
 863      66666572 
 863      00
 864              	.LASF23:
 865 040d 52435F45 		.ascii	"RC_ERROR\000"
 865      52524F52 
 865      00
 866              	.LASF62:
 867 0416 4A4F5953 		.ascii	"JOYSTICK_ReadPosition\000"
 867      5449434B 
 867      5F526561 
 867      64506F73 
 867      6974696F 
 868              	.LASF26:
 869 042c 52435F45 		.ascii	"RC_ERROR_MEMORY\000"
 869      52524F52 
 869      5F4D454D 
 869      4F525900 
 870              	.LASF50:
 871 043c 45455F6F 		.ascii	"EE_oo_IRQ_disable_count\000"
 871      6F5F4952 
 871      515F6469 
 871      7361626C 
 871      655F636F 
 872              	.LASF48:
 873 0454 52435F74 		.ascii	"RC_t\000"
 873      00
 874              	.LASF21:
 875 0459 73696E74 		.ascii	"sint8_t\000"
 875      385F7400 
 876              	.LASF33:
 877 0461 52435F45 		.ascii	"RC_ERROR_TIME_OUT\000"
 877      52524F52 
 877      5F54494D 
 877      455F4F55 
 877      5400
 878              		.ident	"GCC: (GNU Tools for ARM Embedded Processors) 5.4.1 20160609 (release) [ARM/embedded-5-bran
