ARM GAS  C:\Users\saman\AppData\Local\Temp\ccLxtKm8.s 			page 1


   1              		.syntax unified
   2              		.cpu cortex-m3
   3              		.fpu softvfp
   4              		.eabi_attribute 20, 1
   5              		.eabi_attribute 21, 1
   6              		.eabi_attribute 23, 3
   7              		.eabi_attribute 24, 1
   8              		.eabi_attribute 25, 1
   9              		.eabi_attribute 26, 1
  10              		.eabi_attribute 30, 1
  11              		.eabi_attribute 34, 1
  12              		.eabi_attribute 18, 4
  13              		.thumb
  14              		.syntax unified
  15              		.file	"tsk_system.c"
  16              		.text
  17              	.Ltext0:
  18              		.cfi_sections	.debug_frame
  19              		.section	.text.Functsk_system,"ax",%progbits
  20              		.align	2
  21              		.global	Functsk_system
  22              		.thumb
  23              		.thumb_func
  24              		.type	Functsk_system, %function
  25              	Functsk_system:
  26              	.LFB110:
  27              		.file 1 "source\\asw\\tsk_system.c"
   1:source\asw/tsk_system.c **** /*
   2:source\asw/tsk_system.c ****  * Filename: tsk_system.c
   3:source\asw/tsk_system.c ****  *
   4:source\asw/tsk_system.c ****  * Author: Autogenerated by H-DA RTE Generator, (c) Prof. Fromm
   5:source\asw/tsk_system.c ****  *
   6:source\asw/tsk_system.c ****  * description: Task for system operations (age)
   7:source\asw/tsk_system.c ****  * events: 
   8:source\asw/tsk_system.c ****  * mode: System
   9:source\asw/tsk_system.c ****  * name: tsk_system
  10:source\asw/tsk_system.c ****  * shortname: system
  11:source\asw/tsk_system.c ****  * signalpoolsRO: sp_common
  12:source\asw/tsk_system.c ****  * signalpoolsRW: sp_common
  13:source\asw/tsk_system.c ****  * tickEvent: 0
  14:source\asw/tsk_system.c ****  * timertickperiod: 1
  15:source\asw/tsk_system.c ****  *
  16:source\asw/tsk_system.c ****  */
  17:source\asw/tsk_system.c **** 
  18:source\asw/tsk_system.c **** #include "project.h"
  19:source\asw/tsk_system.c **** #include "global.h"
  20:source\asw/tsk_system.c **** #include "rte.h"
  21:source\asw/tsk_system.c **** #include "rte_types.h"
  22:source\asw/tsk_system.c **** #include "tsk_system.h"
  23:source\asw/tsk_system.c **** 
  24:source\asw/tsk_system.c **** 
  25:source\asw/tsk_system.c **** 
  26:source\asw/tsk_system.c **** /* USER CODE START TSK_SYSTEM_INCLUDE */
  27:source\asw/tsk_system.c **** 
  28:source\asw/tsk_system.c **** /* USER CODE END TSK_SYSTEM_INCLUDE */
  29:source\asw/tsk_system.c **** 
  30:source\asw/tsk_system.c **** 
ARM GAS  C:\Users\saman\AppData\Local\Temp\ccLxtKm8.s 			page 2


  31:source\asw/tsk_system.c **** 
  32:source\asw/tsk_system.c **** 
  33:source\asw/tsk_system.c **** /* USER CODE START TSK_SYSTEM_USERDEFINITIONS */
  34:source\asw/tsk_system.c **** 
  35:source\asw/tsk_system.c **** /* USER CODE END TSK_SYSTEM_USERDEFINITIONS */
  36:source\asw/tsk_system.c **** 
  37:source\asw/tsk_system.c **** /*******************************************************************************
  38:source\asw/tsk_system.c ****  * Runnable Tables from Activation Engine
  39:source\asw/tsk_system.c ****  *******************************************************************************/
  40:source\asw/tsk_system.c **** 
  41:source\asw/tsk_system.c **** 
  42:source\asw/tsk_system.c **** /*******************************************************************************
  43:source\asw/tsk_system.c ****  * Task Body
  44:source\asw/tsk_system.c ****  *******************************************************************************/
  45:source\asw/tsk_system.c **** 
  46:source\asw/tsk_system.c **** 
  47:source\asw/tsk_system.c **** /*
  48:source\asw/tsk_system.c ****  * description: Task for system operations (age)
  49:source\asw/tsk_system.c ****  * events: 
  50:source\asw/tsk_system.c ****  * mode: System
  51:source\asw/tsk_system.c ****  * name: tsk_system
  52:source\asw/tsk_system.c ****  * shortname: system
  53:source\asw/tsk_system.c ****  * signalpoolsRO: sp_common
  54:source\asw/tsk_system.c ****  * signalpoolsRW: sp_common
  55:source\asw/tsk_system.c ****  * tickEvent: 0
  56:source\asw/tsk_system.c ****  * timertickperiod: 1
  57:source\asw/tsk_system.c ****  */
  58:source\asw/tsk_system.c **** TASK(tsk_system)
  59:source\asw/tsk_system.c **** {
  28              		.loc 1 59 0
  29              		.cfi_startproc
  30              		@ args = 0, pretend = 0, frame = 0
  31              		@ frame_needed = 0, uses_anonymous_args = 0
  32 0000 08B5     		push	{r3, lr}
  33              		.cfi_def_cfa_offset 8
  34              		.cfi_offset 3, -8
  35              		.cfi_offset 14, -4
  60:source\asw/tsk_system.c **** 	//Increment the age of all signals
  61:source\asw/tsk_system.c **** 	//Ticktime of the task: 1 ms
  62:source\asw/tsk_system.c ****     
  63:source\asw/tsk_system.c **** 	/* USER CODE START TSK_SYSTEM_TASKBOBY_PRE */
  64:source\asw/tsk_system.c **** 
  65:source\asw/tsk_system.c **** 	/* USER CODE END TSK_SYSTEM_TASKBODY_PRE */
  66:source\asw/tsk_system.c **** 	
  67:source\asw/tsk_system.c ****     // tick for signalpool sp_common
  68:source\asw/tsk_system.c ****     RTE_timertick_sp_common_tick(1);
  36              		.loc 1 68 0
  37 0002 0120     		movs	r0, #1
  38 0004 FFF7FEFF 		bl	RTE_timertick_sp_common_tick
  39              	.LVL0:
  69:source\asw/tsk_system.c ****     
  70:source\asw/tsk_system.c ****     /* USER CODE START TSK_SYSTEM_TASKBODY_POST */
  71:source\asw/tsk_system.c **** 
  72:source\asw/tsk_system.c ****     /* USER CODE END TSK_SYSTEM_TASKBODY_POST */
  73:source\asw/tsk_system.c **** 	
  74:source\asw/tsk_system.c **** 	TerminateTask();
  40              		.loc 1 74 0
ARM GAS  C:\Users\saman\AppData\Local\Temp\ccLxtKm8.s 			page 3


  41 0008 FFF7FEFF 		bl	EE_oo_TerminateTask
  42              	.LVL1:
  43 000c 08BD     		pop	{r3, pc}
  44              		.cfi_endproc
  45              	.LFE110:
  46              		.size	Functsk_system, .-Functsk_system
  47 000e 00BF     		.text
  48              	.Letext0:
  49              		.file 2 "c:\\program files (x86)\\cypress\\psoc creator\\4.4\\psoc creator\\import\\gnu\\arm\\5.4.
  50              		.file 3 "c:\\program files (x86)\\cypress\\psoc creator\\4.4\\psoc creator\\import\\gnu\\arm\\5.4.
  51              		.file 4 "Generated_Source\\PSoC5/ErikaOS_1_common_ee_types.inc"
  52              		.file 5 "Generated_Source\\PSoC5/ErikaOS_1_cortex_mx_ee_cpu.inc"
  53              		.file 6 "Generated_Source\\PSoC5/ErikaOS_1_ee_oo_intfunc.inc"
  54              		.file 7 "Generated_Source\\PSoC5/ErikaOS_1_cortex_mx_ee_context.inc"
  55              		.file 8 "Generated_Source\\PSoC5/ErikaOS_1_common_ee_primitives.inc"
  56              		.file 9 "Generated_Source\\PSoC5/core_cm3.h"
  57              		.file 10 "Generated_Source\\PSoC5/ErikaOS_1_ee_oo_kernel.inc"
  58              		.section	.debug_info,"",%progbits
  59              	.Ldebug_info0:
  60 0000 79010000 		.4byte	0x179
  61 0004 0400     		.2byte	0x4
  62 0006 00000000 		.4byte	.Ldebug_abbrev0
  63 000a 04       		.byte	0x4
  64 000b 01       		.uleb128 0x1
  65 000c 84000000 		.4byte	.LASF29
  66 0010 0C       		.byte	0xc
  67 0011 36020000 		.4byte	.LASF30
  68 0015 0A000000 		.4byte	.LASF31
  69 0019 00000000 		.4byte	.Ldebug_ranges0+0
  70 001d 00000000 		.4byte	0
  71 0021 00000000 		.4byte	.Ldebug_line0
  72 0025 02       		.uleb128 0x2
  73 0026 01       		.byte	0x1
  74 0027 06       		.byte	0x6
  75 0028 6D020000 		.4byte	.LASF0
  76 002c 02       		.uleb128 0x2
  77 002d 01       		.byte	0x1
  78 002e 08       		.byte	0x8
  79 002f 65010000 		.4byte	.LASF1
  80 0033 02       		.uleb128 0x2
  81 0034 02       		.byte	0x2
  82 0035 05       		.byte	0x5
  83 0036 4E020000 		.4byte	.LASF2
  84 003a 02       		.uleb128 0x2
  85 003b 02       		.byte	0x2
  86 003c 07       		.byte	0x7
  87 003d 2D010000 		.4byte	.LASF3
  88 0041 03       		.uleb128 0x3
  89 0042 00000000 		.4byte	.LASF9
  90 0046 02       		.byte	0x2
  91 0047 3F       		.byte	0x3f
  92 0048 4C000000 		.4byte	0x4c
  93 004c 02       		.uleb128 0x2
  94 004d 04       		.byte	0x4
  95 004e 05       		.byte	0x5
  96 004f 58020000 		.4byte	.LASF4
  97 0053 02       		.uleb128 0x2
ARM GAS  C:\Users\saman\AppData\Local\Temp\ccLxtKm8.s 			page 4


  98 0054 04       		.byte	0x4
  99 0055 07       		.byte	0x7
 100 0056 1B010000 		.4byte	.LASF5
 101 005a 02       		.uleb128 0x2
 102 005b 08       		.byte	0x8
 103 005c 05       		.byte	0x5
 104 005d 06020000 		.4byte	.LASF6
 105 0061 02       		.uleb128 0x2
 106 0062 08       		.byte	0x8
 107 0063 07       		.byte	0x7
 108 0064 CB010000 		.4byte	.LASF7
 109 0068 04       		.uleb128 0x4
 110 0069 04       		.byte	0x4
 111 006a 05       		.byte	0x5
 112 006b 696E7400 		.ascii	"int\000"
 113 006f 02       		.uleb128 0x2
 114 0070 04       		.byte	0x4
 115 0071 07       		.byte	0x7
 116 0072 93010000 		.4byte	.LASF8
 117 0076 03       		.uleb128 0x3
 118 0077 F5010000 		.4byte	.LASF10
 119 007b 03       		.byte	0x3
 120 007c 2C       		.byte	0x2c
 121 007d 41000000 		.4byte	0x41
 122 0081 02       		.uleb128 0x2
 123 0082 04       		.byte	0x4
 124 0083 04       		.byte	0x4
 125 0084 6F000000 		.4byte	.LASF11
 126 0088 02       		.uleb128 0x2
 127 0089 08       		.byte	0x8
 128 008a 04       		.byte	0x4
 129 008b 73010000 		.4byte	.LASF12
 130 008f 02       		.uleb128 0x2
 131 0090 01       		.byte	0x1
 132 0091 08       		.byte	0x8
 133 0092 14020000 		.4byte	.LASF13
 134 0096 02       		.uleb128 0x2
 135 0097 08       		.byte	0x8
 136 0098 04       		.byte	0x4
 137 0099 61020000 		.4byte	.LASF14
 138 009d 03       		.uleb128 0x3
 139 009e 12010000 		.4byte	.LASF15
 140 00a2 04       		.byte	0x4
 141 00a3 53       		.byte	0x53
 142 00a4 68000000 		.4byte	0x68
 143 00a8 03       		.uleb128 0x3
 144 00a9 A8010000 		.4byte	.LASF16
 145 00ad 04       		.byte	0x4
 146 00ae 54       		.byte	0x54
 147 00af 6F000000 		.4byte	0x6f
 148 00b3 03       		.uleb128 0x3
 149 00b4 19020000 		.4byte	.LASF17
 150 00b8 05       		.byte	0x5
 151 00b9 4D       		.byte	0x4d
 152 00ba A8000000 		.4byte	0xa8
 153 00be 03       		.uleb128 0x3
 154 00bf A0010000 		.4byte	.LASF18
ARM GAS  C:\Users\saman\AppData\Local\Temp\ccLxtKm8.s 			page 5


 155 00c3 05       		.byte	0x5
 156 00c4 4F       		.byte	0x4f
 157 00c5 A8000000 		.4byte	0xa8
 158 00c9 03       		.uleb128 0x3
 159 00ca 4B000000 		.4byte	.LASF19
 160 00ce 05       		.byte	0x5
 161 00cf 78       		.byte	0x78
 162 00d0 9D000000 		.4byte	0x9d
 163 00d4 02       		.uleb128 0x2
 164 00d5 04       		.byte	0x4
 165 00d6 07       		.byte	0x7
 166 00d7 FD010000 		.4byte	.LASF20
 167 00db 05       		.uleb128 0x5
 168 00dc 75000000 		.4byte	.LASF32
 169 00e0 01       		.byte	0x1
 170 00e1 3A       		.byte	0x3a
 171 00e2 00000000 		.4byte	.LFB110
 172 00e6 0E000000 		.4byte	.LFE110-.LFB110
 173 00ea 01       		.uleb128 0x1
 174 00eb 9C       		.byte	0x9c
 175 00ec 1E010000 		.4byte	0x11e
 176 00f0 06       		.uleb128 0x6
 177 00f1 52000000 		.4byte	.LASF27
 178 00f5 01       		.byte	0x1
 179 00f6 44       		.byte	0x44
 180 00f7 68000000 		.4byte	0x68
 181 00fb 01010000 		.4byte	0x101
 182 00ff 07       		.uleb128 0x7
 183 0100 00       		.byte	0
 184 0101 08       		.uleb128 0x8
 185 0102 08000000 		.4byte	.LVL0
 186 0106 66010000 		.4byte	0x166
 187 010a 14010000 		.4byte	0x114
 188 010e 09       		.uleb128 0x9
 189 010f 01       		.uleb128 0x1
 190 0110 50       		.byte	0x50
 191 0111 01       		.uleb128 0x1
 192 0112 31       		.byte	0x31
 193 0113 00       		.byte	0
 194 0114 0A       		.uleb128 0xa
 195 0115 0C000000 		.4byte	.LVL1
 196 0119 71010000 		.4byte	0x171
 197 011d 00       		.byte	0
 198 011e 0B       		.uleb128 0xb
 199 011f 40010000 		.4byte	.LASF21
 200 0123 06       		.byte	0x6
 201 0124 40       		.byte	0x40
 202 0125 B3000000 		.4byte	0xb3
 203 0129 0B       		.uleb128 0xb
 204 012a B2010000 		.4byte	.LASF22
 205 012e 06       		.byte	0x6
 206 012f 47       		.byte	0x47
 207 0130 BE000000 		.4byte	0xbe
 208 0134 0B       		.uleb128 0xb
 209 0135 E2010000 		.4byte	.LASF23
 210 0139 06       		.byte	0x6
 211 013a 4A       		.byte	0x4a
ARM GAS  C:\Users\saman\AppData\Local\Temp\ccLxtKm8.s 			page 6


 212 013b B3000000 		.4byte	0xb3
 213 013f 0B       		.uleb128 0xb
 214 0140 7A010000 		.4byte	.LASF24
 215 0144 07       		.byte	0x7
 216 0145 48       		.byte	0x48
 217 0146 C9000000 		.4byte	0xc9
 218 014a 0B       		.uleb128 0xb
 219 014b 21020000 		.4byte	.LASF25
 220 014f 08       		.byte	0x8
 221 0150 44       		.byte	0x44
 222 0151 B3000000 		.4byte	0xb3
 223 0155 0C       		.uleb128 0xc
 224 0156 58010000 		.4byte	.LASF26
 225 015a 09       		.byte	0x9
 226 015b 1207     		.2byte	0x712
 227 015d 61010000 		.4byte	0x161
 228 0161 0D       		.uleb128 0xd
 229 0162 76000000 		.4byte	0x76
 230 0166 0E       		.uleb128 0xe
 231 0167 52000000 		.4byte	.LASF27
 232 016b 52000000 		.4byte	.LASF27
 233 016f 01       		.byte	0x1
 234 0170 44       		.byte	0x44
 235 0171 0E       		.uleb128 0xe
 236 0172 79020000 		.4byte	.LASF28
 237 0176 79020000 		.4byte	.LASF28
 238 017a 0A       		.byte	0xa
 239 017b 9F       		.byte	0x9f
 240 017c 00       		.byte	0
 241              		.section	.debug_abbrev,"",%progbits
 242              	.Ldebug_abbrev0:
 243 0000 01       		.uleb128 0x1
 244 0001 11       		.uleb128 0x11
 245 0002 01       		.byte	0x1
 246 0003 25       		.uleb128 0x25
 247 0004 0E       		.uleb128 0xe
 248 0005 13       		.uleb128 0x13
 249 0006 0B       		.uleb128 0xb
 250 0007 03       		.uleb128 0x3
 251 0008 0E       		.uleb128 0xe
 252 0009 1B       		.uleb128 0x1b
 253 000a 0E       		.uleb128 0xe
 254 000b 55       		.uleb128 0x55
 255 000c 17       		.uleb128 0x17
 256 000d 11       		.uleb128 0x11
 257 000e 01       		.uleb128 0x1
 258 000f 10       		.uleb128 0x10
 259 0010 17       		.uleb128 0x17
 260 0011 00       		.byte	0
 261 0012 00       		.byte	0
 262 0013 02       		.uleb128 0x2
 263 0014 24       		.uleb128 0x24
 264 0015 00       		.byte	0
 265 0016 0B       		.uleb128 0xb
 266 0017 0B       		.uleb128 0xb
 267 0018 3E       		.uleb128 0x3e
 268 0019 0B       		.uleb128 0xb
ARM GAS  C:\Users\saman\AppData\Local\Temp\ccLxtKm8.s 			page 7


 269 001a 03       		.uleb128 0x3
 270 001b 0E       		.uleb128 0xe
 271 001c 00       		.byte	0
 272 001d 00       		.byte	0
 273 001e 03       		.uleb128 0x3
 274 001f 16       		.uleb128 0x16
 275 0020 00       		.byte	0
 276 0021 03       		.uleb128 0x3
 277 0022 0E       		.uleb128 0xe
 278 0023 3A       		.uleb128 0x3a
 279 0024 0B       		.uleb128 0xb
 280 0025 3B       		.uleb128 0x3b
 281 0026 0B       		.uleb128 0xb
 282 0027 49       		.uleb128 0x49
 283 0028 13       		.uleb128 0x13
 284 0029 00       		.byte	0
 285 002a 00       		.byte	0
 286 002b 04       		.uleb128 0x4
 287 002c 24       		.uleb128 0x24
 288 002d 00       		.byte	0
 289 002e 0B       		.uleb128 0xb
 290 002f 0B       		.uleb128 0xb
 291 0030 3E       		.uleb128 0x3e
 292 0031 0B       		.uleb128 0xb
 293 0032 03       		.uleb128 0x3
 294 0033 08       		.uleb128 0x8
 295 0034 00       		.byte	0
 296 0035 00       		.byte	0
 297 0036 05       		.uleb128 0x5
 298 0037 2E       		.uleb128 0x2e
 299 0038 01       		.byte	0x1
 300 0039 3F       		.uleb128 0x3f
 301 003a 19       		.uleb128 0x19
 302 003b 03       		.uleb128 0x3
 303 003c 0E       		.uleb128 0xe
 304 003d 3A       		.uleb128 0x3a
 305 003e 0B       		.uleb128 0xb
 306 003f 3B       		.uleb128 0x3b
 307 0040 0B       		.uleb128 0xb
 308 0041 27       		.uleb128 0x27
 309 0042 19       		.uleb128 0x19
 310 0043 11       		.uleb128 0x11
 311 0044 01       		.uleb128 0x1
 312 0045 12       		.uleb128 0x12
 313 0046 06       		.uleb128 0x6
 314 0047 40       		.uleb128 0x40
 315 0048 18       		.uleb128 0x18
 316 0049 9742     		.uleb128 0x2117
 317 004b 19       		.uleb128 0x19
 318 004c 01       		.uleb128 0x1
 319 004d 13       		.uleb128 0x13
 320 004e 00       		.byte	0
 321 004f 00       		.byte	0
 322 0050 06       		.uleb128 0x6
 323 0051 2E       		.uleb128 0x2e
 324 0052 01       		.byte	0x1
 325 0053 3F       		.uleb128 0x3f
ARM GAS  C:\Users\saman\AppData\Local\Temp\ccLxtKm8.s 			page 8


 326 0054 19       		.uleb128 0x19
 327 0055 03       		.uleb128 0x3
 328 0056 0E       		.uleb128 0xe
 329 0057 3A       		.uleb128 0x3a
 330 0058 0B       		.uleb128 0xb
 331 0059 3B       		.uleb128 0x3b
 332 005a 0B       		.uleb128 0xb
 333 005b 49       		.uleb128 0x49
 334 005c 13       		.uleb128 0x13
 335 005d 3C       		.uleb128 0x3c
 336 005e 19       		.uleb128 0x19
 337 005f 01       		.uleb128 0x1
 338 0060 13       		.uleb128 0x13
 339 0061 00       		.byte	0
 340 0062 00       		.byte	0
 341 0063 07       		.uleb128 0x7
 342 0064 18       		.uleb128 0x18
 343 0065 00       		.byte	0
 344 0066 00       		.byte	0
 345 0067 00       		.byte	0
 346 0068 08       		.uleb128 0x8
 347 0069 898201   		.uleb128 0x4109
 348 006c 01       		.byte	0x1
 349 006d 11       		.uleb128 0x11
 350 006e 01       		.uleb128 0x1
 351 006f 31       		.uleb128 0x31
 352 0070 13       		.uleb128 0x13
 353 0071 01       		.uleb128 0x1
 354 0072 13       		.uleb128 0x13
 355 0073 00       		.byte	0
 356 0074 00       		.byte	0
 357 0075 09       		.uleb128 0x9
 358 0076 8A8201   		.uleb128 0x410a
 359 0079 00       		.byte	0
 360 007a 02       		.uleb128 0x2
 361 007b 18       		.uleb128 0x18
 362 007c 9142     		.uleb128 0x2111
 363 007e 18       		.uleb128 0x18
 364 007f 00       		.byte	0
 365 0080 00       		.byte	0
 366 0081 0A       		.uleb128 0xa
 367 0082 898201   		.uleb128 0x4109
 368 0085 00       		.byte	0
 369 0086 11       		.uleb128 0x11
 370 0087 01       		.uleb128 0x1
 371 0088 31       		.uleb128 0x31
 372 0089 13       		.uleb128 0x13
 373 008a 00       		.byte	0
 374 008b 00       		.byte	0
 375 008c 0B       		.uleb128 0xb
 376 008d 34       		.uleb128 0x34
 377 008e 00       		.byte	0
 378 008f 03       		.uleb128 0x3
 379 0090 0E       		.uleb128 0xe
 380 0091 3A       		.uleb128 0x3a
 381 0092 0B       		.uleb128 0xb
 382 0093 3B       		.uleb128 0x3b
ARM GAS  C:\Users\saman\AppData\Local\Temp\ccLxtKm8.s 			page 9


 383 0094 0B       		.uleb128 0xb
 384 0095 49       		.uleb128 0x49
 385 0096 13       		.uleb128 0x13
 386 0097 3F       		.uleb128 0x3f
 387 0098 19       		.uleb128 0x19
 388 0099 3C       		.uleb128 0x3c
 389 009a 19       		.uleb128 0x19
 390 009b 00       		.byte	0
 391 009c 00       		.byte	0
 392 009d 0C       		.uleb128 0xc
 393 009e 34       		.uleb128 0x34
 394 009f 00       		.byte	0
 395 00a0 03       		.uleb128 0x3
 396 00a1 0E       		.uleb128 0xe
 397 00a2 3A       		.uleb128 0x3a
 398 00a3 0B       		.uleb128 0xb
 399 00a4 3B       		.uleb128 0x3b
 400 00a5 05       		.uleb128 0x5
 401 00a6 49       		.uleb128 0x49
 402 00a7 13       		.uleb128 0x13
 403 00a8 3F       		.uleb128 0x3f
 404 00a9 19       		.uleb128 0x19
 405 00aa 3C       		.uleb128 0x3c
 406 00ab 19       		.uleb128 0x19
 407 00ac 00       		.byte	0
 408 00ad 00       		.byte	0
 409 00ae 0D       		.uleb128 0xd
 410 00af 35       		.uleb128 0x35
 411 00b0 00       		.byte	0
 412 00b1 49       		.uleb128 0x49
 413 00b2 13       		.uleb128 0x13
 414 00b3 00       		.byte	0
 415 00b4 00       		.byte	0
 416 00b5 0E       		.uleb128 0xe
 417 00b6 2E       		.uleb128 0x2e
 418 00b7 00       		.byte	0
 419 00b8 3F       		.uleb128 0x3f
 420 00b9 19       		.uleb128 0x19
 421 00ba 3C       		.uleb128 0x3c
 422 00bb 19       		.uleb128 0x19
 423 00bc 6E       		.uleb128 0x6e
 424 00bd 0E       		.uleb128 0xe
 425 00be 03       		.uleb128 0x3
 426 00bf 0E       		.uleb128 0xe
 427 00c0 3A       		.uleb128 0x3a
 428 00c1 0B       		.uleb128 0xb
 429 00c2 3B       		.uleb128 0x3b
 430 00c3 0B       		.uleb128 0xb
 431 00c4 00       		.byte	0
 432 00c5 00       		.byte	0
 433 00c6 00       		.byte	0
 434              		.section	.debug_aranges,"",%progbits
 435 0000 1C000000 		.4byte	0x1c
 436 0004 0200     		.2byte	0x2
 437 0006 00000000 		.4byte	.Ldebug_info0
 438 000a 04       		.byte	0x4
 439 000b 00       		.byte	0
ARM GAS  C:\Users\saman\AppData\Local\Temp\ccLxtKm8.s 			page 10


 440 000c 0000     		.2byte	0
 441 000e 0000     		.2byte	0
 442 0010 00000000 		.4byte	.LFB110
 443 0014 0E000000 		.4byte	.LFE110-.LFB110
 444 0018 00000000 		.4byte	0
 445 001c 00000000 		.4byte	0
 446              		.section	.debug_ranges,"",%progbits
 447              	.Ldebug_ranges0:
 448 0000 00000000 		.4byte	.LFB110
 449 0004 0E000000 		.4byte	.LFE110
 450 0008 00000000 		.4byte	0
 451 000c 00000000 		.4byte	0
 452              		.section	.debug_line,"",%progbits
 453              	.Ldebug_line0:
 454 0000 35020000 		.section	.debug_str,"MS",%progbits,1
 454      02001C02 
 454      00000201 
 454      FB0E0D00 
 454      01010101 
 455              	.LASF9:
 456 0000 5F5F696E 		.ascii	"__int32_t\000"
 456      7433325F 
 456      7400
 457              	.LASF31:
 458 000a 443A5C68 		.ascii	"D:\\h_da\\sem2\\eaa\\gasPedal\\A1_GasPedal\\A1_GasP"
 458      5F64615C 
 458      73656D32 
 458      5C656161 
 458      5C676173 
 459 0037 6564616C 		.ascii	"edal\\Design01.cydsn\000"
 459      5C446573 
 459      69676E30 
 459      312E6379 
 459      64736E00 
 460              	.LASF19:
 461 004b 45455F54 		.ascii	"EE_TID\000"
 461      494400
 462              	.LASF27:
 463 0052 5254455F 		.ascii	"RTE_timertick_sp_common_tick\000"
 463      74696D65 
 463      72746963 
 463      6B5F7370 
 463      5F636F6D 
 464              	.LASF11:
 465 006f 666C6F61 		.ascii	"float\000"
 465      7400
 466              	.LASF32:
 467 0075 46756E63 		.ascii	"Functsk_system\000"
 467      74736B5F 
 467      73797374 
 467      656D00
 468              	.LASF29:
 469 0084 474E5520 		.ascii	"GNU C11 5.4.1 20160609 (release) [ARM/embedded-5-br"
 469      43313120 
 469      352E342E 
 469      31203230 
 469      31363036 
ARM GAS  C:\Users\saman\AppData\Local\Temp\ccLxtKm8.s 			page 11


 470 00b7 616E6368 		.ascii	"anch revision 237715] -mcpu=cortex-m3 -mthumb -g -O"
 470      20726576 
 470      6973696F 
 470      6E203233 
 470      37373135 
 471 00ea 67202D66 		.ascii	"g -ffunction-sections -ffat-lto-objects\000"
 471      66756E63 
 471      74696F6E 
 471      2D736563 
 471      74696F6E 
 472              	.LASF15:
 473 0112 45455F49 		.ascii	"EE_INT32\000"
 473      4E543332 
 473      00
 474              	.LASF5:
 475 011b 6C6F6E67 		.ascii	"long unsigned int\000"
 475      20756E73 
 475      69676E65 
 475      6420696E 
 475      7400
 476              	.LASF3:
 477 012d 73686F72 		.ascii	"short unsigned int\000"
 477      7420756E 
 477      7369676E 
 477      65642069 
 477      6E7400
 478              	.LASF21:
 479 0140 45455F6F 		.ascii	"EE_oo_IRQ_disable_count\000"
 479      6F5F4952 
 479      515F6469 
 479      7361626C 
 479      655F636F 
 480              	.LASF26:
 481 0158 49544D5F 		.ascii	"ITM_RxBuffer\000"
 481      52784275 
 481      66666572 
 481      00
 482              	.LASF1:
 483 0165 756E7369 		.ascii	"unsigned char\000"
 483      676E6564 
 483      20636861 
 483      7200
 484              	.LASF12:
 485 0173 646F7562 		.ascii	"double\000"
 485      6C6500
 486              	.LASF24:
 487 017a 45455F73 		.ascii	"EE_std_endcycle_next_tid\000"
 487      74645F65 
 487      6E646379 
 487      636C655F 
 487      6E657874 
 488              	.LASF8:
 489 0193 756E7369 		.ascii	"unsigned int\000"
 489      676E6564 
 489      20696E74 
 489      00
 490              	.LASF18:
ARM GAS  C:\Users\saman\AppData\Local\Temp\ccLxtKm8.s 			page 12


 491 01a0 45455F46 		.ascii	"EE_FREG\000"
 491      52454700 
 492              	.LASF16:
 493 01a8 45455F55 		.ascii	"EE_UINT32\000"
 493      494E5433 
 493      3200
 494              	.LASF22:
 495 01b2 45455F6F 		.ascii	"EE_oo_IRQ_suspend_status\000"
 495      6F5F4952 
 495      515F7375 
 495      7370656E 
 495      645F7374 
 496              	.LASF7:
 497 01cb 6C6F6E67 		.ascii	"long long unsigned int\000"
 497      206C6F6E 
 497      6720756E 
 497      7369676E 
 497      65642069 
 498              	.LASF23:
 499 01e2 45455F41 		.ascii	"EE_ApplicationMode\000"
 499      70706C69 
 499      63617469 
 499      6F6E4D6F 
 499      646500
 500              	.LASF10:
 501 01f5 696E7433 		.ascii	"int32_t\000"
 501      325F7400 
 502              	.LASF20:
 503 01fd 73697A65 		.ascii	"sizetype\000"
 503      74797065 
 503      00
 504              	.LASF6:
 505 0206 6C6F6E67 		.ascii	"long long int\000"
 505      206C6F6E 
 505      6720696E 
 505      7400
 506              	.LASF13:
 507 0214 63686172 		.ascii	"char\000"
 507      00
 508              	.LASF17:
 509 0219 45455F55 		.ascii	"EE_UREG\000"
 509      52454700 
 510              	.LASF25:
 511 0221 45455F49 		.ascii	"EE_IRQ_nesting_level\000"
 511      52515F6E 
 511      65737469 
 511      6E675F6C 
 511      6576656C 
 512              	.LASF30:
 513 0236 736F7572 		.ascii	"source\\asw\\tsk_system.c\000"
 513      63655C61 
 513      73775C74 
 513      736B5F73 
 513      79737465 
 514              	.LASF2:
 515 024e 73686F72 		.ascii	"short int\000"
 515      7420696E 
ARM GAS  C:\Users\saman\AppData\Local\Temp\ccLxtKm8.s 			page 13


 515      7400
 516              	.LASF4:
 517 0258 6C6F6E67 		.ascii	"long int\000"
 517      20696E74 
 517      00
 518              	.LASF14:
 519 0261 6C6F6E67 		.ascii	"long double\000"
 519      20646F75 
 519      626C6500 
 520              	.LASF0:
 521 026d 7369676E 		.ascii	"signed char\000"
 521      65642063 
 521      68617200 
 522              	.LASF28:
 523 0279 45455F6F 		.ascii	"EE_oo_TerminateTask\000"
 523      6F5F5465 
 523      726D696E 
 523      61746554 
 523      61736B00 
 524              		.ident	"GCC: (GNU Tools for ARM Embedded Processors) 5.4.1 20160609 (release) [ARM/embedded-5-bran
