ARM GAS  C:\Users\saman\AppData\Local\Temp\ccYhvfFd.s 			page 1


   1              		.syntax unified
   2              		.cpu cortex-m3
   3              		.fpu softvfp
   4              		.eabi_attribute 20, 1
   5              		.eabi_attribute 21, 1
   6              		.eabi_attribute 23, 3
   7              		.eabi_attribute 24, 1
   8              		.eabi_attribute 25, 1
   9              		.eabi_attribute 26, 1
  10              		.eabi_attribute 30, 1
  11              		.eabi_attribute 34, 1
  12              		.eabi_attribute 18, 4
  13              		.thumb
  14              		.syntax unified
  15              		.file	"watchdog.c"
  16              		.text
  17              	.Ltext0:
  18              		.cfi_sections	.debug_frame
  19              		.section	.text.WD_Start,"ax",%progbits
  20              		.align	2
  21              		.global	WD_Start
  22              		.thumb
  23              		.thumb_func
  24              		.type	WD_Start, %function
  25              	WD_Start:
  26              	.LFB111:
  27              		.file 1 "watchdog.c"
   1:watchdog.c    **** /**
   2:watchdog.c    **** * \file <filename>
   3:watchdog.c    **** * \author <author-name>
   4:watchdog.c    **** * \date <date>
   5:watchdog.c    **** *
   6:watchdog.c    **** * \brief <Symbolic File name>
   7:watchdog.c    **** *
   8:watchdog.c    **** * \copyright Copyright ©2016
   9:watchdog.c    **** * Department of electrical engineering and information technology, Hochschule Darmstadt - Universit
  10:watchdog.c    **** * Permission to use, copy, modify, and distribute this software and its documentation for education
  11:watchdog.c    **** * (unless permitted by h_da) and official h_da projects, is hereby granted for enrolled students of
  12:watchdog.c    **** * this paragraph and the following paragraph appear in all copies, modifications, and distributions
  13:watchdog.c    **** * Contact Prof.Dr.-Ing. Peter Fromm, peter.fromm@h-da.de, Birkenweg 8 64295 Darmstadt - GERMANY for
  14:watchdog.c    **** *
  15:watchdog.c    **** * \warning This software is a PROTOTYPE version and is not designed or intended for use in producti
  16:watchdog.c    **** * The user represents and warrants that it will NOT use or redistribute the Software for such purpo
  17:watchdog.c    **** * This prototype is for research purposes only. This software is provided "AS IS," without a warran
  18:watchdog.c    **** */
  19:watchdog.c    **** 
  20:watchdog.c    **** /*****************************************************************************/
  21:watchdog.c    **** /* Include files                                                             */
  22:watchdog.c    **** /*****************************************************************************/
  23:watchdog.c    **** #include "global.h"
  24:watchdog.c    **** #include <stdio.h>
  25:watchdog.c    **** #include <stdlib.h>
  26:watchdog.c    **** #include "watchdog.h"
  27:watchdog.c    **** /*****************************************************************************/
  28:watchdog.c    **** /* Local pre-processor symbols/macros ('#define')                            */
  29:watchdog.c    **** /*****************************************************************************/
  30:watchdog.c    **** 
ARM GAS  C:\Users\saman\AppData\Local\Temp\ccYhvfFd.s 			page 2


  31:watchdog.c    **** /*****************************************************************************/
  32:watchdog.c    **** /* Global variable definitions (declared in header file with 'extern')       */
  33:watchdog.c    **** /*****************************************************************************/
  34:watchdog.c    **** 
  35:watchdog.c    **** /*****************************************************************************/
  36:watchdog.c    **** /* Local type definitions ('typedef')                                        */
  37:watchdog.c    **** /*****************************************************************************/
  38:watchdog.c    **** 
  39:watchdog.c    **** /*****************************************************************************/
  40:watchdog.c    **** /* Local variable definitions ('static')                                     */
  41:watchdog.c    **** /*****************************************************************************/
  42:watchdog.c    **** static boolean_t joystick_active = FALSE;
  43:watchdog.c    **** static boolean_t control_active = FALSE;
  44:watchdog.c    **** static boolean_t engine_active = FALSE;
  45:watchdog.c    **** static boolean_t brakelight_active = FALSE;
  46:watchdog.c    **** static uint8_t active_runnables  = 0;
  47:watchdog.c    **** 
  48:watchdog.c    **** /*****************************************************************************/
  49:watchdog.c    **** /* Local function prototypes ('static')                                      */
  50:watchdog.c    **** /*****************************************************************************/
  51:watchdog.c    **** 
  52:watchdog.c    **** 
  53:watchdog.c    **** /*****************************************************************************/
  54:watchdog.c    **** /* Function implementation - global ('extern') and local ('static')          */
  55:watchdog.c    **** /*****************************************************************************/
  56:watchdog.c    **** 
  57:watchdog.c    **** /**
  58:watchdog.c    **** * Activate the Watchdog Trigger
  59:watchdog.c    **** * \param WDT_TimeOut_t timeout - [IN] Timeout Period
  60:watchdog.c    **** * @return RC_SUCCESS
  61:watchdog.c    **** */
  62:watchdog.c    **** RC_t WD_Start( WDT_TimeOut_t timeout)
  63:watchdog.c    **** {
  28              		.loc 1 63 0
  29              		.cfi_startproc
  30              		@ args = 0, pretend = 0, frame = 0
  31              		@ frame_needed = 0, uses_anonymous_args = 0
  32              	.LVL0:
  33 0000 08B5     		push	{r3, lr}
  34              		.cfi_def_cfa_offset 8
  35              		.cfi_offset 3, -8
  36              		.cfi_offset 14, -4
  64:watchdog.c    ****     CyWdtStart(timeout, CYWDT_LPMODE_NOCHANGE);
  37              		.loc 1 64 0
  38 0002 0021     		movs	r1, #0
  39 0004 FFF7FEFF 		bl	CyWdtStart
  40              	.LVL1:
  65:watchdog.c    ****     return RC_SUCCESS;
  66:watchdog.c    **** }
  41              		.loc 1 66 0
  42 0008 0020     		movs	r0, #0
  43 000a 08BD     		pop	{r3, pc}
  44              		.cfi_endproc
  45              	.LFE111:
  46              		.size	WD_Start, .-WD_Start
  47              		.section	.text.WD_CheckResetBit,"ax",%progbits
  48              		.align	2
ARM GAS  C:\Users\saman\AppData\Local\Temp\ccYhvfFd.s 			page 3


  49              		.global	WD_CheckResetBit
  50              		.thumb
  51              		.thumb_func
  52              		.type	WD_CheckResetBit, %function
  53              	WD_CheckResetBit:
  54              	.LFB112:
  67:watchdog.c    **** 
  68:watchdog.c    **** 
  69:watchdog.c    **** /**
  70:watchdog.c    **** * Checks the watchdog bit
  71:watchdog.c    **** * @return TRUE if watchdog reset bit was set
  72:watchdog.c    **** */
  73:watchdog.c    **** boolean_t WD_CheckResetBit()
  74:watchdog.c    **** {
  55              		.loc 1 74 0
  56              		.cfi_startproc
  57              		@ args = 0, pretend = 0, frame = 0
  58              		@ frame_needed = 0, uses_anonymous_args = 0
  59              		@ link register save eliminated.
  75:watchdog.c    ****     if(CyResetStatus & CY_RESET_WD)
  60              		.loc 1 75 0
  61 0000 044B     		ldr	r3, .L5
  62 0002 1B78     		ldrb	r3, [r3]	@ zero_extendqisi2
  63 0004 03F00803 		and	r3, r3, #8
  64 0008 03F0FF00 		and	r0, r3, #255
  65 000c 03B1     		cbz	r3, .L4
  76:watchdog.c    ****     {
  77:watchdog.c    ****         return TRUE;
  66              		.loc 1 77 0
  67 000e 0120     		movs	r0, #1
  68              	.L4:
  78:watchdog.c    ****     }
  79:watchdog.c    ****     else
  80:watchdog.c    ****     {
  81:watchdog.c    ****         return FALSE;
  82:watchdog.c    ****     }
  83:watchdog.c    **** }
  69              		.loc 1 83 0
  70 0010 7047     		bx	lr
  71              	.L6:
  72 0012 00BF     		.align	2
  73              	.L5:
  74 0014 00000000 		.word	CyResetStatus
  75              		.cfi_endproc
  76              	.LFE112:
  77              		.size	WD_CheckResetBit, .-WD_CheckResetBit
  78              		.section	.text.WD_Trigger,"ax",%progbits
  79              		.align	2
  80              		.global	WD_Trigger
  81              		.thumb
  82              		.thumb_func
  83              		.type	WD_Trigger, %function
  84              	WD_Trigger:
  85              	.LFB113:
  84:watchdog.c    **** 
  85:watchdog.c    **** /* 
  86:watchdog.c    **** * Service the Watchdog Trigger 
ARM GAS  C:\Users\saman\AppData\Local\Temp\ccYhvfFd.s 			page 4


  87:watchdog.c    **** * @return RC_SUCCESS 
  88:watchdog.c    **** */ 
  89:watchdog.c    **** RC_t WD_Trigger()
  90:watchdog.c    **** {
  86              		.loc 1 90 0
  87              		.cfi_startproc
  88              		@ args = 0, pretend = 0, frame = 0
  89              		@ frame_needed = 0, uses_anonymous_args = 0
  90 0000 08B5     		push	{r3, lr}
  91              		.cfi_def_cfa_offset 8
  92              		.cfi_offset 3, -8
  93              		.cfi_offset 14, -4
  91:watchdog.c    ****     if(active_runnables == 0x0f)
  94              		.loc 1 91 0
  95 0002 054B     		ldr	r3, .L10
  96 0004 1B78     		ldrb	r3, [r3]	@ zero_extendqisi2
  97 0006 0F2B     		cmp	r3, #15
  98 0008 04D1     		bne	.L8
  92:watchdog.c    ****     {
  93:watchdog.c    ****         CyWdtClear();
  99              		.loc 1 93 0
 100 000a FFF7FEFF 		bl	CyWdtClear
 101              	.LVL2:
  94:watchdog.c    ****         active_runnables = 0;
 102              		.loc 1 94 0
 103 000e 0022     		movs	r2, #0
 104 0010 014B     		ldr	r3, .L10
 105 0012 1A70     		strb	r2, [r3]
 106              	.L8:
  95:watchdog.c    ****     }
  96:watchdog.c    ****     return RC_SUCCESS;
  97:watchdog.c    **** }
 107              		.loc 1 97 0
 108 0014 0020     		movs	r0, #0
 109 0016 08BD     		pop	{r3, pc}
 110              	.L11:
 111              		.align	2
 112              	.L10:
 113 0018 00000000 		.word	.LANCHOR0
 114              		.cfi_endproc
 115              	.LFE113:
 116              		.size	WD_Trigger, .-WD_Trigger
 117              		.section	.text.WD_Alive,"ax",%progbits
 118              		.align	2
 119              		.global	WD_Alive
 120              		.thumb
 121              		.thumb_func
 122              		.type	WD_Alive, %function
 123              	WD_Alive:
 124              	.LFB114:
  98:watchdog.c    **** 
  99:watchdog.c    **** /* 
 100:watchdog.c    **** * Set Alive status for the received runnable  
 101:watchdog.c    **** * @return RC_SUCCESS 
 102:watchdog.c    **** */ 
 103:watchdog.c    **** RC_t WD_Alive(uint8_t myBitPosition)
 104:watchdog.c    **** {
ARM GAS  C:\Users\saman\AppData\Local\Temp\ccYhvfFd.s 			page 5


 125              		.loc 1 104 0
 126              		.cfi_startproc
 127              		@ args = 0, pretend = 0, frame = 0
 128              		@ frame_needed = 0, uses_anonymous_args = 0
 129              		@ link register save eliminated.
 130              	.LVL3:
 105:watchdog.c    ****     active_runnables |=(1<<myBitPosition);
 131              		.loc 1 105 0
 132 0000 0123     		movs	r3, #1
 133 0002 03FA00F0 		lsl	r0, r3, r0
 134              	.LVL4:
 135 0006 034A     		ldr	r2, .L13
 136 0008 1378     		ldrb	r3, [r2]	@ zero_extendqisi2
 137 000a 1843     		orrs	r0, r0, r3
 138 000c 1070     		strb	r0, [r2]
 106:watchdog.c    ****     return RC_SUCCESS;
 107:watchdog.c    **** }
 139              		.loc 1 107 0
 140 000e 0020     		movs	r0, #0
 141 0010 7047     		bx	lr
 142              	.L14:
 143 0012 00BF     		.align	2
 144              	.L13:
 145 0014 00000000 		.word	.LANCHOR0
 146              		.cfi_endproc
 147              	.LFE114:
 148              		.size	WD_Alive, .-WD_Alive
 149              		.bss
 150              		.set	.LANCHOR0,. + 0
 151              		.type	active_runnables, %object
 152              		.size	active_runnables, 1
 153              	active_runnables:
 154 0000 00       		.space	1
 155              		.text
 156              	.Letext0:
 157              		.file 2 ".\\source\\bsw/global.h"
 158              		.file 3 "c:\\program files (x86)\\cypress\\psoc creator\\4.4\\psoc creator\\import\\gnu\\arm\\5.4.
 159              		.file 4 "c:\\program files (x86)\\cypress\\psoc creator\\4.4\\psoc creator\\import\\gnu\\arm\\5.4.
 160              		.file 5 "Generated_Source\\PSoC5/cytypes.h"
 161              		.file 6 "Generated_Source\\PSoC5/ErikaOS_1_common_ee_types.inc"
 162              		.file 7 "Generated_Source\\PSoC5/ErikaOS_1_cortex_mx_ee_cpu.inc"
 163              		.file 8 "watchdog.h"
 164              		.file 9 "Generated_Source\\PSoC5/ErikaOS_1_ee_oo_intfunc.inc"
 165              		.file 10 "Generated_Source\\PSoC5/ErikaOS_1_cortex_mx_ee_context.inc"
 166              		.file 11 "Generated_Source\\PSoC5/ErikaOS_1_common_ee_primitives.inc"
 167              		.file 12 "Generated_Source\\PSoC5/CyLib.h"
 168              		.file 13 "Generated_Source\\PSoC5/core_cm3.h"
 169              		.section	.debug_info,"",%progbits
 170              	.Ldebug_info0:
 171 0000 25030000 		.4byte	0x325
 172 0004 0400     		.2byte	0x4
 173 0006 00000000 		.4byte	.Ldebug_abbrev0
 174 000a 04       		.byte	0x4
 175 000b 01       		.uleb128 0x1
 176 000c 34030000 		.4byte	.LASF74
 177 0010 0C       		.byte	0xc
 178 0011 E7040000 		.4byte	.LASF75
ARM GAS  C:\Users\saman\AppData\Local\Temp\ccYhvfFd.s 			page 6


 179 0015 B2010000 		.4byte	.LASF76
 180 0019 00000000 		.4byte	.Ldebug_ranges0+0
 181 001d 00000000 		.4byte	0
 182 0021 00000000 		.4byte	.Ldebug_line0
 183 0025 02       		.uleb128 0x2
 184 0026 01       		.byte	0x1
 185 0027 06       		.byte	0x6
 186 0028 9A020000 		.4byte	.LASF0
 187 002c 03       		.uleb128 0x3
 188 002d DC000000 		.4byte	.LASF10
 189 0031 02       		.byte	0x2
 190 0032 91       		.byte	0x91
 191 0033 37000000 		.4byte	0x37
 192 0037 02       		.uleb128 0x2
 193 0038 01       		.byte	0x1
 194 0039 08       		.byte	0x8
 195 003a 8C020000 		.4byte	.LASF1
 196 003e 02       		.uleb128 0x2
 197 003f 02       		.byte	0x2
 198 0040 05       		.byte	0x5
 199 0041 48000000 		.4byte	.LASF2
 200 0045 02       		.uleb128 0x2
 201 0046 02       		.byte	0x2
 202 0047 07       		.byte	0x7
 203 0048 21030000 		.4byte	.LASF3
 204 004c 02       		.uleb128 0x2
 205 004d 04       		.byte	0x4
 206 004e 05       		.byte	0x5
 207 004f 17020000 		.4byte	.LASF4
 208 0053 02       		.uleb128 0x2
 209 0054 04       		.byte	0x4
 210 0055 07       		.byte	0x7
 211 0056 45040000 		.4byte	.LASF5
 212 005a 02       		.uleb128 0x2
 213 005b 04       		.byte	0x4
 214 005c 04       		.byte	0x4
 215 005d 60010000 		.4byte	.LASF6
 216 0061 02       		.uleb128 0x2
 217 0062 08       		.byte	0x8
 218 0063 04       		.byte	0x4
 219 0064 57040000 		.4byte	.LASF7
 220 0068 02       		.uleb128 0x2
 221 0069 08       		.byte	0x8
 222 006a 05       		.byte	0x5
 223 006b 7F010000 		.4byte	.LASF8
 224 006f 02       		.uleb128 0x2
 225 0070 08       		.byte	0x8
 226 0071 07       		.byte	0x7
 227 0072 A6020000 		.4byte	.LASF9
 228 0076 03       		.uleb128 0x3
 229 0077 63020000 		.4byte	.LASF11
 230 007b 02       		.byte	0x2
 231 007c 9C       		.byte	0x9c
 232 007d 37000000 		.4byte	0x37
 233 0081 02       		.uleb128 0x2
 234 0082 01       		.byte	0x1
 235 0083 08       		.byte	0x8
ARM GAS  C:\Users\saman\AppData\Local\Temp\ccYhvfFd.s 			page 7


 236 0084 C2030000 		.4byte	.LASF12
 237 0088 04       		.uleb128 0x4
 238 0089 01       		.byte	0x1
 239 008a 25000000 		.4byte	0x25
 240 008e 02       		.byte	0x2
 241 008f CF       		.byte	0xcf
 242 0090 31010000 		.4byte	0x131
 243 0094 05       		.uleb128 0x5
 244 0095 0E000000 		.4byte	.LASF13
 245 0099 00       		.byte	0
 246 009a 06       		.uleb128 0x6
 247 009b B6040000 		.4byte	.LASF14
 248 009f 7F       		.sleb128 -1
 249 00a0 06       		.uleb128 0x6
 250 00a1 E6020000 		.4byte	.LASF15
 251 00a5 7E       		.sleb128 -2
 252 00a6 06       		.uleb128 0x6
 253 00a7 90000000 		.4byte	.LASF16
 254 00ab 7D       		.sleb128 -3
 255 00ac 06       		.uleb128 0x6
 256 00ad BF040000 		.4byte	.LASF17
 257 00b1 7C       		.sleb128 -4
 258 00b2 06       		.uleb128 0x6
 259 00b3 51010000 		.4byte	.LASF18
 260 00b7 7B       		.sleb128 -5
 261 00b8 06       		.uleb128 0x6
 262 00b9 52000000 		.4byte	.LASF19
 263 00bd 7A       		.sleb128 -6
 264 00be 06       		.uleb128 0x6
 265 00bf 20020000 		.4byte	.LASF20
 266 00c3 79       		.sleb128 -7
 267 00c4 06       		.uleb128 0x6
 268 00c5 D5030000 		.4byte	.LASF21
 269 00c9 78       		.sleb128 -8
 270 00ca 06       		.uleb128 0x6
 271 00cb F4020000 		.4byte	.LASF22
 272 00cf 77       		.sleb128 -9
 273 00d0 06       		.uleb128 0x6
 274 00d1 32020000 		.4byte	.LASF23
 275 00d5 76       		.sleb128 -10
 276 00d6 06       		.uleb128 0x6
 277 00d7 1B050000 		.4byte	.LASF24
 278 00db 75       		.sleb128 -11
 279 00dc 06       		.uleb128 0x6
 280 00dd CA020000 		.4byte	.LASF25
 281 00e1 74       		.sleb128 -12
 282 00e2 06       		.uleb128 0x6
 283 00e3 5E040000 		.4byte	.LASF26
 284 00e7 73       		.sleb128 -13
 285 00e8 06       		.uleb128 0x6
 286 00e9 6D020000 		.4byte	.LASF27
 287 00ed 72       		.sleb128 -14
 288 00ee 06       		.uleb128 0x6
 289 00ef 34000000 		.4byte	.LASF28
 290 00f3 71       		.sleb128 -15
 291 00f4 06       		.uleb128 0x6
 292 00f5 40020000 		.4byte	.LASF29
ARM GAS  C:\Users\saman\AppData\Local\Temp\ccYhvfFd.s 			page 8


 293 00f9 70       		.sleb128 -16
 294 00fa 06       		.uleb128 0x6
 295 00fb FD030000 		.4byte	.LASF30
 296 00ff 6F       		.sleb128 -17
 297 0100 06       		.uleb128 0x6
 298 0101 63000000 		.4byte	.LASF31
 299 0105 6E       		.sleb128 -18
 300 0106 06       		.uleb128 0x6
 301 0107 F3010000 		.4byte	.LASF32
 302 010b 6D       		.sleb128 -19
 303 010c 06       		.uleb128 0x6
 304 010d 11040000 		.4byte	.LASF33
 305 0111 6C       		.sleb128 -20
 306 0112 06       		.uleb128 0x6
 307 0113 51020000 		.4byte	.LASF34
 308 0117 6B       		.sleb128 -21
 309 0118 06       		.uleb128 0x6
 310 0119 8B040000 		.4byte	.LASF35
 311 011d 6A       		.sleb128 -22
 312 011e 06       		.uleb128 0x6
 313 011f E4000000 		.4byte	.LASF36
 314 0123 69       		.sleb128 -23
 315 0124 06       		.uleb128 0x6
 316 0125 06020000 		.4byte	.LASF37
 317 0129 68       		.sleb128 -24
 318 012a 06       		.uleb128 0x6
 319 012b 66010000 		.4byte	.LASF38
 320 012f 67       		.sleb128 -25
 321 0130 00       		.byte	0
 322 0131 03       		.uleb128 0x3
 323 0132 FA040000 		.4byte	.LASF39
 324 0136 02       		.byte	0x2
 325 0137 EA       		.byte	0xea
 326 0138 88000000 		.4byte	0x88
 327 013c 03       		.uleb128 0x3
 328 013d 78040000 		.4byte	.LASF40
 329 0141 03       		.byte	0x3
 330 0142 3F       		.byte	0x3f
 331 0143 4C000000 		.4byte	0x4c
 332 0147 07       		.uleb128 0x7
 333 0148 04       		.byte	0x4
 334 0149 05       		.byte	0x5
 335 014a 696E7400 		.ascii	"int\000"
 336 014e 02       		.uleb128 0x2
 337 014f 04       		.byte	0x4
 338 0150 07       		.byte	0x7
 339 0151 BD020000 		.4byte	.LASF41
 340 0155 02       		.uleb128 0x2
 341 0156 08       		.byte	0x8
 342 0157 04       		.byte	0x4
 343 0158 80020000 		.4byte	.LASF42
 344 015c 02       		.uleb128 0x2
 345 015d 04       		.byte	0x4
 346 015e 07       		.byte	0x7
 347 015f 78000000 		.4byte	.LASF43
 348 0163 03       		.uleb128 0x3
 349 0164 EA030000 		.4byte	.LASF44
ARM GAS  C:\Users\saman\AppData\Local\Temp\ccYhvfFd.s 			page 9


 350 0168 04       		.byte	0x4
 351 0169 2C       		.byte	0x2c
 352 016a 3C010000 		.4byte	0x13c
 353 016e 08       		.uleb128 0x8
 354 016f 0D010000 		.4byte	.LASF45
 355 0173 05       		.byte	0x5
 356 0174 E901     		.2byte	0x1e9
 357 0176 37000000 		.4byte	0x37
 358 017a 03       		.uleb128 0x3
 359 017b 0A030000 		.4byte	.LASF46
 360 017f 06       		.byte	0x6
 361 0180 53       		.byte	0x53
 362 0181 47010000 		.4byte	0x147
 363 0185 03       		.uleb128 0x3
 364 0186 BA000000 		.4byte	.LASF47
 365 018a 06       		.byte	0x6
 366 018b 54       		.byte	0x54
 367 018c 4E010000 		.4byte	0x14e
 368 0190 03       		.uleb128 0x3
 369 0191 70040000 		.4byte	.LASF48
 370 0195 07       		.byte	0x7
 371 0196 4D       		.byte	0x4d
 372 0197 85010000 		.4byte	0x185
 373 019b 03       		.uleb128 0x3
 374 019c 9E000000 		.4byte	.LASF49
 375 01a0 07       		.byte	0x7
 376 01a1 4F       		.byte	0x4f
 377 01a2 85010000 		.4byte	0x185
 378 01a6 03       		.uleb128 0x3
 379 01a7 C4000000 		.4byte	.LASF50
 380 01ab 07       		.byte	0x7
 381 01ac 78       		.byte	0x78
 382 01ad 7A010000 		.4byte	0x17a
 383 01b1 09       		.uleb128 0x9
 384 01b2 9D040000 		.4byte	.LASF77
 385 01b6 01       		.byte	0x1
 386 01b7 37000000 		.4byte	0x37
 387 01bb 08       		.byte	0x8
 388 01bc 62       		.byte	0x62
 389 01bd DA010000 		.4byte	0x1da
 390 01c1 05       		.uleb128 0x5
 391 01c2 A6010000 		.4byte	.LASF51
 392 01c6 00       		.byte	0
 393 01c7 05       		.uleb128 0x5
 394 01c8 D8020000 		.4byte	.LASF52
 395 01cc 01       		.byte	0x1
 396 01cd 05       		.uleb128 0x5
 397 01ce 28010000 		.4byte	.LASF53
 398 01d2 02       		.byte	0x2
 399 01d3 05       		.uleb128 0x5
 400 01d4 AF000000 		.4byte	.LASF54
 401 01d8 03       		.byte	0x3
 402 01d9 00       		.byte	0
 403 01da 03       		.uleb128 0x3
 404 01db 24040000 		.4byte	.LASF55
 405 01df 08       		.byte	0x8
 406 01e0 68       		.byte	0x68
ARM GAS  C:\Users\saman\AppData\Local\Temp\ccYhvfFd.s 			page 10


 407 01e1 B1010000 		.4byte	0x1b1
 408 01e5 0A       		.uleb128 0xa
 409 01e6 A6000000 		.4byte	.LASF56
 410 01ea 01       		.byte	0x1
 411 01eb 3E       		.byte	0x3e
 412 01ec 31010000 		.4byte	0x131
 413 01f0 00000000 		.4byte	.LFB111
 414 01f4 0C000000 		.4byte	.LFE111-.LFB111
 415 01f8 01       		.uleb128 0x1
 416 01f9 9C       		.byte	0x9c
 417 01fa 1D020000 		.4byte	0x21d
 418 01fe 0B       		.uleb128 0xb
 419 01ff F2040000 		.4byte	.LASF58
 420 0203 01       		.byte	0x1
 421 0204 3E       		.byte	0x3e
 422 0205 DA010000 		.4byte	0x1da
 423 0209 00000000 		.4byte	.LLST0
 424 020d 0C       		.uleb128 0xc
 425 020e 08000000 		.4byte	.LVL1
 426 0212 12030000 		.4byte	0x312
 427 0216 0D       		.uleb128 0xd
 428 0217 01       		.uleb128 0x1
 429 0218 51       		.byte	0x51
 430 0219 01       		.uleb128 0x1
 431 021a 30       		.byte	0x30
 432 021b 00       		.byte	0
 433 021c 00       		.byte	0
 434 021d 0E       		.uleb128 0xe
 435 021e FF040000 		.4byte	.LASF78
 436 0222 01       		.byte	0x1
 437 0223 49       		.byte	0x49
 438 0224 76000000 		.4byte	0x76
 439 0228 00000000 		.4byte	.LFB112
 440 022c 18000000 		.4byte	.LFE112-.LFB112
 441 0230 01       		.uleb128 0x1
 442 0231 9C       		.byte	0x9c
 443 0232 0F       		.uleb128 0xf
 444 0233 29000000 		.4byte	.LASF79
 445 0237 01       		.byte	0x1
 446 0238 59       		.byte	0x59
 447 0239 31010000 		.4byte	0x131
 448 023d 00000000 		.4byte	.LFB113
 449 0241 1C000000 		.4byte	.LFE113-.LFB113
 450 0245 01       		.uleb128 0x1
 451 0246 9C       		.byte	0x9c
 452 0247 55020000 		.4byte	0x255
 453 024b 10       		.uleb128 0x10
 454 024c 0E000000 		.4byte	.LVL2
 455 0250 1D030000 		.4byte	0x31d
 456 0254 00       		.byte	0
 457 0255 0A       		.uleb128 0xa
 458 0256 82040000 		.4byte	.LASF57
 459 025a 01       		.byte	0x1
 460 025b 67       		.byte	0x67
 461 025c 31010000 		.4byte	0x131
 462 0260 00000000 		.4byte	.LFB114
 463 0264 18000000 		.4byte	.LFE114-.LFB114
ARM GAS  C:\Users\saman\AppData\Local\Temp\ccYhvfFd.s 			page 11


 464 0268 01       		.uleb128 0x1
 465 0269 9C       		.byte	0x9c
 466 026a 7E020000 		.4byte	0x27e
 467 026e 0B       		.uleb128 0xb
 468 026f 00000000 		.4byte	.LASF59
 469 0273 01       		.byte	0x1
 470 0274 67       		.byte	0x67
 471 0275 2C000000 		.4byte	0x2c
 472 0279 21000000 		.4byte	.LLST1
 473 027d 00       		.byte	0
 474 027e 11       		.uleb128 0x11
 475 027f 19000000 		.4byte	.LASF60
 476 0283 01       		.byte	0x1
 477 0284 2A       		.byte	0x2a
 478 0285 76000000 		.4byte	0x76
 479 0289 00       		.byte	0
 480 028a 11       		.uleb128 0x11
 481 028b 81000000 		.4byte	.LASF61
 482 028f 01       		.byte	0x1
 483 0290 2B       		.byte	0x2b
 484 0291 76000000 		.4byte	0x76
 485 0295 00       		.byte	0
 486 0296 11       		.uleb128 0x11
 487 0297 C7030000 		.4byte	.LASF62
 488 029b 01       		.byte	0x1
 489 029c 2C       		.byte	0x2c
 490 029d 76000000 		.4byte	0x76
 491 02a1 00       		.byte	0
 492 02a2 11       		.uleb128 0x11
 493 02a3 FB000000 		.4byte	.LASF63
 494 02a7 01       		.byte	0x1
 495 02a8 2D       		.byte	0x2d
 496 02a9 76000000 		.4byte	0x76
 497 02ad 00       		.byte	0
 498 02ae 12       		.uleb128 0x12
 499 02af CB000000 		.4byte	.LASF64
 500 02b3 01       		.byte	0x1
 501 02b4 2E       		.byte	0x2e
 502 02b5 2C000000 		.4byte	0x2c
 503 02b9 05       		.uleb128 0x5
 504 02ba 03       		.byte	0x3
 505 02bb 00000000 		.4byte	active_runnables
 506 02bf 13       		.uleb128 0x13
 507 02c0 CF040000 		.4byte	.LASF65
 508 02c4 09       		.byte	0x9
 509 02c5 40       		.byte	0x40
 510 02c6 90010000 		.4byte	0x190
 511 02ca 13       		.uleb128 0x13
 512 02cb 8D010000 		.4byte	.LASF66
 513 02cf 09       		.byte	0x9
 514 02d0 47       		.byte	0x47
 515 02d1 9B010000 		.4byte	0x19b
 516 02d5 13       		.uleb128 0x13
 517 02d6 32040000 		.4byte	.LASF67
 518 02da 09       		.byte	0x9
 519 02db 4A       		.byte	0x4a
 520 02dc 90010000 		.4byte	0x190
ARM GAS  C:\Users\saman\AppData\Local\Temp\ccYhvfFd.s 			page 12


 521 02e0 13       		.uleb128 0x13
 522 02e1 38010000 		.4byte	.LASF68
 523 02e5 0A       		.byte	0xa
 524 02e6 48       		.byte	0x48
 525 02e7 A6010000 		.4byte	0x1a6
 526 02eb 13       		.uleb128 0x13
 527 02ec 13010000 		.4byte	.LASF69
 528 02f0 0B       		.byte	0xb
 529 02f1 44       		.byte	0x44
 530 02f2 90010000 		.4byte	0x190
 531 02f6 13       		.uleb128 0x13
 532 02f7 13030000 		.4byte	.LASF70
 533 02fb 0C       		.byte	0xc
 534 02fc 2C       		.byte	0x2c
 535 02fd 6E010000 		.4byte	0x16e
 536 0301 14       		.uleb128 0x14
 537 0302 A9040000 		.4byte	.LASF71
 538 0306 0D       		.byte	0xd
 539 0307 1207     		.2byte	0x712
 540 0309 0D030000 		.4byte	0x30d
 541 030d 15       		.uleb128 0x15
 542 030e 63010000 		.4byte	0x163
 543 0312 16       		.uleb128 0x16
 544 0313 F2030000 		.4byte	.LASF72
 545 0317 F2030000 		.4byte	.LASF72
 546 031b 0C       		.byte	0xc
 547 031c 72       		.byte	0x72
 548 031d 16       		.uleb128 0x16
 549 031e 10050000 		.4byte	.LASF73
 550 0322 10050000 		.4byte	.LASF73
 551 0326 0C       		.byte	0xc
 552 0327 73       		.byte	0x73
 553 0328 00       		.byte	0
 554              		.section	.debug_abbrev,"",%progbits
 555              	.Ldebug_abbrev0:
 556 0000 01       		.uleb128 0x1
 557 0001 11       		.uleb128 0x11
 558 0002 01       		.byte	0x1
 559 0003 25       		.uleb128 0x25
 560 0004 0E       		.uleb128 0xe
 561 0005 13       		.uleb128 0x13
 562 0006 0B       		.uleb128 0xb
 563 0007 03       		.uleb128 0x3
 564 0008 0E       		.uleb128 0xe
 565 0009 1B       		.uleb128 0x1b
 566 000a 0E       		.uleb128 0xe
 567 000b 55       		.uleb128 0x55
 568 000c 17       		.uleb128 0x17
 569 000d 11       		.uleb128 0x11
 570 000e 01       		.uleb128 0x1
 571 000f 10       		.uleb128 0x10
 572 0010 17       		.uleb128 0x17
 573 0011 00       		.byte	0
 574 0012 00       		.byte	0
 575 0013 02       		.uleb128 0x2
 576 0014 24       		.uleb128 0x24
 577 0015 00       		.byte	0
ARM GAS  C:\Users\saman\AppData\Local\Temp\ccYhvfFd.s 			page 13


 578 0016 0B       		.uleb128 0xb
 579 0017 0B       		.uleb128 0xb
 580 0018 3E       		.uleb128 0x3e
 581 0019 0B       		.uleb128 0xb
 582 001a 03       		.uleb128 0x3
 583 001b 0E       		.uleb128 0xe
 584 001c 00       		.byte	0
 585 001d 00       		.byte	0
 586 001e 03       		.uleb128 0x3
 587 001f 16       		.uleb128 0x16
 588 0020 00       		.byte	0
 589 0021 03       		.uleb128 0x3
 590 0022 0E       		.uleb128 0xe
 591 0023 3A       		.uleb128 0x3a
 592 0024 0B       		.uleb128 0xb
 593 0025 3B       		.uleb128 0x3b
 594 0026 0B       		.uleb128 0xb
 595 0027 49       		.uleb128 0x49
 596 0028 13       		.uleb128 0x13
 597 0029 00       		.byte	0
 598 002a 00       		.byte	0
 599 002b 04       		.uleb128 0x4
 600 002c 04       		.uleb128 0x4
 601 002d 01       		.byte	0x1
 602 002e 0B       		.uleb128 0xb
 603 002f 0B       		.uleb128 0xb
 604 0030 49       		.uleb128 0x49
 605 0031 13       		.uleb128 0x13
 606 0032 3A       		.uleb128 0x3a
 607 0033 0B       		.uleb128 0xb
 608 0034 3B       		.uleb128 0x3b
 609 0035 0B       		.uleb128 0xb
 610 0036 01       		.uleb128 0x1
 611 0037 13       		.uleb128 0x13
 612 0038 00       		.byte	0
 613 0039 00       		.byte	0
 614 003a 05       		.uleb128 0x5
 615 003b 28       		.uleb128 0x28
 616 003c 00       		.byte	0
 617 003d 03       		.uleb128 0x3
 618 003e 0E       		.uleb128 0xe
 619 003f 1C       		.uleb128 0x1c
 620 0040 0B       		.uleb128 0xb
 621 0041 00       		.byte	0
 622 0042 00       		.byte	0
 623 0043 06       		.uleb128 0x6
 624 0044 28       		.uleb128 0x28
 625 0045 00       		.byte	0
 626 0046 03       		.uleb128 0x3
 627 0047 0E       		.uleb128 0xe
 628 0048 1C       		.uleb128 0x1c
 629 0049 0D       		.uleb128 0xd
 630 004a 00       		.byte	0
 631 004b 00       		.byte	0
 632 004c 07       		.uleb128 0x7
 633 004d 24       		.uleb128 0x24
 634 004e 00       		.byte	0
ARM GAS  C:\Users\saman\AppData\Local\Temp\ccYhvfFd.s 			page 14


 635 004f 0B       		.uleb128 0xb
 636 0050 0B       		.uleb128 0xb
 637 0051 3E       		.uleb128 0x3e
 638 0052 0B       		.uleb128 0xb
 639 0053 03       		.uleb128 0x3
 640 0054 08       		.uleb128 0x8
 641 0055 00       		.byte	0
 642 0056 00       		.byte	0
 643 0057 08       		.uleb128 0x8
 644 0058 16       		.uleb128 0x16
 645 0059 00       		.byte	0
 646 005a 03       		.uleb128 0x3
 647 005b 0E       		.uleb128 0xe
 648 005c 3A       		.uleb128 0x3a
 649 005d 0B       		.uleb128 0xb
 650 005e 3B       		.uleb128 0x3b
 651 005f 05       		.uleb128 0x5
 652 0060 49       		.uleb128 0x49
 653 0061 13       		.uleb128 0x13
 654 0062 00       		.byte	0
 655 0063 00       		.byte	0
 656 0064 09       		.uleb128 0x9
 657 0065 04       		.uleb128 0x4
 658 0066 01       		.byte	0x1
 659 0067 03       		.uleb128 0x3
 660 0068 0E       		.uleb128 0xe
 661 0069 0B       		.uleb128 0xb
 662 006a 0B       		.uleb128 0xb
 663 006b 49       		.uleb128 0x49
 664 006c 13       		.uleb128 0x13
 665 006d 3A       		.uleb128 0x3a
 666 006e 0B       		.uleb128 0xb
 667 006f 3B       		.uleb128 0x3b
 668 0070 0B       		.uleb128 0xb
 669 0071 01       		.uleb128 0x1
 670 0072 13       		.uleb128 0x13
 671 0073 00       		.byte	0
 672 0074 00       		.byte	0
 673 0075 0A       		.uleb128 0xa
 674 0076 2E       		.uleb128 0x2e
 675 0077 01       		.byte	0x1
 676 0078 3F       		.uleb128 0x3f
 677 0079 19       		.uleb128 0x19
 678 007a 03       		.uleb128 0x3
 679 007b 0E       		.uleb128 0xe
 680 007c 3A       		.uleb128 0x3a
 681 007d 0B       		.uleb128 0xb
 682 007e 3B       		.uleb128 0x3b
 683 007f 0B       		.uleb128 0xb
 684 0080 27       		.uleb128 0x27
 685 0081 19       		.uleb128 0x19
 686 0082 49       		.uleb128 0x49
 687 0083 13       		.uleb128 0x13
 688 0084 11       		.uleb128 0x11
 689 0085 01       		.uleb128 0x1
 690 0086 12       		.uleb128 0x12
 691 0087 06       		.uleb128 0x6
ARM GAS  C:\Users\saman\AppData\Local\Temp\ccYhvfFd.s 			page 15


 692 0088 40       		.uleb128 0x40
 693 0089 18       		.uleb128 0x18
 694 008a 9742     		.uleb128 0x2117
 695 008c 19       		.uleb128 0x19
 696 008d 01       		.uleb128 0x1
 697 008e 13       		.uleb128 0x13
 698 008f 00       		.byte	0
 699 0090 00       		.byte	0
 700 0091 0B       		.uleb128 0xb
 701 0092 05       		.uleb128 0x5
 702 0093 00       		.byte	0
 703 0094 03       		.uleb128 0x3
 704 0095 0E       		.uleb128 0xe
 705 0096 3A       		.uleb128 0x3a
 706 0097 0B       		.uleb128 0xb
 707 0098 3B       		.uleb128 0x3b
 708 0099 0B       		.uleb128 0xb
 709 009a 49       		.uleb128 0x49
 710 009b 13       		.uleb128 0x13
 711 009c 02       		.uleb128 0x2
 712 009d 17       		.uleb128 0x17
 713 009e 00       		.byte	0
 714 009f 00       		.byte	0
 715 00a0 0C       		.uleb128 0xc
 716 00a1 898201   		.uleb128 0x4109
 717 00a4 01       		.byte	0x1
 718 00a5 11       		.uleb128 0x11
 719 00a6 01       		.uleb128 0x1
 720 00a7 31       		.uleb128 0x31
 721 00a8 13       		.uleb128 0x13
 722 00a9 00       		.byte	0
 723 00aa 00       		.byte	0
 724 00ab 0D       		.uleb128 0xd
 725 00ac 8A8201   		.uleb128 0x410a
 726 00af 00       		.byte	0
 727 00b0 02       		.uleb128 0x2
 728 00b1 18       		.uleb128 0x18
 729 00b2 9142     		.uleb128 0x2111
 730 00b4 18       		.uleb128 0x18
 731 00b5 00       		.byte	0
 732 00b6 00       		.byte	0
 733 00b7 0E       		.uleb128 0xe
 734 00b8 2E       		.uleb128 0x2e
 735 00b9 00       		.byte	0
 736 00ba 3F       		.uleb128 0x3f
 737 00bb 19       		.uleb128 0x19
 738 00bc 03       		.uleb128 0x3
 739 00bd 0E       		.uleb128 0xe
 740 00be 3A       		.uleb128 0x3a
 741 00bf 0B       		.uleb128 0xb
 742 00c0 3B       		.uleb128 0x3b
 743 00c1 0B       		.uleb128 0xb
 744 00c2 49       		.uleb128 0x49
 745 00c3 13       		.uleb128 0x13
 746 00c4 11       		.uleb128 0x11
 747 00c5 01       		.uleb128 0x1
 748 00c6 12       		.uleb128 0x12
ARM GAS  C:\Users\saman\AppData\Local\Temp\ccYhvfFd.s 			page 16


 749 00c7 06       		.uleb128 0x6
 750 00c8 40       		.uleb128 0x40
 751 00c9 18       		.uleb128 0x18
 752 00ca 9742     		.uleb128 0x2117
 753 00cc 19       		.uleb128 0x19
 754 00cd 00       		.byte	0
 755 00ce 00       		.byte	0
 756 00cf 0F       		.uleb128 0xf
 757 00d0 2E       		.uleb128 0x2e
 758 00d1 01       		.byte	0x1
 759 00d2 3F       		.uleb128 0x3f
 760 00d3 19       		.uleb128 0x19
 761 00d4 03       		.uleb128 0x3
 762 00d5 0E       		.uleb128 0xe
 763 00d6 3A       		.uleb128 0x3a
 764 00d7 0B       		.uleb128 0xb
 765 00d8 3B       		.uleb128 0x3b
 766 00d9 0B       		.uleb128 0xb
 767 00da 49       		.uleb128 0x49
 768 00db 13       		.uleb128 0x13
 769 00dc 11       		.uleb128 0x11
 770 00dd 01       		.uleb128 0x1
 771 00de 12       		.uleb128 0x12
 772 00df 06       		.uleb128 0x6
 773 00e0 40       		.uleb128 0x40
 774 00e1 18       		.uleb128 0x18
 775 00e2 9742     		.uleb128 0x2117
 776 00e4 19       		.uleb128 0x19
 777 00e5 01       		.uleb128 0x1
 778 00e6 13       		.uleb128 0x13
 779 00e7 00       		.byte	0
 780 00e8 00       		.byte	0
 781 00e9 10       		.uleb128 0x10
 782 00ea 898201   		.uleb128 0x4109
 783 00ed 00       		.byte	0
 784 00ee 11       		.uleb128 0x11
 785 00ef 01       		.uleb128 0x1
 786 00f0 31       		.uleb128 0x31
 787 00f1 13       		.uleb128 0x13
 788 00f2 00       		.byte	0
 789 00f3 00       		.byte	0
 790 00f4 11       		.uleb128 0x11
 791 00f5 34       		.uleb128 0x34
 792 00f6 00       		.byte	0
 793 00f7 03       		.uleb128 0x3
 794 00f8 0E       		.uleb128 0xe
 795 00f9 3A       		.uleb128 0x3a
 796 00fa 0B       		.uleb128 0xb
 797 00fb 3B       		.uleb128 0x3b
 798 00fc 0B       		.uleb128 0xb
 799 00fd 49       		.uleb128 0x49
 800 00fe 13       		.uleb128 0x13
 801 00ff 1C       		.uleb128 0x1c
 802 0100 0B       		.uleb128 0xb
 803 0101 00       		.byte	0
 804 0102 00       		.byte	0
 805 0103 12       		.uleb128 0x12
ARM GAS  C:\Users\saman\AppData\Local\Temp\ccYhvfFd.s 			page 17


 806 0104 34       		.uleb128 0x34
 807 0105 00       		.byte	0
 808 0106 03       		.uleb128 0x3
 809 0107 0E       		.uleb128 0xe
 810 0108 3A       		.uleb128 0x3a
 811 0109 0B       		.uleb128 0xb
 812 010a 3B       		.uleb128 0x3b
 813 010b 0B       		.uleb128 0xb
 814 010c 49       		.uleb128 0x49
 815 010d 13       		.uleb128 0x13
 816 010e 02       		.uleb128 0x2
 817 010f 18       		.uleb128 0x18
 818 0110 00       		.byte	0
 819 0111 00       		.byte	0
 820 0112 13       		.uleb128 0x13
 821 0113 34       		.uleb128 0x34
 822 0114 00       		.byte	0
 823 0115 03       		.uleb128 0x3
 824 0116 0E       		.uleb128 0xe
 825 0117 3A       		.uleb128 0x3a
 826 0118 0B       		.uleb128 0xb
 827 0119 3B       		.uleb128 0x3b
 828 011a 0B       		.uleb128 0xb
 829 011b 49       		.uleb128 0x49
 830 011c 13       		.uleb128 0x13
 831 011d 3F       		.uleb128 0x3f
 832 011e 19       		.uleb128 0x19
 833 011f 3C       		.uleb128 0x3c
 834 0120 19       		.uleb128 0x19
 835 0121 00       		.byte	0
 836 0122 00       		.byte	0
 837 0123 14       		.uleb128 0x14
 838 0124 34       		.uleb128 0x34
 839 0125 00       		.byte	0
 840 0126 03       		.uleb128 0x3
 841 0127 0E       		.uleb128 0xe
 842 0128 3A       		.uleb128 0x3a
 843 0129 0B       		.uleb128 0xb
 844 012a 3B       		.uleb128 0x3b
 845 012b 05       		.uleb128 0x5
 846 012c 49       		.uleb128 0x49
 847 012d 13       		.uleb128 0x13
 848 012e 3F       		.uleb128 0x3f
 849 012f 19       		.uleb128 0x19
 850 0130 3C       		.uleb128 0x3c
 851 0131 19       		.uleb128 0x19
 852 0132 00       		.byte	0
 853 0133 00       		.byte	0
 854 0134 15       		.uleb128 0x15
 855 0135 35       		.uleb128 0x35
 856 0136 00       		.byte	0
 857 0137 49       		.uleb128 0x49
 858 0138 13       		.uleb128 0x13
 859 0139 00       		.byte	0
 860 013a 00       		.byte	0
 861 013b 16       		.uleb128 0x16
 862 013c 2E       		.uleb128 0x2e
ARM GAS  C:\Users\saman\AppData\Local\Temp\ccYhvfFd.s 			page 18


 863 013d 00       		.byte	0
 864 013e 3F       		.uleb128 0x3f
 865 013f 19       		.uleb128 0x19
 866 0140 3C       		.uleb128 0x3c
 867 0141 19       		.uleb128 0x19
 868 0142 6E       		.uleb128 0x6e
 869 0143 0E       		.uleb128 0xe
 870 0144 03       		.uleb128 0x3
 871 0145 0E       		.uleb128 0xe
 872 0146 3A       		.uleb128 0x3a
 873 0147 0B       		.uleb128 0xb
 874 0148 3B       		.uleb128 0x3b
 875 0149 0B       		.uleb128 0xb
 876 014a 00       		.byte	0
 877 014b 00       		.byte	0
 878 014c 00       		.byte	0
 879              		.section	.debug_loc,"",%progbits
 880              	.Ldebug_loc0:
 881              	.LLST0:
 882 0000 00000000 		.4byte	.LVL0
 883 0004 07000000 		.4byte	.LVL1-1
 884 0008 0100     		.2byte	0x1
 885 000a 50       		.byte	0x50
 886 000b 07000000 		.4byte	.LVL1-1
 887 000f 0C000000 		.4byte	.LFE111
 888 0013 0400     		.2byte	0x4
 889 0015 F3       		.byte	0xf3
 890 0016 01       		.uleb128 0x1
 891 0017 50       		.byte	0x50
 892 0018 9F       		.byte	0x9f
 893 0019 00000000 		.4byte	0
 894 001d 00000000 		.4byte	0
 895              	.LLST1:
 896 0021 00000000 		.4byte	.LVL3
 897 0025 06000000 		.4byte	.LVL4
 898 0029 0100     		.2byte	0x1
 899 002b 50       		.byte	0x50
 900 002c 06000000 		.4byte	.LVL4
 901 0030 18000000 		.4byte	.LFE114
 902 0034 0400     		.2byte	0x4
 903 0036 F3       		.byte	0xf3
 904 0037 01       		.uleb128 0x1
 905 0038 50       		.byte	0x50
 906 0039 9F       		.byte	0x9f
 907 003a 00000000 		.4byte	0
 908 003e 00000000 		.4byte	0
 909              		.section	.debug_aranges,"",%progbits
 910 0000 34000000 		.4byte	0x34
 911 0004 0200     		.2byte	0x2
 912 0006 00000000 		.4byte	.Ldebug_info0
 913 000a 04       		.byte	0x4
 914 000b 00       		.byte	0
 915 000c 0000     		.2byte	0
 916 000e 0000     		.2byte	0
 917 0010 00000000 		.4byte	.LFB111
 918 0014 0C000000 		.4byte	.LFE111-.LFB111
 919 0018 00000000 		.4byte	.LFB112
ARM GAS  C:\Users\saman\AppData\Local\Temp\ccYhvfFd.s 			page 19


 920 001c 18000000 		.4byte	.LFE112-.LFB112
 921 0020 00000000 		.4byte	.LFB113
 922 0024 1C000000 		.4byte	.LFE113-.LFB113
 923 0028 00000000 		.4byte	.LFB114
 924 002c 18000000 		.4byte	.LFE114-.LFB114
 925 0030 00000000 		.4byte	0
 926 0034 00000000 		.4byte	0
 927              		.section	.debug_ranges,"",%progbits
 928              	.Ldebug_ranges0:
 929 0000 00000000 		.4byte	.LFB111
 930 0004 0C000000 		.4byte	.LFE111
 931 0008 00000000 		.4byte	.LFB112
 932 000c 18000000 		.4byte	.LFE112
 933 0010 00000000 		.4byte	.LFB113
 934 0014 1C000000 		.4byte	.LFE113
 935 0018 00000000 		.4byte	.LFB114
 936 001c 18000000 		.4byte	.LFE114
 937 0020 00000000 		.4byte	0
 938 0024 00000000 		.4byte	0
 939              		.section	.debug_line,"",%progbits
 940              	.Ldebug_line0:
 941 0000 80020000 		.section	.debug_str,"MS",%progbits,1
 941      02003002 
 941      00000201 
 941      FB0E0D00 
 941      01010101 
 942              	.LASF59:
 943 0000 6D794269 		.ascii	"myBitPosition\000"
 943      74506F73 
 943      6974696F 
 943      6E00
 944              	.LASF13:
 945 000e 52435F53 		.ascii	"RC_SUCCESS\000"
 945      55434345 
 945      535300
 946              	.LASF60:
 947 0019 6A6F7973 		.ascii	"joystick_active\000"
 947      7469636B 
 947      5F616374 
 947      69766500 
 948              	.LASF79:
 949 0029 57445F54 		.ascii	"WD_Trigger\000"
 949      72696767 
 949      657200
 950              	.LASF28:
 951 0034 52435F45 		.ascii	"RC_ERROR_WRITE_ONLY\000"
 951      52524F52 
 951      5F575249 
 951      54455F4F 
 951      4E4C5900 
 952              	.LASF2:
 953 0048 73686F72 		.ascii	"short int\000"
 953      7420696E 
 953      7400
 954              	.LASF19:
 955 0052 52435F45 		.ascii	"RC_ERROR_OVERRUN\000"
 955      52524F52 
ARM GAS  C:\Users\saman\AppData\Local\Temp\ccYhvfFd.s 			page 20


 955      5F4F5645 
 955      5252554E 
 955      00
 956              	.LASF31:
 957 0063 52435F45 		.ascii	"RC_ERROR_WRITE_FAILS\000"
 957      52524F52 
 957      5F575249 
 957      54455F46 
 957      41494C53 
 958              	.LASF43:
 959 0078 73697A65 		.ascii	"sizetype\000"
 959      74797065 
 959      00
 960              	.LASF61:
 961 0081 636F6E74 		.ascii	"control_active\000"
 961      726F6C5F 
 961      61637469 
 961      766500
 962              	.LASF16:
 963 0090 52435F45 		.ascii	"RC_ERROR_ZERO\000"
 963      52524F52 
 963      5F5A4552 
 963      4F00
 964              	.LASF49:
 965 009e 45455F46 		.ascii	"EE_FREG\000"
 965      52454700 
 966              	.LASF56:
 967 00a6 57445F53 		.ascii	"WD_Start\000"
 967      74617274 
 967      00
 968              	.LASF54:
 969 00af 7469636B 		.ascii	"ticks_2_3s\000"
 969      735F325F 
 969      337300
 970              	.LASF47:
 971 00ba 45455F55 		.ascii	"EE_UINT32\000"
 971      494E5433 
 971      3200
 972              	.LASF50:
 973 00c4 45455F54 		.ascii	"EE_TID\000"
 973      494400
 974              	.LASF64:
 975 00cb 61637469 		.ascii	"active_runnables\000"
 975      76655F72 
 975      756E6E61 
 975      626C6573 
 975      00
 976              	.LASF10:
 977 00dc 75696E74 		.ascii	"uint8_t\000"
 977      385F7400 
 978              	.LASF36:
 979 00e4 52435F45 		.ascii	"RC_ERROR_INVALID_STATE\000"
 979      52524F52 
 979      5F494E56 
 979      414C4944 
 979      5F535441 
 980              	.LASF63:
ARM GAS  C:\Users\saman\AppData\Local\Temp\ccYhvfFd.s 			page 21


 981 00fb 6272616B 		.ascii	"brakelight_active\000"
 981      656C6967 
 981      68745F61 
 981      63746976 
 981      6500
 982              	.LASF45:
 983 010d 75696E74 		.ascii	"uint8\000"
 983      3800
 984              	.LASF69:
 985 0113 45455F49 		.ascii	"EE_IRQ_nesting_level\000"
 985      52515F6E 
 985      65737469 
 985      6E675F6C 
 985      6576656C 
 986              	.LASF53:
 987 0128 7469636B 		.ascii	"ticks_256_384ms\000"
 987      735F3235 
 987      365F3338 
 987      346D7300 
 988              	.LASF68:
 989 0138 45455F73 		.ascii	"EE_std_endcycle_next_tid\000"
 989      74645F65 
 989      6E646379 
 989      636C655F 
 989      6E657874 
 990              	.LASF18:
 991 0151 52435F45 		.ascii	"RC_ERROR_RANGE\000"
 991      52524F52 
 991      5F52414E 
 991      474500
 992              	.LASF6:
 993 0160 666C6F61 		.ascii	"float\000"
 993      7400
 994              	.LASF38:
 995 0166 52435F45 		.ascii	"RC_ERROR_NOT_IMPLEMENTED\000"
 995      52524F52 
 995      5F4E4F54 
 995      5F494D50 
 995      4C454D45 
 996              	.LASF8:
 997 017f 6C6F6E67 		.ascii	"long long int\000"
 997      206C6F6E 
 997      6720696E 
 997      7400
 998              	.LASF66:
 999 018d 45455F6F 		.ascii	"EE_oo_IRQ_suspend_status\000"
 999      6F5F4952 
 999      515F7375 
 999      7370656E 
 999      645F7374 
 1000              	.LASF51:
 1001 01a6 7469636B 		.ascii	"ticks_4_6ms\000"
 1001      735F345F 
 1001      366D7300 
 1002              	.LASF76:
 1003 01b2 443A5C68 		.ascii	"D:\\h_da\\sem2\\eaa\\gasPedal\\A1_GasPedal\\A1_GasP"
 1003      5F64615C 
ARM GAS  C:\Users\saman\AppData\Local\Temp\ccYhvfFd.s 			page 22


 1003      73656D32 
 1003      5C656161 
 1003      5C676173 
 1004 01df 6564616C 		.ascii	"edal\\Design01.cydsn\000"
 1004      5C446573 
 1004      69676E30 
 1004      312E6379 
 1004      64736E00 
 1005              	.LASF32:
 1006 01f3 52435F45 		.ascii	"RC_ERROR_NOT_MATCH\000"
 1006      52524F52 
 1006      5F4E4F54 
 1006      5F4D4154 
 1006      434800
 1007              	.LASF37:
 1008 0206 52435F45 		.ascii	"RC_ERROR_UNKNOWN\000"
 1008      52524F52 
 1008      5F554E4B 
 1008      4E4F574E 
 1008      00
 1009              	.LASF4:
 1010 0217 6C6F6E67 		.ascii	"long int\000"
 1010      20696E74 
 1010      00
 1011              	.LASF20:
 1012 0220 52435F45 		.ascii	"RC_ERROR_UNDERRUN\000"
 1012      52524F52 
 1012      5F554E44 
 1012      45525255 
 1012      4E00
 1013              	.LASF23:
 1014 0232 52435F45 		.ascii	"RC_ERROR_BUSY\000"
 1014      52524F52 
 1014      5F425553 
 1014      5900
 1015              	.LASF29:
 1016 0240 52435F45 		.ascii	"RC_ERROR_INVALID\000"
 1016      52524F52 
 1016      5F494E56 
 1016      414C4944 
 1016      00
 1017              	.LASF34:
 1018 0251 52435F45 		.ascii	"RC_ERROR_BAD_DATA\000"
 1018      52524F52 
 1018      5F424144 
 1018      5F444154 
 1018      4100
 1019              	.LASF11:
 1020 0263 626F6F6C 		.ascii	"boolean_t\000"
 1020      65616E5F 
 1020      7400
 1021              	.LASF27:
 1022 026d 52435F45 		.ascii	"RC_ERROR_READ_ONLY\000"
 1022      52524F52 
 1022      5F524541 
 1022      445F4F4E 
 1022      4C5900
ARM GAS  C:\Users\saman\AppData\Local\Temp\ccYhvfFd.s 			page 23


 1023              	.LASF42:
 1024 0280 6C6F6E67 		.ascii	"long double\000"
 1024      20646F75 
 1024      626C6500 
 1025              	.LASF1:
 1026 028c 756E7369 		.ascii	"unsigned char\000"
 1026      676E6564 
 1026      20636861 
 1026      7200
 1027              	.LASF0:
 1028 029a 7369676E 		.ascii	"signed char\000"
 1028      65642063 
 1028      68617200 
 1029              	.LASF9:
 1030 02a6 6C6F6E67 		.ascii	"long long unsigned int\000"
 1030      206C6F6E 
 1030      6720756E 
 1030      7369676E 
 1030      65642069 
 1031              	.LASF41:
 1032 02bd 756E7369 		.ascii	"unsigned int\000"
 1032      676E6564 
 1032      20696E74 
 1032      00
 1033              	.LASF25:
 1034 02ca 52435F45 		.ascii	"RC_ERROR_OPEN\000"
 1034      52524F52 
 1034      5F4F5045 
 1034      4E00
 1035              	.LASF52:
 1036 02d8 7469636B 		.ascii	"ticks_32_48ms\000"
 1036      735F3332 
 1036      5F34386D 
 1036      7300
 1037              	.LASF15:
 1038 02e6 52435F45 		.ascii	"RC_ERROR_NULL\000"
 1038      52524F52 
 1038      5F4E554C 
 1038      4C00
 1039              	.LASF22:
 1040 02f4 52435F45 		.ascii	"RC_ERROR_BUFFER_EMTPY\000"
 1040      52524F52 
 1040      5F425546 
 1040      4645525F 
 1040      454D5450 
 1041              	.LASF46:
 1042 030a 45455F49 		.ascii	"EE_INT32\000"
 1042      4E543332 
 1042      00
 1043              	.LASF70:
 1044 0313 43795265 		.ascii	"CyResetStatus\000"
 1044      73657453 
 1044      74617475 
 1044      7300
 1045              	.LASF3:
 1046 0321 73686F72 		.ascii	"short unsigned int\000"
 1046      7420756E 
ARM GAS  C:\Users\saman\AppData\Local\Temp\ccYhvfFd.s 			page 24


 1046      7369676E 
 1046      65642069 
 1046      6E7400
 1047              	.LASF74:
 1048 0334 474E5520 		.ascii	"GNU C11 5.4.1 20160609 (release) [ARM/embedded-5-br"
 1048      43313120 
 1048      352E342E 
 1048      31203230 
 1048      31363036 
 1049 0367 616E6368 		.ascii	"anch revision 237715] -mcpu=cortex-m3 -mthumb -g -O"
 1049      20726576 
 1049      6973696F 
 1049      6E203233 
 1049      37373135 
 1050 039a 67202D66 		.ascii	"g -ffunction-sections -ffat-lto-objects\000"
 1050      66756E63 
 1050      74696F6E 
 1050      2D736563 
 1050      74696F6E 
 1051              	.LASF12:
 1052 03c2 63686172 		.ascii	"char\000"
 1052      00
 1053              	.LASF62:
 1054 03c7 656E6769 		.ascii	"engine_active\000"
 1054      6E655F61 
 1054      63746976 
 1054      6500
 1055              	.LASF21:
 1056 03d5 52435F45 		.ascii	"RC_ERROR_BUFFER_FULL\000"
 1056      52524F52 
 1056      5F425546 
 1056      4645525F 
 1056      46554C4C 
 1057              	.LASF44:
 1058 03ea 696E7433 		.ascii	"int32_t\000"
 1058      325F7400 
 1059              	.LASF72:
 1060 03f2 43795764 		.ascii	"CyWdtStart\000"
 1060      74537461 
 1060      727400
 1061              	.LASF30:
 1062 03fd 52435F45 		.ascii	"RC_ERROR_READ_FAILS\000"
 1062      52524F52 
 1062      5F524541 
 1062      445F4641 
 1062      494C5300 
 1063              	.LASF33:
 1064 0411 52435F45 		.ascii	"RC_ERROR_BAD_PARAM\000"
 1064      52524F52 
 1064      5F424144 
 1064      5F504152 
 1064      414D00
 1065              	.LASF55:
 1066 0424 5744545F 		.ascii	"WDT_TimeOut_t\000"
 1066      54696D65 
 1066      4F75745F 
 1066      7400
ARM GAS  C:\Users\saman\AppData\Local\Temp\ccYhvfFd.s 			page 25


 1067              	.LASF67:
 1068 0432 45455F41 		.ascii	"EE_ApplicationMode\000"
 1068      70706C69 
 1068      63617469 
 1068      6F6E4D6F 
 1068      646500
 1069              	.LASF5:
 1070 0445 6C6F6E67 		.ascii	"long unsigned int\000"
 1070      20756E73 
 1070      69676E65 
 1070      6420696E 
 1070      7400
 1071              	.LASF7:
 1072 0457 646F7562 		.ascii	"double\000"
 1072      6C6500
 1073              	.LASF26:
 1074 045e 52435F45 		.ascii	"RC_ERROR_CHECKSUM\000"
 1074      52524F52 
 1074      5F434845 
 1074      434B5355 
 1074      4D00
 1075              	.LASF48:
 1076 0470 45455F55 		.ascii	"EE_UREG\000"
 1076      52454700 
 1077              	.LASF40:
 1078 0478 5F5F696E 		.ascii	"__int32_t\000"
 1078      7433325F 
 1078      7400
 1079              	.LASF57:
 1080 0482 57445F41 		.ascii	"WD_Alive\000"
 1080      6C697665 
 1080      00
 1081              	.LASF35:
 1082 048b 52435F45 		.ascii	"RC_ERROR_CANCELED\000"
 1082      52524F52 
 1082      5F43414E 
 1082      43454C45 
 1082      4400
 1083              	.LASF77:
 1084 049d 5744545F 		.ascii	"WDT_TimeOut\000"
 1084      54696D65 
 1084      4F757400 
 1085              	.LASF71:
 1086 04a9 49544D5F 		.ascii	"ITM_RxBuffer\000"
 1086      52784275 
 1086      66666572 
 1086      00
 1087              	.LASF14:
 1088 04b6 52435F45 		.ascii	"RC_ERROR\000"
 1088      52524F52 
 1088      00
 1089              	.LASF17:
 1090 04bf 52435F45 		.ascii	"RC_ERROR_MEMORY\000"
 1090      52524F52 
 1090      5F4D454D 
 1090      4F525900 
 1091              	.LASF65:
ARM GAS  C:\Users\saman\AppData\Local\Temp\ccYhvfFd.s 			page 26


 1092 04cf 45455F6F 		.ascii	"EE_oo_IRQ_disable_count\000"
 1092      6F5F4952 
 1092      515F6469 
 1092      7361626C 
 1092      655F636F 
 1093              	.LASF75:
 1094 04e7 77617463 		.ascii	"watchdog.c\000"
 1094      68646F67 
 1094      2E6300
 1095              	.LASF58:
 1096 04f2 74696D65 		.ascii	"timeout\000"
 1096      6F757400 
 1097              	.LASF39:
 1098 04fa 52435F74 		.ascii	"RC_t\000"
 1098      00
 1099              	.LASF78:
 1100 04ff 57445F43 		.ascii	"WD_CheckResetBit\000"
 1100      6865636B 
 1100      52657365 
 1100      74426974 
 1100      00
 1101              	.LASF73:
 1102 0510 43795764 		.ascii	"CyWdtClear\000"
 1102      74436C65 
 1102      617200
 1103              	.LASF24:
 1104 051b 52435F45 		.ascii	"RC_ERROR_TIME_OUT\000"
 1104      52524F52 
 1104      5F54494D 
 1104      455F4F55 
 1104      5400
 1105              		.ident	"GCC: (GNU Tools for ARM Embedded Processors) 5.4.1 20160609 (release) [ARM/embedded-5-bran
